[rosmaster.main][INFO] 2019-06-03 13:03:43,038: initialization complete, waiting for shutdown
[rosmaster.main][INFO] 2019-06-03 13:03:43,038: Starting ROS Master Node
[xmlrpc][INFO] 2019-06-03 13:03:43,043: XML-RPC server binding to 0.0.0.0:11311
[xmlrpc][INFO] 2019-06-03 13:03:43,045: Started XML-RPC server [http://10.0.0.166:11311/]
[rosmaster.master][INFO] 2019-06-03 13:03:43,046: Master initialized: port[11311], uri[http://10.0.0.166:11311/]
[xmlrpc][INFO] 2019-06-03 13:03:43,047: xml rpc node: starting XML-RPC server
[rosmaster.master][INFO] 2019-06-03 13:03:43,132: +PARAM [/run_id] by /roslaunch
[rosmaster.master][INFO] 2019-06-03 13:03:43,138: +PARAM [/roslaunch/uris/host_10_0_0_166__37812] by /roslaunch
[rosmaster.master][INFO] 2019-06-03 13:03:43,649: +PARAM [/STM2-CFG35/msgClass] by /roslaunch
[rosmaster.master][INFO] 2019-06-03 13:03:43,651: +PARAM [/STM2-CFG32/desc] by /roslaunch
[rosmaster.master][INFO] 2019-06-03 13:03:43,652: +PARAM [/STM2-CFG07/class] by /roslaunch
[rosmaster.master][INFO] 2019-06-03 13:03:43,652: +PARAM [/STM2-CFG07/desc] by /roslaunch
[rosmaster.master][INFO] 2019-06-03 13:03:43,652: +PARAM [/STM2-CFG03/id] by /roslaunch
[rosmaster.master][INFO] 2019-06-03 13:03:43,653: +PARAM [/STM2-CFG30/class] by /roslaunch
[rosmaster.master][INFO] 2019-06-03 13:03:43,653: +PARAM [/STM2-CFG32/msgClass] by /roslaunch
[rosmaster.master][INFO] 2019-06-03 13:03:43,655: +SERVICE [/rosout/get_loggers] /rosout http://10.0.0.166:33864/
[rosmaster.master][INFO] 2019-06-03 13:03:43,655: +PARAM [/STM2-CFG34/ioPorts] by /roslaunch
[rosmaster.master][INFO] 2019-06-03 13:03:43,657: +PARAM [/STM2-CFG37/ioPorts] by /roslaunch
[rosmaster.master][INFO] 2019-06-03 13:03:43,657: +PARAM [/STM2-CFG33/ioPorts] by /roslaunch
[rosmaster.master][INFO] 2019-06-03 13:03:43,658: +PARAM [/STM2/retry] by /roslaunch
[rosmaster.master][INFO] 2019-06-03 13:03:43,658: +PARAM [/STM2-CFG31/id] by /roslaunch
[rosmaster.master][INFO] 2019-06-03 13:03:43,659: +PARAM [/STM2-CFG38/ioPorts] by /roslaunch
[rosmaster.master][INFO] 2019-06-03 13:03:43,660: +SERVICE [/rosout/set_logger_level] /rosout http://10.0.0.166:33864/
[rosmaster.master][INFO] 2019-06-03 13:03:43,660: +PARAM [/STM2-CFG30/msgId] by /roslaunch
[rosmaster.master][INFO] 2019-06-03 13:03:43,662: +PARAM [/STM2-CFG62/id] by /roslaunch
[rosmaster.master][INFO] 2019-06-03 13:03:43,662: +PARAM [/STM2-CFG62/desc] by /roslaunch
[rosmaster.master][INFO] 2019-06-03 13:03:43,664: +PARAM [/STM2-CFG42/ioPorts] by /roslaunch
[rosmaster.master][INFO] 2019-06-03 13:03:43,665: +PARAM [/STM2-CFG04/ioPorts] by /roslaunch
[rosmaster.master][INFO] 2019-06-03 13:03:43,666: +PARAM [/STM2-CFG39/id] by /roslaunch
[rosmaster.master][INFO] 2019-06-03 13:03:43,667: +PUB [/rosout_agg] /rosout http://10.0.0.166:33864/
[rosmaster.master][INFO] 2019-06-03 13:03:43,668: +PARAM [/STM2-CFG32/msgId] by /roslaunch
[rosmaster.master][INFO] 2019-06-03 13:03:43,669: +PARAM [/STM2-CFG40/msgId] by /roslaunch
[rosmaster.master][INFO] 2019-06-03 13:03:43,669: +PARAM [/STM2-CFG41/id] by /roslaunch
[rosmaster.master][INFO] 2019-06-03 13:03:43,669: +PARAM [/STM2-CFG30/ioPorts] by /roslaunch
[rosmaster.master][INFO] 2019-06-03 13:03:43,670: +PARAM [/STM2-CFG61/class] by /roslaunch
[rosmaster.master][INFO] 2019-06-03 13:03:43,671: +PARAM [/STM2-CFG33/msgClass] by /roslaunch
[rosmaster.master][INFO] 2019-06-03 13:03:43,672: +PARAM [/STM2-CFG61/msgId] by /roslaunch
[rosmaster.master][INFO] 2019-06-03 13:03:43,673: +PARAM [/STM2/QUEUE2/name] by /roslaunch
[rosmaster.master][INFO] 2019-06-03 13:03:43,673: +PARAM [/STM2-CFG37/id] by /roslaunch
[rosmaster.master][INFO] 2019-06-03 13:03:43,674: +PARAM [/STM2/QUEUE2/rw] by /roslaunch
[rosmaster.master][INFO] 2019-06-03 13:03:43,676: +PARAM [/STM2-CFG04/id] by /roslaunch
[rosmaster.master][INFO] 2019-06-03 13:03:43,676: +PARAM [/STM1/port] by /roslaunch
[rosmaster.master][INFO] 2019-06-03 13:03:43,677: +PARAM [/STM2-CFG03/class] by /roslaunch
[rosmaster.master][INFO] 2019-06-03 13:03:43,679: +PARAM [/STM2-CFG41/msgClass] by /roslaunch
[rosmaster.master][INFO] 2019-06-03 13:03:43,679: +PARAM [/STM2-CFG35/class] by /roslaunch
[rosmaster.master][INFO] 2019-06-03 13:03:43,680: +PARAM [/STM2-CFG40/class] by /roslaunch
[rosmaster.master][INFO] 2019-06-03 13:03:43,682: +PARAM [/STM2-CFG34/id] by /roslaunch
[rosmaster.master][INFO] 2019-06-03 13:03:43,682: +PARAM [/STM1/desc] by /roslaunch
[rosmaster.master][INFO] 2019-06-03 13:03:43,684: +PARAM [/STM2-CFG60/ioPorts] by /roslaunch
[rosmaster.master][INFO] 2019-06-03 13:03:43,685: +PARAM [/STM1/QUEUE1/rw] by /roslaunch
[rosmaster.master][INFO] 2019-06-03 13:03:43,686: +PARAM [/STM2-CFG05/desc] by /roslaunch
[rosmaster.master][INFO] 2019-06-03 13:03:43,686: +PARAM [/STM2-CFG06/class] by /roslaunch
[rosmaster.master][INFO] 2019-06-03 13:03:43,688: +SUB [/rosout] /rosout http://10.0.0.166:33864/
[rosmaster.master][INFO] 2019-06-03 13:03:43,688: +PARAM [/STM2-CFG81/prot_in] by /roslaunch
[rosmaster.master][INFO] 2019-06-03 13:03:43,689: +PARAM [/STM2-CFG81/prot_out] by /roslaunch
[rosmaster.master][INFO] 2019-06-03 13:03:43,690: +PARAM [/STM2-CFG03/msgId] by /roslaunch
[rosmaster.master][INFO] 2019-06-03 13:03:43,690: +PARAM [/STM4/listener] by /roslaunch
[rosmaster.master][INFO] 2019-06-03 13:03:43,690: +PARAM [/STM2-CFG38/id] by /roslaunch
[rosmaster.master][INFO] 2019-06-03 13:03:43,690: +PARAM [/STM2-CFG63/ioPorts] by /roslaunch
[rosmaster.master][INFO] 2019-06-03 13:03:43,691: +PARAM [/STM2-CFG60/id] by /roslaunch
[rosmaster.master][INFO] 2019-06-03 13:03:43,691: +PARAM [/STM2/QUEUE2/type] by /roslaunch
[rosmaster.master][INFO] 2019-06-03 13:03:43,691: +PARAM [/STM2-CFG08/class] by /roslaunch
[rosmaster.master][INFO] 2019-06-03 13:03:43,692: +PARAM [/STM2-CFG40/ioPorts] by /roslaunch
[rosmaster.master][INFO] 2019-06-03 13:03:43,692: +PARAM [/STM2-CFG30/desc] by /roslaunch
[rosmaster.master][INFO] 2019-06-03 13:03:43,692: +PARAM [/STM2-CFG07/msgId] by /roslaunch
[rosmaster.master][INFO] 2019-06-03 13:03:43,692: +PARAM [/STM2-CFG63/desc] by /roslaunch
[rosmaster.master][INFO] 2019-06-03 13:03:43,693: +PARAM [/STM2-CFG41/msgId] by /roslaunch
[rosmaster.master][INFO] 2019-06-03 13:03:43,693: +PARAM [/STM2-CFG04/msgClass] by /roslaunch
[rosmaster.master][INFO] 2019-06-03 13:03:43,693: +PARAM [/STM2-CFG35/desc] by /roslaunch
[rosmaster.master][INFO] 2019-06-03 13:03:43,693: +PARAM [/STM2-CFG36/class] by /roslaunch
[rosmaster.master][INFO] 2019-06-03 13:03:43,694: +PARAM [/STM4/port] by /roslaunch
[rosmaster.master][INFO] 2019-06-03 13:03:43,694: +PARAM [/STM2-CFG06/msgId] by /roslaunch
[rosmaster.master][INFO] 2019-06-03 13:03:43,694: +PARAM [/rosdistro] by /roslaunch
[rosmaster.master][INFO] 2019-06-03 13:03:43,695: +PARAM [/STM2-CFG41/desc] by /roslaunch
[rosmaster.master][INFO] 2019-06-03 13:03:43,695: +PARAM [/STM2-CFG63/id] by /roslaunch
[rosmaster.master][INFO] 2019-06-03 13:03:43,695: +PARAM [/STM2-CFG39/msgClass] by /roslaunch
[rosmaster.master][INFO] 2019-06-03 13:03:43,695: +PARAM [/STM2-CFG08/msgId] by /roslaunch
[rosmaster.master][INFO] 2019-06-03 13:03:43,696: +PARAM [/STM2-CFG42/msgClass] by /roslaunch
[rosmaster.master][INFO] 2019-06-03 13:03:43,696: +PARAM [/STM4/type] by /roslaunch
[rosmaster.master][INFO] 2019-06-03 13:03:43,696: +PARAM [/STM2-CFG39/desc] by /roslaunch
[rosmaster.master][INFO] 2019-06-03 13:03:43,696: +PARAM [/STM2/port] by /roslaunch
[rosmaster.master][INFO] 2019-06-03 13:03:43,697: +PARAM [/STM1/host] by /roslaunch
[rosmaster.master][INFO] 2019-06-03 13:03:43,697: +PARAM [/STM2-CFG31/ioPorts] by /roslaunch
[rosmaster.master][INFO] 2019-06-03 13:03:43,697: +PARAM [/STM2-CFG33/desc] by /roslaunch
[rosmaster.master][INFO] 2019-06-03 13:03:43,698: +PARAM [/STM2-CFG04/desc] by /roslaunch
[rosmaster.master][INFO] 2019-06-03 13:03:43,698: +PARAM [/STM1/QUEUE2/rw] by /roslaunch
[rosmaster.master][INFO] 2019-06-03 13:03:43,698: +PARAM [/STM4/host] by /roslaunch
[rosmaster.master][INFO] 2019-06-03 13:03:43,698: +PARAM [/STM2-CFG41/ioPorts] by /roslaunch
[rosmaster.master][INFO] 2019-06-03 13:03:43,699: +PARAM [/STM2-CFG03/desc] by /roslaunch
[rosmaster.master][INFO] 2019-06-03 13:03:43,699: +PARAM [/STM1/retry] by /roslaunch
[rosmaster.master][INFO] 2019-06-03 13:03:43,699: +PARAM [/STM2/QUEUE1/rw] by /roslaunch
[rosmaster.master][INFO] 2019-06-03 13:03:43,700: +PARAM [/STM2-CFG37/msgId] by /roslaunch
[rosmaster.master][INFO] 2019-06-03 13:03:43,700: +PARAM [/STM2-CFG30/id] by /roslaunch
[rosmaster.master][INFO] 2019-06-03 13:03:43,700: +PARAM [/STM2-CFG60/msgId] by /roslaunch
[rosmaster.master][INFO] 2019-06-03 13:03:43,700: +PARAM [/STM2-CFG07/msgClass] by /roslaunch
[rosmaster.master][INFO] 2019-06-03 13:03:43,701: +PARAM [/STM2-CFG40/id] by /roslaunch
[rosmaster.master][INFO] 2019-06-03 13:03:43,701: +PARAM [/STM2-CFG33/id] by /roslaunch
[rosmaster.master][INFO] 2019-06-03 13:03:43,701: +PARAM [/STM2-CFG38/desc] by /roslaunch
[rosmaster.master][INFO] 2019-06-03 13:03:43,701: +PARAM [/STM2-CFG63/class] by /roslaunch
[rosmaster.master][INFO] 2019-06-03 13:03:43,702: +PARAM [/STM2-CFG32/id] by /roslaunch
[rosmaster.master][INFO] 2019-06-03 13:03:43,702: +PARAM [/STM2-CFG06/id] by /roslaunch
[rosmaster.master][INFO] 2019-06-03 13:03:43,702: +PARAM [/STM2-CFG41/class] by /roslaunch
[rosmaster.master][INFO] 2019-06-03 13:03:43,703: +PARAM [/STM2-CFG06/desc] by /roslaunch
[rosmaster.master][INFO] 2019-06-03 13:03:43,703: +PARAM [/STM2-CFG63/msgId] by /roslaunch
[rosmaster.master][INFO] 2019-06-03 13:03:43,703: +PARAM [/STM2-CFG42/msgId] by /roslaunch
[rosmaster.master][INFO] 2019-06-03 13:03:43,704: +PARAM [/STM2-CFG36/msgId] by /roslaunch
[rosmaster.master][INFO] 2019-06-03 13:03:43,704: +PARAM [/STM2-CFG81/id] by /roslaunch
[rosmaster.master][INFO] 2019-06-03 13:03:43,704: +PARAM [/STM2-CFG35/id] by /roslaunch
[rosmaster.master][INFO] 2019-06-03 13:03:43,704: +PARAM [/STM2/QUEUE1/type] by /roslaunch
[rosmaster.master][INFO] 2019-06-03 13:03:43,705: +PARAM [/STM2-CFG62/msgClass] by /roslaunch
[rosmaster.master][INFO] 2019-06-03 13:03:43,705: +PARAM [/STM2/timeout] by /roslaunch
[rosmaster.master][INFO] 2019-06-03 13:03:43,705: +PARAM [/STM2-CFG05/id] by /roslaunch
[rosmaster.master][INFO] 2019-06-03 13:03:43,706: +PARAM [/STM1/QUEUE1/name] by /roslaunch
[rosmaster.master][INFO] 2019-06-03 13:03:43,706: +PARAM [/STM2-CFG33/msgId] by /roslaunch
[rosmaster.master][INFO] 2019-06-03 13:03:43,706: +PARAM [/STM2-CFG08/ioPorts] by /roslaunch
[rosmaster.master][INFO] 2019-06-03 13:03:43,706: +PARAM [/STM2-CFG62/class] by /roslaunch
[rosmaster.master][INFO] 2019-06-03 13:03:43,707: +PARAM [/STM2-CFG34/class] by /roslaunch
[rosmaster.master][INFO] 2019-06-03 13:03:43,707: +PARAM [/STM2-CFG35/msgId] by /roslaunch
[rosmaster.master][INFO] 2019-06-03 13:03:43,707: +PARAM [/STM2-CFG30/msgClass] by /roslaunch
[rosmaster.master][INFO] 2019-06-03 13:03:43,707: +PARAM [/STM2-CFG34/desc] by /roslaunch
[rosmaster.master][INFO] 2019-06-03 13:03:43,708: +PARAM [/STM2-CFG62/msgId] by /roslaunch
[rosmaster.master][INFO] 2019-06-03 13:03:43,708: +PARAM [/STM2-CFG42/desc] by /roslaunch
[rosmaster.master][INFO] 2019-06-03 13:03:43,708: +PARAM [/STM2-CFG61/id] by /roslaunch
[rosmaster.master][INFO] 2019-06-03 13:03:43,709: +PARAM [/STM4/retry] by /roslaunch
[rosmaster.master][INFO] 2019-06-03 13:03:43,709: +PARAM [/STM2-CFG38/class] by /roslaunch
[rosmaster.master][INFO] 2019-06-03 13:03:43,709: +PARAM [/STM2-CFG81/class] by /roslaunch
[rosmaster.master][INFO] 2019-06-03 13:03:43,710: +PARAM [/STM2/type] by /roslaunch
[rosmaster.master][INFO] 2019-06-03 13:03:43,710: +PARAM [/STM2-CFG31/msgClass] by /roslaunch
[rosmaster.master][INFO] 2019-06-03 13:03:43,710: +PARAM [/STM2-CFG05/ioPorts] by /roslaunch
[rosmaster.master][INFO] 2019-06-03 13:03:43,710: +PARAM [/STM2-CFG31/class] by /roslaunch
[rosmaster.master][INFO] 2019-06-03 13:03:43,711: +PARAM [/STM2-CFG35/ioPorts] by /roslaunch
[rosmaster.master][INFO] 2019-06-03 13:03:43,711: +PARAM [/STM2-CFG36/desc] by /roslaunch
[rosmaster.master][INFO] 2019-06-03 13:03:43,711: +PARAM [/STM2-CFG32/class] by /roslaunch
[rosmaster.master][INFO] 2019-06-03 13:03:43,711: +PARAM [/STM2-CFG61/ioPorts] by /roslaunch
[rosmaster.master][INFO] 2019-06-03 13:03:43,712: +PARAM [/STM2-CFG07/ioPorts] by /roslaunch
[rosmaster.master][INFO] 2019-06-03 13:03:43,712: +PARAM [/STM2/desc] by /roslaunch
[rosmaster.master][INFO] 2019-06-03 13:03:43,712: +PARAM [/STM2-CFG03/ioPorts] by /roslaunch
[rosmaster.master][INFO] 2019-06-03 13:03:43,713: +PARAM [/STM2-CFG37/desc] by /roslaunch
[rosmaster.master][INFO] 2019-06-03 13:03:43,713: +PARAM [/STM1/QUEUE1/type] by /roslaunch
[rosmaster.master][INFO] 2019-06-03 13:03:43,713: +PARAM [/STM2-CFG04/msgId] by /roslaunch
[rosmaster.master][INFO] 2019-06-03 13:03:43,713: +PARAM [/STM2-CFG36/msgClass] by /roslaunch
[rosmaster.master][INFO] 2019-06-03 13:03:43,714: +PARAM [/STM1/QUEUE2/type] by /roslaunch
[rosmaster.master][INFO] 2019-06-03 13:03:43,714: +PARAM [/STM2-CFG40/desc] by /roslaunch
[rosmaster.master][INFO] 2019-06-03 13:03:43,714: +PARAM [/STM1/type] by /roslaunch
[rosmaster.master][INFO] 2019-06-03 13:03:43,715: +PARAM [/STM2-CFG36/ioPorts] by /roslaunch
[rosmaster.master][INFO] 2019-06-03 13:03:43,715: +PARAM [/STM2-CFG40/msgClass] by /roslaunch
[rosmaster.master][INFO] 2019-06-03 13:03:43,715: +PARAM [/STM2-CFG39/msgId] by /roslaunch
[rosmaster.master][INFO] 2019-06-03 13:03:43,716: +PARAM [/STM2-CFG60/msgClass] by /roslaunch
[rosmaster.master][INFO] 2019-06-03 13:03:43,716: +PARAM [/STM4/desc] by /roslaunch
[rosmaster.master][INFO] 2019-06-03 13:03:43,716: +PARAM [/STM2-CFG06/msgClass] by /roslaunch
[rosmaster.master][INFO] 2019-06-03 13:03:43,717: +PARAM [/STM2-CFG36/id] by /roslaunch
[rosmaster.master][INFO] 2019-06-03 13:03:43,717: +PARAM [/STM2-CFG61/msgClass] by /roslaunch
[rosmaster.master][INFO] 2019-06-03 13:03:43,717: +PARAM [/STM2-CFG37/msgClass] by /roslaunch
[rosmaster.master][INFO] 2019-06-03 13:03:43,717: +PARAM [/STM2-CFG05/msgId] by /roslaunch
[rosmaster.master][INFO] 2019-06-03 13:03:43,718: +PARAM [/STM2-CFG08/id] by /roslaunch
[rosmaster.master][INFO] 2019-06-03 13:03:43,718: +PARAM [/STM2-CFG81/rate] by /roslaunch
[rosmaster.master][INFO] 2019-06-03 13:03:43,718: +PARAM [/STM2-CFG38/msgClass] by /roslaunch
[rosmaster.master][INFO] 2019-06-03 13:03:43,718: +PARAM [/STM2-CFG34/msgId] by /roslaunch
[rosmaster.master][INFO] 2019-06-03 13:03:43,719: +PARAM [/STM2-CFG39/class] by /roslaunch
[rosmaster.master][INFO] 2019-06-03 13:03:43,719: +PARAM [/STM2-CFG38/msgId] by /roslaunch
[rosmaster.master][INFO] 2019-06-03 13:03:43,719: +PARAM [/STM2-CFG62/ioPorts] by /roslaunch
[rosmaster.master][INFO] 2019-06-03 13:03:43,720: +PARAM [/STM2-CFG42/id] by /roslaunch
[rosmaster.master][INFO] 2019-06-03 13:03:43,720: +PARAM [/STM2-CFG05/msgClass] by /roslaunch
[rosmaster.master][INFO] 2019-06-03 13:03:43,720: +PARAM [/STM2-CFG31/desc] by /roslaunch
[rosmaster.master][INFO] 2019-06-03 13:03:43,720: +PARAM [/STM2-CFG32/ioPorts] by /roslaunch
[rosmaster.master][INFO] 2019-06-03 13:03:43,721: +PARAM [/STM2-CFG04/class] by /roslaunch
[rosmaster.master][INFO] 2019-06-03 13:03:43,721: +PARAM [/STM2/QUEUE1/name] by /roslaunch
[rosmaster.master][INFO] 2019-06-03 13:03:43,721: +PARAM [/STM2-CFG63/msgClass] by /roslaunch
[rosmaster.master][INFO] 2019-06-03 13:03:43,721: +PARAM [/STM2-CFG03/msgClass] by /roslaunch
[rosmaster.master][INFO] 2019-06-03 13:03:43,722: +PARAM [/STM2-CFG08/desc] by /roslaunch
[rosmaster.master][INFO] 2019-06-03 13:03:43,722: +PARAM [/STM2-CFG60/class] by /roslaunch
[rosmaster.master][INFO] 2019-06-03 13:03:43,722: +PARAM [/STM2-CFG34/msgClass] by /roslaunch
[rosmaster.master][INFO] 2019-06-03 13:03:43,723: +PARAM [/rosversion] by /roslaunch
[rosmaster.master][INFO] 2019-06-03 13:03:43,723: +PARAM [/STM2-CFG07/id] by /roslaunch
[rosmaster.master][INFO] 2019-06-03 13:03:43,723: +PARAM [/STM2-CFG37/class] by /roslaunch
[rosmaster.master][INFO] 2019-06-03 13:03:43,723: +PARAM [/STM2-CFG61/desc] by /roslaunch
[rosmaster.master][INFO] 2019-06-03 13:03:43,724: +PARAM [/STM2-CFG60/desc] by /roslaunch
[rosmaster.master][INFO] 2019-06-03 13:03:43,724: +PARAM [/STM2-CFG81/desc] by /roslaunch
[rosmaster.master][INFO] 2019-06-03 13:03:43,724: +PARAM [/STM2-CFG05/class] by /roslaunch
[rosmaster.master][INFO] 2019-06-03 13:03:43,725: +PARAM [/STM1/QUEUE2/name] by /roslaunch
[rosmaster.master][INFO] 2019-06-03 13:03:43,725: +PARAM [/STM2-CFG08/msgClass] by /roslaunch
[rosmaster.master][INFO] 2019-06-03 13:03:43,725: +PARAM [/STM2-CFG31/msgId] by /roslaunch
[rosmaster.master][INFO] 2019-06-03 13:03:43,725: +PARAM [/STM2-CFG39/ioPorts] by /roslaunch
[rosmaster.master][INFO] 2019-06-03 13:03:43,726: +PARAM [/STM2-CFG06/ioPorts] by /roslaunch
[rosmaster.master][INFO] 2019-06-03 13:03:43,726: +PARAM [/STM2-CFG42/class] by /roslaunch
[rosmaster.master][INFO] 2019-06-03 13:03:43,726: +PARAM [/STM2-CFG33/class] by /roslaunch
[rosmaster.master][INFO] 2019-06-03 13:03:43,727: +PARAM [/STM2/baudrate] by /roslaunch
[rosmaster.master][INFO] 2019-06-03 13:03:46,769: -PUB [/rosout_agg] /rosout http://10.0.0.166:33864/
[rosmaster.master][INFO] 2019-06-03 13:03:46,774: -SUB [/rosout] /rosout http://10.0.0.166:33864/
[rosmaster.master][INFO] 2019-06-03 13:03:46,779: -SERVICE [/rosout/get_loggers] /rosout rosrpc://10.0.0.166:49194
[rosmaster.master][INFO] 2019-06-03 13:03:46,783: -SERVICE [/rosout/set_logger_level] /rosout rosrpc://10.0.0.166:49194
[rosmaster.main][INFO] 2019-06-03 13:03:46,917: keyboard interrupt, will exit
[rosmaster.main][INFO] 2019-06-03 13:03:46,918: stopping master...
[rospy.core][INFO] 2019-06-03 13:03:46,919: signal_shutdown [atexit]
