[rosmaster.main][INFO] 2019-06-04 15:47:13,143: initialization complete, waiting for shutdown
[rosmaster.main][INFO] 2019-06-04 15:47:13,143: Starting ROS Master Node
[xmlrpc][INFO] 2019-06-04 15:47:13,148: XML-RPC server binding to 0.0.0.0:11311
[xmlrpc][INFO] 2019-06-04 15:47:13,150: Started XML-RPC server [http://10.0.0.166:11311/]
[rosmaster.master][INFO] 2019-06-04 15:47:13,150: Master initialized: port[11311], uri[http://10.0.0.166:11311/]
[xmlrpc][INFO] 2019-06-04 15:47:13,150: xml rpc node: starting XML-RPC server
[rosmaster.master][INFO] 2019-06-04 15:47:13,240: +PARAM [/run_id] by /roslaunch
[rosmaster.master][INFO] 2019-06-04 15:47:13,246: +PARAM [/roslaunch/uris/host_10_0_0_166__44700] by /roslaunch
[rosmaster.master][INFO] 2019-06-04 15:47:13,686: +SERVICE [/rosout/get_loggers] /rosout http://10.0.0.166:40976/
[rosmaster.master][INFO] 2019-06-04 15:47:13,688: +SERVICE [/rosout/set_logger_level] /rosout http://10.0.0.166:40976/
[rosmaster.master][INFO] 2019-06-04 15:47:13,768: +PARAM [/STM2-CFG35/msgClass] by /roslaunch
[rosmaster.master][INFO] 2019-06-04 15:47:13,769: +PARAM [/STM2-CFG32/desc] by /roslaunch
[rosmaster.master][INFO] 2019-06-04 15:47:13,771: +PARAM [/STM2-CFG07/class] by /roslaunch
[rosmaster.master][INFO] 2019-06-04 15:47:13,771: +PARAM [/STM2-CFG07/desc] by /roslaunch
[rosmaster.master][INFO] 2019-06-04 15:47:13,771: +PARAM [/STM2-CFG03/id] by /roslaunch
[rosmaster.master][INFO] 2019-06-04 15:47:13,772: +PARAM [/STM2-CFG30/class] by /roslaunch
[rosmaster.master][INFO] 2019-06-04 15:47:13,772: +PARAM [/STM2-CFG32/msgClass] by /roslaunch
[rosmaster.master][INFO] 2019-06-04 15:47:13,774: +PUB [/rosout_agg] /rosout http://10.0.0.166:40976/
[rosmaster.master][INFO] 2019-06-04 15:47:13,775: +PARAM [/STM2-CFG34/ioPorts] by /roslaunch
[rosmaster.master][INFO] 2019-06-04 15:47:13,776: +PARAM [/STM2-CFG37/ioPorts] by /roslaunch
[rosmaster.master][INFO] 2019-06-04 15:47:13,776: +PARAM [/STM2-CFG33/ioPorts] by /roslaunch
[rosmaster.master][INFO] 2019-06-04 15:47:13,778: +PARAM [/STM2/retry] by /roslaunch
[rosmaster.master][INFO] 2019-06-04 15:47:13,779: +PARAM [/STM2-CFG31/id] by /roslaunch
[rosmaster.master][INFO] 2019-06-04 15:47:13,780: +PARAM [/STM2-CFG38/ioPorts] by /roslaunch
[rosmaster.master][INFO] 2019-06-04 15:47:13,780: +PARAM [/STM2-CFG30/msgId] by /roslaunch
[rosmaster.master][INFO] 2019-06-04 15:47:13,780: +PARAM [/STM2-CFG62/id] by /roslaunch
[rosmaster.master][INFO] 2019-06-04 15:47:13,781: +PARAM [/STM2-CFG62/desc] by /roslaunch
[rosmaster.master][INFO] 2019-06-04 15:47:13,781: +PARAM [/STM2-CFG42/ioPorts] by /roslaunch
[rosmaster.master][INFO] 2019-06-04 15:47:13,781: +PARAM [/STM2-CFG04/ioPorts] by /roslaunch
[rosmaster.master][INFO] 2019-06-04 15:47:13,782: +PARAM [/STM2-CFG39/id] by /roslaunch
[rosmaster.master][INFO] 2019-06-04 15:47:13,782: +PARAM [/STM2-CFG32/msgId] by /roslaunch
[rosmaster.master][INFO] 2019-06-04 15:47:13,784: +PARAM [/STM2-CFG40/msgId] by /roslaunch
[rosmaster.master][INFO] 2019-06-04 15:47:13,785: +PARAM [/STM2-CFG41/id] by /roslaunch
[rosmaster.master][INFO] 2019-06-04 15:47:13,786: +PARAM [/STM2-CFG30/ioPorts] by /roslaunch
[rosmaster.master][INFO] 2019-06-04 15:47:13,786: +PARAM [/STM2-CFG61/class] by /roslaunch
[rosmaster.master][INFO] 2019-06-04 15:47:13,786: +PARAM [/STM2-CFG33/msgClass] by /roslaunch
[rosmaster.master][INFO] 2019-06-04 15:47:13,787: +PARAM [/STM2-CFG61/msgId] by /roslaunch
[rosmaster.master][INFO] 2019-06-04 15:47:13,787: +PARAM [/STM2/QUEUE2/name] by /roslaunch
[rosmaster.master][INFO] 2019-06-04 15:47:13,787: +PARAM [/STM2-CFG37/id] by /roslaunch
[rosmaster.master][INFO] 2019-06-04 15:47:13,788: +PARAM [/STM2/QUEUE2/rw] by /roslaunch
[rosmaster.master][INFO] 2019-06-04 15:47:13,788: +PARAM [/STM2-CFG04/id] by /roslaunch
[rosmaster.master][INFO] 2019-06-04 15:47:13,788: +PARAM [/STM1/port] by /roslaunch
[rosmaster.master][INFO] 2019-06-04 15:47:13,788: +PARAM [/STM2-CFG03/class] by /roslaunch
[rosmaster.master][INFO] 2019-06-04 15:47:13,789: +PARAM [/STM2-CFG41/msgClass] by /roslaunch
[rosmaster.master][INFO] 2019-06-04 15:47:13,789: +PARAM [/STM2-CFG35/class] by /roslaunch
[rosmaster.master][INFO] 2019-06-04 15:47:13,789: +PARAM [/STM2-CFG40/class] by /roslaunch
[rosmaster.master][INFO] 2019-06-04 15:47:13,790: +PARAM [/STM2-CFG34/id] by /roslaunch
[rosmaster.master][INFO] 2019-06-04 15:47:13,791: +PARAM [/STM1/desc] by /roslaunch
[rosmaster.master][INFO] 2019-06-04 15:47:13,791: +PARAM [/STM2-CFG60/ioPorts] by /roslaunch
[rosmaster.master][INFO] 2019-06-04 15:47:13,793: +PARAM [/STM1/QUEUE1/rw] by /roslaunch
[rosmaster.master][INFO] 2019-06-04 15:47:13,794: +PARAM [/STM2-CFG05/desc] by /roslaunch
[rosmaster.master][INFO] 2019-06-04 15:47:13,794: +PARAM [/STM2-CFG06/class] by /roslaunch
[rosmaster.master][INFO] 2019-06-04 15:47:13,795: +PARAM [/STM2-CFG81/prot_in] by /roslaunch
[rosmaster.master][INFO] 2019-06-04 15:47:13,797: +PARAM [/STM2-CFG81/prot_out] by /roslaunch
[rosmaster.master][INFO] 2019-06-04 15:47:13,798: +PARAM [/STM2-CFG03/msgId] by /roslaunch
[rosmaster.master][INFO] 2019-06-04 15:47:13,799: +PARAM [/STM4/listener] by /roslaunch
[rosmaster.master][INFO] 2019-06-04 15:47:13,800: +PARAM [/STM2-CFG38/id] by /roslaunch
[rosmaster.master][INFO] 2019-06-04 15:47:13,801: +PARAM [/STM2-CFG63/ioPorts] by /roslaunch
[rosmaster.master][INFO] 2019-06-04 15:47:13,801: +PARAM [/STM2-CFG60/id] by /roslaunch
[rosmaster.master][INFO] 2019-06-04 15:47:13,802: +PARAM [/STM2/QUEUE2/type] by /roslaunch
[rosmaster.master][INFO] 2019-06-04 15:47:13,803: +SUB [/rosout] /rosout http://10.0.0.166:40976/
[rosmaster.master][INFO] 2019-06-04 15:47:13,803: +PARAM [/STM2-CFG08/class] by /roslaunch
[rosmaster.master][INFO] 2019-06-04 15:47:13,805: +PARAM [/STM2-CFG40/ioPorts] by /roslaunch
[rosmaster.master][INFO] 2019-06-04 15:47:13,805: +PARAM [/STM2-CFG30/desc] by /roslaunch
[rosmaster.master][INFO] 2019-06-04 15:47:13,805: +PARAM [/STM2-CFG07/msgId] by /roslaunch
[rosmaster.master][INFO] 2019-06-04 15:47:13,806: +PARAM [/STM2-CFG63/desc] by /roslaunch
[rosmaster.master][INFO] 2019-06-04 15:47:13,806: +PARAM [/STM2-CFG41/msgId] by /roslaunch
[rosmaster.master][INFO] 2019-06-04 15:47:13,806: +PARAM [/STM2-CFG04/msgClass] by /roslaunch
[rosmaster.master][INFO] 2019-06-04 15:47:13,807: +PARAM [/STM2-CFG35/desc] by /roslaunch
[rosmaster.master][INFO] 2019-06-04 15:47:13,807: +PARAM [/STM2-CFG36/class] by /roslaunch
[rosmaster.master][INFO] 2019-06-04 15:47:13,807: +PARAM [/STM4/port] by /roslaunch
[rosmaster.master][INFO] 2019-06-04 15:47:13,808: +PARAM [/STM2-CFG06/msgId] by /roslaunch
[rosmaster.master][INFO] 2019-06-04 15:47:13,808: +PARAM [/rosdistro] by /roslaunch
[rosmaster.master][INFO] 2019-06-04 15:47:13,808: +PARAM [/STM2-CFG41/desc] by /roslaunch
[rosmaster.master][INFO] 2019-06-04 15:47:13,808: +PARAM [/STM2-CFG63/id] by /roslaunch
[rosmaster.master][INFO] 2019-06-04 15:47:13,809: +PARAM [/STM2-CFG39/msgClass] by /roslaunch
[rosmaster.master][INFO] 2019-06-04 15:47:13,809: +PARAM [/STM2-CFG08/msgId] by /roslaunch
[rosmaster.master][INFO] 2019-06-04 15:47:13,809: +PARAM [/STM2-CFG42/msgClass] by /roslaunch
[rosmaster.master][INFO] 2019-06-04 15:47:13,810: +PARAM [/STM4/type] by /roslaunch
[rosmaster.master][INFO] 2019-06-04 15:47:13,810: +PARAM [/STM2-CFG39/desc] by /roslaunch
[rosmaster.master][INFO] 2019-06-04 15:47:13,810: +PARAM [/STM2/port] by /roslaunch
[rosmaster.master][INFO] 2019-06-04 15:47:13,811: +PARAM [/STM1/host] by /roslaunch
[rosmaster.master][INFO] 2019-06-04 15:47:13,811: +PARAM [/STM2-CFG31/ioPorts] by /roslaunch
[rosmaster.master][INFO] 2019-06-04 15:47:13,811: +PARAM [/STM2-CFG33/desc] by /roslaunch
[rosmaster.master][INFO] 2019-06-04 15:47:13,812: +PARAM [/STM2-CFG04/desc] by /roslaunch
[rosmaster.master][INFO] 2019-06-04 15:47:13,812: +PARAM [/STM1/QUEUE2/rw] by /roslaunch
[rosmaster.master][INFO] 2019-06-04 15:47:13,812: +PARAM [/STM4/host] by /roslaunch
[rosmaster.master][INFO] 2019-06-04 15:47:13,812: +PARAM [/STM2-CFG41/ioPorts] by /roslaunch
[rosmaster.master][INFO] 2019-06-04 15:47:13,813: +PARAM [/STM2-CFG03/desc] by /roslaunch
[rosmaster.master][INFO] 2019-06-04 15:47:13,813: +PARAM [/STM1/retry] by /roslaunch
[rosmaster.master][INFO] 2019-06-04 15:47:13,813: +PARAM [/STM2/QUEUE1/rw] by /roslaunch
[rosmaster.master][INFO] 2019-06-04 15:47:13,814: +PARAM [/STM2-CFG37/msgId] by /roslaunch
[rosmaster.master][INFO] 2019-06-04 15:47:13,814: +PARAM [/STM2-CFG30/id] by /roslaunch
[rosmaster.master][INFO] 2019-06-04 15:47:13,814: +PARAM [/STM2-CFG60/msgId] by /roslaunch
[rosmaster.master][INFO] 2019-06-04 15:47:13,814: +PARAM [/STM2-CFG07/msgClass] by /roslaunch
[rosmaster.master][INFO] 2019-06-04 15:47:13,815: +PARAM [/STM2-CFG40/id] by /roslaunch
[rosmaster.master][INFO] 2019-06-04 15:47:13,815: +PARAM [/STM2-CFG33/id] by /roslaunch
[rosmaster.master][INFO] 2019-06-04 15:47:13,815: +PARAM [/STM2-CFG38/desc] by /roslaunch
[rosmaster.master][INFO] 2019-06-04 15:47:13,816: +PARAM [/STM2-CFG63/class] by /roslaunch
[rosmaster.master][INFO] 2019-06-04 15:47:13,816: +PARAM [/STM2-CFG32/id] by /roslaunch
[rosmaster.master][INFO] 2019-06-04 15:47:13,816: +PARAM [/STM2-CFG06/id] by /roslaunch
[rosmaster.master][INFO] 2019-06-04 15:47:13,816: +PARAM [/STM2-CFG41/class] by /roslaunch
[rosmaster.master][INFO] 2019-06-04 15:47:13,817: +PARAM [/STM2-CFG06/desc] by /roslaunch
[rosmaster.master][INFO] 2019-06-04 15:47:13,817: +PARAM [/STM2-CFG63/msgId] by /roslaunch
[rosmaster.master][INFO] 2019-06-04 15:47:13,817: +PARAM [/STM2-CFG42/msgId] by /roslaunch
[rosmaster.master][INFO] 2019-06-04 15:47:13,817: +PARAM [/STM2-CFG36/msgId] by /roslaunch
[rosmaster.master][INFO] 2019-06-04 15:47:13,818: +PARAM [/STM2-CFG81/id] by /roslaunch
[rosmaster.master][INFO] 2019-06-04 15:47:13,818: +PARAM [/STM2-CFG35/id] by /roslaunch
[rosmaster.master][INFO] 2019-06-04 15:47:13,818: +PARAM [/STM2/QUEUE1/type] by /roslaunch
[rosmaster.master][INFO] 2019-06-04 15:47:13,819: +PARAM [/STM2-CFG62/msgClass] by /roslaunch
[rosmaster.master][INFO] 2019-06-04 15:47:13,819: +PARAM [/STM2/timeout] by /roslaunch
[rosmaster.master][INFO] 2019-06-04 15:47:13,819: +PARAM [/STM2-CFG05/id] by /roslaunch
[rosmaster.master][INFO] 2019-06-04 15:47:13,819: +PARAM [/STM1/QUEUE1/name] by /roslaunch
[rosmaster.master][INFO] 2019-06-04 15:47:13,820: +PARAM [/STM2-CFG33/msgId] by /roslaunch
[rosmaster.master][INFO] 2019-06-04 15:47:13,820: +PARAM [/STM2-CFG08/ioPorts] by /roslaunch
[rosmaster.master][INFO] 2019-06-04 15:47:13,820: +PARAM [/STM2-CFG62/class] by /roslaunch
[rosmaster.master][INFO] 2019-06-04 15:47:13,820: +PARAM [/STM2-CFG34/class] by /roslaunch
[rosmaster.master][INFO] 2019-06-04 15:47:13,821: +PARAM [/STM2-CFG35/msgId] by /roslaunch
[rosmaster.master][INFO] 2019-06-04 15:47:13,821: +PARAM [/STM2-CFG30/msgClass] by /roslaunch
[rosmaster.master][INFO] 2019-06-04 15:47:13,821: +PARAM [/STM2-CFG34/desc] by /roslaunch
[rosmaster.master][INFO] 2019-06-04 15:47:13,822: +PARAM [/STM2-CFG62/msgId] by /roslaunch
[rosmaster.master][INFO] 2019-06-04 15:47:13,822: +PARAM [/STM2-CFG42/desc] by /roslaunch
[rosmaster.master][INFO] 2019-06-04 15:47:13,822: +PARAM [/STM2-CFG61/id] by /roslaunch
[rosmaster.master][INFO] 2019-06-04 15:47:13,823: +PARAM [/STM4/retry] by /roslaunch
[rosmaster.master][INFO] 2019-06-04 15:47:13,823: +PARAM [/STM2-CFG38/class] by /roslaunch
[rosmaster.master][INFO] 2019-06-04 15:47:13,823: +PARAM [/STM2-CFG81/class] by /roslaunch
[rosmaster.master][INFO] 2019-06-04 15:47:13,824: +PARAM [/STM2/type] by /roslaunch
[rosmaster.master][INFO] 2019-06-04 15:47:13,824: +PARAM [/STM2-CFG31/msgClass] by /roslaunch
[rosmaster.master][INFO] 2019-06-04 15:47:13,824: +PARAM [/STM2-CFG05/ioPorts] by /roslaunch
[rosmaster.master][INFO] 2019-06-04 15:47:13,824: +PARAM [/STM2-CFG31/class] by /roslaunch
[rosmaster.master][INFO] 2019-06-04 15:47:13,825: +PARAM [/STM2-CFG35/ioPorts] by /roslaunch
[rosmaster.master][INFO] 2019-06-04 15:47:13,825: +PARAM [/STM2-CFG36/desc] by /roslaunch
[rosmaster.master][INFO] 2019-06-04 15:47:13,825: +PARAM [/STM2-CFG32/class] by /roslaunch
[rosmaster.master][INFO] 2019-06-04 15:47:13,825: +PARAM [/STM2-CFG61/ioPorts] by /roslaunch
[rosmaster.master][INFO] 2019-06-04 15:47:13,826: +PARAM [/STM2-CFG07/ioPorts] by /roslaunch
[rosmaster.master][INFO] 2019-06-04 15:47:13,826: +PARAM [/STM2/desc] by /roslaunch
[rosmaster.master][INFO] 2019-06-04 15:47:13,826: +PARAM [/STM2-CFG03/ioPorts] by /roslaunch
[rosmaster.master][INFO] 2019-06-04 15:47:13,827: +PARAM [/STM2-CFG37/desc] by /roslaunch
[rosmaster.master][INFO] 2019-06-04 15:47:13,827: +PARAM [/STM1/QUEUE1/type] by /roslaunch
[rosmaster.master][INFO] 2019-06-04 15:47:13,827: +PARAM [/STM2-CFG04/msgId] by /roslaunch
[rosmaster.master][INFO] 2019-06-04 15:47:13,827: +PARAM [/STM2-CFG36/msgClass] by /roslaunch
[rosmaster.master][INFO] 2019-06-04 15:47:13,828: +PARAM [/STM1/QUEUE2/type] by /roslaunch
[rosmaster.master][INFO] 2019-06-04 15:47:13,828: +PARAM [/STM2-CFG40/desc] by /roslaunch
[rosmaster.master][INFO] 2019-06-04 15:47:13,828: +PARAM [/STM1/type] by /roslaunch
[rosmaster.master][INFO] 2019-06-04 15:47:13,829: +PARAM [/STM2-CFG36/ioPorts] by /roslaunch
[rosmaster.master][INFO] 2019-06-04 15:47:13,829: +PARAM [/STM2-CFG40/msgClass] by /roslaunch
[rosmaster.master][INFO] 2019-06-04 15:47:13,829: +PARAM [/STM2-CFG39/msgId] by /roslaunch
[rosmaster.master][INFO] 2019-06-04 15:47:13,830: +PARAM [/STM2-CFG60/msgClass] by /roslaunch
[rosmaster.master][INFO] 2019-06-04 15:47:13,830: +PARAM [/STM4/desc] by /roslaunch
[rosmaster.master][INFO] 2019-06-04 15:47:13,830: +PARAM [/STM2-CFG06/msgClass] by /roslaunch
[rosmaster.master][INFO] 2019-06-04 15:47:13,831: +PARAM [/STM2-CFG36/id] by /roslaunch
[rosmaster.master][INFO] 2019-06-04 15:47:13,831: +PARAM [/STM2-CFG61/msgClass] by /roslaunch
[rosmaster.master][INFO] 2019-06-04 15:47:13,831: +PARAM [/STM2-CFG37/msgClass] by /roslaunch
[rosmaster.master][INFO] 2019-06-04 15:47:13,831: +PARAM [/STM2-CFG05/msgId] by /roslaunch
[rosmaster.master][INFO] 2019-06-04 15:47:13,832: +PARAM [/STM2-CFG08/id] by /roslaunch
[rosmaster.master][INFO] 2019-06-04 15:47:13,832: +PARAM [/STM2-CFG81/rate] by /roslaunch
[rosmaster.master][INFO] 2019-06-04 15:47:13,832: +PARAM [/STM2-CFG38/msgClass] by /roslaunch
[rosmaster.master][INFO] 2019-06-04 15:47:13,833: +PARAM [/STM2-CFG34/msgId] by /roslaunch
[rosmaster.master][INFO] 2019-06-04 15:47:13,833: +PARAM [/STM2-CFG39/class] by /roslaunch
[rosmaster.master][INFO] 2019-06-04 15:47:13,833: +PARAM [/STM2-CFG38/msgId] by /roslaunch
[rosmaster.master][INFO] 2019-06-04 15:47:13,833: +PARAM [/STM2-CFG62/ioPorts] by /roslaunch
[rosmaster.master][INFO] 2019-06-04 15:47:13,834: +PARAM [/STM2-CFG42/id] by /roslaunch
[rosmaster.master][INFO] 2019-06-04 15:47:13,834: +PARAM [/STM2-CFG05/msgClass] by /roslaunch
[rosmaster.master][INFO] 2019-06-04 15:47:13,834: +PARAM [/STM2-CFG31/desc] by /roslaunch
[rosmaster.master][INFO] 2019-06-04 15:47:13,835: +PARAM [/STM2-CFG32/ioPorts] by /roslaunch
[rosmaster.master][INFO] 2019-06-04 15:47:13,835: +PARAM [/STM2-CFG04/class] by /roslaunch
[rosmaster.master][INFO] 2019-06-04 15:47:13,835: +PARAM [/STM2/QUEUE1/name] by /roslaunch
[rosmaster.master][INFO] 2019-06-04 15:47:13,836: +PARAM [/STM2-CFG63/msgClass] by /roslaunch
[rosmaster.master][INFO] 2019-06-04 15:47:13,836: +PARAM [/STM2-CFG03/msgClass] by /roslaunch
[rosmaster.master][INFO] 2019-06-04 15:47:13,836: +PARAM [/STM2-CFG08/desc] by /roslaunch
[rosmaster.master][INFO] 2019-06-04 15:47:13,836: +PARAM [/STM2-CFG60/class] by /roslaunch
[rosmaster.master][INFO] 2019-06-04 15:47:13,837: +PARAM [/STM2-CFG34/msgClass] by /roslaunch
[rosmaster.master][INFO] 2019-06-04 15:47:13,837: +PARAM [/rosversion] by /roslaunch
[rosmaster.master][INFO] 2019-06-04 15:47:13,837: +PARAM [/STM2-CFG07/id] by /roslaunch
[rosmaster.master][INFO] 2019-06-04 15:47:13,838: +PARAM [/STM2-CFG37/class] by /roslaunch
[rosmaster.master][INFO] 2019-06-04 15:47:13,838: +PARAM [/STM2-CFG61/desc] by /roslaunch
[rosmaster.master][INFO] 2019-06-04 15:47:13,838: +PARAM [/STM2-CFG60/desc] by /roslaunch
[rosmaster.master][INFO] 2019-06-04 15:47:13,838: +PARAM [/STM2-CFG81/desc] by /roslaunch
[rosmaster.master][INFO] 2019-06-04 15:47:13,839: +PARAM [/STM2-CFG05/class] by /roslaunch
[rosmaster.master][INFO] 2019-06-04 15:47:13,839: +PARAM [/STM1/QUEUE2/name] by /roslaunch
[rosmaster.master][INFO] 2019-06-04 15:47:13,839: +PARAM [/STM2-CFG08/msgClass] by /roslaunch
[rosmaster.master][INFO] 2019-06-04 15:47:13,839: +PARAM [/STM2-CFG31/msgId] by /roslaunch
[rosmaster.master][INFO] 2019-06-04 15:47:13,840: +PARAM [/STM2-CFG39/ioPorts] by /roslaunch
[rosmaster.master][INFO] 2019-06-04 15:47:13,840: +PARAM [/STM2-CFG06/ioPorts] by /roslaunch
[rosmaster.master][INFO] 2019-06-04 15:47:13,840: +PARAM [/STM2-CFG42/class] by /roslaunch
[rosmaster.master][INFO] 2019-06-04 15:47:13,841: +PARAM [/STM2-CFG33/class] by /roslaunch
[rosmaster.master][INFO] 2019-06-04 15:47:13,841: +PARAM [/STM2/baudrate] by /roslaunch
[rosmaster.master][INFO] 2019-06-04 15:54:18,587: -PUB [/rosout_agg] /rosout http://10.0.0.166:40976/
[rosmaster.master][INFO] 2019-06-04 15:54:18,594: -SUB [/rosout] /rosout http://10.0.0.166:40976/
[rosmaster.master][INFO] 2019-06-04 15:54:18,598: -SERVICE [/rosout/get_loggers] /rosout rosrpc://10.0.0.166:50727
[rosmaster.master][INFO] 2019-06-04 15:54:18,602: -SERVICE [/rosout/set_logger_level] /rosout rosrpc://10.0.0.166:50727
[rosmaster.main][INFO] 2019-06-04 15:54:18,739: keyboard interrupt, will exit
[rosmaster.main][INFO] 2019-06-04 15:54:18,739: stopping master...
[rospy.core][INFO] 2019-06-04 15:54:18,740: signal_shutdown [atexit]
