[rosmaster.main][INFO] 2019-06-01 06:07:47,139: initialization complete, waiting for shutdown
[rosmaster.main][INFO] 2019-06-01 06:07:47,139: Starting ROS Master Node
[xmlrpc][INFO] 2019-06-01 06:07:47,142: XML-RPC server binding to 0.0.0.0:11311
[rosmaster.master][INFO] 2019-06-01 06:07:47,144: Master initialized: port[11311], uri[http://10.0.0.166:11311/]
[xmlrpc][INFO] 2019-06-01 06:07:47,143: Started XML-RPC server [http://10.0.0.166:11311/]
[xmlrpc][INFO] 2019-06-01 06:07:47,144: xml rpc node: starting XML-RPC server
[rosmaster.master][INFO] 2019-06-01 06:07:47,226: +PARAM [/run_id] by /roslaunch
[rosmaster.master][INFO] 2019-06-01 06:07:47,231: +PARAM [/roslaunch/uris/host_10_0_0_166__33626] by /roslaunch
[rosmaster.master][INFO] 2019-06-01 06:07:47,759: +PARAM [/STM2-CFG35/msgClass] by /roslaunch
[rosmaster.master][INFO] 2019-06-01 06:07:47,760: +SERVICE [/rosout/get_loggers] /rosout http://10.0.0.166:39569/
[rosmaster.master][INFO] 2019-06-01 06:07:47,761: +PARAM [/STM2-CFG32/desc] by /roslaunch
[rosmaster.master][INFO] 2019-06-01 06:07:47,762: +PARAM [/STM2-CFG07/class] by /roslaunch
[rosmaster.master][INFO] 2019-06-01 06:07:47,763: +PARAM [/STM2-CFG07/desc] by /roslaunch
[rosmaster.master][INFO] 2019-06-01 06:07:47,764: +PARAM [/STM2-CFG03/id] by /roslaunch
[rosmaster.master][INFO] 2019-06-01 06:07:47,764: +PARAM [/STM2-CFG30/class] by /roslaunch
[rosmaster.master][INFO] 2019-06-01 06:07:47,766: +SERVICE [/rosout/set_logger_level] /rosout http://10.0.0.166:39569/
[rosmaster.master][INFO] 2019-06-01 06:07:47,766: +PARAM [/STM2-CFG32/msgClass] by /roslaunch
[rosmaster.master][INFO] 2019-06-01 06:07:47,767: +PARAM [/STM2-CFG34/ioPorts] by /roslaunch
[rosmaster.master][INFO] 2019-06-01 06:07:47,769: +PARAM [/STM2-CFG37/ioPorts] by /roslaunch
[rosmaster.master][INFO] 2019-06-01 06:07:47,770: +PARAM [/STM2-CFG33/ioPorts] by /roslaunch
[rosmaster.master][INFO] 2019-06-01 06:07:47,771: +PARAM [/STM2/retry] by /roslaunch
[rosmaster.master][INFO] 2019-06-01 06:07:47,772: +PARAM [/STM2-CFG31/id] by /roslaunch
[rosmaster.master][INFO] 2019-06-01 06:07:47,772: +PARAM [/STM2-CFG38/ioPorts] by /roslaunch
[rosmaster.master][INFO] 2019-06-01 06:07:47,773: +PARAM [/STM2-CFG30/msgId] by /roslaunch
[rosmaster.master][INFO] 2019-06-01 06:07:47,775: +PUB [/rosout_agg] /rosout http://10.0.0.166:39569/
[rosmaster.master][INFO] 2019-06-01 06:07:47,776: +PARAM [/STM2-CFG62/id] by /roslaunch
[rosmaster.master][INFO] 2019-06-01 06:07:47,776: +PARAM [/STM2-CFG62/desc] by /roslaunch
[rosmaster.master][INFO] 2019-06-01 06:07:47,779: +PARAM [/STM2-CFG42/ioPorts] by /roslaunch
[rosmaster.master][INFO] 2019-06-01 06:07:47,779: +PARAM [/STM2-CFG04/ioPorts] by /roslaunch
[rosmaster.master][INFO] 2019-06-01 06:07:47,781: +PARAM [/STM2-CFG39/id] by /roslaunch
[rosmaster.master][INFO] 2019-06-01 06:07:47,782: +PARAM [/STM2-CFG32/msgId] by /roslaunch
[rosmaster.master][INFO] 2019-06-01 06:07:47,784: +PARAM [/STM2-CFG40/msgId] by /roslaunch
[rosmaster.master][INFO] 2019-06-01 06:07:47,785: +PARAM [/STM2-CFG41/id] by /roslaunch
[rosmaster.master][INFO] 2019-06-01 06:07:47,786: +PARAM [/STM2-CFG30/ioPorts] by /roslaunch
[rosmaster.master][INFO] 2019-06-01 06:07:47,788: +PARAM [/STM2-CFG61/class] by /roslaunch
[rosmaster.master][INFO] 2019-06-01 06:07:47,790: +PARAM [/STM2-CFG33/msgClass] by /roslaunch
[rosmaster.master][INFO] 2019-06-01 06:07:47,790: +PARAM [/STM2-CFG61/msgId] by /roslaunch
[rosmaster.master][INFO] 2019-06-01 06:07:47,791: +PARAM [/STM2/QUEUE2/name] by /roslaunch
[rosmaster.master][INFO] 2019-06-01 06:07:47,792: +SUB [/rosout] /rosout http://10.0.0.166:39569/
[rosmaster.master][INFO] 2019-06-01 06:07:47,793: +PARAM [/STM2-CFG37/id] by /roslaunch
[rosmaster.master][INFO] 2019-06-01 06:07:47,794: +PARAM [/STM2/QUEUE2/rw] by /roslaunch
[rosmaster.master][INFO] 2019-06-01 06:07:47,795: +PARAM [/STM2-CFG04/id] by /roslaunch
[rosmaster.master][INFO] 2019-06-01 06:07:47,795: +PARAM [/STM1/port] by /roslaunch
[rosmaster.master][INFO] 2019-06-01 06:07:47,795: +PARAM [/STM2-CFG03/class] by /roslaunch
[rosmaster.master][INFO] 2019-06-01 06:07:47,796: +PARAM [/STM2-CFG41/msgClass] by /roslaunch
[rosmaster.master][INFO] 2019-06-01 06:07:47,796: +PARAM [/STM2-CFG35/class] by /roslaunch
[rosmaster.master][INFO] 2019-06-01 06:07:47,796: +PARAM [/STM2-CFG40/class] by /roslaunch
[rosmaster.master][INFO] 2019-06-01 06:07:47,797: +PARAM [/STM2-CFG34/id] by /roslaunch
[rosmaster.master][INFO] 2019-06-01 06:07:47,797: +PARAM [/STM1/desc] by /roslaunch
[rosmaster.master][INFO] 2019-06-01 06:07:47,797: +PARAM [/STM2-CFG60/ioPorts] by /roslaunch
[rosmaster.master][INFO] 2019-06-01 06:07:47,798: +PARAM [/STM1/QUEUE1/rw] by /roslaunch
[rosmaster.master][INFO] 2019-06-01 06:07:47,798: +PARAM [/STM2-CFG05/desc] by /roslaunch
[rosmaster.master][INFO] 2019-06-01 06:07:47,798: +PARAM [/STM2-CFG06/class] by /roslaunch
[rosmaster.master][INFO] 2019-06-01 06:07:47,799: +PARAM [/STM2-CFG81/prot_in] by /roslaunch
[rosmaster.master][INFO] 2019-06-01 06:07:47,799: +PARAM [/STM2-CFG81/prot_out] by /roslaunch
[rosmaster.master][INFO] 2019-06-01 06:07:47,799: +PARAM [/STM2-CFG03/msgId] by /roslaunch
[rosmaster.master][INFO] 2019-06-01 06:07:47,800: +PARAM [/STM4/listener] by /roslaunch
[rosmaster.master][INFO] 2019-06-01 06:07:47,800: +PARAM [/STM2-CFG38/id] by /roslaunch
[rosmaster.master][INFO] 2019-06-01 06:07:47,800: +PARAM [/STM2-CFG63/ioPorts] by /roslaunch
[rosmaster.master][INFO] 2019-06-01 06:07:47,800: +PARAM [/STM2-CFG60/id] by /roslaunch
[rosmaster.master][INFO] 2019-06-01 06:07:47,801: +PARAM [/STM2/QUEUE2/type] by /roslaunch
[rosmaster.master][INFO] 2019-06-01 06:07:47,801: +PARAM [/STM2-CFG08/class] by /roslaunch
[rosmaster.master][INFO] 2019-06-01 06:07:47,801: +PARAM [/STM2-CFG40/ioPorts] by /roslaunch
[rosmaster.master][INFO] 2019-06-01 06:07:47,802: +PARAM [/STM2-CFG30/desc] by /roslaunch
[rosmaster.master][INFO] 2019-06-01 06:07:47,802: +PARAM [/STM2-CFG07/msgId] by /roslaunch
[rosmaster.master][INFO] 2019-06-01 06:07:47,802: +PARAM [/STM2-CFG63/desc] by /roslaunch
[rosmaster.master][INFO] 2019-06-01 06:07:47,802: +PARAM [/STM2-CFG41/msgId] by /roslaunch
[rosmaster.master][INFO] 2019-06-01 06:07:47,803: +PARAM [/STM2-CFG04/msgClass] by /roslaunch
[rosmaster.master][INFO] 2019-06-01 06:07:47,803: +PARAM [/STM2-CFG35/desc] by /roslaunch
[rosmaster.master][INFO] 2019-06-01 06:07:47,803: +PARAM [/STM2-CFG36/class] by /roslaunch
[rosmaster.master][INFO] 2019-06-01 06:07:47,803: +PARAM [/STM4/port] by /roslaunch
[rosmaster.master][INFO] 2019-06-01 06:07:47,804: +PARAM [/STM2-CFG06/msgId] by /roslaunch
[rosmaster.master][INFO] 2019-06-01 06:07:47,804: +PARAM [/rosdistro] by /roslaunch
[rosmaster.master][INFO] 2019-06-01 06:07:47,804: +PARAM [/STM2-CFG41/desc] by /roslaunch
[rosmaster.master][INFO] 2019-06-01 06:07:47,804: +PARAM [/STM2-CFG63/id] by /roslaunch
[rosmaster.master][INFO] 2019-06-01 06:07:47,805: +PARAM [/STM2-CFG39/msgClass] by /roslaunch
[rosmaster.master][INFO] 2019-06-01 06:07:47,805: +PARAM [/STM2-CFG08/msgId] by /roslaunch
[rosmaster.master][INFO] 2019-06-01 06:07:47,805: +PARAM [/STM2-CFG42/msgClass] by /roslaunch
[rosmaster.master][INFO] 2019-06-01 06:07:47,806: +PARAM [/STM4/type] by /roslaunch
[rosmaster.master][INFO] 2019-06-01 06:07:47,806: +PARAM [/STM2-CFG39/desc] by /roslaunch
[rosmaster.master][INFO] 2019-06-01 06:07:47,806: +PARAM [/STM2/port] by /roslaunch
[rosmaster.master][INFO] 2019-06-01 06:07:47,806: +PARAM [/STM1/host] by /roslaunch
[rosmaster.master][INFO] 2019-06-01 06:07:47,807: +PARAM [/STM2-CFG31/ioPorts] by /roslaunch
[rosmaster.master][INFO] 2019-06-01 06:07:47,807: +PARAM [/STM2-CFG33/desc] by /roslaunch
[rosmaster.master][INFO] 2019-06-01 06:07:47,807: +PARAM [/STM2-CFG04/desc] by /roslaunch
[rosmaster.master][INFO] 2019-06-01 06:07:47,808: +PARAM [/STM1/QUEUE2/rw] by /roslaunch
[rosmaster.master][INFO] 2019-06-01 06:07:47,808: +PARAM [/STM4/host] by /roslaunch
[rosmaster.master][INFO] 2019-06-01 06:07:47,808: +PARAM [/STM2-CFG41/ioPorts] by /roslaunch
[rosmaster.master][INFO] 2019-06-01 06:07:47,808: +PARAM [/STM2-CFG03/desc] by /roslaunch
[rosmaster.master][INFO] 2019-06-01 06:07:47,809: +PARAM [/STM1/retry] by /roslaunch
[rosmaster.master][INFO] 2019-06-01 06:07:47,809: +PARAM [/STM2/QUEUE1/rw] by /roslaunch
[rosmaster.master][INFO] 2019-06-01 06:07:47,809: +PARAM [/STM2-CFG37/msgId] by /roslaunch
[rosmaster.master][INFO] 2019-06-01 06:07:47,810: +PARAM [/STM2-CFG30/id] by /roslaunch
[rosmaster.master][INFO] 2019-06-01 06:07:47,810: +PARAM [/STM2-CFG60/msgId] by /roslaunch
[rosmaster.master][INFO] 2019-06-01 06:07:47,810: +PARAM [/STM2-CFG07/msgClass] by /roslaunch
[rosmaster.master][INFO] 2019-06-01 06:07:47,810: +PARAM [/STM2-CFG40/id] by /roslaunch
[rosmaster.master][INFO] 2019-06-01 06:07:47,811: +PARAM [/STM2-CFG33/id] by /roslaunch
[rosmaster.master][INFO] 2019-06-01 06:07:47,811: +PARAM [/STM2-CFG38/desc] by /roslaunch
[rosmaster.master][INFO] 2019-06-01 06:07:47,811: +PARAM [/STM2-CFG63/class] by /roslaunch
[rosmaster.master][INFO] 2019-06-01 06:07:47,811: +PARAM [/STM2-CFG32/id] by /roslaunch
[rosmaster.master][INFO] 2019-06-01 06:07:47,812: +PARAM [/STM2-CFG06/id] by /roslaunch
[rosmaster.master][INFO] 2019-06-01 06:07:47,812: +PARAM [/STM2-CFG41/class] by /roslaunch
[rosmaster.master][INFO] 2019-06-01 06:07:47,812: +PARAM [/STM2-CFG06/desc] by /roslaunch
[rosmaster.master][INFO] 2019-06-01 06:07:47,813: +PARAM [/STM2-CFG63/msgId] by /roslaunch
[rosmaster.master][INFO] 2019-06-01 06:07:47,813: +PARAM [/STM2-CFG42/msgId] by /roslaunch
[rosmaster.master][INFO] 2019-06-01 06:07:47,813: +PARAM [/STM2-CFG36/msgId] by /roslaunch
[rosmaster.master][INFO] 2019-06-01 06:07:47,813: +PARAM [/STM2-CFG81/id] by /roslaunch
[rosmaster.master][INFO] 2019-06-01 06:07:47,814: +PARAM [/STM2-CFG35/id] by /roslaunch
[rosmaster.master][INFO] 2019-06-01 06:07:47,814: +PARAM [/STM2/QUEUE1/type] by /roslaunch
[rosmaster.master][INFO] 2019-06-01 06:07:47,814: +PARAM [/STM2-CFG62/msgClass] by /roslaunch
[rosmaster.master][INFO] 2019-06-01 06:07:47,815: +PARAM [/STM2/timeout] by /roslaunch
[rosmaster.master][INFO] 2019-06-01 06:07:47,815: +PARAM [/STM2-CFG05/id] by /roslaunch
[rosmaster.master][INFO] 2019-06-01 06:07:47,815: +PARAM [/STM1/QUEUE1/name] by /roslaunch
[rosmaster.master][INFO] 2019-06-01 06:07:47,815: +PARAM [/STM2-CFG33/msgId] by /roslaunch
[rosmaster.master][INFO] 2019-06-01 06:07:47,816: +PARAM [/STM2-CFG08/ioPorts] by /roslaunch
[rosmaster.master][INFO] 2019-06-01 06:07:47,816: +PARAM [/STM2-CFG62/class] by /roslaunch
[rosmaster.master][INFO] 2019-06-01 06:07:47,816: +PARAM [/STM2-CFG34/class] by /roslaunch
[rosmaster.master][INFO] 2019-06-01 06:07:47,817: +PARAM [/STM2-CFG35/msgId] by /roslaunch
[rosmaster.master][INFO] 2019-06-01 06:07:47,817: +PARAM [/STM2-CFG30/msgClass] by /roslaunch
[rosmaster.master][INFO] 2019-06-01 06:07:47,817: +PARAM [/STM2-CFG34/desc] by /roslaunch
[rosmaster.master][INFO] 2019-06-01 06:07:47,818: +PARAM [/STM2-CFG62/msgId] by /roslaunch
[rosmaster.master][INFO] 2019-06-01 06:07:47,818: +PARAM [/STM2-CFG42/desc] by /roslaunch
[rosmaster.master][INFO] 2019-06-01 06:07:47,818: +PARAM [/STM2-CFG61/id] by /roslaunch
[rosmaster.master][INFO] 2019-06-01 06:07:47,819: +PARAM [/STM4/retry] by /roslaunch
[rosmaster.master][INFO] 2019-06-01 06:07:47,819: +PARAM [/STM2-CFG38/class] by /roslaunch
[rosmaster.master][INFO] 2019-06-01 06:07:47,819: +PARAM [/STM2-CFG81/class] by /roslaunch
[rosmaster.master][INFO] 2019-06-01 06:07:47,820: +PARAM [/STM2/type] by /roslaunch
[rosmaster.master][INFO] 2019-06-01 06:07:47,820: +PARAM [/STM2-CFG31/msgClass] by /roslaunch
[rosmaster.master][INFO] 2019-06-01 06:07:47,820: +PARAM [/STM2-CFG05/ioPorts] by /roslaunch
[rosmaster.master][INFO] 2019-06-01 06:07:47,821: +PARAM [/STM2-CFG31/class] by /roslaunch
[rosmaster.master][INFO] 2019-06-01 06:07:47,821: +PARAM [/STM2-CFG35/ioPorts] by /roslaunch
[rosmaster.master][INFO] 2019-06-01 06:07:47,821: +PARAM [/STM2-CFG36/desc] by /roslaunch
[rosmaster.master][INFO] 2019-06-01 06:07:47,822: +PARAM [/STM2-CFG32/class] by /roslaunch
[rosmaster.master][INFO] 2019-06-01 06:07:47,822: +PARAM [/STM2-CFG61/ioPorts] by /roslaunch
[rosmaster.master][INFO] 2019-06-01 06:07:47,822: +PARAM [/STM2-CFG07/ioPorts] by /roslaunch
[rosmaster.master][INFO] 2019-06-01 06:07:47,823: +PARAM [/STM2/desc] by /roslaunch
[rosmaster.master][INFO] 2019-06-01 06:07:47,823: +PARAM [/STM2-CFG03/ioPorts] by /roslaunch
[rosmaster.master][INFO] 2019-06-01 06:07:47,823: +PARAM [/STM2-CFG37/desc] by /roslaunch
[rosmaster.master][INFO] 2019-06-01 06:07:47,824: +PARAM [/STM1/QUEUE1/type] by /roslaunch
[rosmaster.master][INFO] 2019-06-01 06:07:47,824: +PARAM [/STM2-CFG04/msgId] by /roslaunch
[rosmaster.master][INFO] 2019-06-01 06:07:47,824: +PARAM [/STM2-CFG36/msgClass] by /roslaunch
[rosmaster.master][INFO] 2019-06-01 06:07:47,825: +PARAM [/STM1/QUEUE2/type] by /roslaunch
[rosmaster.master][INFO] 2019-06-01 06:07:47,825: +PARAM [/STM2-CFG40/desc] by /roslaunch
[rosmaster.master][INFO] 2019-06-01 06:07:47,825: +PARAM [/STM1/type] by /roslaunch
[rosmaster.master][INFO] 2019-06-01 06:07:47,825: +PARAM [/STM2-CFG36/ioPorts] by /roslaunch
[rosmaster.master][INFO] 2019-06-01 06:07:47,826: +PARAM [/STM2-CFG40/msgClass] by /roslaunch
[rosmaster.master][INFO] 2019-06-01 06:07:47,826: +PARAM [/STM2-CFG39/msgId] by /roslaunch
[rosmaster.master][INFO] 2019-06-01 06:07:47,826: +PARAM [/STM2-CFG60/msgClass] by /roslaunch
[rosmaster.master][INFO] 2019-06-01 06:07:47,827: +PARAM [/STM4/desc] by /roslaunch
[rosmaster.master][INFO] 2019-06-01 06:07:47,827: +PARAM [/STM2-CFG06/msgClass] by /roslaunch
[rosmaster.master][INFO] 2019-06-01 06:07:47,827: +PARAM [/STM2-CFG36/id] by /roslaunch
[rosmaster.master][INFO] 2019-06-01 06:07:47,828: +PARAM [/STM2-CFG61/msgClass] by /roslaunch
[rosmaster.master][INFO] 2019-06-01 06:07:47,828: +PARAM [/STM2-CFG37/msgClass] by /roslaunch
[rosmaster.master][INFO] 2019-06-01 06:07:47,828: +PARAM [/STM2-CFG05/msgId] by /roslaunch
[rosmaster.master][INFO] 2019-06-01 06:07:47,829: +PARAM [/STM2-CFG08/id] by /roslaunch
[rosmaster.master][INFO] 2019-06-01 06:07:47,829: +PARAM [/STM2-CFG81/rate] by /roslaunch
[rosmaster.master][INFO] 2019-06-01 06:07:47,829: +PARAM [/STM2-CFG38/msgClass] by /roslaunch
[rosmaster.master][INFO] 2019-06-01 06:07:47,830: +PARAM [/STM2-CFG34/msgId] by /roslaunch
[rosmaster.master][INFO] 2019-06-01 06:07:47,830: +PARAM [/STM2-CFG39/class] by /roslaunch
[rosmaster.master][INFO] 2019-06-01 06:07:47,830: +PARAM [/STM2-CFG38/msgId] by /roslaunch
[rosmaster.master][INFO] 2019-06-01 06:07:47,830: +PARAM [/STM2-CFG62/ioPorts] by /roslaunch
[rosmaster.master][INFO] 2019-06-01 06:07:47,831: +PARAM [/STM2-CFG42/id] by /roslaunch
[rosmaster.master][INFO] 2019-06-01 06:07:47,831: +PARAM [/STM2-CFG05/msgClass] by /roslaunch
[rosmaster.master][INFO] 2019-06-01 06:07:47,831: +PARAM [/STM2-CFG31/desc] by /roslaunch
[rosmaster.master][INFO] 2019-06-01 06:07:47,832: +PARAM [/STM2-CFG32/ioPorts] by /roslaunch
[rosmaster.master][INFO] 2019-06-01 06:07:47,832: +PARAM [/STM2-CFG04/class] by /roslaunch
[rosmaster.master][INFO] 2019-06-01 06:07:47,832: +PARAM [/STM2/QUEUE1/name] by /roslaunch
[rosmaster.master][INFO] 2019-06-01 06:07:47,833: +PARAM [/STM2-CFG63/msgClass] by /roslaunch
[rosmaster.master][INFO] 2019-06-01 06:07:47,833: +PARAM [/STM2-CFG03/msgClass] by /roslaunch
[rosmaster.master][INFO] 2019-06-01 06:07:47,833: +PARAM [/STM2-CFG08/desc] by /roslaunch
[rosmaster.master][INFO] 2019-06-01 06:07:47,834: +PARAM [/STM2-CFG60/class] by /roslaunch
[rosmaster.master][INFO] 2019-06-01 06:07:47,834: +PARAM [/STM2-CFG34/msgClass] by /roslaunch
[rosmaster.master][INFO] 2019-06-01 06:07:47,834: +PARAM [/rosversion] by /roslaunch
[rosmaster.master][INFO] 2019-06-01 06:07:47,835: +PARAM [/STM2-CFG07/id] by /roslaunch
[rosmaster.master][INFO] 2019-06-01 06:07:47,835: +PARAM [/STM2-CFG37/class] by /roslaunch
[rosmaster.master][INFO] 2019-06-01 06:07:47,835: +PARAM [/STM2-CFG61/desc] by /roslaunch
[rosmaster.master][INFO] 2019-06-01 06:07:47,835: +PARAM [/STM2-CFG60/desc] by /roslaunch
[rosmaster.master][INFO] 2019-06-01 06:07:47,836: +PARAM [/STM2-CFG81/desc] by /roslaunch
[rosmaster.master][INFO] 2019-06-01 06:07:47,836: +PARAM [/STM2-CFG05/class] by /roslaunch
[rosmaster.master][INFO] 2019-06-01 06:07:47,836: +PARAM [/STM1/QUEUE2/name] by /roslaunch
[rosmaster.master][INFO] 2019-06-01 06:07:47,836: +PARAM [/STM2-CFG08/msgClass] by /roslaunch
[rosmaster.master][INFO] 2019-06-01 06:07:47,837: +PARAM [/STM2-CFG31/msgId] by /roslaunch
[rosmaster.master][INFO] 2019-06-01 06:07:47,837: +PARAM [/STM2-CFG39/ioPorts] by /roslaunch
[rosmaster.master][INFO] 2019-06-01 06:07:47,837: +PARAM [/STM2-CFG06/ioPorts] by /roslaunch
[rosmaster.master][INFO] 2019-06-01 06:07:47,838: +PARAM [/STM2-CFG42/class] by /roslaunch
[rosmaster.master][INFO] 2019-06-01 06:07:47,838: +PARAM [/STM2-CFG33/class] by /roslaunch
[rosmaster.master][INFO] 2019-06-01 06:07:47,838: +PARAM [/STM2/baudrate] by /roslaunch
[rosmaster.master][INFO] 2019-06-01 06:07:49,526: +PUB [/rosout] /gnss_node http://10.0.0.166:34919/
[rosmaster.master][INFO] 2019-06-01 06:07:49,542: +SERVICE [/gnss_node/get_loggers] /gnss_node http://10.0.0.166:34919/
[rosmaster.master][INFO] 2019-06-01 06:07:49,550: publisherUpdate[/rosout] -> http://10.0.0.166:39569/ ['http://10.0.0.166:34919/']
[rosmaster.master][INFO] 2019-06-01 06:07:49,552: +SERVICE [/gnss_node/set_logger_level] /gnss_node http://10.0.0.166:34919/
[rosmaster.master][INFO] 2019-06-01 06:07:49,555: publisherUpdate[/rosout] -> http://10.0.0.166:39569/ ['http://10.0.0.166:34919/']: sec=0.00, result=[1, '', 0]
[rosmaster.master][INFO] 2019-06-01 06:07:49,565: +SUB [/gnss_control] /gnss_node http://10.0.0.166:34919/
[rosmaster.master][INFO] 2019-06-01 06:07:49,570: +PUB [/gnss_status] /gnss_node http://10.0.0.166:34919/
[rosmaster.master][INFO] 2019-06-01 06:07:49,575: +PUB [/mavlink/to] /gnss_node http://10.0.0.166:34919/
[rosmaster.master][INFO] 2019-06-01 06:07:49,629: +SUB [/STM1] /gnss_node http://10.0.0.166:34919/
[rosmaster.master][INFO] 2019-06-01 06:07:49,666: +SUB [/STM2] /gnss_node http://10.0.0.166:34919/
[rosmaster.master][INFO] 2019-06-01 06:07:49,682: +SUB [/STM4] /gnss_node http://10.0.0.166:34919/
[rosmaster.master][INFO] 2019-06-01 06:08:41,938: -SUB [/STM2] /gnss_node http://10.0.0.166:34919/
[rosmaster.master][INFO] 2019-06-01 06:08:41,939: -SUB [/STM4] /gnss_node http://10.0.0.166:34919/
[rosmaster.master][INFO] 2019-06-01 06:08:41,939: -SUB [/gnss_control] /gnss_node http://10.0.0.166:34919/
[rosmaster.master][INFO] 2019-06-01 06:08:41,939: -SUB [/STM1] /gnss_node http://10.0.0.166:34919/
[rosmaster.master][INFO] 2019-06-01 06:08:41,940: -PUB [/mavlink/to] /gnss_node http://10.0.0.166:34919/
[rosmaster.master][INFO] 2019-06-01 06:08:41,940: -PUB [/gnss_status] /gnss_node http://10.0.0.166:34919/
[rosmaster.master][INFO] 2019-06-01 06:08:41,941: -PUB [/rosout] /gnss_node http://10.0.0.166:34919/
[rosmaster.master][INFO] 2019-06-01 06:08:41,941: -SERVICE [/gnss_node/get_loggers] /gnss_node rosrpc://10.0.0.166:35935
[rosmaster.master][INFO] 2019-06-01 06:08:41,942: -SERVICE [/gnss_node/set_logger_level] /gnss_node rosrpc://10.0.0.166:35935
[rosmaster.master][INFO] 2019-06-01 06:08:41,996: publisherUpdate[/rosout] -> http://10.0.0.166:39569/ []
[rosmaster.master][INFO] 2019-06-01 06:08:41,998: publisherUpdate[/rosout] -> http://10.0.0.166:39569/ []: sec=0.00, result=[1, '', 0]
[rosmaster.master][INFO] 2019-06-01 06:08:57,733: -PUB [/rosout_agg] /rosout http://10.0.0.166:39569/
[rosmaster.master][INFO] 2019-06-01 06:08:57,736: -SUB [/rosout] /rosout http://10.0.0.166:39569/
[rosmaster.master][INFO] 2019-06-01 06:08:57,738: -SERVICE [/rosout/get_loggers] /rosout rosrpc://10.0.0.166:60480
[rosmaster.master][INFO] 2019-06-01 06:08:57,740: -SERVICE [/rosout/set_logger_level] /rosout rosrpc://10.0.0.166:60480
[rosmaster.main][INFO] 2019-06-01 06:08:57,907: keyboard interrupt, will exit
[rosmaster.main][INFO] 2019-06-01 06:08:57,908: stopping master...
[rospy.core][INFO] 2019-06-01 06:08:57,908: signal_shutdown [atexit]
