[INFO] [1559357180.817147]: Serial connected: /dev/c94-m8p
Transmitting
06 01
[INFO] [1559357180.857066]: Sent Disable U-blox RTCM 1005
Transmitting
06 01
[INFO] [1559357180.864784]: Sent Enable U-blox NAV-SOL
Transmitting
06 01
[INFO] [1559357180.872381]: Sent Enable U-blox NAV-PVT
Transmitting
06 01
[INFO] [1559357180.879175]: Sent Enable U-blox NAV-DOP
Transmitting
06 01
[INFO] [1559357180.886068]: Sent Enable U-blox NAV-STATUS
Transmitting
06 01
[INFO] [1559357180.893773]: Sent Enable U-blox NAV-SVIN
Transmitting
06 01
[INFO] [1559357180.900918]: Sent Enable GGA
Transmitting
06 01
[INFO] [1559357180.907737]: Sent Disable GLL
Transmitting
06 01
[INFO] [1559357180.914594]: Sent Disable GSA
Transmitting
06 01
[INFO] [1559357180.920981]: Sent Disable GSV
Transmitting
06 01
[INFO] [1559357180.929330]: Sent Disable RMC
Transmitting
06 01
[INFO] [1559357180.935891]: Sent Disable VTG
Transmitting
06 01
[INFO] [1559357180.943200]: Sent Disable DTM
Transmitting
06 01
[INFO] [1559357180.950550]: Sent Disable GNS
Transmitting
06 01
[INFO] [1559357180.957279]: Sent Disable GRS
Transmitting
06 01
[INFO] [1559357180.965211]: Sent Disable GST
Transmitting
06 01
[INFO] [1559357180.972844]: Sent Disable ZDA
Transmitting
06 01
[INFO] [1559357180.979779]: Sent Disable GBS
Transmitting
06 01
[INFO] [1559357180.986613]: Sent Disable VLW
Transmitting
06 01
[INFO] [1559357180.993504]: Sent F5-05 RTCM 1005
Transmitting
06 01
[INFO] [1559357181.000849]: Sent F5-4D RTCM 1077
Transmitting
06 01
[INFO] [1559357181.008189]: Sent F5-57 RTCM 1087
Transmitting
06 01
[INFO] [1559357181.015384]: Sent F5-E6 RTCM 1230
Transmitting
06 00
[INFO] [1559357181.022821]: Sent UBX-CFG-PRT
[INFO] [1559357181.027508]: Payload missing
[INFO] [1559357181.032381]: Payload missing
[INFO] [1559357181.037334]: Payload missing
[INFO] [1559357181.042061]: Payload missing
[INFO] [1559357181.047418]: Payload missing
[INFO] [1559357181.052958]: Payload missing
[INFO] [1559357181.058873]: Payload missing
[INFO] [1559357181.063324]: Payload missing
[INFO] [1559357181.068867]: Payload missing
[INFO] [1559357181.073918]: Payload missing
[INFO] [1559357181.078737]: Payload missing
[INFO] [1559357181.083855]: Payload missing
[INFO] [1559357181.088917]: Payload missing
[INFO] [1559357181.093803]: Payload missing
[INFO] [1559357181.098993]: Payload missing
[INFO] [1559357181.103820]: Payload missing
[INFO] [1559357181.108908]: Payload missing
[INFO] [1559357181.114014]: Payload missing
[INFO] [1559357181.118689]: Payload missing
[INFO] [1559357181.123477]: Payload missing
[INFO] [1559357181.128807]: Payload missing
[INFO] [1559357181.133640]: Payload missing
[INFO] [1559357181.148539]: Payload missing
[INFO] [1559357181.153601]: Payload missing
[INFO] [1559357181.158368]: $GNTXT,01,01,02,u-blox AG - www.u-blox.com*4E
[INFO] [1559357181.162469]: $GNTXT,01,01,02,HW UBX-M8030 00080000*60
[INFO] [1559357181.166813]: $GNTXT,01,01,02,EXT CORE 3.01 (db0c89)*68
[INFO] [1559357181.171153]: $GNTXT,01,01,02,ROM BASE 3.01 (107888)*25
[INFO] [1559357181.174865]: $GNTXT,01,01,02,FWVER=HPG 1.40REF*0B
[INFO] [1559357181.178558]: $GNTXT,01,01,02,PROTVER=20.30*19
[INFO] [1559357181.181903]: $GNTXT,01,01,02,MOD=NEO-M8P-2*7B
[INFO] [1559357181.186234]: $GNTXT,01,01,02,FIS=0xEF4015 (100111)*58
[INFO] [1559357181.189761]: $GNTXT,01,01,02,GPS;GLO;BDS*06
[INFO] [1559357181.192609]: $GNTXT,01,01,02,QZSS*58
[INFO] [1559357181.196296]: $GNTXT,01,01,02,GNSS OTP=GPS;GLO*37
[INFO] [1559357181.201990]: $GNTXT,01,01,02,LLC=FFFFFFFF-FFFFFFED-FFFFFFFF-FFFFF79E-FFFFFF69*2E
[INFO] [1559357181.206159]: $GNTXT,01,01,02,ANTSUPERV=AC SD PDoS SR*3E
[INFO] [1559357181.209540]: $GNTXT,01,01,02,ANTSTATUS=OK*25
[INFO] [1559357181.212444]: $GNTXT,01,01,02,PF=300*4B
[INFO] [1559357181.214381]: 
Class: 0x5  ID: 0x1  Len:2 [0x2]
000: b5 62 05 01 02 00 06 01  0f 38 
[INFO] [1559357181.215358]: ACK. Class: 0x6  Message ID: 0x1
[INFO] [1559357181.217222]: 
Class: 0x5  ID: 0x1  Len:2 [0x2]
000: b5 62 05 01 02 00 06 01  0f 38 
[INFO] [1559357181.218271]: ACK. Class: 0x6  Message ID: 0x1
[INFO] [1559357181.220388]: 
Class: 0x5  ID: 0x1  Len:2 [0x2]
000: b5 62 05 01 02 00 06 01  0f 38 
[INFO] [1559357181.221327]: ACK. Class: 0x6  Message ID: 0x1
[INFO] [1559357181.223317]: 
Class: 0x5  ID: 0x1  Len:2 [0x2]
000: b5 62 05 01 02 00 06 01  0f 38 
[INFO] [1559357181.224217]: ACK. Class: 0x6  Message ID: 0x1
[INFO] [1559357181.226049]: 
Class: 0x5  ID: 0x1  Len:2 [0x2]
000: b5 62 05 01 02 00 06 01  0f 38 
[INFO] [1559357181.226944]: ACK. Class: 0x6  Message ID: 0x1
[INFO] [1559357181.228825]: 
Class: 0x5  ID: 0x1  Len:2 [0x2]
000: b5 62 05 01 02 00 06 01  0f 38 
[INFO] [1559357181.229750]: ACK. Class: 0x6  Message ID: 0x1
[INFO] [1559357181.231744]: 
Class: 0x5  ID: 0x1  Len:2 [0x2]
000: b5 62 05 01 02 00 06 01  0f 38 
[INFO] [1559357181.232767]: ACK. Class: 0x6  Message ID: 0x1
[INFO] [1559357181.234588]: 
Class: 0x5  ID: 0x1  Len:2 [0x2]
000: b5 62 05 01 02 00 06 01  0f 38 
[INFO] [1559357181.235547]: ACK. Class: 0x6  Message ID: 0x1
[INFO] [1559357181.237329]: 
Class: 0x5  ID: 0x1  Len:2 [0x2]
000: b5 62 05 01 02 00 06 01  0f 38 
[INFO] [1559357181.238306]: ACK. Class: 0x6  Message ID: 0x1
[INFO] [1559357181.240299]: 
Class: 0x5  ID: 0x1  Len:2 [0x2]
000: b5 62 05 01 02 00 06 01  0f 38 
[INFO] [1559357181.241195]: ACK. Class: 0x6  Message ID: 0x1
[INFO] [1559357181.243145]: 
Class: 0x5  ID: 0x1  Len:2 [0x2]
000: b5 62 05 01 02 00 06 01  0f 38 
[INFO] [1559357181.244015]: ACK. Class: 0x6  Message ID: 0x1
[INFO] [1559357181.245774]: 
Class: 0x5  ID: 0x1  Len:2 [0x2]
000: b5 62 05 01 02 00 06 01  0f 38 
[INFO] [1559357181.246696]: ACK. Class: 0x6  Message ID: 0x1
[INFO] [1559357181.248544]: 
Class: 0x5  ID: 0x1  Len:2 [0x2]
000: b5 62 05 01 02 00 06 01  0f 38 
[INFO] [1559357181.249452]: ACK. Class: 0x6  Message ID: 0x1
[INFO] [1559357181.251280]: 
Class: 0x5  ID: 0x1  Len:2 [0x2]
000: b5 62 05 01 02 00 06 01  0f 38 
[INFO] [1559357181.252258]: ACK. Class: 0x6  Message ID: 0x1
[INFO] [1559357181.254109]: 
Class: 0x5  ID: 0x1  Len:2 [0x2]
000: b5 62 05 01 02 00 06 01  0f 38 
[INFO] [1559357181.255018]: ACK. Class: 0x6  Message ID: 0x1
[INFO] [1559357181.256834]: 
Class: 0x5  ID: 0x1  Len:2 [0x2]
000: b5 62 05 01 02 00 06 01  0f 38 
[INFO] [1559357181.257736]: ACK. Class: 0x6  Message ID: 0x1
[INFO] [1559357181.259586]: 
Class: 0x5  ID: 0x1  Len:2 [0x2]
000: b5 62 05 01 02 00 06 01  0f 38 
[INFO] [1559357181.260481]: ACK. Class: 0x6  Message ID: 0x1
[INFO] [1559357181.262433]: 
Class: 0x5  ID: 0x1  Len:2 [0x2]
000: b5 62 05 01 02 00 06 01  0f 38 
[INFO] [1559357181.263351]: ACK. Class: 0x6  Message ID: 0x1
[INFO] [1559357181.265229]: 
Class: 0x5  ID: 0x1  Len:2 [0x2]
000: b5 62 05 01 02 00 06 01  0f 38 
[INFO] [1559357181.266191]: ACK. Class: 0x6  Message ID: 0x1
[INFO] [1559357181.268069]: 
Class: 0x5  ID: 0x1  Len:2 [0x2]
000: b5 62 05 01 02 00 06 01  0f 38 
[INFO] [1559357181.269003]: ACK. Class: 0x6  Message ID: 0x1
[INFO] [1559357181.270997]: 
Class: 0x5  ID: 0x1  Len:2 [0x2]
000: b5 62 05 01 02 00 06 01  0f 38 
[INFO] [1559357181.272002]: ACK. Class: 0x6  Message ID: 0x1
[INFO] [1559357181.273877]: 
Class: 0x5  ID: 0x1  Len:2 [0x2]
000: b5 62 05 01 02 00 06 01  0f 38 
[INFO] [1559357181.274921]: ACK. Class: 0x6  Message ID: 0x1
[INFO] [1559357181.276869]: 
Class: 0x5  ID: 0x1  Len:2 [0x2]
000: b5 62 05 01 02 00 06 01  0f 38 
[INFO] [1559357181.277771]: ACK. Class: 0x6  Message ID: 0x1
[INFO] [1559357181.279779]: 
Class: 0x5  ID: 0x1  Len:2 [0x2]
000: b5 62 05 01 02 00 06 00  0e 37 
[INFO] [1559357181.280756]: ACK. Class: 0x6  Message ID: 0x0
[INFO] [1559357181.286504]: 
Class: 0x1  ID: 0x6  Len:52 [0x34]
000: b5 62 01 06 34 00 98 ba  7e 1f 37 61 02 00 07 08 
010: 03 dd 7e b9 9d ef bc 69  89 e7 52 17 f8 17 a1 05 
020: 00 00 e5 ff ff ff 16 00  00 00 37 00 00 00 70 00 
030: 00 00 e8 00 02 09 12 19  b6 03 9f 49 
[INFO] [1559357181.287479]: !!!NEW CYCLE!!!
[INFO] [1559357181.288395]: {'week': 2055}
[INFO] [1559357181.297405]: 
Class: 0x1  ID: 0x7  Len:92 [0x5c]
000: b5 62 01 07 5c 00 98 ba  7e 1f e3 07 06 01 02 2e 
010: 15 37 17 00 00 00 37 61  02 00 03 01 ea 09 c4 d8 
020: 33 b6 eb 61 72 17 ab 2b  00 00 b2 9d 00 00 d2 1f 
030: 00 00 70 2e 00 00 b9 01  00 00 a4 fe ff ff bb fe 
040: ff ff 32 02 00 00 ba 67  f6 01 64 04 00 00 13 30 
050: 65 00 e8 00 00 00 12 19  26 3b 00 00 00 00 00 00 
060: 00 00 57 10 
[INFO] [1559357181.298681]: {'fixType': 3, 'hAcc': 8.146, 'lat': 393372139, 'iTOW': 528399000, 'lon': -1238116156, 'velN': 0.441, 'week': 2055, 'vAcc': 11.888, 'year': 2019, 'sAcc': 1.124, 'velD': -0.325, 'velE': -0.34800000000000003}
[INFO] [1559357181.301616]: 
Class: 0x1  ID: 0x3  Len:16 [0x10]
000: b5 62 01 03 10 00 98 ba  7e 1f 03 dd 00 08 7e c7 
010: 02 00 41 4e 66 02 29 5e 
[INFO] [1559357181.302706]: {'diffSoln': 0, 'gpsFix': 3, 'diffCorr': 0}
[INFO] [1559357181.305870]: 
Class: 0x1  ID: 0x4  Len:18 [0x12]
000: b5 62 01 04 12 00 98 ba  7e 1f 16 01 e8 00 99 00 
010: c8 00 76 00 60 00 45 00  81 b6 
[INFO] [1559357181.306876]: {'fixType': 3, 'hDop': 1.18, 'hAcc': 8.146, 'lat': 393372139, 'vDop': 2.0, 'iTOW': 528399000, 'lon': -1238116156, 'velN': 0.441, 'week': 2055, 'vAcc': 11.888, 'year': 2019, 'sAcc': 1.124, 'velD': -0.325, 'velE': -0.34800000000000003}
[INFO] [1559357181.311910]: 
Class: 0x1  ID: 0x3b  Len:40 [0x28]
000: b5 62 01 3b 28 00 00 00  00 00 98 ba 7e 1f 00 00 
010: 00 00 00 00 00 00 00 00  00 00 00 00 00 00 00 00 
020: 00 00 00 00 00 00 00 00  00 00 00 00 00 00 53 2e 
[INFO] [1559357181.312916]: {'active': 0, 'valid': 0, 'meanAcc': 0.0}
[INFO] [1559357181.319219]: 
{'fixType': 3, 'hDop': 1.18, 'hAcc': 8.146, 'lat': 393372139, 'vDop': 2.0, 'iTOW': 528399000, 'lon': -1238116156, 'velN': 0.441, 'week': 2055, 'alt': 40.4, 'vAcc': 11.888, 'sats': 9, 'year': 2019, 'sAcc': 1.124, 'velD': -0.325, 'velE': -0.34800000000000003}
[INFO] [1559357181.320775]: {'fixType': 3, 'hDop': 1.18, 'hAcc': 8.146, 'lat': 393372139, 'vDop': 2.0, 'iTOW': 528399000, 'lon': -1238116156, 'velN': 0.441, 'week': 2055, 'alt': 40.4, 'vAcc': 11.888, 'sats': 9, 'year': 2019, 'sAcc': 1.124, 'velD': -0.325, 'velE': -0.34800000000000003}
[INFO] [1559357181.321864]: Wrote GPS_INPUT message

[INFO] [1559357182.073559]: 
Class: 0x1  ID: 0x6  Len:52 [0x34]
000: b5 62 01 06 34 00 80 be  7e 1f e4 61 02 00 07 08 
010: 03 dd 77 b9 9d ef dc 69  89 e7 64 17 f8 17 c2 05 
020: 00 00 e6 ff ff ff fb ff  ff ff 0f 00 00 00 54 00 
030: 00 00 e8 00 02 09 12 19  b6 03 23 df 
[INFO] [1559357182.074548]: !!!NEW CYCLE!!!
[INFO] [1559357182.075381]: {'week': 2055}
[INFO] [1559357182.084152]: 
Class: 0x1  ID: 0x7  Len:92 [0x5c]
000: b5 62 01 07 5c 00 80 be  7e 1f e3 07 06 01 02 2e 
010: 16 37 18 00 00 00 e4 61  02 00 03 01 ea 09 a8 d8 
020: 33 b6 04 62 72 17 68 2b  00 00 6f 9d 00 00 7e 20 
030: 00 00 89 2f 00 00 fd ff  ff ff 40 ff ff ff 14 ff 
040: ff ff c0 00 00 00 ba 67  f6 01 44 03 00 00 3d 46 
050: 65 00 e8 00 00 00 12 19  26 3b 00 00 00 00 00 00 
060: 00 00 13 19 
[INFO] [1559357182.085207]: {'fixType': 3, 'hAcc': 8.318, 'lat': 393372164, 'iTOW': 528400000, 'lon': -1238116184, 'velN': -0.003, 'week': 2055, 'vAcc': 12.169, 'year': 2019, 'sAcc': 0.836, 'velD': -0.23600000000000002, 'velE': -0.192}
[INFO] [1559357182.088334]: 
Class: 0x1  ID: 0x3  Len:16 [0x10]
000: b5 62 01 03 10 00 80 be  7e 1f 03 dd 00 08 7e c7 
010: 02 00 29 52 66 02 01 c6 
[INFO] [1559357182.089322]: {'diffSoln': 0, 'gpsFix': 3, 'diffCorr': 0}
[INFO] [1559357182.092353]: 
Class: 0x1  ID: 0x4  Len:18 [0x12]
000: b5 62 01 04 12 00 80 be  7e 1f 16 01 e8 00 99 00 
010: c8 00 76 00 60 00 44 00  6c 48 
[INFO] [1559357182.093345]: {'fixType': 3, 'hDop': 1.18, 'hAcc': 8.318, 'lat': 393372164, 'vDop': 2.0, 'iTOW': 528400000, 'lon': -1238116184, 'velN': -0.003, 'week': 2055, 'vAcc': 12.169, 'year': 2019, 'sAcc': 0.836, 'velD': -0.23600000000000002, 'velE': -0.192}
[INFO] [1559357182.098148]: 
Class: 0x1  ID: 0x3b  Len:40 [0x28]
000: b5 62 01 3b 28 00 00 00  00 00 80 be 7e 1f 00 00 
010: 00 00 00 00 00 00 00 00  00 00 00 00 00 00 00 00 
020: 00 00 00 00 00 00 00 00  00 00 00 00 00 00 3f 5a 
[INFO] [1559357182.099159]: {'active': 0, 'valid': 0, 'meanAcc': 0.0}
[INFO] [1559357182.105339]: 
{'fixType': 3, 'hDop': 1.18, 'hAcc': 8.318, 'lat': 393372164, 'vDop': 2.0, 'iTOW': 528400000, 'lon': -1238116184, 'velN': -0.003, 'week': 2055, 'alt': 40.3, 'vAcc': 12.169, 'sats': 9, 'year': 2019, 'sAcc': 0.836, 'velD': -0.23600000000000002, 'velE': -0.192}
[INFO] [1559357182.106817]: {'fixType': 3, 'hDop': 1.18, 'hAcc': 8.318, 'lat': 393372164, 'vDop': 2.0, 'iTOW': 528400000, 'lon': -1238116184, 'velN': -0.003, 'week': 2055, 'alt': 40.3, 'vAcc': 12.169, 'sats': 9, 'year': 2019, 'sAcc': 0.836, 'velD': -0.23600000000000002, 'velE': -0.192}
[INFO] [1559357182.107780]: Wrote GPS_INPUT message

[INFO] [1559357183.081299]: 
Class: 0x1  ID: 0x6  Len:52 [0x34]
000: b5 62 01 06 34 00 68 c2  7e 1f 91 62 02 00 07 08 
010: 03 dd 6d b9 9d ef 09 6a  89 e7 a3 17 f8 17 e2 05 
020: 00 00 f0 ff ff ff 12 00  00 00 2b 00 00 00 75 00 
030: 00 00 e8 00 02 09 12 19  b6 03 a1 ef 
[INFO] [1559357183.082290]: !!!NEW CYCLE!!!
[INFO] [1559357183.083129]: {'week': 2055}
[INFO] [1559357183.091903]: 
Class: 0x1  ID: 0x7  Len:92 [0x5c]
000: b5 62 01 07 5c 00 68 c2  7e 1f e3 07 06 01 02 2e 
010: 17 37 18 00 00 00 90 62  02 00 03 01 ea 09 81 d8 
020: 33 b6 43 62 72 17 06 2c  00 00 0d 9e 00 00 1f 21 
030: 00 00 9f 30 00 00 71 01  00 00 15 ff ff ff 18 ff 
040: ff ff b5 01 00 00 ba 67  f6 01 91 04 00 00 30 65 
050: 65 00 e8 00 00 00 12 19  26 3b 00 00 00 00 00 00 
060: 00 00 63 fe 
[INFO] [1559357183.092860]: {'fixType': 3, 'hAcc': 8.479000000000001, 'lat': 393372227, 'iTOW': 528401000, 'lon': -1238116223, 'velN': 0.369, 'week': 2055, 'vAcc': 12.447000000000001, 'year': 2019, 'sAcc': 1.169, 'velD': -0.232, 'velE': -0.23500000000000001}
[INFO] [1559357183.095923]: 
Class: 0x1  ID: 0x3  Len:16 [0x10]
000: b5 62 01 03 10 00 68 c2  7e 1f 03 dd 00 08 7e c7 
010: 02 00 11 56 66 02 d9 2e 
[INFO] [1559357183.096933]: {'diffSoln': 0, 'gpsFix': 3, 'diffCorr': 0}
[INFO] [1559357183.099942]: 
Class: 0x1  ID: 0x4  Len:18 [0x12]
000: b5 62 01 04 12 00 68 c2  7e 1f 16 01 e8 00 99 00 
010: c8 00 76 00 60 00 44 00  58 dc 
[INFO] [1559357183.100908]: {'fixType': 3, 'hDop': 1.18, 'hAcc': 8.479000000000001, 'lat': 393372227, 'vDop': 2.0, 'iTOW': 528401000, 'lon': -1238116223, 'velN': 0.369, 'week': 2055, 'vAcc': 12.447000000000001, 'year': 2019, 'sAcc': 1.169, 'velD': -0.232, 'velE': -0.23500000000000001}
[INFO] [1559357183.105633]: 
Class: 0x1  ID: 0x3b  Len:40 [0x28]
000: b5 62 01 3b 28 00 00 00  00 00 68 c2 7e 1f 00 00 
010: 00 00 00 00 00 00 00 00  00 00 00 00 00 00 00 00 
020: 00 00 00 00 00 00 00 00  00 00 00 00 00 00 2b 86 
[INFO] [1559357183.106663]: {'active': 0, 'valid': 0, 'meanAcc': 0.0}
[INFO] [1559357183.113173]: 
{'fixType': 3, 'hDop': 1.18, 'hAcc': 8.479000000000001, 'lat': 393372227, 'vDop': 2.0, 'iTOW': 528401000, 'lon': -1238116223, 'velN': 0.369, 'week': 2055, 'alt': 40.5, 'vAcc': 12.447000000000001, 'sats': 9, 'year': 2019, 'sAcc': 1.169, 'velD': -0.232, 'velE': -0.23500000000000001}
[INFO] [1559357183.114645]: {'fixType': 3, 'hDop': 1.18, 'hAcc': 8.479000000000001, 'lat': 393372227, 'vDop': 2.0, 'iTOW': 528401000, 'lon': -1238116223, 'velN': 0.369, 'week': 2055, 'alt': 40.5, 'vAcc': 12.447000000000001, 'sats': 9, 'year': 2019, 'sAcc': 1.169, 'velD': -0.232, 'velE': -0.23500000000000001}
[INFO] [1559357183.115624]: Wrote GPS_INPUT message

[INFO] [1559357184.071876]: 
Class: 0x1  ID: 0x6  Len:52 [0x34]
000: b5 62 01 06 34 00 50 c6  7e 1f 3d 63 02 00 07 08 
010: 03 dd 8d b9 9d ef 36 6a  89 e7 fa 17 f8 17 00 06 
020: 00 00 19 00 00 00 1e 00  00 00 49 00 00 00 83 00 
030: 00 00 e8 00 02 09 12 19  b6 03 61 73 
[INFO] [1559357184.072779]: !!!NEW CYCLE!!!
[INFO] [1559357184.073553]: {'week': 2055}
[INFO] [1559357184.082268]: 
Class: 0x1  ID: 0x7  Len:92 [0x5c]
000: b5 62 01 07 5c 00 50 c6  7e 1f e3 07 06 01 02 2e 
010: 18 37 19 00 00 00 3c 63  02 00 03 01 ea 09 84 d8 
020: 33 b6 9f 62 72 17 7c 2c  00 00 83 9e 00 00 b0 21 
030: 00 00 a6 31 00 00 2d 03  00 00 2a 00 00 00 60 ff 
040: ff ff 2f 03 00 00 ba 67  f6 01 23 05 00 00 f2 87 
050: 65 00 e8 00 00 00 12 19  26 3b 00 00 00 00 00 00 
060: 00 00 f3 71 
[INFO] [1559357184.083318]: {'fixType': 3, 'hAcc': 8.624, 'lat': 393372319, 'iTOW': 528402000, 'lon': -1238116220, 'velN': 0.8130000000000001, 'week': 2055, 'vAcc': 12.71, 'year': 2019, 'sAcc': 1.315, 'velD': -0.16, 'velE': 0.042}
[INFO] [1559357184.086611]: 
Class: 0x1  ID: 0x3  Len:16 [0x10]
000: b5 62 01 03 10 00 50 c6  7e 1f 03 dd 00 08 7e c7 
010: 02 00 f9 59 66 02 b0 93 
[INFO] [1559357184.087728]: {'diffSoln': 0, 'gpsFix': 3, 'diffCorr': 0}
[INFO] [1559357184.090944]: 
Class: 0x1  ID: 0x4  Len:18 [0x12]
000: b5 62 01 04 12 00 50 c6  7e 1f 16 01 e8 00 99 00 
010: c8 00 76 00 60 00 44 00  44 70 
[INFO] [1559357184.091915]: {'fixType': 3, 'hDop': 1.18, 'hAcc': 8.624, 'lat': 393372319, 'vDop': 2.0, 'iTOW': 528402000, 'lon': -1238116220, 'velN': 0.8130000000000001, 'week': 2055, 'vAcc': 12.71, 'year': 2019, 'sAcc': 1.315, 'velD': -0.16, 'velE': 0.042}
[INFO] [1559357184.097007]: 
Class: 0x1  ID: 0x3b  Len:40 [0x28]
000: b5 62 01 3b 28 00 00 00  00 00 50 c6 7e 1f 00 00 
010: 00 00 00 00 00 00 00 00  00 00 00 00 00 00 00 00 
020: 00 00 00 00 00 00 00 00  00 00 00 00 00 00 17 b2 
[INFO] [1559357184.098127]: {'active': 0, 'valid': 0, 'meanAcc': 0.0}
[INFO] [1559357184.104428]: 
{'fixType': 3, 'hDop': 1.18, 'hAcc': 8.624, 'lat': 393372319, 'vDop': 2.0, 'iTOW': 528402000, 'lon': -1238116220, 'velN': 0.8130000000000001, 'week': 2055, 'alt': 40.6, 'vAcc': 12.71, 'sats': 9, 'year': 2019, 'sAcc': 1.315, 'velD': -0.16, 'velE': 0.042}
[INFO] [1559357184.105920]: {'fixType': 3, 'hDop': 1.18, 'hAcc': 8.624, 'lat': 393372319, 'vDop': 2.0, 'iTOW': 528402000, 'lon': -1238116220, 'velN': 0.8130000000000001, 'week': 2055, 'alt': 40.6, 'vAcc': 12.71, 'sats': 9, 'year': 2019, 'sAcc': 1.315, 'velD': -0.16, 'velE': 0.042}
[INFO] [1559357184.107109]: Wrote GPS_INPUT message

[INFO] [1559357185.070550]: 
Class: 0x1  ID: 0x6  Len:52 [0x34]
000: b5 62 01 06 34 00 38 ca  7e 1f e8 63 02 00 07 08 
010: 03 dd 75 b9 9d ef 26 6a  89 e7 5f 18 f8 17 0f 06 
020: 00 00 03 00 00 00 0a 00  00 00 37 00 00 00 7d 00 
030: 00 00 e8 00 02 09 12 19  b6 03 03 ca 
[INFO] [1559357185.071454]: !!!NEW CYCLE!!!
[INFO] [1559357185.072228]: {'week': 2055}
[INFO] [1559357185.080785]: 
Class: 0x1  ID: 0x7  Len:92 [0x5c]
000: b5 62 01 07 5c 00 38 ca  7e 1f e3 07 06 01 02 2e 
010: 19 37 19 00 00 00 e7 63  02 00 03 01 ea 09 76 d8 
020: 33 b6 d6 62 72 17 cd 2f  00 00 d4 a1 00 00 1c 22 
030: 00 00 18 32 00 00 e6 01  00 00 e5 ff ff ff ef fe 
040: ff ff e7 01 00 00 ba 67  f6 01 e0 04 00 00 e6 a8 
050: 65 00 e8 00 00 00 12 19  26 3b 00 00 00 00 00 00 
060: 00 00 c0 32 
[INFO] [1559357185.081724]: {'fixType': 3, 'hAcc': 8.732, 'lat': 393372374, 'iTOW': 528403000, 'lon': -1238116234, 'velN': 0.486, 'week': 2055, 'vAcc': 12.824, 'year': 2019, 'sAcc': 1.248, 'velD': -0.273, 'velE': -0.027}
[INFO] [1559357185.084938]: 
Class: 0x1  ID: 0x3  Len:16 [0x10]
000: b5 62 01 03 10 00 38 ca  7e 1f 03 dd 00 08 7e c7 
010: 02 00 e1 5d 66 02 88 fb 
[INFO] [1559357185.085863]: {'diffSoln': 0, 'gpsFix': 3, 'diffCorr': 0}
[INFO] [1559357185.089115]: 
Class: 0x1  ID: 0x4  Len:18 [0x12]
000: b5 62 01 04 12 00 38 ca  7e 1f 16 01 e8 00 99 00 
010: c8 00 76 00 60 00 44 00  30 04 
[INFO] [1559357185.090169]: {'fixType': 3, 'hDop': 1.18, 'hAcc': 8.732, 'lat': 393372374, 'vDop': 2.0, 'iTOW': 528403000, 'lon': -1238116234, 'velN': 0.486, 'week': 2055, 'vAcc': 12.824, 'year': 2019, 'sAcc': 1.248, 'velD': -0.273, 'velE': -0.027}
[INFO] [1559357185.095077]: 
Class: 0x1  ID: 0x3b  Len:40 [0x28]
000: b5 62 01 3b 28 00 00 00  00 00 38 ca 7e 1f 00 00 
010: 00 00 00 00 00 00 00 00  00 00 00 00 00 00 00 00 
020: 00 00 00 00 00 00 00 00  00 00 00 00 00 00 03 de 
[INFO] [1559357185.096117]: {'active': 0, 'valid': 0, 'meanAcc': 0.0}
[INFO] [1559357185.102633]: 
{'fixType': 3, 'hDop': 1.18, 'hAcc': 8.732, 'lat': 393372374, 'vDop': 2.0, 'iTOW': 528403000, 'lon': -1238116234, 'velN': 0.486, 'week': 2055, 'alt': 41.4, 'vAcc': 12.824, 'sats': 9, 'year': 2019, 'sAcc': 1.248, 'velD': -0.273, 'velE': -0.027}
[INFO] [1559357185.104059]: {'fixType': 3, 'hDop': 1.18, 'hAcc': 8.732, 'lat': 393372374, 'vDop': 2.0, 'iTOW': 528403000, 'lon': -1238116234, 'velN': 0.486, 'week': 2055, 'alt': 41.4, 'vAcc': 12.824, 'sats': 9, 'year': 2019, 'sAcc': 1.248, 'velD': -0.273, 'velE': -0.027}
[INFO] [1559357185.104995]: Wrote GPS_INPUT message

