[rospy.client][INFO] 2019-05-31 19:46:20,621: init_node, name[/gnss_node], pid[6316]
[xmlrpc][INFO] 2019-05-31 19:46:20,623: XML-RPC server binding to 0.0.0.0:0
[xmlrpc][INFO] 2019-05-31 19:46:20,626: Started XML-RPC server [http://10.0.0.166:44800/]
[rospy.impl.masterslave][INFO] 2019-05-31 19:46:20,629: _ready: http://10.0.0.166:44800/
[rospy.registration][INFO] 2019-05-31 19:46:20,632: Registering with master node http://localhost:11311
[xmlrpc][INFO] 2019-05-31 19:46:20,633: xml rpc node: starting XML-RPC server
[rospy.init][INFO] 2019-05-31 19:46:20,633: ROS Slave URI: [http://10.0.0.166:44800/]
[rospy.init][INFO] 2019-05-31 19:46:20,634: registered with master
[rospy.rosout][INFO] 2019-05-31 19:46:20,635: initializing /rosout core topic
[rospy.rosout][INFO] 2019-05-31 19:46:20,648: connected to core topic /rosout
[rospy.simtime][INFO] 2019-05-31 19:46:20,659: /use_sim_time is not set, will not subscribe to simulated time [/clock] topic
[rosout][WARNING] 2019-05-31 19:46:20,729: 
[rosout][ERROR] 2019-05-31 19:46:20,731: stream_name_data: {'RTCM2': {'lock': <unlocked _thread.lock object at 0x7f3acb8ba1c0>, 'queue': deque([], maxlen=10), 'type': 'rtcm'}, 'GNSS': {'lock': <unlocked _thread.lock object at 0x7f3acb8ba120>, 'queue': deque([], maxlen=10), 'type': 'rtcm'}, 'RTCM1': {'lock': <unlocked _thread.lock object at 0x7f3acb8ba170>, 'queue': deque([], maxlen=10), 'type': 'rtcm'}}
[rosout][WARNING] 2019-05-31 19:46:20,731: 
[rosout][ERROR] 2019-05-31 19:46:20,732: stream_queues: {'STM2/QUEUE2': {'name': 'GNSS', 'rw': 'write'}, 'STM3/QUEUE1': {'name': 'RTCM2', 'rw': 'read'}, 'STM3/QUEUE2': {'name': 'GNSS', 'rw': 'read'}, 'STM1/QUEUE1': {'name': 'RTCM1', 'rw': 'write'}, 'STM2/QUEUE1': {'name': 'RTCM1', 'rw': 'read'}, 'STM1/QUEUE2': {'name': 'RTCM2', 'rw': 'write'}}
[rosout][WARNING] 2019-05-31 19:46:20,733: 
[rosout][ERROR] 2019-05-31 19:46:20,734: queues: {'/STM2/QUEUE1': {'lock': <unlocked _thread.lock object at 0x7f3acb8ba210>, 'queue': deque([], maxlen=10), 'name': 'RTCM1', 'type': 'rtcm', 'rw': 'read'}, '/STM2/QUEUE2': {'lock': <unlocked _thread.lock object at 0x7f3acb8ba238>, 'queue': deque([], maxlen=10), 'name': 'GNSS', 'type': 'nmea', 'rw': 'write'}, '/STM1/QUEUE1': {'lock': <unlocked _thread.lock object at 0x7f3acbb25be8>, 'queue': deque([], maxlen=10), 'name': 'RTCM1', 'type': 'rtcm', 'rw': 'write'}, '/STM1/QUEUE2': {'lock': <unlocked _thread.lock object at 0x7f3acbb25fd0>, 'queue': deque([], maxlen=10), 'name': 'RTCM2', 'type': 'rtcm', 'rw': 'write'}}
[rosout][WARNING] 2019-05-31 19:46:20,749: Starting NTrip client [/STM1]
[rosout][ERROR] 2019-05-31 19:46:20,776: Exception <class 'ConnectionRefusedError'> on stream: /STM1
[rosout][WARNING] 2019-05-31 19:46:20,783: Starting UBX device client [/STM2]
[rosout][WARNING] 2019-05-31 19:46:20,800: Starting IP Listener connects UBlox device to client, e.g. u-center. [/STM4]
[rosout][INFO] 2019-05-31 19:46:20,816: Serial connected: /dev/c94-m8p
[rosout][WARNING] 2019-05-31 19:46:20,840: Listening for connection on port: 2104
[rosout][WARNING] 2019-05-31 19:46:20,855: {'desc': 'Disable U-blox RTCM 1005', 'msgId': 5, 'ioPorts': [0, 0, 0, 0, 0, 0], 'class': '06', 'msgClass': 245, 'id': '01'}
[rosout][INFO] 2019-05-31 19:46:20,856: Sent Disable U-blox RTCM 1005
[rosout][WARNING] 2019-05-31 19:46:20,862: {'msgId': 6, 'class': '06', 'ioPorts': [0, 0, 0, 1, 0, 0], 'desc': 'Enable U-blox NAV-SOL', 'msgClass': 1, 'id': '01'}
[rosout][INFO] 2019-05-31 19:46:20,864: Sent Enable U-blox NAV-SOL
[rosout][WARNING] 2019-05-31 19:46:20,870: {'msgId': 7, 'class': '06', 'ioPorts': [0, 0, 0, 1, 0, 0], 'desc': 'Enable U-blox NAV-PVT', 'msgClass': 1, 'id': '01'}
[rosout][INFO] 2019-05-31 19:46:20,872: Sent Enable U-blox NAV-PVT
[rosout][WARNING] 2019-05-31 19:46:20,877: {'msgId': 4, 'class': '06', 'ioPorts': [0, 0, 0, 1, 0, 0], 'desc': 'Enable U-blox NAV-DOP', 'msgClass': 1, 'id': '01'}
[rosout][INFO] 2019-05-31 19:46:20,878: Sent Enable U-blox NAV-DOP
[rosout][WARNING] 2019-05-31 19:46:20,884: {'desc': 'Enable U-blox NAV-STATUS', 'msgId': 3, 'ioPorts': [0, 0, 0, 1, 0, 0], 'class': '06', 'msgClass': 1, 'id': '01'}
[rosout][INFO] 2019-05-31 19:46:20,885: Sent Enable U-blox NAV-STATUS
[rosout][WARNING] 2019-05-31 19:46:20,892: {'msgId': 59, 'class': '06', 'ioPorts': [0, 0, 0, 1, 0, 0], 'desc': 'Enable U-blox NAV-SVIN', 'msgClass': 1, 'id': '01'}
[rosout][INFO] 2019-05-31 19:46:20,893: Sent Enable U-blox NAV-SVIN
[rosout][WARNING] 2019-05-31 19:46:20,899: {'desc': 'Enable GGA', 'msgId': 0, 'ioPorts': [0, 0, 0, 1, 0, 0], 'class': '06', 'msgClass': 240, 'id': '01'}
[rosout][INFO] 2019-05-31 19:46:20,900: Sent Enable GGA
[rosout][WARNING] 2019-05-31 19:46:20,905: {'desc': 'Disable GLL', 'msgId': 1, 'ioPorts': [0, 0, 0, 0, 0, 0], 'class': '06', 'msgClass': 240, 'id': '01'}
[rosout][INFO] 2019-05-31 19:46:20,907: Sent Disable GLL
[rosout][WARNING] 2019-05-31 19:46:20,913: {'msgId': 2, 'class': '06', 'ioPorts': [0, 0, 0, 0, 0, 0], 'desc': 'Disable GSA', 'msgClass': 240, 'id': '01'}
[rosout][INFO] 2019-05-31 19:46:20,914: Sent Disable GSA
[rosout][WARNING] 2019-05-31 19:46:20,919: {'msgId': 3, 'class': '06', 'ioPorts': [0, 0, 0, 0, 0, 0], 'desc': 'Disable GSV', 'msgClass': 240, 'id': '01'}
[rosout][INFO] 2019-05-31 19:46:20,920: Sent Disable GSV
[rospy.internal][INFO] 2019-05-31 19:46:20,923: topic[/rosout] adding connection to [/rosout], count 0
[rosout][WARNING] 2019-05-31 19:46:20,927: {'desc': 'Disable RMC', 'msgId': 4, 'ioPorts': [0, 0, 0, 0, 0, 0], 'class': '06', 'msgClass': 240, 'id': '01'}
[rosout][INFO] 2019-05-31 19:46:20,929: Sent Disable RMC
[rosout][WARNING] 2019-05-31 19:46:20,934: {'desc': 'Disable VTG', 'msgId': 5, 'ioPorts': [0, 0, 0, 0, 0, 0], 'class': '06', 'msgClass': 240, 'id': '01'}
[rosout][INFO] 2019-05-31 19:46:20,935: Sent Disable VTG
[rosout][WARNING] 2019-05-31 19:46:20,940: {'desc': 'Disable DTM', 'msgId': 10, 'ioPorts': [0, 0, 0, 0, 0, 0], 'class': '06', 'msgClass': 240, 'id': '01'}
[rosout][INFO] 2019-05-31 19:46:20,942: Sent Disable DTM
[rosout][WARNING] 2019-05-31 19:46:20,948: {'msgId': 13, 'class': '06', 'ioPorts': [0, 0, 0, 0, 0, 0], 'desc': 'Disable GNS', 'msgClass': 240, 'id': '01'}
[rosout][INFO] 2019-05-31 19:46:20,950: Sent Disable GNS
[rosout][WARNING] 2019-05-31 19:46:20,955: {'msgId': 6, 'class': '06', 'ioPorts': [0, 0, 0, 0, 0, 0], 'desc': 'Disable GRS', 'msgClass': 240, 'id': '01'}
[rosout][INFO] 2019-05-31 19:46:20,957: Sent Disable GRS
[rosout][WARNING] 2019-05-31 19:46:20,963: {'msgId': 7, 'class': '06', 'ioPorts': [0, 0, 0, 0, 0, 0], 'desc': 'Disable GST', 'msgClass': 240, 'id': '01'}
[rosout][INFO] 2019-05-31 19:46:20,965: Sent Disable GST
[rosout][WARNING] 2019-05-31 19:46:20,970: {'msgId': 8, 'class': '06', 'ioPorts': [0, 0, 0, 0, 0, 0], 'desc': 'Disable ZDA', 'msgClass': 240, 'id': '01'}
[rosout][INFO] 2019-05-31 19:46:20,972: Sent Disable ZDA
[rosout][WARNING] 2019-05-31 19:46:20,977: {'msgId': 9, 'class': '06', 'ioPorts': [0, 0, 0, 0, 0, 0], 'desc': 'Disable GBS', 'msgClass': 240, 'id': '01'}
[rosout][INFO] 2019-05-31 19:46:20,979: Sent Disable GBS
[rosout][WARNING] 2019-05-31 19:46:20,984: {'msgId': 15, 'class': '06', 'ioPorts': [0, 0, 0, 0, 0, 0], 'desc': 'Disable VLW', 'msgClass': 240, 'id': '01'}
[rosout][INFO] 2019-05-31 19:46:20,986: Sent Disable VLW
[rosout][WARNING] 2019-05-31 19:46:20,991: {'msgId': 5, 'class': '06', 'ioPorts': [0, 0, 0, 0, 0, 0], 'desc': 'F5-05 RTCM 1005', 'msgClass': 245, 'id': '01'}
[rosout][INFO] 2019-05-31 19:46:20,993: Sent F5-05 RTCM 1005
[rosout][WARNING] 2019-05-31 19:46:20,998: {'msgId': 77, 'class': '06', 'ioPorts': [0, 0, 0, 0, 0, 0], 'desc': 'F5-4D RTCM 1077', 'msgClass': 245, 'id': '01'}
[rosout][INFO] 2019-05-31 19:46:21,000: Sent F5-4D RTCM 1077
[rosout][WARNING] 2019-05-31 19:46:21,006: {'msgId': 87, 'class': '06', 'ioPorts': [0, 0, 0, 0, 0, 0], 'desc': 'F5-57 RTCM 1087', 'msgClass': 245, 'id': '01'}
[rosout][INFO] 2019-05-31 19:46:21,007: Sent F5-57 RTCM 1087
[rosout][WARNING] 2019-05-31 19:46:21,013: {'msgId': 230, 'class': '06', 'ioPorts': [0, 0, 0, 0, 0, 0], 'desc': 'F5-E6 RTCM 1230', 'msgClass': 245, 'id': '01'}
[rosout][INFO] 2019-05-31 19:46:21,015: Sent F5-E6 RTCM 1230
[rosout][WARNING] 2019-05-31 19:46:21,020: {'desc': 'UBX-CFG-PRT', 'prot_out': 0, 'class': '06', 'prot_in': 32, 'rate': 19200, 'id': '00'}
[rosout][INFO] 2019-05-31 19:46:21,022: Sent UBX-CFG-PRT
[rosout][INFO] 2019-05-31 19:46:21,027: Payload missing
[rosout][INFO] 2019-05-31 19:46:21,032: Payload missing
[rosout][INFO] 2019-05-31 19:46:21,037: Payload missing
[rosout][INFO] 2019-05-31 19:46:21,041: Payload missing
[rosout][INFO] 2019-05-31 19:46:21,047: Payload missing
[rosout][INFO] 2019-05-31 19:46:21,052: Payload missing
[rosout][INFO] 2019-05-31 19:46:21,058: Payload missing
[rosout][INFO] 2019-05-31 19:46:21,063: Payload missing
[rosout][INFO] 2019-05-31 19:46:21,068: Payload missing
[rosout][INFO] 2019-05-31 19:46:21,073: Payload missing
[rosout][INFO] 2019-05-31 19:46:21,078: Payload missing
[rosout][INFO] 2019-05-31 19:46:21,083: Payload missing
[rosout][INFO] 2019-05-31 19:46:21,088: Payload missing
[rosout][INFO] 2019-05-31 19:46:21,093: Payload missing
[rosout][INFO] 2019-05-31 19:46:21,098: Payload missing
[rosout][INFO] 2019-05-31 19:46:21,103: Payload missing
[rosout][INFO] 2019-05-31 19:46:21,108: Payload missing
[rosout][INFO] 2019-05-31 19:46:21,113: Payload missing
[rosout][INFO] 2019-05-31 19:46:21,118: Payload missing
[rosout][INFO] 2019-05-31 19:46:21,123: Payload missing
[rosout][INFO] 2019-05-31 19:46:21,128: Payload missing
[rosout][INFO] 2019-05-31 19:46:21,133: Payload missing
[rosout][INFO] 2019-05-31 19:46:21,148: Payload missing
[rosout][INFO] 2019-05-31 19:46:21,153: Payload missing
[rosout][INFO] 2019-05-31 19:46:21,158: $GNTXT,01,01,02,u-blox AG - www.u-blox.com*4E
[rosout][INFO] 2019-05-31 19:46:21,162: $GNTXT,01,01,02,HW UBX-M8030 00080000*60
[rosout][INFO] 2019-05-31 19:46:21,166: $GNTXT,01,01,02,EXT CORE 3.01 (db0c89)*68
[rosout][INFO] 2019-05-31 19:46:21,170: $GNTXT,01,01,02,ROM BASE 3.01 (107888)*25
[rosout][INFO] 2019-05-31 19:46:21,174: $GNTXT,01,01,02,FWVER=HPG 1.40REF*0B
[rosout][INFO] 2019-05-31 19:46:21,178: $GNTXT,01,01,02,PROTVER=20.30*19
[rosout][INFO] 2019-05-31 19:46:21,181: $GNTXT,01,01,02,MOD=NEO-M8P-2*7B
[rosout][INFO] 2019-05-31 19:46:21,186: $GNTXT,01,01,02,FIS=0xEF4015 (100111)*58
[rosout][INFO] 2019-05-31 19:46:21,189: $GNTXT,01,01,02,GPS;GLO;BDS*06
[rosout][INFO] 2019-05-31 19:46:21,192: $GNTXT,01,01,02,QZSS*58
[rosout][INFO] 2019-05-31 19:46:21,196: $GNTXT,01,01,02,GNSS OTP=GPS;GLO*37
[rosout][INFO] 2019-05-31 19:46:21,201: $GNTXT,01,01,02,LLC=FFFFFFFF-FFFFFFED-FFFFFFFF-FFFFF79E-FFFFFF69*2E
[rosout][INFO] 2019-05-31 19:46:21,205: $GNTXT,01,01,02,ANTSUPERV=AC SD PDoS SR*3E
[rosout][INFO] 2019-05-31 19:46:21,209: $GNTXT,01,01,02,ANTSTATUS=OK*25
[rosout][INFO] 2019-05-31 19:46:21,212: $GNTXT,01,01,02,PF=300*4B
[rosout][INFO] 2019-05-31 19:46:21,214: 
Class: 0x5  ID: 0x1  Len:2 [0x2]
000: b5 62 05 01 02 00 06 01  0f 38 
[rosout][INFO] 2019-05-31 19:46:21,215: ACK. Class: 0x6  Message ID: 0x1
[rosout][INFO] 2019-05-31 19:46:21,217: 
Class: 0x5  ID: 0x1  Len:2 [0x2]
000: b5 62 05 01 02 00 06 01  0f 38 
[rosout][INFO] 2019-05-31 19:46:21,218: ACK. Class: 0x6  Message ID: 0x1
[rosout][INFO] 2019-05-31 19:46:21,220: 
Class: 0x5  ID: 0x1  Len:2 [0x2]
000: b5 62 05 01 02 00 06 01  0f 38 
[rosout][INFO] 2019-05-31 19:46:21,221: ACK. Class: 0x6  Message ID: 0x1
[rosout][INFO] 2019-05-31 19:46:21,223: 
Class: 0x5  ID: 0x1  Len:2 [0x2]
000: b5 62 05 01 02 00 06 01  0f 38 
[rosout][INFO] 2019-05-31 19:46:21,224: ACK. Class: 0x6  Message ID: 0x1
[rosout][INFO] 2019-05-31 19:46:21,225: 
Class: 0x5  ID: 0x1  Len:2 [0x2]
000: b5 62 05 01 02 00 06 01  0f 38 
[rosout][INFO] 2019-05-31 19:46:21,226: ACK. Class: 0x6  Message ID: 0x1
[rosout][INFO] 2019-05-31 19:46:21,228: 
Class: 0x5  ID: 0x1  Len:2 [0x2]
000: b5 62 05 01 02 00 06 01  0f 38 
[rosout][INFO] 2019-05-31 19:46:21,229: ACK. Class: 0x6  Message ID: 0x1
[rosout][INFO] 2019-05-31 19:46:21,231: 
Class: 0x5  ID: 0x1  Len:2 [0x2]
000: b5 62 05 01 02 00 06 01  0f 38 
[rosout][INFO] 2019-05-31 19:46:21,232: ACK. Class: 0x6  Message ID: 0x1
[rosout][INFO] 2019-05-31 19:46:21,234: 
Class: 0x5  ID: 0x1  Len:2 [0x2]
000: b5 62 05 01 02 00 06 01  0f 38 
[rosout][INFO] 2019-05-31 19:46:21,235: ACK. Class: 0x6  Message ID: 0x1
[rosout][INFO] 2019-05-31 19:46:21,237: 
Class: 0x5  ID: 0x1  Len:2 [0x2]
000: b5 62 05 01 02 00 06 01  0f 38 
[rosout][INFO] 2019-05-31 19:46:21,238: ACK. Class: 0x6  Message ID: 0x1
[rosout][INFO] 2019-05-31 19:46:21,240: 
Class: 0x5  ID: 0x1  Len:2 [0x2]
000: b5 62 05 01 02 00 06 01  0f 38 
[rosout][INFO] 2019-05-31 19:46:21,241: ACK. Class: 0x6  Message ID: 0x1
[rosout][INFO] 2019-05-31 19:46:21,242: 
Class: 0x5  ID: 0x1  Len:2 [0x2]
000: b5 62 05 01 02 00 06 01  0f 38 
[rosout][INFO] 2019-05-31 19:46:21,243: ACK. Class: 0x6  Message ID: 0x1
[rosout][INFO] 2019-05-31 19:46:21,245: 
Class: 0x5  ID: 0x1  Len:2 [0x2]
000: b5 62 05 01 02 00 06 01  0f 38 
[rosout][INFO] 2019-05-31 19:46:21,246: ACK. Class: 0x6  Message ID: 0x1
[rosout][INFO] 2019-05-31 19:46:21,248: 
Class: 0x5  ID: 0x1  Len:2 [0x2]
000: b5 62 05 01 02 00 06 01  0f 38 
[rosout][INFO] 2019-05-31 19:46:21,249: ACK. Class: 0x6  Message ID: 0x1
[rosout][INFO] 2019-05-31 19:46:21,251: 
Class: 0x5  ID: 0x1  Len:2 [0x2]
000: b5 62 05 01 02 00 06 01  0f 38 
[rosout][INFO] 2019-05-31 19:46:21,252: ACK. Class: 0x6  Message ID: 0x1
[rosout][INFO] 2019-05-31 19:46:21,253: 
Class: 0x5  ID: 0x1  Len:2 [0x2]
000: b5 62 05 01 02 00 06 01  0f 38 
[rosout][INFO] 2019-05-31 19:46:21,254: ACK. Class: 0x6  Message ID: 0x1
[rosout][INFO] 2019-05-31 19:46:21,256: 
Class: 0x5  ID: 0x1  Len:2 [0x2]
000: b5 62 05 01 02 00 06 01  0f 38 
[rosout][INFO] 2019-05-31 19:46:21,257: ACK. Class: 0x6  Message ID: 0x1
[rosout][INFO] 2019-05-31 19:46:21,259: 
Class: 0x5  ID: 0x1  Len:2 [0x2]
000: b5 62 05 01 02 00 06 01  0f 38 
[rosout][INFO] 2019-05-31 19:46:21,260: ACK. Class: 0x6  Message ID: 0x1
[rosout][INFO] 2019-05-31 19:46:21,262: 
Class: 0x5  ID: 0x1  Len:2 [0x2]
000: b5 62 05 01 02 00 06 01  0f 38 
[rosout][INFO] 2019-05-31 19:46:21,263: ACK. Class: 0x6  Message ID: 0x1
[rosout][INFO] 2019-05-31 19:46:21,265: 
Class: 0x5  ID: 0x1  Len:2 [0x2]
000: b5 62 05 01 02 00 06 01  0f 38 
[rosout][INFO] 2019-05-31 19:46:21,266: ACK. Class: 0x6  Message ID: 0x1
[rosout][INFO] 2019-05-31 19:46:21,267: 
Class: 0x5  ID: 0x1  Len:2 [0x2]
000: b5 62 05 01 02 00 06 01  0f 38 
[rosout][INFO] 2019-05-31 19:46:21,268: ACK. Class: 0x6  Message ID: 0x1
[rosout][INFO] 2019-05-31 19:46:21,270: 
Class: 0x5  ID: 0x1  Len:2 [0x2]
000: b5 62 05 01 02 00 06 01  0f 38 
[rosout][INFO] 2019-05-31 19:46:21,271: ACK. Class: 0x6  Message ID: 0x1
[rosout][INFO] 2019-05-31 19:46:21,273: 
Class: 0x5  ID: 0x1  Len:2 [0x2]
000: b5 62 05 01 02 00 06 01  0f 38 
[rosout][INFO] 2019-05-31 19:46:21,274: ACK. Class: 0x6  Message ID: 0x1
[rosout][INFO] 2019-05-31 19:46:21,276: 
Class: 0x5  ID: 0x1  Len:2 [0x2]
000: b5 62 05 01 02 00 06 01  0f 38 
[rosout][INFO] 2019-05-31 19:46:21,277: ACK. Class: 0x6  Message ID: 0x1
[rosout][INFO] 2019-05-31 19:46:21,279: 
Class: 0x5  ID: 0x1  Len:2 [0x2]
000: b5 62 05 01 02 00 06 00  0e 37 
[rosout][INFO] 2019-05-31 19:46:21,280: ACK. Class: 0x6  Message ID: 0x0
[rosout][INFO] 2019-05-31 19:46:21,286: 
Class: 0x1  ID: 0x6  Len:52 [0x34]
000: b5 62 01 06 34 00 98 ba  7e 1f 37 61 02 00 07 08 
010: 03 dd 7e b9 9d ef bc 69  89 e7 52 17 f8 17 a1 05 
020: 00 00 e5 ff ff ff 16 00  00 00 37 00 00 00 70 00 
030: 00 00 e8 00 02 09 12 19  b6 03 9f 49 
[rosout][INFO] 2019-05-31 19:46:21,287: !!!NEW CYCLE!!!
[rosout][INFO] 2019-05-31 19:46:21,288: {'week': 2055}
[rosout][INFO] 2019-05-31 19:46:21,297: 
Class: 0x1  ID: 0x7  Len:92 [0x5c]
000: b5 62 01 07 5c 00 98 ba  7e 1f e3 07 06 01 02 2e 
010: 15 37 17 00 00 00 37 61  02 00 03 01 ea 09 c4 d8 
020: 33 b6 eb 61 72 17 ab 2b  00 00 b2 9d 00 00 d2 1f 
030: 00 00 70 2e 00 00 b9 01  00 00 a4 fe ff ff bb fe 
040: ff ff 32 02 00 00 ba 67  f6 01 64 04 00 00 13 30 
050: 65 00 e8 00 00 00 12 19  26 3b 00 00 00 00 00 00 
060: 00 00 57 10 
[rosout][INFO] 2019-05-31 19:46:21,298: {'fixType': 3, 'hAcc': 8.146, 'lat': 393372139, 'iTOW': 528399000, 'lon': -1238116156, 'velN': 0.441, 'week': 2055, 'vAcc': 11.888, 'year': 2019, 'sAcc': 1.124, 'velD': -0.325, 'velE': -0.34800000000000003}
[rosout][INFO] 2019-05-31 19:46:21,301: 
Class: 0x1  ID: 0x3  Len:16 [0x10]
000: b5 62 01 03 10 00 98 ba  7e 1f 03 dd 00 08 7e c7 
010: 02 00 41 4e 66 02 29 5e 
[rosout][INFO] 2019-05-31 19:46:21,302: {'diffSoln': 0, 'gpsFix': 3, 'diffCorr': 0}
[rosout][INFO] 2019-05-31 19:46:21,305: 
Class: 0x1  ID: 0x4  Len:18 [0x12]
000: b5 62 01 04 12 00 98 ba  7e 1f 16 01 e8 00 99 00 
010: c8 00 76 00 60 00 45 00  81 b6 
[rosout][INFO] 2019-05-31 19:46:21,306: {'fixType': 3, 'hDop': 1.18, 'hAcc': 8.146, 'lat': 393372139, 'vDop': 2.0, 'iTOW': 528399000, 'lon': -1238116156, 'velN': 0.441, 'week': 2055, 'vAcc': 11.888, 'year': 2019, 'sAcc': 1.124, 'velD': -0.325, 'velE': -0.34800000000000003}
[rosout][INFO] 2019-05-31 19:46:21,311: 
Class: 0x1  ID: 0x3b  Len:40 [0x28]
000: b5 62 01 3b 28 00 00 00  00 00 98 ba 7e 1f 00 00 
010: 00 00 00 00 00 00 00 00  00 00 00 00 00 00 00 00 
020: 00 00 00 00 00 00 00 00  00 00 00 00 00 00 53 2e 
[rosout][INFO] 2019-05-31 19:46:21,312: {'active': 0, 'valid': 0, 'meanAcc': 0.0}
[rosout][INFO] 2019-05-31 19:46:21,319: 
{'fixType': 3, 'hDop': 1.18, 'hAcc': 8.146, 'lat': 393372139, 'vDop': 2.0, 'iTOW': 528399000, 'lon': -1238116156, 'velN': 0.441, 'week': 2055, 'alt': 40.4, 'vAcc': 11.888, 'sats': 9, 'year': 2019, 'sAcc': 1.124, 'velD': -0.325, 'velE': -0.34800000000000003}
[rosout][INFO] 2019-05-31 19:46:21,320: {'fixType': 3, 'hDop': 1.18, 'hAcc': 8.146, 'lat': 393372139, 'vDop': 2.0, 'iTOW': 528399000, 'lon': -1238116156, 'velN': 0.441, 'week': 2055, 'alt': 40.4, 'vAcc': 11.888, 'sats': 9, 'year': 2019, 'sAcc': 1.124, 'velD': -0.325, 'velE': -0.34800000000000003}
[rosout][INFO] 2019-05-31 19:46:21,321: Wrote GPS_INPUT message

[rosout][INFO] 2019-05-31 19:46:22,073: 
Class: 0x1  ID: 0x6  Len:52 [0x34]
000: b5 62 01 06 34 00 80 be  7e 1f e4 61 02 00 07 08 
010: 03 dd 77 b9 9d ef dc 69  89 e7 64 17 f8 17 c2 05 
020: 00 00 e6 ff ff ff fb ff  ff ff 0f 00 00 00 54 00 
030: 00 00 e8 00 02 09 12 19  b6 03 23 df 
[rosout][INFO] 2019-05-31 19:46:22,074: !!!NEW CYCLE!!!
[rosout][INFO] 2019-05-31 19:46:22,075: {'week': 2055}
[rosout][INFO] 2019-05-31 19:46:22,083: 
Class: 0x1  ID: 0x7  Len:92 [0x5c]
000: b5 62 01 07 5c 00 80 be  7e 1f e3 07 06 01 02 2e 
010: 16 37 18 00 00 00 e4 61  02 00 03 01 ea 09 a8 d8 
020: 33 b6 04 62 72 17 68 2b  00 00 6f 9d 00 00 7e 20 
030: 00 00 89 2f 00 00 fd ff  ff ff 40 ff ff ff 14 ff 
040: ff ff c0 00 00 00 ba 67  f6 01 44 03 00 00 3d 46 
050: 65 00 e8 00 00 00 12 19  26 3b 00 00 00 00 00 00 
060: 00 00 13 19 
[rosout][INFO] 2019-05-31 19:46:22,084: {'fixType': 3, 'hAcc': 8.318, 'lat': 393372164, 'iTOW': 528400000, 'lon': -1238116184, 'velN': -0.003, 'week': 2055, 'vAcc': 12.169, 'year': 2019, 'sAcc': 0.836, 'velD': -0.23600000000000002, 'velE': -0.192}
[rosout][INFO] 2019-05-31 19:46:22,088: 
Class: 0x1  ID: 0x3  Len:16 [0x10]
000: b5 62 01 03 10 00 80 be  7e 1f 03 dd 00 08 7e c7 
010: 02 00 29 52 66 02 01 c6 
[rosout][INFO] 2019-05-31 19:46:22,089: {'diffSoln': 0, 'gpsFix': 3, 'diffCorr': 0}
[rosout][INFO] 2019-05-31 19:46:22,092: 
Class: 0x1  ID: 0x4  Len:18 [0x12]
000: b5 62 01 04 12 00 80 be  7e 1f 16 01 e8 00 99 00 
010: c8 00 76 00 60 00 44 00  6c 48 
[rosout][INFO] 2019-05-31 19:46:22,093: {'fixType': 3, 'hDop': 1.18, 'hAcc': 8.318, 'lat': 393372164, 'vDop': 2.0, 'iTOW': 528400000, 'lon': -1238116184, 'velN': -0.003, 'week': 2055, 'vAcc': 12.169, 'year': 2019, 'sAcc': 0.836, 'velD': -0.23600000000000002, 'velE': -0.192}
[rosout][INFO] 2019-05-31 19:46:22,097: 
Class: 0x1  ID: 0x3b  Len:40 [0x28]
000: b5 62 01 3b 28 00 00 00  00 00 80 be 7e 1f 00 00 
010: 00 00 00 00 00 00 00 00  00 00 00 00 00 00 00 00 
020: 00 00 00 00 00 00 00 00  00 00 00 00 00 00 3f 5a 
[rosout][INFO] 2019-05-31 19:46:22,098: {'active': 0, 'valid': 0, 'meanAcc': 0.0}
[rosout][INFO] 2019-05-31 19:46:22,105: 
{'fixType': 3, 'hDop': 1.18, 'hAcc': 8.318, 'lat': 393372164, 'vDop': 2.0, 'iTOW': 528400000, 'lon': -1238116184, 'velN': -0.003, 'week': 2055, 'alt': 40.3, 'vAcc': 12.169, 'sats': 9, 'year': 2019, 'sAcc': 0.836, 'velD': -0.23600000000000002, 'velE': -0.192}
[rosout][INFO] 2019-05-31 19:46:22,106: {'fixType': 3, 'hDop': 1.18, 'hAcc': 8.318, 'lat': 393372164, 'vDop': 2.0, 'iTOW': 528400000, 'lon': -1238116184, 'velN': -0.003, 'week': 2055, 'alt': 40.3, 'vAcc': 12.169, 'sats': 9, 'year': 2019, 'sAcc': 0.836, 'velD': -0.23600000000000002, 'velE': -0.192}
[rosout][INFO] 2019-05-31 19:46:22,107: Wrote GPS_INPUT message

[rosout][INFO] 2019-05-31 19:46:23,081: 
Class: 0x1  ID: 0x6  Len:52 [0x34]
000: b5 62 01 06 34 00 68 c2  7e 1f 91 62 02 00 07 08 
010: 03 dd 6d b9 9d ef 09 6a  89 e7 a3 17 f8 17 e2 05 
020: 00 00 f0 ff ff ff 12 00  00 00 2b 00 00 00 75 00 
030: 00 00 e8 00 02 09 12 19  b6 03 a1 ef 
[rosout][INFO] 2019-05-31 19:46:23,082: !!!NEW CYCLE!!!
[rosout][INFO] 2019-05-31 19:46:23,082: {'week': 2055}
[rosout][INFO] 2019-05-31 19:46:23,091: 
Class: 0x1  ID: 0x7  Len:92 [0x5c]
000: b5 62 01 07 5c 00 68 c2  7e 1f e3 07 06 01 02 2e 
010: 17 37 18 00 00 00 90 62  02 00 03 01 ea 09 81 d8 
020: 33 b6 43 62 72 17 06 2c  00 00 0d 9e 00 00 1f 21 
030: 00 00 9f 30 00 00 71 01  00 00 15 ff ff ff 18 ff 
040: ff ff b5 01 00 00 ba 67  f6 01 91 04 00 00 30 65 
050: 65 00 e8 00 00 00 12 19  26 3b 00 00 00 00 00 00 
060: 00 00 63 fe 
[rosout][INFO] 2019-05-31 19:46:23,092: {'fixType': 3, 'hAcc': 8.479000000000001, 'lat': 393372227, 'iTOW': 528401000, 'lon': -1238116223, 'velN': 0.369, 'week': 2055, 'vAcc': 12.447000000000001, 'year': 2019, 'sAcc': 1.169, 'velD': -0.232, 'velE': -0.23500000000000001}
[rosout][INFO] 2019-05-31 19:46:23,095: 
Class: 0x1  ID: 0x3  Len:16 [0x10]
000: b5 62 01 03 10 00 68 c2  7e 1f 03 dd 00 08 7e c7 
010: 02 00 11 56 66 02 d9 2e 
[rosout][INFO] 2019-05-31 19:46:23,096: {'diffSoln': 0, 'gpsFix': 3, 'diffCorr': 0}
[rosout][INFO] 2019-05-31 19:46:23,099: 
Class: 0x1  ID: 0x4  Len:18 [0x12]
000: b5 62 01 04 12 00 68 c2  7e 1f 16 01 e8 00 99 00 
010: c8 00 76 00 60 00 44 00  58 dc 
[rosout][INFO] 2019-05-31 19:46:23,100: {'fixType': 3, 'hDop': 1.18, 'hAcc': 8.479000000000001, 'lat': 393372227, 'vDop': 2.0, 'iTOW': 528401000, 'lon': -1238116223, 'velN': 0.369, 'week': 2055, 'vAcc': 12.447000000000001, 'year': 2019, 'sAcc': 1.169, 'velD': -0.232, 'velE': -0.23500000000000001}
[rosout][INFO] 2019-05-31 19:46:23,105: 
Class: 0x1  ID: 0x3b  Len:40 [0x28]
000: b5 62 01 3b 28 00 00 00  00 00 68 c2 7e 1f 00 00 
010: 00 00 00 00 00 00 00 00  00 00 00 00 00 00 00 00 
020: 00 00 00 00 00 00 00 00  00 00 00 00 00 00 2b 86 
[rosout][INFO] 2019-05-31 19:46:23,106: {'active': 0, 'valid': 0, 'meanAcc': 0.0}
[rosout][INFO] 2019-05-31 19:46:23,112: 
{'fixType': 3, 'hDop': 1.18, 'hAcc': 8.479000000000001, 'lat': 393372227, 'vDop': 2.0, 'iTOW': 528401000, 'lon': -1238116223, 'velN': 0.369, 'week': 2055, 'alt': 40.5, 'vAcc': 12.447000000000001, 'sats': 9, 'year': 2019, 'sAcc': 1.169, 'velD': -0.232, 'velE': -0.23500000000000001}
[rosout][INFO] 2019-05-31 19:46:23,114: {'fixType': 3, 'hDop': 1.18, 'hAcc': 8.479000000000001, 'lat': 393372227, 'vDop': 2.0, 'iTOW': 528401000, 'lon': -1238116223, 'velN': 0.369, 'week': 2055, 'alt': 40.5, 'vAcc': 12.447000000000001, 'sats': 9, 'year': 2019, 'sAcc': 1.169, 'velD': -0.232, 'velE': -0.23500000000000001}
[rosout][INFO] 2019-05-31 19:46:23,115: Wrote GPS_INPUT message

[rosout][INFO] 2019-05-31 19:46:24,071: 
Class: 0x1  ID: 0x6  Len:52 [0x34]
000: b5 62 01 06 34 00 50 c6  7e 1f 3d 63 02 00 07 08 
010: 03 dd 8d b9 9d ef 36 6a  89 e7 fa 17 f8 17 00 06 
020: 00 00 19 00 00 00 1e 00  00 00 49 00 00 00 83 00 
030: 00 00 e8 00 02 09 12 19  b6 03 61 73 
[rosout][INFO] 2019-05-31 19:46:24,072: !!!NEW CYCLE!!!
[rosout][INFO] 2019-05-31 19:46:24,073: {'week': 2055}
[rosout][INFO] 2019-05-31 19:46:24,082: 
Class: 0x1  ID: 0x7  Len:92 [0x5c]
000: b5 62 01 07 5c 00 50 c6  7e 1f e3 07 06 01 02 2e 
010: 18 37 19 00 00 00 3c 63  02 00 03 01 ea 09 84 d8 
020: 33 b6 9f 62 72 17 7c 2c  00 00 83 9e 00 00 b0 21 
030: 00 00 a6 31 00 00 2d 03  00 00 2a 00 00 00 60 ff 
040: ff ff 2f 03 00 00 ba 67  f6 01 23 05 00 00 f2 87 
050: 65 00 e8 00 00 00 12 19  26 3b 00 00 00 00 00 00 
060: 00 00 f3 71 
[rosout][INFO] 2019-05-31 19:46:24,083: {'fixType': 3, 'hAcc': 8.624, 'lat': 393372319, 'iTOW': 528402000, 'lon': -1238116220, 'velN': 0.8130000000000001, 'week': 2055, 'vAcc': 12.71, 'year': 2019, 'sAcc': 1.315, 'velD': -0.16, 'velE': 0.042}
[rosout][INFO] 2019-05-31 19:46:24,086: 
Class: 0x1  ID: 0x3  Len:16 [0x10]
000: b5 62 01 03 10 00 50 c6  7e 1f 03 dd 00 08 7e c7 
010: 02 00 f9 59 66 02 b0 93 
[rosout][INFO] 2019-05-31 19:46:24,087: {'diffSoln': 0, 'gpsFix': 3, 'diffCorr': 0}
[rosout][INFO] 2019-05-31 19:46:24,090: 
Class: 0x1  ID: 0x4  Len:18 [0x12]
000: b5 62 01 04 12 00 50 c6  7e 1f 16 01 e8 00 99 00 
010: c8 00 76 00 60 00 44 00  44 70 
[rosout][INFO] 2019-05-31 19:46:24,091: {'fixType': 3, 'hDop': 1.18, 'hAcc': 8.624, 'lat': 393372319, 'vDop': 2.0, 'iTOW': 528402000, 'lon': -1238116220, 'velN': 0.8130000000000001, 'week': 2055, 'vAcc': 12.71, 'year': 2019, 'sAcc': 1.315, 'velD': -0.16, 'velE': 0.042}
[rosout][INFO] 2019-05-31 19:46:24,096: 
Class: 0x1  ID: 0x3b  Len:40 [0x28]
000: b5 62 01 3b 28 00 00 00  00 00 50 c6 7e 1f 00 00 
010: 00 00 00 00 00 00 00 00  00 00 00 00 00 00 00 00 
020: 00 00 00 00 00 00 00 00  00 00 00 00 00 00 17 b2 
[rosout][INFO] 2019-05-31 19:46:24,097: {'active': 0, 'valid': 0, 'meanAcc': 0.0}
[rosout][INFO] 2019-05-31 19:46:24,104: 
{'fixType': 3, 'hDop': 1.18, 'hAcc': 8.624, 'lat': 393372319, 'vDop': 2.0, 'iTOW': 528402000, 'lon': -1238116220, 'velN': 0.8130000000000001, 'week': 2055, 'alt': 40.6, 'vAcc': 12.71, 'sats': 9, 'year': 2019, 'sAcc': 1.315, 'velD': -0.16, 'velE': 0.042}
[rosout][INFO] 2019-05-31 19:46:24,105: {'fixType': 3, 'hDop': 1.18, 'hAcc': 8.624, 'lat': 393372319, 'vDop': 2.0, 'iTOW': 528402000, 'lon': -1238116220, 'velN': 0.8130000000000001, 'week': 2055, 'alt': 40.6, 'vAcc': 12.71, 'sats': 9, 'year': 2019, 'sAcc': 1.315, 'velD': -0.16, 'velE': 0.042}
[rosout][INFO] 2019-05-31 19:46:24,106: Wrote GPS_INPUT message

[rosout][INFO] 2019-05-31 19:46:25,070: 
Class: 0x1  ID: 0x6  Len:52 [0x34]
000: b5 62 01 06 34 00 38 ca  7e 1f e8 63 02 00 07 08 
010: 03 dd 75 b9 9d ef 26 6a  89 e7 5f 18 f8 17 0f 06 
020: 00 00 03 00 00 00 0a 00  00 00 37 00 00 00 7d 00 
030: 00 00 e8 00 02 09 12 19  b6 03 03 ca 
[rosout][INFO] 2019-05-31 19:46:25,071: !!!NEW CYCLE!!!
[rosout][INFO] 2019-05-31 19:46:25,072: {'week': 2055}
[rosout][INFO] 2019-05-31 19:46:25,080: 
Class: 0x1  ID: 0x7  Len:92 [0x5c]
000: b5 62 01 07 5c 00 38 ca  7e 1f e3 07 06 01 02 2e 
010: 19 37 19 00 00 00 e7 63  02 00 03 01 ea 09 76 d8 
020: 33 b6 d6 62 72 17 cd 2f  00 00 d4 a1 00 00 1c 22 
030: 00 00 18 32 00 00 e6 01  00 00 e5 ff ff ff ef fe 
040: ff ff e7 01 00 00 ba 67  f6 01 e0 04 00 00 e6 a8 
050: 65 00 e8 00 00 00 12 19  26 3b 00 00 00 00 00 00 
060: 00 00 c0 32 
[rosout][INFO] 2019-05-31 19:46:25,081: {'fixType': 3, 'hAcc': 8.732, 'lat': 393372374, 'iTOW': 528403000, 'lon': -1238116234, 'velN': 0.486, 'week': 2055, 'vAcc': 12.824, 'year': 2019, 'sAcc': 1.248, 'velD': -0.273, 'velE': -0.027}
[rosout][INFO] 2019-05-31 19:46:25,084: 
Class: 0x1  ID: 0x3  Len:16 [0x10]
000: b5 62 01 03 10 00 38 ca  7e 1f 03 dd 00 08 7e c7 
010: 02 00 e1 5d 66 02 88 fb 
[rosout][INFO] 2019-05-31 19:46:25,085: {'diffSoln': 0, 'gpsFix': 3, 'diffCorr': 0}
[rosout][INFO] 2019-05-31 19:46:25,088: 
Class: 0x1  ID: 0x4  Len:18 [0x12]
000: b5 62 01 04 12 00 38 ca  7e 1f 16 01 e8 00 99 00 
010: c8 00 76 00 60 00 44 00  30 04 
[rosout][INFO] 2019-05-31 19:46:25,089: {'fixType': 3, 'hDop': 1.18, 'hAcc': 8.732, 'lat': 393372374, 'vDop': 2.0, 'iTOW': 528403000, 'lon': -1238116234, 'velN': 0.486, 'week': 2055, 'vAcc': 12.824, 'year': 2019, 'sAcc': 1.248, 'velD': -0.273, 'velE': -0.027}
[rosout][INFO] 2019-05-31 19:46:25,094: 
Class: 0x1  ID: 0x3b  Len:40 [0x28]
000: b5 62 01 3b 28 00 00 00  00 00 38 ca 7e 1f 00 00 
010: 00 00 00 00 00 00 00 00  00 00 00 00 00 00 00 00 
020: 00 00 00 00 00 00 00 00  00 00 00 00 00 00 03 de 
[rosout][INFO] 2019-05-31 19:46:25,095: {'active': 0, 'valid': 0, 'meanAcc': 0.0}
[rosout][INFO] 2019-05-31 19:46:25,102: 
{'fixType': 3, 'hDop': 1.18, 'hAcc': 8.732, 'lat': 393372374, 'vDop': 2.0, 'iTOW': 528403000, 'lon': -1238116234, 'velN': 0.486, 'week': 2055, 'alt': 41.4, 'vAcc': 12.824, 'sats': 9, 'year': 2019, 'sAcc': 1.248, 'velD': -0.273, 'velE': -0.027}
[rosout][INFO] 2019-05-31 19:46:25,103: {'fixType': 3, 'hDop': 1.18, 'hAcc': 8.732, 'lat': 393372374, 'vDop': 2.0, 'iTOW': 528403000, 'lon': -1238116234, 'velN': 0.486, 'week': 2055, 'alt': 41.4, 'vAcc': 12.824, 'sats': 9, 'year': 2019, 'sAcc': 1.248, 'velD': -0.273, 'velE': -0.027}
[rosout][INFO] 2019-05-31 19:46:25,104: Wrote GPS_INPUT message

[rospy.core][INFO] 2019-05-31 19:46:25,584: signal_shutdown [signal-2]
[rospy.internal][INFO] 2019-05-31 19:46:25,610: topic[/rosout] removing connection to /rosout
[rospy.impl.masterslave][INFO] 2019-05-31 19:46:25,611: signal-2
[rosout][WARNING] 2019-05-31 19:46:30,804: Exiting  NTrip client
[rosout][WARNING] 2019-05-31 19:46:35,666: Exiting  UBX device client
[rospy.core][INFO] 2019-05-31 19:46:40,659: signal_shutdown [signal-15]
[rospy.core][INFO] 2019-05-31 19:46:41,350: signal_shutdown [atexit]
