[rosmaster.main][INFO] 2019-06-03 13:17:20,077: initialization complete, waiting for shutdown
[rosmaster.main][INFO] 2019-06-03 13:17:20,078: Starting ROS Master Node
[xmlrpc][INFO] 2019-06-03 13:17:20,084: XML-RPC server binding to 0.0.0.0:11311
[rosmaster.master][INFO] 2019-06-03 13:17:20,085: Master initialized: port[11311], uri[http://10.0.0.166:11311/]
[xmlrpc][INFO] 2019-06-03 13:17:20,086: Started XML-RPC server [http://10.0.0.166:11311/]
[xmlrpc][INFO] 2019-06-03 13:17:20,087: xml rpc node: starting XML-RPC server
[rosmaster.master][INFO] 2019-06-03 13:17:20,168: +PARAM [/run_id] by /roslaunch
[rosmaster.master][INFO] 2019-06-03 13:17:20,173: +PARAM [/roslaunch/uris/host_10_0_0_166__36406] by /roslaunch
[rosmaster.master][INFO] 2019-06-03 13:17:20,689: +PARAM [/STM2-CFG35/msgClass] by /roslaunch
[rosmaster.master][INFO] 2019-06-03 13:17:20,690: +PARAM [/STM2-CFG32/desc] by /roslaunch
[rosmaster.master][INFO] 2019-06-03 13:17:20,691: +PARAM [/STM2-CFG07/class] by /roslaunch
[rosmaster.master][INFO] 2019-06-03 13:17:20,691: +PARAM [/STM2-CFG07/desc] by /roslaunch
[rosmaster.master][INFO] 2019-06-03 13:17:20,692: +SERVICE [/rosout/get_loggers] /rosout http://10.0.0.166:37266/
[rosmaster.master][INFO] 2019-06-03 13:17:20,693: +PARAM [/STM2-CFG03/id] by /roslaunch
[rosmaster.master][INFO] 2019-06-03 13:17:20,694: +PARAM [/STM2-CFG30/class] by /roslaunch
[rosmaster.master][INFO] 2019-06-03 13:17:20,695: +PARAM [/STM2-CFG32/msgClass] by /roslaunch
[rosmaster.master][INFO] 2019-06-03 13:17:20,696: +SERVICE [/rosout/set_logger_level] /rosout http://10.0.0.166:37266/
[rosmaster.master][INFO] 2019-06-03 13:17:20,697: +PARAM [/STM2-CFG34/ioPorts] by /roslaunch
[rosmaster.master][INFO] 2019-06-03 13:17:20,698: +PARAM [/STM2-CFG37/ioPorts] by /roslaunch
[rosmaster.master][INFO] 2019-06-03 13:17:20,699: +PARAM [/STM2-CFG33/ioPorts] by /roslaunch
[rosmaster.master][INFO] 2019-06-03 13:17:20,701: +PARAM [/STM2/retry] by /roslaunch
[rosmaster.master][INFO] 2019-06-03 13:17:20,701: +PARAM [/STM2-CFG31/id] by /roslaunch
[rosmaster.master][INFO] 2019-06-03 13:17:20,702: +PARAM [/STM2-CFG38/ioPorts] by /roslaunch
[rosmaster.master][INFO] 2019-06-03 13:17:20,702: +PARAM [/STM2-CFG30/msgId] by /roslaunch
[rosmaster.master][INFO] 2019-06-03 13:17:20,703: +PARAM [/STM2-CFG62/id] by /roslaunch
[rosmaster.master][INFO] 2019-06-03 13:17:20,705: +PUB [/rosout_agg] /rosout http://10.0.0.166:37266/
[rosmaster.master][INFO] 2019-06-03 13:17:20,705: +PARAM [/STM2-CFG62/desc] by /roslaunch
[rosmaster.master][INFO] 2019-06-03 13:17:20,706: +PARAM [/STM2-CFG42/ioPorts] by /roslaunch
[rosmaster.master][INFO] 2019-06-03 13:17:20,707: +PARAM [/STM2-CFG04/ioPorts] by /roslaunch
[rosmaster.master][INFO] 2019-06-03 13:17:20,708: +PARAM [/STM2-CFG39/id] by /roslaunch
[rosmaster.master][INFO] 2019-06-03 13:17:20,710: +PARAM [/STM2-CFG32/msgId] by /roslaunch
[rosmaster.master][INFO] 2019-06-03 13:17:20,710: +PARAM [/STM2-CFG40/msgId] by /roslaunch
[rosmaster.master][INFO] 2019-06-03 13:17:20,711: +PARAM [/STM2-CFG41/id] by /roslaunch
[rosmaster.master][INFO] 2019-06-03 13:17:20,711: +PARAM [/STM2-CFG30/ioPorts] by /roslaunch
[rosmaster.master][INFO] 2019-06-03 13:17:20,712: +PARAM [/STM2-CFG61/class] by /roslaunch
[rosmaster.master][INFO] 2019-06-03 13:17:20,713: +PARAM [/STM2-CFG33/msgClass] by /roslaunch
[rosmaster.master][INFO] 2019-06-03 13:17:20,714: +PARAM [/STM2-CFG61/msgId] by /roslaunch
[rosmaster.master][INFO] 2019-06-03 13:17:20,715: +PARAM [/STM2/QUEUE2/name] by /roslaunch
[rosmaster.master][INFO] 2019-06-03 13:17:20,715: +PARAM [/STM2-CFG37/id] by /roslaunch
[rosmaster.master][INFO] 2019-06-03 13:17:20,717: +PARAM [/STM2/QUEUE2/rw] by /roslaunch
[rosmaster.master][INFO] 2019-06-03 13:17:20,717: +PARAM [/STM2-CFG04/id] by /roslaunch
[rosmaster.master][INFO] 2019-06-03 13:17:20,718: +PARAM [/STM1/port] by /roslaunch
[rosmaster.master][INFO] 2019-06-03 13:17:20,720: +PARAM [/STM2-CFG03/class] by /roslaunch
[rosmaster.master][INFO] 2019-06-03 13:17:20,720: +PARAM [/STM2-CFG41/msgClass] by /roslaunch
[rosmaster.master][INFO] 2019-06-03 13:17:20,721: +PARAM [/STM2-CFG35/class] by /roslaunch
[rosmaster.master][INFO] 2019-06-03 13:17:20,722: +PARAM [/STM2-CFG40/class] by /roslaunch
[rosmaster.master][INFO] 2019-06-03 13:17:20,722: +PARAM [/STM2-CFG34/id] by /roslaunch
[rosmaster.master][INFO] 2019-06-03 13:17:20,723: +PARAM [/STM1/desc] by /roslaunch
[rosmaster.master][INFO] 2019-06-03 13:17:20,724: +PARAM [/STM2-CFG60/ioPorts] by /roslaunch
[rosmaster.master][INFO] 2019-06-03 13:17:20,725: +PARAM [/STM1/QUEUE1/rw] by /roslaunch
[rosmaster.master][INFO] 2019-06-03 13:17:20,725: +PARAM [/STM2-CFG05/desc] by /roslaunch
[rosmaster.master][INFO] 2019-06-03 13:17:20,726: +PARAM [/STM2-CFG06/class] by /roslaunch
[rosmaster.master][INFO] 2019-06-03 13:17:20,726: +PARAM [/STM2-CFG81/prot_in] by /roslaunch
[rosmaster.master][INFO] 2019-06-03 13:17:20,727: +SUB [/rosout] /rosout http://10.0.0.166:37266/
[rosmaster.master][INFO] 2019-06-03 13:17:20,728: +PARAM [/STM2-CFG81/prot_out] by /roslaunch
[rosmaster.master][INFO] 2019-06-03 13:17:20,729: +PARAM [/STM2-CFG03/msgId] by /roslaunch
[rosmaster.master][INFO] 2019-06-03 13:17:20,729: +PARAM [/STM4/listener] by /roslaunch
[rosmaster.master][INFO] 2019-06-03 13:17:20,730: +PARAM [/STM2-CFG38/id] by /roslaunch
[rosmaster.master][INFO] 2019-06-03 13:17:20,730: +PARAM [/STM2-CFG63/ioPorts] by /roslaunch
[rosmaster.master][INFO] 2019-06-03 13:17:20,731: +PARAM [/STM2-CFG60/id] by /roslaunch
[rosmaster.master][INFO] 2019-06-03 13:17:20,731: +PARAM [/STM2/QUEUE2/type] by /roslaunch
[rosmaster.master][INFO] 2019-06-03 13:17:20,731: +PARAM [/STM2-CFG08/class] by /roslaunch
[rosmaster.master][INFO] 2019-06-03 13:17:20,732: +PARAM [/STM2-CFG40/ioPorts] by /roslaunch
[rosmaster.master][INFO] 2019-06-03 13:17:20,732: +PARAM [/STM2-CFG30/desc] by /roslaunch
[rosmaster.master][INFO] 2019-06-03 13:17:20,732: +PARAM [/STM2-CFG07/msgId] by /roslaunch
[rosmaster.master][INFO] 2019-06-03 13:17:20,732: +PARAM [/STM2-CFG63/desc] by /roslaunch
[rosmaster.master][INFO] 2019-06-03 13:17:20,733: +PARAM [/STM2-CFG41/msgId] by /roslaunch
[rosmaster.master][INFO] 2019-06-03 13:17:20,733: +PARAM [/STM2-CFG04/msgClass] by /roslaunch
[rosmaster.master][INFO] 2019-06-03 13:17:20,733: +PARAM [/STM2-CFG35/desc] by /roslaunch
[rosmaster.master][INFO] 2019-06-03 13:17:20,734: +PARAM [/STM2-CFG36/class] by /roslaunch
[rosmaster.master][INFO] 2019-06-03 13:17:20,734: +PARAM [/STM4/port] by /roslaunch
[rosmaster.master][INFO] 2019-06-03 13:17:20,734: +PARAM [/STM2-CFG06/msgId] by /roslaunch
[rosmaster.master][INFO] 2019-06-03 13:17:20,735: +PARAM [/rosdistro] by /roslaunch
[rosmaster.master][INFO] 2019-06-03 13:17:20,735: +PARAM [/STM2-CFG41/desc] by /roslaunch
[rosmaster.master][INFO] 2019-06-03 13:17:20,735: +PARAM [/STM2-CFG63/id] by /roslaunch
[rosmaster.master][INFO] 2019-06-03 13:17:20,736: +PARAM [/STM2-CFG39/msgClass] by /roslaunch
[rosmaster.master][INFO] 2019-06-03 13:17:20,736: +PARAM [/STM2-CFG08/msgId] by /roslaunch
[rosmaster.master][INFO] 2019-06-03 13:17:20,736: +PARAM [/STM2-CFG42/msgClass] by /roslaunch
[rosmaster.master][INFO] 2019-06-03 13:17:20,736: +PARAM [/STM4/type] by /roslaunch
[rosmaster.master][INFO] 2019-06-03 13:17:20,737: +PARAM [/STM2-CFG39/desc] by /roslaunch
[rosmaster.master][INFO] 2019-06-03 13:17:20,737: +PARAM [/STM2/port] by /roslaunch
[rosmaster.master][INFO] 2019-06-03 13:17:20,737: +PARAM [/STM1/host] by /roslaunch
[rosmaster.master][INFO] 2019-06-03 13:17:20,738: +PARAM [/STM2-CFG31/ioPorts] by /roslaunch
[rosmaster.master][INFO] 2019-06-03 13:17:20,738: +PARAM [/STM2-CFG33/desc] by /roslaunch
[rosmaster.master][INFO] 2019-06-03 13:17:20,738: +PARAM [/STM2-CFG04/desc] by /roslaunch
[rosmaster.master][INFO] 2019-06-03 13:17:20,739: +PARAM [/STM1/QUEUE2/rw] by /roslaunch
[rosmaster.master][INFO] 2019-06-03 13:17:20,739: +PARAM [/STM4/host] by /roslaunch
[rosmaster.master][INFO] 2019-06-03 13:17:20,739: +PARAM [/STM2-CFG41/ioPorts] by /roslaunch
[rosmaster.master][INFO] 2019-06-03 13:17:20,740: +PARAM [/STM2-CFG03/desc] by /roslaunch
[rosmaster.master][INFO] 2019-06-03 13:17:20,740: +PARAM [/STM1/retry] by /roslaunch
[rosmaster.master][INFO] 2019-06-03 13:17:20,740: +PARAM [/STM2/QUEUE1/rw] by /roslaunch
[rosmaster.master][INFO] 2019-06-03 13:17:20,740: +PARAM [/STM2-CFG37/msgId] by /roslaunch
[rosmaster.master][INFO] 2019-06-03 13:17:20,741: +PARAM [/STM2-CFG30/id] by /roslaunch
[rosmaster.master][INFO] 2019-06-03 13:17:20,741: +PARAM [/STM2-CFG60/msgId] by /roslaunch
[rosmaster.master][INFO] 2019-06-03 13:17:20,741: +PARAM [/STM2-CFG07/msgClass] by /roslaunch
[rosmaster.master][INFO] 2019-06-03 13:17:20,742: +PARAM [/STM2-CFG40/id] by /roslaunch
[rosmaster.master][INFO] 2019-06-03 13:17:20,742: +PARAM [/STM2-CFG33/id] by /roslaunch
[rosmaster.master][INFO] 2019-06-03 13:17:20,742: +PARAM [/STM2-CFG38/desc] by /roslaunch
[rosmaster.master][INFO] 2019-06-03 13:17:20,742: +PARAM [/STM2-CFG63/class] by /roslaunch
[rosmaster.master][INFO] 2019-06-03 13:17:20,743: +PARAM [/STM2-CFG32/id] by /roslaunch
[rosmaster.master][INFO] 2019-06-03 13:17:20,743: +PARAM [/STM2-CFG06/id] by /roslaunch
[rosmaster.master][INFO] 2019-06-03 13:17:20,743: +PARAM [/STM2-CFG41/class] by /roslaunch
[rosmaster.master][INFO] 2019-06-03 13:17:20,744: +PARAM [/STM2-CFG06/desc] by /roslaunch
[rosmaster.master][INFO] 2019-06-03 13:17:20,744: +PARAM [/STM2-CFG63/msgId] by /roslaunch
[rosmaster.master][INFO] 2019-06-03 13:17:20,744: +PARAM [/STM2-CFG42/msgId] by /roslaunch
[rosmaster.master][INFO] 2019-06-03 13:17:20,744: +PARAM [/STM2-CFG36/msgId] by /roslaunch
[rosmaster.master][INFO] 2019-06-03 13:17:20,745: +PARAM [/STM2-CFG81/id] by /roslaunch
[rosmaster.master][INFO] 2019-06-03 13:17:20,745: +PARAM [/STM2-CFG35/id] by /roslaunch
[rosmaster.master][INFO] 2019-06-03 13:17:20,745: +PARAM [/STM2/QUEUE1/type] by /roslaunch
[rosmaster.master][INFO] 2019-06-03 13:17:20,745: +PARAM [/STM2-CFG62/msgClass] by /roslaunch
[rosmaster.master][INFO] 2019-06-03 13:17:20,746: +PARAM [/STM2/timeout] by /roslaunch
[rosmaster.master][INFO] 2019-06-03 13:17:20,746: +PARAM [/STM2-CFG05/id] by /roslaunch
[rosmaster.master][INFO] 2019-06-03 13:17:20,746: +PARAM [/STM1/QUEUE1/name] by /roslaunch
[rosmaster.master][INFO] 2019-06-03 13:17:20,747: +PARAM [/STM2-CFG33/msgId] by /roslaunch
[rosmaster.master][INFO] 2019-06-03 13:17:20,747: +PARAM [/STM2-CFG08/ioPorts] by /roslaunch
[rosmaster.master][INFO] 2019-06-03 13:17:20,747: +PARAM [/STM2-CFG62/class] by /roslaunch
[rosmaster.master][INFO] 2019-06-03 13:17:20,747: +PARAM [/STM2-CFG34/class] by /roslaunch
[rosmaster.master][INFO] 2019-06-03 13:17:20,748: +PARAM [/STM2-CFG35/msgId] by /roslaunch
[rosmaster.master][INFO] 2019-06-03 13:17:20,748: +PARAM [/STM2-CFG30/msgClass] by /roslaunch
[rosmaster.master][INFO] 2019-06-03 13:17:20,748: +PARAM [/STM2-CFG34/desc] by /roslaunch
[rosmaster.master][INFO] 2019-06-03 13:17:20,749: +PARAM [/STM2-CFG62/msgId] by /roslaunch
[rosmaster.master][INFO] 2019-06-03 13:17:20,749: +PARAM [/STM2-CFG42/desc] by /roslaunch
[rosmaster.master][INFO] 2019-06-03 13:17:20,749: +PARAM [/STM2-CFG61/id] by /roslaunch
[rosmaster.master][INFO] 2019-06-03 13:17:20,749: +PARAM [/STM4/retry] by /roslaunch
[rosmaster.master][INFO] 2019-06-03 13:17:20,750: +PARAM [/STM2-CFG38/class] by /roslaunch
[rosmaster.master][INFO] 2019-06-03 13:17:20,750: +PARAM [/STM2-CFG81/class] by /roslaunch
[rosmaster.master][INFO] 2019-06-03 13:17:20,750: +PARAM [/STM2/type] by /roslaunch
[rosmaster.master][INFO] 2019-06-03 13:17:20,751: +PARAM [/STM2-CFG31/msgClass] by /roslaunch
[rosmaster.master][INFO] 2019-06-03 13:17:20,751: +PARAM [/STM2-CFG05/ioPorts] by /roslaunch
[rosmaster.master][INFO] 2019-06-03 13:17:20,751: +PARAM [/STM2-CFG31/class] by /roslaunch
[rosmaster.master][INFO] 2019-06-03 13:17:20,752: +PARAM [/STM2-CFG35/ioPorts] by /roslaunch
[rosmaster.master][INFO] 2019-06-03 13:17:20,752: +PARAM [/STM2-CFG36/desc] by /roslaunch
[rosmaster.master][INFO] 2019-06-03 13:17:20,752: +PARAM [/STM2-CFG32/class] by /roslaunch
[rosmaster.master][INFO] 2019-06-03 13:17:20,752: +PARAM [/STM2-CFG61/ioPorts] by /roslaunch
[rosmaster.master][INFO] 2019-06-03 13:17:20,753: +PARAM [/STM2-CFG07/ioPorts] by /roslaunch
[rosmaster.master][INFO] 2019-06-03 13:17:20,753: +PARAM [/STM2/desc] by /roslaunch
[rosmaster.master][INFO] 2019-06-03 13:17:20,753: +PARAM [/STM2-CFG03/ioPorts] by /roslaunch
[rosmaster.master][INFO] 2019-06-03 13:17:20,754: +PARAM [/STM2-CFG37/desc] by /roslaunch
[rosmaster.master][INFO] 2019-06-03 13:17:20,754: +PARAM [/STM1/QUEUE1/type] by /roslaunch
[rosmaster.master][INFO] 2019-06-03 13:17:20,754: +PARAM [/STM2-CFG04/msgId] by /roslaunch
[rosmaster.master][INFO] 2019-06-03 13:17:20,754: +PARAM [/STM2-CFG36/msgClass] by /roslaunch
[rosmaster.master][INFO] 2019-06-03 13:17:20,755: +PARAM [/STM1/QUEUE2/type] by /roslaunch
[rosmaster.master][INFO] 2019-06-03 13:17:20,755: +PARAM [/STM2-CFG40/desc] by /roslaunch
[rosmaster.master][INFO] 2019-06-03 13:17:20,755: +PARAM [/STM1/type] by /roslaunch
[rosmaster.master][INFO] 2019-06-03 13:17:20,755: +PARAM [/STM2-CFG36/ioPorts] by /roslaunch
[rosmaster.master][INFO] 2019-06-03 13:17:20,756: +PARAM [/STM2-CFG40/msgClass] by /roslaunch
[rosmaster.master][INFO] 2019-06-03 13:17:20,756: +PARAM [/STM2-CFG39/msgId] by /roslaunch
[rosmaster.master][INFO] 2019-06-03 13:17:20,756: +PARAM [/STM2-CFG60/msgClass] by /roslaunch
[rosmaster.master][INFO] 2019-06-03 13:17:20,757: +PARAM [/STM4/desc] by /roslaunch
[rosmaster.master][INFO] 2019-06-03 13:17:20,757: +PARAM [/STM2-CFG06/msgClass] by /roslaunch
[rosmaster.master][INFO] 2019-06-03 13:17:20,757: +PARAM [/STM2-CFG36/id] by /roslaunch
[rosmaster.master][INFO] 2019-06-03 13:17:20,757: +PARAM [/STM2-CFG61/msgClass] by /roslaunch
[rosmaster.master][INFO] 2019-06-03 13:17:20,758: +PARAM [/STM2-CFG37/msgClass] by /roslaunch
[rosmaster.master][INFO] 2019-06-03 13:17:20,758: +PARAM [/STM2-CFG05/msgId] by /roslaunch
[rosmaster.master][INFO] 2019-06-03 13:17:20,758: +PARAM [/STM2-CFG08/id] by /roslaunch
[rosmaster.master][INFO] 2019-06-03 13:17:20,758: +PARAM [/STM2-CFG81/rate] by /roslaunch
[rosmaster.master][INFO] 2019-06-03 13:17:20,759: +PARAM [/STM2-CFG38/msgClass] by /roslaunch
[rosmaster.master][INFO] 2019-06-03 13:17:20,759: +PARAM [/STM2-CFG34/msgId] by /roslaunch
[rosmaster.master][INFO] 2019-06-03 13:17:20,759: +PARAM [/STM2-CFG39/class] by /roslaunch
[rosmaster.master][INFO] 2019-06-03 13:17:20,760: +PARAM [/STM2-CFG38/msgId] by /roslaunch
[rosmaster.master][INFO] 2019-06-03 13:17:20,760: +PARAM [/STM2-CFG62/ioPorts] by /roslaunch
[rosmaster.master][INFO] 2019-06-03 13:17:20,760: +PARAM [/STM2-CFG42/id] by /roslaunch
[rosmaster.master][INFO] 2019-06-03 13:17:20,760: +PARAM [/STM2-CFG05/msgClass] by /roslaunch
[rosmaster.master][INFO] 2019-06-03 13:17:20,761: +PARAM [/STM2-CFG31/desc] by /roslaunch
[rosmaster.master][INFO] 2019-06-03 13:17:20,761: +PARAM [/STM2-CFG32/ioPorts] by /roslaunch
[rosmaster.master][INFO] 2019-06-03 13:17:20,761: +PARAM [/STM2-CFG04/class] by /roslaunch
[rosmaster.master][INFO] 2019-06-03 13:17:20,762: +PARAM [/STM2/QUEUE1/name] by /roslaunch
[rosmaster.master][INFO] 2019-06-03 13:17:20,762: +PARAM [/STM2-CFG63/msgClass] by /roslaunch
[rosmaster.master][INFO] 2019-06-03 13:17:20,762: +PARAM [/STM2-CFG03/msgClass] by /roslaunch
[rosmaster.master][INFO] 2019-06-03 13:17:20,762: +PARAM [/STM2-CFG08/desc] by /roslaunch
[rosmaster.master][INFO] 2019-06-03 13:17:20,763: +PARAM [/STM2-CFG60/class] by /roslaunch
[rosmaster.master][INFO] 2019-06-03 13:17:20,763: +PARAM [/STM2-CFG34/msgClass] by /roslaunch
[rosmaster.master][INFO] 2019-06-03 13:17:20,763: +PARAM [/rosversion] by /roslaunch
[rosmaster.master][INFO] 2019-06-03 13:17:20,763: +PARAM [/STM2-CFG07/id] by /roslaunch
[rosmaster.master][INFO] 2019-06-03 13:17:20,764: +PARAM [/STM2-CFG37/class] by /roslaunch
[rosmaster.master][INFO] 2019-06-03 13:17:20,764: +PARAM [/STM2-CFG61/desc] by /roslaunch
[rosmaster.master][INFO] 2019-06-03 13:17:20,764: +PARAM [/STM2-CFG60/desc] by /roslaunch
[rosmaster.master][INFO] 2019-06-03 13:17:20,765: +PARAM [/STM2-CFG81/desc] by /roslaunch
[rosmaster.master][INFO] 2019-06-03 13:17:20,765: +PARAM [/STM2-CFG05/class] by /roslaunch
[rosmaster.master][INFO] 2019-06-03 13:17:20,765: +PARAM [/STM1/QUEUE2/name] by /roslaunch
[rosmaster.master][INFO] 2019-06-03 13:17:20,765: +PARAM [/STM2-CFG08/msgClass] by /roslaunch
[rosmaster.master][INFO] 2019-06-03 13:17:20,766: +PARAM [/STM2-CFG31/msgId] by /roslaunch
[rosmaster.master][INFO] 2019-06-03 13:17:20,766: +PARAM [/STM2-CFG39/ioPorts] by /roslaunch
[rosmaster.master][INFO] 2019-06-03 13:17:20,766: +PARAM [/STM2-CFG06/ioPorts] by /roslaunch
[rosmaster.master][INFO] 2019-06-03 13:17:20,767: +PARAM [/STM2-CFG42/class] by /roslaunch
[rosmaster.master][INFO] 2019-06-03 13:17:20,767: +PARAM [/STM2-CFG33/class] by /roslaunch
[rosmaster.master][INFO] 2019-06-03 13:17:20,767: +PARAM [/STM2/baudrate] by /roslaunch
[rosmaster.master][INFO] 2019-06-03 13:17:23,326: -PUB [/rosout_agg] /rosout http://10.0.0.166:37266/
[rosmaster.master][INFO] 2019-06-03 13:17:23,329: -SUB [/rosout] /rosout http://10.0.0.166:37266/
[rosmaster.master][INFO] 2019-06-03 13:17:23,333: -SERVICE [/rosout/get_loggers] /rosout rosrpc://10.0.0.166:52908
[rosmaster.master][INFO] 2019-06-03 13:17:23,335: -SERVICE [/rosout/set_logger_level] /rosout rosrpc://10.0.0.166:52908
[rosmaster.main][INFO] 2019-06-03 13:17:23,450: keyboard interrupt, will exit
[rosmaster.main][INFO] 2019-06-03 13:17:23,451: stopping master...
[rospy.core][INFO] 2019-06-03 13:17:23,452: signal_shutdown [atexit]
