[rosmaster.main][INFO] 2019-06-04 16:00:52,866: initialization complete, waiting for shutdown
[rosmaster.main][INFO] 2019-06-04 16:00:52,867: Starting ROS Master Node
[xmlrpc][INFO] 2019-06-04 16:00:52,870: XML-RPC server binding to 0.0.0.0:11311
[xmlrpc][INFO] 2019-06-04 16:00:52,871: Started XML-RPC server [http://10.0.0.166:11311/]
[xmlrpc][INFO] 2019-06-04 16:00:52,872: xml rpc node: starting XML-RPC server
[rosmaster.master][INFO] 2019-06-04 16:00:52,873: Master initialized: port[11311], uri[http://10.0.0.166:11311/]
[rosmaster.master][INFO] 2019-06-04 16:00:52,960: +PARAM [/run_id] by /roslaunch
[rosmaster.master][INFO] 2019-06-04 16:00:52,965: +PARAM [/roslaunch/uris/host_10_0_0_166__41098] by /roslaunch
[rosmaster.master][INFO] 2019-06-04 16:00:53,487: +PARAM [/STM2-CFG35/msgClass] by /roslaunch
[rosmaster.master][INFO] 2019-06-04 16:00:53,487: +PARAM [/STM2-CFG32/desc] by /roslaunch
[rosmaster.master][INFO] 2019-06-04 16:00:53,488: +PARAM [/STM2-CFG07/class] by /roslaunch
[rosmaster.master][INFO] 2019-06-04 16:00:53,490: +PARAM [/STM2-CFG07/desc] by /roslaunch
[rosmaster.master][INFO] 2019-06-04 16:00:53,490: +SERVICE [/rosout/get_loggers] /rosout http://10.0.0.166:43432/
[rosmaster.master][INFO] 2019-06-04 16:00:53,491: +PARAM [/STM2-CFG03/id] by /roslaunch
[rosmaster.master][INFO] 2019-06-04 16:00:53,492: +PARAM [/STM2-CFG30/class] by /roslaunch
[rosmaster.master][INFO] 2019-06-04 16:00:53,492: +PARAM [/STM2-CFG32/msgClass] by /roslaunch
[rosmaster.master][INFO] 2019-06-04 16:00:53,493: +PARAM [/STM2-CFG34/ioPorts] by /roslaunch
[rosmaster.master][INFO] 2019-06-04 16:00:53,494: +SERVICE [/rosout/set_logger_level] /rosout http://10.0.0.166:43432/
[rosmaster.master][INFO] 2019-06-04 16:00:53,495: +PARAM [/STM2-CFG37/ioPorts] by /roslaunch
[rosmaster.master][INFO] 2019-06-04 16:00:53,496: +PARAM [/STM2-CFG33/ioPorts] by /roslaunch
[rosmaster.master][INFO] 2019-06-04 16:00:53,499: +PARAM [/STM2/retry] by /roslaunch
[rosmaster.master][INFO] 2019-06-04 16:00:53,500: +PARAM [/STM2-CFG31/id] by /roslaunch
[rosmaster.master][INFO] 2019-06-04 16:00:53,500: +PARAM [/STM2-CFG38/ioPorts] by /roslaunch
[rosmaster.master][INFO] 2019-06-04 16:00:53,502: +PUB [/rosout_agg] /rosout http://10.0.0.166:43432/
[rosmaster.master][INFO] 2019-06-04 16:00:53,503: +PARAM [/STM2-CFG30/msgId] by /roslaunch
[rosmaster.master][INFO] 2019-06-04 16:00:53,504: +PARAM [/STM2-CFG62/id] by /roslaunch
[rosmaster.master][INFO] 2019-06-04 16:00:53,505: +PARAM [/STM2-CFG62/desc] by /roslaunch
[rosmaster.master][INFO] 2019-06-04 16:00:53,507: +PARAM [/STM2-CFG42/ioPorts] by /roslaunch
[rosmaster.master][INFO] 2019-06-04 16:00:53,509: +PARAM [/STM2-CFG04/ioPorts] by /roslaunch
[rosmaster.master][INFO] 2019-06-04 16:00:53,510: +PARAM [/STM2-CFG39/id] by /roslaunch
[rosmaster.master][INFO] 2019-06-04 16:00:53,511: +PARAM [/STM2-CFG32/msgId] by /roslaunch
[rosmaster.master][INFO] 2019-06-04 16:00:53,511: +PARAM [/STM2-CFG40/msgId] by /roslaunch
[rosmaster.master][INFO] 2019-06-04 16:00:53,513: +PARAM [/STM2-CFG41/id] by /roslaunch
[rosmaster.master][INFO] 2019-06-04 16:00:53,514: +PARAM [/STM2-CFG30/ioPorts] by /roslaunch
[rosmaster.master][INFO] 2019-06-04 16:00:53,516: +PARAM [/STM2-CFG61/class] by /roslaunch
[rosmaster.master][INFO] 2019-06-04 16:00:53,516: +PARAM [/STM2-CFG33/msgClass] by /roslaunch
[rosmaster.master][INFO] 2019-06-04 16:00:53,518: +PARAM [/STM2-CFG61/msgId] by /roslaunch
[rosmaster.master][INFO] 2019-06-04 16:00:53,519: +PARAM [/STM2/QUEUE2/name] by /roslaunch
[rosmaster.master][INFO] 2019-06-04 16:00:53,520: +PARAM [/STM2-CFG37/id] by /roslaunch
[rosmaster.master][INFO] 2019-06-04 16:00:53,520: +PARAM [/STM2/QUEUE2/rw] by /roslaunch
[rosmaster.master][INFO] 2019-06-04 16:00:53,522: +SUB [/rosout] /rosout http://10.0.0.166:43432/
[rosmaster.master][INFO] 2019-06-04 16:00:53,522: +PARAM [/STM2-CFG04/id] by /roslaunch
[rosmaster.master][INFO] 2019-06-04 16:00:53,523: +PARAM [/STM1/port] by /roslaunch
[rosmaster.master][INFO] 2019-06-04 16:00:53,524: +PARAM [/STM2-CFG03/class] by /roslaunch
[rosmaster.master][INFO] 2019-06-04 16:00:53,524: +PARAM [/STM2-CFG41/msgClass] by /roslaunch
[rosmaster.master][INFO] 2019-06-04 16:00:53,524: +PARAM [/STM2-CFG35/class] by /roslaunch
[rosmaster.master][INFO] 2019-06-04 16:00:53,525: +PARAM [/STM2-CFG40/class] by /roslaunch
[rosmaster.master][INFO] 2019-06-04 16:00:53,525: +PARAM [/STM2-CFG34/id] by /roslaunch
[rosmaster.master][INFO] 2019-06-04 16:00:53,525: +PARAM [/STM1/desc] by /roslaunch
[rosmaster.master][INFO] 2019-06-04 16:00:53,526: +PARAM [/STM2-CFG60/ioPorts] by /roslaunch
[rosmaster.master][INFO] 2019-06-04 16:00:53,526: +PARAM [/STM1/QUEUE1/rw] by /roslaunch
[rosmaster.master][INFO] 2019-06-04 16:00:53,526: +PARAM [/STM2-CFG05/desc] by /roslaunch
[rosmaster.master][INFO] 2019-06-04 16:00:53,527: +PARAM [/STM2-CFG06/class] by /roslaunch
[rosmaster.master][INFO] 2019-06-04 16:00:53,527: +PARAM [/STM2-CFG81/prot_in] by /roslaunch
[rosmaster.master][INFO] 2019-06-04 16:00:53,527: +PARAM [/STM2-CFG81/prot_out] by /roslaunch
[rosmaster.master][INFO] 2019-06-04 16:00:53,528: +PARAM [/STM2-CFG03/msgId] by /roslaunch
[rosmaster.master][INFO] 2019-06-04 16:00:53,528: +PARAM [/STM4/listener] by /roslaunch
[rosmaster.master][INFO] 2019-06-04 16:00:53,528: +PARAM [/STM2-CFG38/id] by /roslaunch
[rosmaster.master][INFO] 2019-06-04 16:00:53,529: +PARAM [/STM2-CFG63/ioPorts] by /roslaunch
[rosmaster.master][INFO] 2019-06-04 16:00:53,529: +PARAM [/STM2-CFG60/id] by /roslaunch
[rosmaster.master][INFO] 2019-06-04 16:00:53,529: +PARAM [/STM2/QUEUE2/type] by /roslaunch
[rosmaster.master][INFO] 2019-06-04 16:00:53,529: +PARAM [/STM2-CFG08/class] by /roslaunch
[rosmaster.master][INFO] 2019-06-04 16:00:53,530: +PARAM [/STM2-CFG40/ioPorts] by /roslaunch
[rosmaster.master][INFO] 2019-06-04 16:00:53,530: +PARAM [/STM2-CFG30/desc] by /roslaunch
[rosmaster.master][INFO] 2019-06-04 16:00:53,530: +PARAM [/STM2-CFG07/msgId] by /roslaunch
[rosmaster.master][INFO] 2019-06-04 16:00:53,531: +PARAM [/STM2-CFG63/desc] by /roslaunch
[rosmaster.master][INFO] 2019-06-04 16:00:53,531: +PARAM [/STM2-CFG41/msgId] by /roslaunch
[rosmaster.master][INFO] 2019-06-04 16:00:53,531: +PARAM [/STM2-CFG04/msgClass] by /roslaunch
[rosmaster.master][INFO] 2019-06-04 16:00:53,532: +PARAM [/STM2-CFG35/desc] by /roslaunch
[rosmaster.master][INFO] 2019-06-04 16:00:53,532: +PARAM [/STM2-CFG36/class] by /roslaunch
[rosmaster.master][INFO] 2019-06-04 16:00:53,532: +PARAM [/STM4/port] by /roslaunch
[rosmaster.master][INFO] 2019-06-04 16:00:53,532: +PARAM [/STM2-CFG06/msgId] by /roslaunch
[rosmaster.master][INFO] 2019-06-04 16:00:53,533: +PARAM [/rosdistro] by /roslaunch
[rosmaster.master][INFO] 2019-06-04 16:00:53,533: +PARAM [/STM2-CFG41/desc] by /roslaunch
[rosmaster.master][INFO] 2019-06-04 16:00:53,533: +PARAM [/STM2-CFG63/id] by /roslaunch
[rosmaster.master][INFO] 2019-06-04 16:00:53,533: +PARAM [/STM2-CFG39/msgClass] by /roslaunch
[rosmaster.master][INFO] 2019-06-04 16:00:53,534: +PARAM [/STM2-CFG08/msgId] by /roslaunch
[rosmaster.master][INFO] 2019-06-04 16:00:53,534: +PARAM [/STM2-CFG42/msgClass] by /roslaunch
[rosmaster.master][INFO] 2019-06-04 16:00:53,534: +PARAM [/STM4/type] by /roslaunch
[rosmaster.master][INFO] 2019-06-04 16:00:53,534: +PARAM [/STM2-CFG39/desc] by /roslaunch
[rosmaster.master][INFO] 2019-06-04 16:00:53,535: +PARAM [/STM2/port] by /roslaunch
[rosmaster.master][INFO] 2019-06-04 16:00:53,535: +PARAM [/STM1/host] by /roslaunch
[rosmaster.master][INFO] 2019-06-04 16:00:53,535: +PARAM [/STM2-CFG31/ioPorts] by /roslaunch
[rosmaster.master][INFO] 2019-06-04 16:00:53,536: +PARAM [/STM2-CFG33/desc] by /roslaunch
[rosmaster.master][INFO] 2019-06-04 16:00:53,536: +PARAM [/STM2-CFG04/desc] by /roslaunch
[rosmaster.master][INFO] 2019-06-04 16:00:53,536: +PARAM [/STM1/QUEUE2/rw] by /roslaunch
[rosmaster.master][INFO] 2019-06-04 16:00:53,536: +PARAM [/STM4/host] by /roslaunch
[rosmaster.master][INFO] 2019-06-04 16:00:53,537: +PARAM [/STM2-CFG41/ioPorts] by /roslaunch
[rosmaster.master][INFO] 2019-06-04 16:00:53,537: +PARAM [/STM2-CFG03/desc] by /roslaunch
[rosmaster.master][INFO] 2019-06-04 16:00:53,537: +PARAM [/STM1/retry] by /roslaunch
[rosmaster.master][INFO] 2019-06-04 16:00:53,537: +PARAM [/STM2/QUEUE1/rw] by /roslaunch
[rosmaster.master][INFO] 2019-06-04 16:00:53,538: +PARAM [/STM2-CFG37/msgId] by /roslaunch
[rosmaster.master][INFO] 2019-06-04 16:00:53,538: +PARAM [/STM2-CFG30/id] by /roslaunch
[rosmaster.master][INFO] 2019-06-04 16:00:53,538: +PARAM [/STM2-CFG60/msgId] by /roslaunch
[rosmaster.master][INFO] 2019-06-04 16:00:53,539: +PARAM [/STM2-CFG07/msgClass] by /roslaunch
[rosmaster.master][INFO] 2019-06-04 16:00:53,539: +PARAM [/STM2-CFG40/id] by /roslaunch
[rosmaster.master][INFO] 2019-06-04 16:00:53,539: +PARAM [/STM2-CFG33/id] by /roslaunch
[rosmaster.master][INFO] 2019-06-04 16:00:53,540: +PARAM [/STM2-CFG38/desc] by /roslaunch
[rosmaster.master][INFO] 2019-06-04 16:00:53,540: +PARAM [/STM2-CFG63/class] by /roslaunch
[rosmaster.master][INFO] 2019-06-04 16:00:53,540: +PARAM [/STM2-CFG32/id] by /roslaunch
[rosmaster.master][INFO] 2019-06-04 16:00:53,540: +PARAM [/STM2-CFG06/id] by /roslaunch
[rosmaster.master][INFO] 2019-06-04 16:00:53,541: +PARAM [/STM2-CFG41/class] by /roslaunch
[rosmaster.master][INFO] 2019-06-04 16:00:53,541: +PARAM [/STM2-CFG06/desc] by /roslaunch
[rosmaster.master][INFO] 2019-06-04 16:00:53,541: +PARAM [/STM2-CFG63/msgId] by /roslaunch
[rosmaster.master][INFO] 2019-06-04 16:00:53,542: +PARAM [/STM2-CFG42/msgId] by /roslaunch
[rosmaster.master][INFO] 2019-06-04 16:00:53,542: +PARAM [/STM2-CFG36/msgId] by /roslaunch
[rosmaster.master][INFO] 2019-06-04 16:00:53,542: +PARAM [/STM2-CFG81/id] by /roslaunch
[rosmaster.master][INFO] 2019-06-04 16:00:53,542: +PARAM [/STM2-CFG35/id] by /roslaunch
[rosmaster.master][INFO] 2019-06-04 16:00:53,543: +PARAM [/STM2/QUEUE1/type] by /roslaunch
[rosmaster.master][INFO] 2019-06-04 16:00:53,543: +PARAM [/STM2-CFG62/msgClass] by /roslaunch
[rosmaster.master][INFO] 2019-06-04 16:00:53,543: +PARAM [/STM2/timeout] by /roslaunch
[rosmaster.master][INFO] 2019-06-04 16:00:53,543: +PARAM [/STM2-CFG05/id] by /roslaunch
[rosmaster.master][INFO] 2019-06-04 16:00:53,544: +PARAM [/STM1/QUEUE1/name] by /roslaunch
[rosmaster.master][INFO] 2019-06-04 16:00:53,544: +PARAM [/STM2-CFG33/msgId] by /roslaunch
[rosmaster.master][INFO] 2019-06-04 16:00:53,544: +PARAM [/STM2-CFG08/ioPorts] by /roslaunch
[rosmaster.master][INFO] 2019-06-04 16:00:53,545: +PARAM [/STM2-CFG62/class] by /roslaunch
[rosmaster.master][INFO] 2019-06-04 16:00:53,545: +PARAM [/STM2-CFG34/class] by /roslaunch
[rosmaster.master][INFO] 2019-06-04 16:00:53,545: +PARAM [/STM2-CFG35/msgId] by /roslaunch
[rosmaster.master][INFO] 2019-06-04 16:00:53,545: +PARAM [/STM2-CFG30/msgClass] by /roslaunch
[rosmaster.master][INFO] 2019-06-04 16:00:53,546: +PARAM [/STM2-CFG34/desc] by /roslaunch
[rosmaster.master][INFO] 2019-06-04 16:00:53,546: +PARAM [/STM2-CFG62/msgId] by /roslaunch
[rosmaster.master][INFO] 2019-06-04 16:00:53,546: +PARAM [/STM2-CFG42/desc] by /roslaunch
[rosmaster.master][INFO] 2019-06-04 16:00:53,546: +PARAM [/STM2-CFG61/id] by /roslaunch
[rosmaster.master][INFO] 2019-06-04 16:00:53,547: +PARAM [/STM4/retry] by /roslaunch
[rosmaster.master][INFO] 2019-06-04 16:00:53,547: +PARAM [/STM2-CFG38/class] by /roslaunch
[rosmaster.master][INFO] 2019-06-04 16:00:53,547: +PARAM [/STM2-CFG81/class] by /roslaunch
[rosmaster.master][INFO] 2019-06-04 16:00:53,548: +PARAM [/STM2/type] by /roslaunch
[rosmaster.master][INFO] 2019-06-04 16:00:53,548: +PARAM [/STM2-CFG31/msgClass] by /roslaunch
[rosmaster.master][INFO] 2019-06-04 16:00:53,548: +PARAM [/STM2-CFG05/ioPorts] by /roslaunch
[rosmaster.master][INFO] 2019-06-04 16:00:53,549: +PARAM [/STM2-CFG31/class] by /roslaunch
[rosmaster.master][INFO] 2019-06-04 16:00:53,549: +PARAM [/STM2-CFG35/ioPorts] by /roslaunch
[rosmaster.master][INFO] 2019-06-04 16:00:53,549: +PARAM [/STM2-CFG36/desc] by /roslaunch
[rosmaster.master][INFO] 2019-06-04 16:00:53,549: +PARAM [/STM2-CFG32/class] by /roslaunch
[rosmaster.master][INFO] 2019-06-04 16:00:53,550: +PARAM [/STM2-CFG61/ioPorts] by /roslaunch
[rosmaster.master][INFO] 2019-06-04 16:00:53,550: +PARAM [/STM2-CFG07/ioPorts] by /roslaunch
[rosmaster.master][INFO] 2019-06-04 16:00:53,550: +PARAM [/STM2/desc] by /roslaunch
[rosmaster.master][INFO] 2019-06-04 16:00:53,551: +PARAM [/STM2-CFG03/ioPorts] by /roslaunch
[rosmaster.master][INFO] 2019-06-04 16:00:53,551: +PARAM [/STM2-CFG37/desc] by /roslaunch
[rosmaster.master][INFO] 2019-06-04 16:00:53,551: +PARAM [/STM1/QUEUE1/type] by /roslaunch
[rosmaster.master][INFO] 2019-06-04 16:00:53,551: +PARAM [/STM2-CFG04/msgId] by /roslaunch
[rosmaster.master][INFO] 2019-06-04 16:00:53,552: +PARAM [/STM2-CFG36/msgClass] by /roslaunch
[rosmaster.master][INFO] 2019-06-04 16:00:53,552: +PARAM [/STM1/QUEUE2/type] by /roslaunch
[rosmaster.master][INFO] 2019-06-04 16:00:53,552: +PARAM [/STM2-CFG40/desc] by /roslaunch
[rosmaster.master][INFO] 2019-06-04 16:00:53,552: +PARAM [/STM1/type] by /roslaunch
[rosmaster.master][INFO] 2019-06-04 16:00:53,553: +PARAM [/STM2-CFG36/ioPorts] by /roslaunch
[rosmaster.master][INFO] 2019-06-04 16:00:53,553: +PARAM [/STM2-CFG40/msgClass] by /roslaunch
[rosmaster.master][INFO] 2019-06-04 16:00:53,553: +PARAM [/STM2-CFG39/msgId] by /roslaunch
[rosmaster.master][INFO] 2019-06-04 16:00:53,554: +PARAM [/STM2-CFG60/msgClass] by /roslaunch
[rosmaster.master][INFO] 2019-06-04 16:00:53,554: +PARAM [/STM4/desc] by /roslaunch
[rosmaster.master][INFO] 2019-06-04 16:00:53,554: +PARAM [/STM2-CFG06/msgClass] by /roslaunch
[rosmaster.master][INFO] 2019-06-04 16:00:53,554: +PARAM [/STM2-CFG36/id] by /roslaunch
[rosmaster.master][INFO] 2019-06-04 16:00:53,555: +PARAM [/STM2-CFG61/msgClass] by /roslaunch
[rosmaster.master][INFO] 2019-06-04 16:00:53,555: +PARAM [/STM2-CFG37/msgClass] by /roslaunch
[rosmaster.master][INFO] 2019-06-04 16:00:53,555: +PARAM [/STM2-CFG05/msgId] by /roslaunch
[rosmaster.master][INFO] 2019-06-04 16:00:53,555: +PARAM [/STM2-CFG08/id] by /roslaunch
[rosmaster.master][INFO] 2019-06-04 16:00:53,556: +PARAM [/STM2-CFG81/rate] by /roslaunch
[rosmaster.master][INFO] 2019-06-04 16:00:53,556: +PARAM [/STM2-CFG38/msgClass] by /roslaunch
[rosmaster.master][INFO] 2019-06-04 16:00:53,556: +PARAM [/STM2-CFG34/msgId] by /roslaunch
[rosmaster.master][INFO] 2019-06-04 16:00:53,557: +PARAM [/STM2-CFG39/class] by /roslaunch
[rosmaster.master][INFO] 2019-06-04 16:00:53,557: +PARAM [/STM2-CFG38/msgId] by /roslaunch
[rosmaster.master][INFO] 2019-06-04 16:00:53,557: +PARAM [/STM2-CFG62/ioPorts] by /roslaunch
[rosmaster.master][INFO] 2019-06-04 16:00:53,557: +PARAM [/STM2-CFG42/id] by /roslaunch
[rosmaster.master][INFO] 2019-06-04 16:00:53,558: +PARAM [/STM2-CFG05/msgClass] by /roslaunch
[rosmaster.master][INFO] 2019-06-04 16:00:53,558: +PARAM [/STM2-CFG31/desc] by /roslaunch
[rosmaster.master][INFO] 2019-06-04 16:00:53,558: +PARAM [/STM2-CFG32/ioPorts] by /roslaunch
[rosmaster.master][INFO] 2019-06-04 16:00:53,558: +PARAM [/STM2-CFG04/class] by /roslaunch
[rosmaster.master][INFO] 2019-06-04 16:00:53,559: +PARAM [/STM2/QUEUE1/name] by /roslaunch
[rosmaster.master][INFO] 2019-06-04 16:00:53,559: +PARAM [/STM2-CFG63/msgClass] by /roslaunch
[rosmaster.master][INFO] 2019-06-04 16:00:53,559: +PARAM [/STM2-CFG03/msgClass] by /roslaunch
[rosmaster.master][INFO] 2019-06-04 16:00:53,559: +PARAM [/STM2-CFG08/desc] by /roslaunch
[rosmaster.master][INFO] 2019-06-04 16:00:53,560: +PARAM [/STM2-CFG60/class] by /roslaunch
[rosmaster.master][INFO] 2019-06-04 16:00:53,560: +PARAM [/STM2-CFG34/msgClass] by /roslaunch
[rosmaster.master][INFO] 2019-06-04 16:00:53,560: +PARAM [/rosversion] by /roslaunch
[rosmaster.master][INFO] 2019-06-04 16:00:53,561: +PARAM [/STM2-CFG07/id] by /roslaunch
[rosmaster.master][INFO] 2019-06-04 16:00:53,561: +PARAM [/STM2-CFG37/class] by /roslaunch
[rosmaster.master][INFO] 2019-06-04 16:00:53,561: +PARAM [/STM2-CFG61/desc] by /roslaunch
[rosmaster.master][INFO] 2019-06-04 16:00:53,561: +PARAM [/STM2-CFG60/desc] by /roslaunch
[rosmaster.master][INFO] 2019-06-04 16:00:53,562: +PARAM [/STM2-CFG81/desc] by /roslaunch
[rosmaster.master][INFO] 2019-06-04 16:00:53,562: +PARAM [/STM2-CFG05/class] by /roslaunch
[rosmaster.master][INFO] 2019-06-04 16:00:53,562: +PARAM [/STM1/QUEUE2/name] by /roslaunch
[rosmaster.master][INFO] 2019-06-04 16:00:53,563: +PARAM [/STM2-CFG08/msgClass] by /roslaunch
[rosmaster.master][INFO] 2019-06-04 16:00:53,563: +PARAM [/STM2-CFG31/msgId] by /roslaunch
[rosmaster.master][INFO] 2019-06-04 16:00:53,563: +PARAM [/STM2-CFG39/ioPorts] by /roslaunch
[rosmaster.master][INFO] 2019-06-04 16:00:53,563: +PARAM [/STM2-CFG06/ioPorts] by /roslaunch
[rosmaster.master][INFO] 2019-06-04 16:00:53,564: +PARAM [/STM2-CFG42/class] by /roslaunch
[rosmaster.master][INFO] 2019-06-04 16:00:53,564: +PARAM [/STM2-CFG33/class] by /roslaunch
[rosmaster.master][INFO] 2019-06-04 16:00:53,564: +PARAM [/STM2/baudrate] by /roslaunch
[rosmaster.master][INFO] 2019-06-04 16:00:55,343: +PUB [/rosout] /gnss_node http://10.0.0.166:33989/
[rosmaster.master][INFO] 2019-06-04 16:00:55,363: +SERVICE [/gnss_node/get_loggers] /gnss_node http://10.0.0.166:33989/
[rosmaster.master][INFO] 2019-06-04 16:00:55,370: +SERVICE [/gnss_node/set_logger_level] /gnss_node http://10.0.0.166:33989/
[rosmaster.master][INFO] 2019-06-04 16:00:55,378: +SUB [/gnss_control] /gnss_node http://10.0.0.166:33989/
[rosmaster.master][INFO] 2019-06-04 16:00:55,383: +PUB [/gnss_status] /gnss_node http://10.0.0.166:33989/
[rosmaster.master][INFO] 2019-06-04 16:00:55,388: +PUB [/mavlink/to] /gnss_node http://10.0.0.166:33989/
[rosmaster.master][INFO] 2019-06-04 16:00:55,395: publisherUpdate[/rosout] -> http://10.0.0.166:43432/ ['http://10.0.0.166:33989/']
[rosmaster.master][INFO] 2019-06-04 16:00:55,410: publisherUpdate[/rosout] -> http://10.0.0.166:43432/ ['http://10.0.0.166:33989/']: sec=0.02, result=[1, '', 0]
[rosmaster.master][INFO] 2019-06-04 16:00:55,447: +SUB [/STM1] /gnss_node http://10.0.0.166:33989/
[rosmaster.master][INFO] 2019-06-04 16:00:55,462: +SUB [/STM2] /gnss_node http://10.0.0.166:33989/
[rosmaster.master][INFO] 2019-06-04 16:00:55,486: +SUB [/STM4] /gnss_node http://10.0.0.166:33989/
[rosmaster.master][INFO] 2019-06-04 16:01:08,341: -SUB [/STM2] /gnss_node http://10.0.0.166:33989/
[rosmaster.master][INFO] 2019-06-04 16:01:08,342: -SUB [/STM4] /gnss_node http://10.0.0.166:33989/
[rosmaster.master][INFO] 2019-06-04 16:01:08,342: -SUB [/STM1] /gnss_node http://10.0.0.166:33989/
[rosmaster.master][INFO] 2019-06-04 16:01:08,343: -SUB [/gnss_control] /gnss_node http://10.0.0.166:33989/
[rosmaster.master][INFO] 2019-06-04 16:01:08,343: -PUB [/gnss_status] /gnss_node http://10.0.0.166:33989/
[rosmaster.master][INFO] 2019-06-04 16:01:08,344: -PUB [/rosout] /gnss_node http://10.0.0.166:33989/
[rosmaster.master][INFO] 2019-06-04 16:01:08,344: -PUB [/mavlink/to] /gnss_node http://10.0.0.166:33989/
[rosmaster.master][INFO] 2019-06-04 16:01:08,344: -SERVICE [/gnss_node/get_loggers] /gnss_node rosrpc://10.0.0.166:41169
[rosmaster.master][INFO] 2019-06-04 16:01:08,345: -SERVICE [/gnss_node/set_logger_level] /gnss_node rosrpc://10.0.0.166:41169
[rosmaster.master][INFO] 2019-06-04 16:01:08,369: publisherUpdate[/rosout] -> http://10.0.0.166:43432/ []
[rosmaster.master][INFO] 2019-06-04 16:01:08,371: publisherUpdate[/rosout] -> http://10.0.0.166:43432/ []: sec=0.00, result=[1, '', 0]
[rosmaster.master][INFO] 2019-06-04 16:01:23,930: -PUB [/rosout_agg] /rosout http://10.0.0.166:43432/
[rosmaster.master][INFO] 2019-06-04 16:01:23,932: -SUB [/rosout] /rosout http://10.0.0.166:43432/
[rosmaster.master][INFO] 2019-06-04 16:01:23,935: -SERVICE [/rosout/get_loggers] /rosout rosrpc://10.0.0.166:37814
[rosmaster.master][INFO] 2019-06-04 16:01:23,937: -SERVICE [/rosout/set_logger_level] /rosout rosrpc://10.0.0.166:37814
[rosmaster.main][INFO] 2019-06-04 16:01:24,114: keyboard interrupt, will exit
[rosmaster.main][INFO] 2019-06-04 16:01:24,115: stopping master...
[rospy.core][INFO] 2019-06-04 16:01:24,115: signal_shutdown [atexit]
