[rosmaster.main][INFO] 2019-06-06 09:02:02,868: initialization complete, waiting for shutdown
[rosmaster.main][INFO] 2019-06-06 09:02:02,869: Starting ROS Master Node
[xmlrpc][INFO] 2019-06-06 09:02:02,872: XML-RPC server binding to 0.0.0.0:11311
[xmlrpc][INFO] 2019-06-06 09:02:02,873: Started XML-RPC server [http://10.0.0.166:11311/]
[xmlrpc][INFO] 2019-06-06 09:02:02,874: xml rpc node: starting XML-RPC server
[rosmaster.master][INFO] 2019-06-06 09:02:02,874: Master initialized: port[11311], uri[http://10.0.0.166:11311/]
[rosmaster.master][INFO] 2019-06-06 09:02:02,938: +PARAM [/run_id] by /roslaunch
[rosmaster.master][INFO] 2019-06-06 09:02:02,942: +PARAM [/roslaunch/uris/host_10_0_0_166__35635] by /roslaunch
[rosmaster.master][INFO] 2019-06-06 09:02:03,463: +PARAM [/STM2-CFG35/msgClass] by /roslaunch
[rosmaster.master][INFO] 2019-06-06 09:02:03,466: +SERVICE [/rosout/get_loggers] /rosout http://10.0.0.166:34742/
[rosmaster.master][INFO] 2019-06-06 09:02:03,466: +PARAM [/STM2-CFG32/desc] by /roslaunch
[rosmaster.master][INFO] 2019-06-06 09:02:03,467: +PARAM [/STM2-CFG07/class] by /roslaunch
[rosmaster.master][INFO] 2019-06-06 09:02:03,468: +PARAM [/STM2-CFG07/desc] by /roslaunch
[rosmaster.master][INFO] 2019-06-06 09:02:03,469: +PARAM [/STM2-CFG03/id] by /roslaunch
[rosmaster.master][INFO] 2019-06-06 09:02:03,469: +PARAM [/STM2-CFG30/class] by /roslaunch
[rosmaster.master][INFO] 2019-06-06 09:02:03,470: +PARAM [/STM2-CFG32/msgClass] by /roslaunch
[rosmaster.master][INFO] 2019-06-06 09:02:03,471: +SERVICE [/rosout/set_logger_level] /rosout http://10.0.0.166:34742/
[rosmaster.master][INFO] 2019-06-06 09:02:03,472: +PARAM [/STM2-CFG34/ioPorts] by /roslaunch
[rosmaster.master][INFO] 2019-06-06 09:02:03,474: +PARAM [/STM2-CFG37/ioPorts] by /roslaunch
[rosmaster.master][INFO] 2019-06-06 09:02:03,476: +PARAM [/STM2-CFG33/ioPorts] by /roslaunch
[rosmaster.master][INFO] 2019-06-06 09:02:03,479: +PARAM [/STM2/retry] by /roslaunch
[rosmaster.master][INFO] 2019-06-06 09:02:03,481: +PARAM [/STM2-CFG31/id] by /roslaunch
[rosmaster.master][INFO] 2019-06-06 09:02:03,482: +PUB [/rosout_agg] /rosout http://10.0.0.166:34742/
[rosmaster.master][INFO] 2019-06-06 09:02:03,483: +PARAM [/STM2-CFG38/ioPorts] by /roslaunch
[rosmaster.master][INFO] 2019-06-06 09:02:03,484: +PARAM [/STM2-CFG30/msgId] by /roslaunch
[rosmaster.master][INFO] 2019-06-06 09:02:03,484: +PARAM [/STM2-CFG62/id] by /roslaunch
[rosmaster.master][INFO] 2019-06-06 09:02:03,485: +PARAM [/STM2-CFG62/desc] by /roslaunch
[rosmaster.master][INFO] 2019-06-06 09:02:03,486: +PARAM [/STM2-CFG42/ioPorts] by /roslaunch
[rosmaster.master][INFO] 2019-06-06 09:02:03,488: +PARAM [/STM2-CFG04/ioPorts] by /roslaunch
[rosmaster.master][INFO] 2019-06-06 09:02:03,488: +PARAM [/STM2-CFG39/id] by /roslaunch
[rosmaster.master][INFO] 2019-06-06 09:02:03,489: +PARAM [/STM2-CFG32/msgId] by /roslaunch
[rosmaster.master][INFO] 2019-06-06 09:02:03,490: +PARAM [/STM2-CFG40/msgId] by /roslaunch
[rosmaster.master][INFO] 2019-06-06 09:02:03,492: +PARAM [/STM2-CFG41/id] by /roslaunch
[rosmaster.master][INFO] 2019-06-06 09:02:03,493: +PARAM [/STM2-CFG30/ioPorts] by /roslaunch
[rosmaster.master][INFO] 2019-06-06 09:02:03,495: +PARAM [/STM2-CFG61/class] by /roslaunch
[rosmaster.master][INFO] 2019-06-06 09:02:03,496: +PARAM [/STM2-CFG33/msgClass] by /roslaunch
[rosmaster.master][INFO] 2019-06-06 09:02:03,496: +PARAM [/STM2-CFG61/msgId] by /roslaunch
[rosmaster.master][INFO] 2019-06-06 09:02:03,499: +PARAM [/STM2/QUEUE2/name] by /roslaunch
[rosmaster.master][INFO] 2019-06-06 09:02:03,499: +PARAM [/STM2-CFG37/id] by /roslaunch
[rosmaster.master][INFO] 2019-06-06 09:02:03,502: +PARAM [/STM2/QUEUE2/rw] by /roslaunch
[rosmaster.master][INFO] 2019-06-06 09:02:03,504: +SUB [/rosout] /rosout http://10.0.0.166:34742/
[rosmaster.master][INFO] 2019-06-06 09:02:03,504: +PARAM [/STM2-CFG04/id] by /roslaunch
[rosmaster.master][INFO] 2019-06-06 09:02:03,506: +PARAM [/STM1/port] by /roslaunch
[rosmaster.master][INFO] 2019-06-06 09:02:03,506: +PARAM [/STM2-CFG03/class] by /roslaunch
[rosmaster.master][INFO] 2019-06-06 09:02:03,506: +PARAM [/STM2-CFG41/msgClass] by /roslaunch
[rosmaster.master][INFO] 2019-06-06 09:02:03,507: +PARAM [/STM2-CFG35/class] by /roslaunch
[rosmaster.master][INFO] 2019-06-06 09:02:03,507: +PARAM [/STM2-CFG40/class] by /roslaunch
[rosmaster.master][INFO] 2019-06-06 09:02:03,507: +PARAM [/STM2-CFG34/id] by /roslaunch
[rosmaster.master][INFO] 2019-06-06 09:02:03,508: +PARAM [/STM1/desc] by /roslaunch
[rosmaster.master][INFO] 2019-06-06 09:02:03,508: +PARAM [/STM2-CFG60/ioPorts] by /roslaunch
[rosmaster.master][INFO] 2019-06-06 09:02:03,508: +PARAM [/STM1/QUEUE1/rw] by /roslaunch
[rosmaster.master][INFO] 2019-06-06 09:02:03,509: +PARAM [/STM2-CFG05/desc] by /roslaunch
[rosmaster.master][INFO] 2019-06-06 09:02:03,509: +PARAM [/STM2-CFG06/class] by /roslaunch
[rosmaster.master][INFO] 2019-06-06 09:02:03,509: +PARAM [/STM2-CFG81/prot_in] by /roslaunch
[rosmaster.master][INFO] 2019-06-06 09:02:03,509: +PARAM [/STM2-CFG81/prot_out] by /roslaunch
[rosmaster.master][INFO] 2019-06-06 09:02:03,510: +PARAM [/STM2-CFG03/msgId] by /roslaunch
[rosmaster.master][INFO] 2019-06-06 09:02:03,510: +PARAM [/STM4/listener] by /roslaunch
[rosmaster.master][INFO] 2019-06-06 09:02:03,510: +PARAM [/STM2-CFG38/id] by /roslaunch
[rosmaster.master][INFO] 2019-06-06 09:02:03,511: +PARAM [/STM2-CFG63/ioPorts] by /roslaunch
[rosmaster.master][INFO] 2019-06-06 09:02:03,511: +PARAM [/STM2-CFG60/id] by /roslaunch
[rosmaster.master][INFO] 2019-06-06 09:02:03,511: +PARAM [/STM2/QUEUE2/type] by /roslaunch
[rosmaster.master][INFO] 2019-06-06 09:02:03,512: +PARAM [/STM2-CFG08/class] by /roslaunch
[rosmaster.master][INFO] 2019-06-06 09:02:03,512: +PARAM [/STM2-CFG40/ioPorts] by /roslaunch
[rosmaster.master][INFO] 2019-06-06 09:02:03,512: +PARAM [/STM2-CFG30/desc] by /roslaunch
[rosmaster.master][INFO] 2019-06-06 09:02:03,512: +PARAM [/STM2-CFG07/msgId] by /roslaunch
[rosmaster.master][INFO] 2019-06-06 09:02:03,513: +PARAM [/STM2-CFG63/desc] by /roslaunch
[rosmaster.master][INFO] 2019-06-06 09:02:03,513: +PARAM [/STM2-CFG41/msgId] by /roslaunch
[rosmaster.master][INFO] 2019-06-06 09:02:03,513: +PARAM [/STM2-CFG04/msgClass] by /roslaunch
[rosmaster.master][INFO] 2019-06-06 09:02:03,513: +PARAM [/STM2-CFG35/desc] by /roslaunch
[rosmaster.master][INFO] 2019-06-06 09:02:03,514: +PARAM [/STM2-CFG36/class] by /roslaunch
[rosmaster.master][INFO] 2019-06-06 09:02:03,514: +PARAM [/STM4/port] by /roslaunch
[rosmaster.master][INFO] 2019-06-06 09:02:03,514: +PARAM [/STM2-CFG06/msgId] by /roslaunch
[rosmaster.master][INFO] 2019-06-06 09:02:03,515: +PARAM [/rosdistro] by /roslaunch
[rosmaster.master][INFO] 2019-06-06 09:02:03,515: +PARAM [/STM2-CFG41/desc] by /roslaunch
[rosmaster.master][INFO] 2019-06-06 09:02:03,515: +PARAM [/STM2-CFG63/id] by /roslaunch
[rosmaster.master][INFO] 2019-06-06 09:02:03,515: +PARAM [/STM2-CFG39/msgClass] by /roslaunch
[rosmaster.master][INFO] 2019-06-06 09:02:03,516: +PARAM [/STM2-CFG08/msgId] by /roslaunch
[rosmaster.master][INFO] 2019-06-06 09:02:03,516: +PARAM [/STM2-CFG42/msgClass] by /roslaunch
[rosmaster.master][INFO] 2019-06-06 09:02:03,516: +PARAM [/STM4/type] by /roslaunch
[rosmaster.master][INFO] 2019-06-06 09:02:03,516: +PARAM [/STM2-CFG39/desc] by /roslaunch
[rosmaster.master][INFO] 2019-06-06 09:02:03,517: +PARAM [/STM2/port] by /roslaunch
[rosmaster.master][INFO] 2019-06-06 09:02:03,517: +PARAM [/STM1/host] by /roslaunch
[rosmaster.master][INFO] 2019-06-06 09:02:03,517: +PARAM [/STM2-CFG31/ioPorts] by /roslaunch
[rosmaster.master][INFO] 2019-06-06 09:02:03,517: +PARAM [/STM2-CFG33/desc] by /roslaunch
[rosmaster.master][INFO] 2019-06-06 09:02:03,518: +PARAM [/STM2-CFG04/desc] by /roslaunch
[rosmaster.master][INFO] 2019-06-06 09:02:03,518: +PARAM [/STM1/QUEUE2/rw] by /roslaunch
[rosmaster.master][INFO] 2019-06-06 09:02:03,518: +PARAM [/STM4/host] by /roslaunch
[rosmaster.master][INFO] 2019-06-06 09:02:03,519: +PARAM [/STM2-CFG41/ioPorts] by /roslaunch
[rosmaster.master][INFO] 2019-06-06 09:02:03,519: +PARAM [/STM2-CFG03/desc] by /roslaunch
[rosmaster.master][INFO] 2019-06-06 09:02:03,519: +PARAM [/STM1/retry] by /roslaunch
[rosmaster.master][INFO] 2019-06-06 09:02:03,519: +PARAM [/STM2/QUEUE1/rw] by /roslaunch
[rosmaster.master][INFO] 2019-06-06 09:02:03,520: +PARAM [/STM2-CFG37/msgId] by /roslaunch
[rosmaster.master][INFO] 2019-06-06 09:02:03,520: +PARAM [/STM2-CFG30/id] by /roslaunch
[rosmaster.master][INFO] 2019-06-06 09:02:03,520: +PARAM [/STM2-CFG60/msgId] by /roslaunch
[rosmaster.master][INFO] 2019-06-06 09:02:03,521: +PARAM [/STM2-CFG07/msgClass] by /roslaunch
[rosmaster.master][INFO] 2019-06-06 09:02:03,521: +PARAM [/STM2-CFG40/id] by /roslaunch
[rosmaster.master][INFO] 2019-06-06 09:02:03,521: +PARAM [/STM2-CFG33/id] by /roslaunch
[rosmaster.master][INFO] 2019-06-06 09:02:03,521: +PARAM [/STM2-CFG38/desc] by /roslaunch
[rosmaster.master][INFO] 2019-06-06 09:02:03,522: +PARAM [/STM2-CFG63/class] by /roslaunch
[rosmaster.master][INFO] 2019-06-06 09:02:03,522: +PARAM [/STM2-CFG32/id] by /roslaunch
[rosmaster.master][INFO] 2019-06-06 09:02:03,522: +PARAM [/STM2-CFG06/id] by /roslaunch
[rosmaster.master][INFO] 2019-06-06 09:02:03,523: +PARAM [/STM2-CFG41/class] by /roslaunch
[rosmaster.master][INFO] 2019-06-06 09:02:03,523: +PARAM [/STM2-CFG06/desc] by /roslaunch
[rosmaster.master][INFO] 2019-06-06 09:02:03,523: +PARAM [/STM2-CFG63/msgId] by /roslaunch
[rosmaster.master][INFO] 2019-06-06 09:02:03,523: +PARAM [/STM2-CFG42/msgId] by /roslaunch
[rosmaster.master][INFO] 2019-06-06 09:02:03,524: +PARAM [/STM2-CFG36/msgId] by /roslaunch
[rosmaster.master][INFO] 2019-06-06 09:02:03,524: +PARAM [/STM2-CFG81/id] by /roslaunch
[rosmaster.master][INFO] 2019-06-06 09:02:03,524: +PARAM [/STM2-CFG35/id] by /roslaunch
[rosmaster.master][INFO] 2019-06-06 09:02:03,524: +PARAM [/STM2/QUEUE1/type] by /roslaunch
[rosmaster.master][INFO] 2019-06-06 09:02:03,525: +PARAM [/STM2-CFG62/msgClass] by /roslaunch
[rosmaster.master][INFO] 2019-06-06 09:02:03,525: +PARAM [/STM2/timeout] by /roslaunch
[rosmaster.master][INFO] 2019-06-06 09:02:03,525: +PARAM [/STM2-CFG05/id] by /roslaunch
[rosmaster.master][INFO] 2019-06-06 09:02:03,525: +PARAM [/STM1/QUEUE1/name] by /roslaunch
[rosmaster.master][INFO] 2019-06-06 09:02:03,526: +PARAM [/STM2-CFG33/msgId] by /roslaunch
[rosmaster.master][INFO] 2019-06-06 09:02:03,526: +PARAM [/STM2-CFG08/ioPorts] by /roslaunch
[rosmaster.master][INFO] 2019-06-06 09:02:03,526: +PARAM [/STM2-CFG62/class] by /roslaunch
[rosmaster.master][INFO] 2019-06-06 09:02:03,527: +PARAM [/STM2-CFG34/class] by /roslaunch
[rosmaster.master][INFO] 2019-06-06 09:02:03,527: +PARAM [/STM2-CFG35/msgId] by /roslaunch
[rosmaster.master][INFO] 2019-06-06 09:02:03,527: +PARAM [/STM2-CFG30/msgClass] by /roslaunch
[rosmaster.master][INFO] 2019-06-06 09:02:03,528: +PARAM [/STM2-CFG34/desc] by /roslaunch
[rosmaster.master][INFO] 2019-06-06 09:02:03,528: +PARAM [/STM2-CFG62/msgId] by /roslaunch
[rosmaster.master][INFO] 2019-06-06 09:02:03,528: +PARAM [/STM2-CFG42/desc] by /roslaunch
[rosmaster.master][INFO] 2019-06-06 09:02:03,528: +PARAM [/STM2-CFG61/id] by /roslaunch
[rosmaster.master][INFO] 2019-06-06 09:02:03,529: +PARAM [/STM4/retry] by /roslaunch
[rosmaster.master][INFO] 2019-06-06 09:02:03,529: +PARAM [/STM2-CFG38/class] by /roslaunch
[rosmaster.master][INFO] 2019-06-06 09:02:03,529: +PARAM [/STM2-CFG81/class] by /roslaunch
[rosmaster.master][INFO] 2019-06-06 09:02:03,530: +PARAM [/STM2/type] by /roslaunch
[rosmaster.master][INFO] 2019-06-06 09:02:03,530: +PARAM [/STM2-CFG31/msgClass] by /roslaunch
[rosmaster.master][INFO] 2019-06-06 09:02:03,530: +PARAM [/STM2-CFG05/ioPorts] by /roslaunch
[rosmaster.master][INFO] 2019-06-06 09:02:03,530: +PARAM [/STM2-CFG31/class] by /roslaunch
[rosmaster.master][INFO] 2019-06-06 09:02:03,531: +PARAM [/STM2-CFG35/ioPorts] by /roslaunch
[rosmaster.master][INFO] 2019-06-06 09:02:03,531: +PARAM [/STM2-CFG36/desc] by /roslaunch
[rosmaster.master][INFO] 2019-06-06 09:02:03,531: +PARAM [/STM2-CFG32/class] by /roslaunch
[rosmaster.master][INFO] 2019-06-06 09:02:03,531: +PARAM [/STM2-CFG61/ioPorts] by /roslaunch
[rosmaster.master][INFO] 2019-06-06 09:02:03,532: +PARAM [/STM2-CFG07/ioPorts] by /roslaunch
[rosmaster.master][INFO] 2019-06-06 09:02:03,532: +PARAM [/STM2/desc] by /roslaunch
[rosmaster.master][INFO] 2019-06-06 09:02:03,532: +PARAM [/STM2-CFG03/ioPorts] by /roslaunch
[rosmaster.master][INFO] 2019-06-06 09:02:03,533: +PARAM [/STM2-CFG37/desc] by /roslaunch
[rosmaster.master][INFO] 2019-06-06 09:02:03,533: +PARAM [/STM1/QUEUE1/type] by /roslaunch
[rosmaster.master][INFO] 2019-06-06 09:02:03,533: +PARAM [/STM2-CFG04/msgId] by /roslaunch
[rosmaster.master][INFO] 2019-06-06 09:02:03,533: +PARAM [/STM2-CFG36/msgClass] by /roslaunch
[rosmaster.master][INFO] 2019-06-06 09:02:03,534: +PARAM [/STM1/QUEUE2/type] by /roslaunch
[rosmaster.master][INFO] 2019-06-06 09:02:03,534: +PARAM [/STM2-CFG40/desc] by /roslaunch
[rosmaster.master][INFO] 2019-06-06 09:02:03,534: +PARAM [/STM1/type] by /roslaunch
[rosmaster.master][INFO] 2019-06-06 09:02:03,535: +PARAM [/STM2-CFG36/ioPorts] by /roslaunch
[rosmaster.master][INFO] 2019-06-06 09:02:03,535: +PARAM [/STM2-CFG40/msgClass] by /roslaunch
[rosmaster.master][INFO] 2019-06-06 09:02:03,535: +PARAM [/STM2-CFG39/msgId] by /roslaunch
[rosmaster.master][INFO] 2019-06-06 09:02:03,535: +PARAM [/STM2-CFG60/msgClass] by /roslaunch
[rosmaster.master][INFO] 2019-06-06 09:02:03,536: +PARAM [/STM4/desc] by /roslaunch
[rosmaster.master][INFO] 2019-06-06 09:02:03,536: +PARAM [/STM2-CFG06/msgClass] by /roslaunch
[rosmaster.master][INFO] 2019-06-06 09:02:03,536: +PARAM [/STM2-CFG36/id] by /roslaunch
[rosmaster.master][INFO] 2019-06-06 09:02:03,536: +PARAM [/STM2-CFG61/msgClass] by /roslaunch
[rosmaster.master][INFO] 2019-06-06 09:02:03,537: +PARAM [/STM2-CFG37/msgClass] by /roslaunch
[rosmaster.master][INFO] 2019-06-06 09:02:03,537: +PARAM [/STM2-CFG05/msgId] by /roslaunch
[rosmaster.master][INFO] 2019-06-06 09:02:03,537: +PARAM [/STM2-CFG08/id] by /roslaunch
[rosmaster.master][INFO] 2019-06-06 09:02:03,537: +PARAM [/STM2-CFG81/rate] by /roslaunch
[rosmaster.master][INFO] 2019-06-06 09:02:03,538: +PARAM [/STM2-CFG38/msgClass] by /roslaunch
[rosmaster.master][INFO] 2019-06-06 09:02:03,538: +PARAM [/STM2-CFG34/msgId] by /roslaunch
[rosmaster.master][INFO] 2019-06-06 09:02:03,538: +PARAM [/STM2-CFG39/class] by /roslaunch
[rosmaster.master][INFO] 2019-06-06 09:02:03,539: +PARAM [/STM2-CFG38/msgId] by /roslaunch
[rosmaster.master][INFO] 2019-06-06 09:02:03,539: +PARAM [/STM2-CFG62/ioPorts] by /roslaunch
[rosmaster.master][INFO] 2019-06-06 09:02:03,539: +PARAM [/STM2-CFG42/id] by /roslaunch
[rosmaster.master][INFO] 2019-06-06 09:02:03,539: +PARAM [/STM2-CFG05/msgClass] by /roslaunch
[rosmaster.master][INFO] 2019-06-06 09:02:03,540: +PARAM [/STM2-CFG31/desc] by /roslaunch
[rosmaster.master][INFO] 2019-06-06 09:02:03,540: +PARAM [/STM2-CFG32/ioPorts] by /roslaunch
[rosmaster.master][INFO] 2019-06-06 09:02:03,540: +PARAM [/STM2-CFG04/class] by /roslaunch
[rosmaster.master][INFO] 2019-06-06 09:02:03,540: +PARAM [/STM2/QUEUE1/name] by /roslaunch
[rosmaster.master][INFO] 2019-06-06 09:02:03,541: +PARAM [/STM2-CFG63/msgClass] by /roslaunch
[rosmaster.master][INFO] 2019-06-06 09:02:03,541: +PARAM [/STM2-CFG03/msgClass] by /roslaunch
[rosmaster.master][INFO] 2019-06-06 09:02:03,541: +PARAM [/STM2-CFG08/desc] by /roslaunch
[rosmaster.master][INFO] 2019-06-06 09:02:03,542: +PARAM [/STM2-CFG60/class] by /roslaunch
[rosmaster.master][INFO] 2019-06-06 09:02:03,542: +PARAM [/STM2-CFG34/msgClass] by /roslaunch
[rosmaster.master][INFO] 2019-06-06 09:02:03,542: +PARAM [/rosversion] by /roslaunch
[rosmaster.master][INFO] 2019-06-06 09:02:03,542: +PARAM [/STM2-CFG07/id] by /roslaunch
[rosmaster.master][INFO] 2019-06-06 09:02:03,543: +PARAM [/STM2-CFG37/class] by /roslaunch
[rosmaster.master][INFO] 2019-06-06 09:02:03,543: +PARAM [/STM2-CFG61/desc] by /roslaunch
[rosmaster.master][INFO] 2019-06-06 09:02:03,543: +PARAM [/STM2-CFG60/desc] by /roslaunch
[rosmaster.master][INFO] 2019-06-06 09:02:03,543: +PARAM [/STM2-CFG81/desc] by /roslaunch
[rosmaster.master][INFO] 2019-06-06 09:02:03,544: +PARAM [/STM2-CFG05/class] by /roslaunch
[rosmaster.master][INFO] 2019-06-06 09:02:03,544: +PARAM [/STM1/QUEUE2/name] by /roslaunch
[rosmaster.master][INFO] 2019-06-06 09:02:03,544: +PARAM [/STM2-CFG08/msgClass] by /roslaunch
[rosmaster.master][INFO] 2019-06-06 09:02:03,545: +PARAM [/STM2-CFG31/msgId] by /roslaunch
[rosmaster.master][INFO] 2019-06-06 09:02:03,545: +PARAM [/STM2-CFG39/ioPorts] by /roslaunch
[rosmaster.master][INFO] 2019-06-06 09:02:03,545: +PARAM [/STM2-CFG06/ioPorts] by /roslaunch
[rosmaster.master][INFO] 2019-06-06 09:02:03,545: +PARAM [/STM2-CFG42/class] by /roslaunch
[rosmaster.master][INFO] 2019-06-06 09:02:03,546: +PARAM [/STM2-CFG33/class] by /roslaunch
[rosmaster.master][INFO] 2019-06-06 09:02:03,546: +PARAM [/STM2/baudrate] by /roslaunch
[rosmaster.master][INFO] 2019-06-06 09:02:05,376: +PUB [/rosout] /gnss_node http://10.0.0.166:41252/
[rosmaster.master][INFO] 2019-06-06 09:02:05,380: publisherUpdate[/rosout] -> http://10.0.0.166:34742/ ['http://10.0.0.166:41252/']
[rosmaster.master][INFO] 2019-06-06 09:02:05,388: publisherUpdate[/rosout] -> http://10.0.0.166:34742/ ['http://10.0.0.166:41252/']: sec=0.01, result=[1, '', 0]
[rosmaster.master][INFO] 2019-06-06 09:02:05,397: +SERVICE [/gnss_node/get_loggers] /gnss_node http://10.0.0.166:41252/
[rosmaster.master][INFO] 2019-06-06 09:02:05,402: +SERVICE [/gnss_node/set_logger_level] /gnss_node http://10.0.0.166:41252/
[rosmaster.master][INFO] 2019-06-06 09:02:05,412: +SUB [/gnss_control] /gnss_node http://10.0.0.166:41252/
[rosmaster.master][INFO] 2019-06-06 09:02:05,417: +PUB [/gnss_status] /gnss_node http://10.0.0.166:41252/
[rosmaster.master][INFO] 2019-06-06 09:02:05,423: +PUB [/mavlink/to] /gnss_node http://10.0.0.166:41252/
[rosmaster.master][INFO] 2019-06-06 09:02:05,483: +SUB [/STM1] /gnss_node http://10.0.0.166:41252/
[rosmaster.master][INFO] 2019-06-06 09:02:05,506: +SUB [/STM2] /gnss_node http://10.0.0.166:41252/
[rosmaster.master][INFO] 2019-06-06 09:02:05,529: +SUB [/STM4] /gnss_node http://10.0.0.166:41252/
[rosmaster.master][INFO] 2019-06-06 09:02:49,562: -SUB [/STM4] /gnss_node http://10.0.0.166:41252/
[rosmaster.master][INFO] 2019-06-06 09:02:49,563: -SUB [/gnss_control] /gnss_node http://10.0.0.166:41252/
[rosmaster.master][INFO] 2019-06-06 09:02:49,564: -SUB [/STM1] /gnss_node http://10.0.0.166:41252/
[rosmaster.master][INFO] 2019-06-06 09:02:49,564: -SUB [/STM2] /gnss_node http://10.0.0.166:41252/
[rosmaster.master][INFO] 2019-06-06 09:02:49,565: -PUB [/gnss_status] /gnss_node http://10.0.0.166:41252/
[rosmaster.master][INFO] 2019-06-06 09:02:49,565: -PUB [/rosout] /gnss_node http://10.0.0.166:41252/
[rosmaster.master][INFO] 2019-06-06 09:02:49,566: -PUB [/mavlink/to] /gnss_node http://10.0.0.166:41252/
[rosmaster.master][INFO] 2019-06-06 09:02:49,567: -SERVICE [/gnss_node/get_loggers] /gnss_node rosrpc://10.0.0.166:45869
[rosmaster.master][INFO] 2019-06-06 09:02:49,567: -SERVICE [/gnss_node/set_logger_level] /gnss_node rosrpc://10.0.0.166:45869
[rosmaster.master][INFO] 2019-06-06 09:02:49,612: publisherUpdate[/rosout] -> http://10.0.0.166:34742/ []
[rosmaster.master][INFO] 2019-06-06 09:02:49,615: publisherUpdate[/rosout] -> http://10.0.0.166:34742/ []: sec=0.00, result=[1, '', 0]
[rosmaster.master][INFO] 2019-06-06 09:03:00,245: -PUB [/rosout_agg] /rosout http://10.0.0.166:34742/
[rosmaster.master][INFO] 2019-06-06 09:03:00,249: -SUB [/rosout] /rosout http://10.0.0.166:34742/
[rosmaster.master][INFO] 2019-06-06 09:03:00,253: -SERVICE [/rosout/get_loggers] /rosout rosrpc://10.0.0.166:46474
[rosmaster.master][INFO] 2019-06-06 09:03:00,257: -SERVICE [/rosout/set_logger_level] /rosout rosrpc://10.0.0.166:46474
[rosmaster.main][INFO] 2019-06-06 09:03:00,396: keyboard interrupt, will exit
[rosmaster.main][INFO] 2019-06-06 09:03:00,397: stopping master...
[rospy.core][INFO] 2019-06-06 09:03:00,397: signal_shutdown [atexit]
