[rosmaster.main][INFO] 2019-06-03 09:25:06,776: initialization complete, waiting for shutdown
[rosmaster.main][INFO] 2019-06-03 09:25:06,776: Starting ROS Master Node
[xmlrpc][INFO] 2019-06-03 09:25:06,781: XML-RPC server binding to 0.0.0.0:11311
[xmlrpc][INFO] 2019-06-03 09:25:06,782: Started XML-RPC server [http://10.0.0.166:11311/]
[xmlrpc][INFO] 2019-06-03 09:25:06,782: xml rpc node: starting XML-RPC server
[rosmaster.master][INFO] 2019-06-03 09:25:06,783: Master initialized: port[11311], uri[http://10.0.0.166:11311/]
[rosmaster.master][INFO] 2019-06-03 09:25:06,869: +PARAM [/run_id] by /roslaunch
[rosmaster.master][INFO] 2019-06-03 09:25:06,875: +PARAM [/roslaunch/uris/host_10_0_0_166__39880] by /roslaunch
[rosmaster.master][INFO] 2019-06-03 09:25:07,317: +SERVICE [/rosout/get_loggers] /rosout http://10.0.0.166:35933/
[rosmaster.master][INFO] 2019-06-03 09:25:07,384: +SERVICE [/rosout/set_logger_level] /rosout http://10.0.0.166:35933/
[rosmaster.master][INFO] 2019-06-03 09:25:07,393: +PARAM [/STM2-CFG35/msgClass] by /roslaunch
[rosmaster.master][INFO] 2019-06-03 09:25:07,394: +PARAM [/STM2-CFG32/desc] by /roslaunch
[rosmaster.master][INFO] 2019-06-03 09:25:07,396: +PARAM [/STM2-CFG07/class] by /roslaunch
[rosmaster.master][INFO] 2019-06-03 09:25:07,396: +PARAM [/STM2-CFG07/desc] by /roslaunch
[rosmaster.master][INFO] 2019-06-03 09:25:07,397: +PARAM [/STM2-CFG03/id] by /roslaunch
[rosmaster.master][INFO] 2019-06-03 09:25:07,398: +PARAM [/STM2-CFG30/class] by /roslaunch
[rosmaster.master][INFO] 2019-06-03 09:25:07,400: +PUB [/rosout_agg] /rosout http://10.0.0.166:35933/
[rosmaster.master][INFO] 2019-06-03 09:25:07,400: +PARAM [/STM2-CFG32/msgClass] by /roslaunch
[rosmaster.master][INFO] 2019-06-03 09:25:07,401: +PARAM [/STM2-CFG34/ioPorts] by /roslaunch
[rosmaster.master][INFO] 2019-06-03 09:25:07,401: +PARAM [/STM2-CFG37/ioPorts] by /roslaunch
[rosmaster.master][INFO] 2019-06-03 09:25:07,402: +PARAM [/STM2-CFG33/ioPorts] by /roslaunch
[rosmaster.master][INFO] 2019-06-03 09:25:07,403: +PARAM [/STM2/retry] by /roslaunch
[rosmaster.master][INFO] 2019-06-03 09:25:07,403: +PARAM [/STM2-CFG31/id] by /roslaunch
[rosmaster.master][INFO] 2019-06-03 09:25:07,404: +PARAM [/STM2-CFG38/ioPorts] by /roslaunch
[rosmaster.master][INFO] 2019-06-03 09:25:07,404: +PARAM [/STM2-CFG30/msgId] by /roslaunch
[rosmaster.master][INFO] 2019-06-03 09:25:07,406: +PARAM [/STM2-CFG62/id] by /roslaunch
[rosmaster.master][INFO] 2019-06-03 09:25:07,406: +PARAM [/STM2-CFG62/desc] by /roslaunch
[rosmaster.master][INFO] 2019-06-03 09:25:07,407: +PARAM [/STM2-CFG42/ioPorts] by /roslaunch
[rosmaster.master][INFO] 2019-06-03 09:25:07,407: +PARAM [/STM2-CFG04/ioPorts] by /roslaunch
[rosmaster.master][INFO] 2019-06-03 09:25:07,408: +PARAM [/STM2-CFG39/id] by /roslaunch
[rosmaster.master][INFO] 2019-06-03 09:25:07,410: +PARAM [/STM2-CFG32/msgId] by /roslaunch
[rosmaster.master][INFO] 2019-06-03 09:25:07,412: +PARAM [/STM2-CFG40/msgId] by /roslaunch
[rosmaster.master][INFO] 2019-06-03 09:25:07,414: +PARAM [/STM2-CFG41/id] by /roslaunch
[rosmaster.master][INFO] 2019-06-03 09:25:07,415: +PARAM [/STM2-CFG30/ioPorts] by /roslaunch
[rosmaster.master][INFO] 2019-06-03 09:25:07,416: +PARAM [/STM2-CFG61/class] by /roslaunch
[rosmaster.master][INFO] 2019-06-03 09:25:07,416: +PARAM [/STM2-CFG33/msgClass] by /roslaunch
[rosmaster.master][INFO] 2019-06-03 09:25:07,416: +PARAM [/STM2-CFG61/msgId] by /roslaunch
[rosmaster.master][INFO] 2019-06-03 09:25:07,420: +SUB [/rosout] /rosout http://10.0.0.166:35933/
[rosmaster.master][INFO] 2019-06-03 09:25:07,420: +PARAM [/STM2/QUEUE2/name] by /roslaunch
[rosmaster.master][INFO] 2019-06-03 09:25:07,421: +PARAM [/STM2-CFG37/id] by /roslaunch
[rosmaster.master][INFO] 2019-06-03 09:25:07,422: +PARAM [/STM2/QUEUE2/rw] by /roslaunch
[rosmaster.master][INFO] 2019-06-03 09:25:07,422: +PARAM [/STM2-CFG04/id] by /roslaunch
[rosmaster.master][INFO] 2019-06-03 09:25:07,423: +PARAM [/STM1/port] by /roslaunch
[rosmaster.master][INFO] 2019-06-03 09:25:07,423: +PARAM [/STM2-CFG03/class] by /roslaunch
[rosmaster.master][INFO] 2019-06-03 09:25:07,423: +PARAM [/STM2-CFG41/msgClass] by /roslaunch
[rosmaster.master][INFO] 2019-06-03 09:25:07,424: +PARAM [/STM2-CFG35/class] by /roslaunch
[rosmaster.master][INFO] 2019-06-03 09:25:07,424: +PARAM [/STM2-CFG40/class] by /roslaunch
[rosmaster.master][INFO] 2019-06-03 09:25:07,424: +PARAM [/STM2-CFG34/id] by /roslaunch
[rosmaster.master][INFO] 2019-06-03 09:25:07,424: +PARAM [/STM1/desc] by /roslaunch
[rosmaster.master][INFO] 2019-06-03 09:25:07,425: +PARAM [/STM2-CFG60/ioPorts] by /roslaunch
[rosmaster.master][INFO] 2019-06-03 09:25:07,425: +PARAM [/STM1/QUEUE1/rw] by /roslaunch
[rosmaster.master][INFO] 2019-06-03 09:25:07,425: +PARAM [/STM2-CFG05/desc] by /roslaunch
[rosmaster.master][INFO] 2019-06-03 09:25:07,426: +PARAM [/STM2-CFG06/class] by /roslaunch
[rosmaster.master][INFO] 2019-06-03 09:25:07,426: +PARAM [/STM2-CFG81/prot_in] by /roslaunch
[rosmaster.master][INFO] 2019-06-03 09:25:07,426: +PARAM [/STM2-CFG81/prot_out] by /roslaunch
[rosmaster.master][INFO] 2019-06-03 09:25:07,426: +PARAM [/STM2-CFG03/msgId] by /roslaunch
[rosmaster.master][INFO] 2019-06-03 09:25:07,427: +PARAM [/STM4/listener] by /roslaunch
[rosmaster.master][INFO] 2019-06-03 09:25:07,427: +PARAM [/STM2-CFG38/id] by /roslaunch
[rosmaster.master][INFO] 2019-06-03 09:25:07,427: +PARAM [/STM2-CFG63/ioPorts] by /roslaunch
[rosmaster.master][INFO] 2019-06-03 09:25:07,428: +PARAM [/STM2-CFG60/id] by /roslaunch
[rosmaster.master][INFO] 2019-06-03 09:25:07,428: +PARAM [/STM2/QUEUE2/type] by /roslaunch
[rosmaster.master][INFO] 2019-06-03 09:25:07,428: +PARAM [/STM2-CFG08/class] by /roslaunch
[rosmaster.master][INFO] 2019-06-03 09:25:07,428: +PARAM [/STM2-CFG40/ioPorts] by /roslaunch
[rosmaster.master][INFO] 2019-06-03 09:25:07,429: +PARAM [/STM2-CFG30/desc] by /roslaunch
[rosmaster.master][INFO] 2019-06-03 09:25:07,429: +PARAM [/STM2-CFG07/msgId] by /roslaunch
[rosmaster.master][INFO] 2019-06-03 09:25:07,429: +PARAM [/STM2-CFG63/desc] by /roslaunch
[rosmaster.master][INFO] 2019-06-03 09:25:07,429: +PARAM [/STM2-CFG41/msgId] by /roslaunch
[rosmaster.master][INFO] 2019-06-03 09:25:07,430: +PARAM [/STM2-CFG04/msgClass] by /roslaunch
[rosmaster.master][INFO] 2019-06-03 09:25:07,430: +PARAM [/STM2-CFG35/desc] by /roslaunch
[rosmaster.master][INFO] 2019-06-03 09:25:07,430: +PARAM [/STM2-CFG36/class] by /roslaunch
[rosmaster.master][INFO] 2019-06-03 09:25:07,431: +PARAM [/STM4/port] by /roslaunch
[rosmaster.master][INFO] 2019-06-03 09:25:07,431: +PARAM [/STM2-CFG06/msgId] by /roslaunch
[rosmaster.master][INFO] 2019-06-03 09:25:07,431: +PARAM [/rosdistro] by /roslaunch
[rosmaster.master][INFO] 2019-06-03 09:25:07,431: +PARAM [/STM2-CFG41/desc] by /roslaunch
[rosmaster.master][INFO] 2019-06-03 09:25:07,432: +PARAM [/STM2-CFG63/id] by /roslaunch
[rosmaster.master][INFO] 2019-06-03 09:25:07,432: +PARAM [/STM2-CFG39/msgClass] by /roslaunch
[rosmaster.master][INFO] 2019-06-03 09:25:07,432: +PARAM [/STM2-CFG08/msgId] by /roslaunch
[rosmaster.master][INFO] 2019-06-03 09:25:07,432: +PARAM [/STM2-CFG42/msgClass] by /roslaunch
[rosmaster.master][INFO] 2019-06-03 09:25:07,433: +PARAM [/STM4/type] by /roslaunch
[rosmaster.master][INFO] 2019-06-03 09:25:07,433: +PARAM [/STM2-CFG39/desc] by /roslaunch
[rosmaster.master][INFO] 2019-06-03 09:25:07,433: +PARAM [/STM2/port] by /roslaunch
[rosmaster.master][INFO] 2019-06-03 09:25:07,434: +PARAM [/STM1/host] by /roslaunch
[rosmaster.master][INFO] 2019-06-03 09:25:07,434: +PARAM [/STM2-CFG31/ioPorts] by /roslaunch
[rosmaster.master][INFO] 2019-06-03 09:25:07,434: +PARAM [/STM2-CFG33/desc] by /roslaunch
[rosmaster.master][INFO] 2019-06-03 09:25:07,434: +PARAM [/STM2-CFG04/desc] by /roslaunch
[rosmaster.master][INFO] 2019-06-03 09:25:07,435: +PARAM [/STM1/QUEUE2/rw] by /roslaunch
[rosmaster.master][INFO] 2019-06-03 09:25:07,435: +PARAM [/STM4/host] by /roslaunch
[rosmaster.master][INFO] 2019-06-03 09:25:07,435: +PARAM [/STM2-CFG41/ioPorts] by /roslaunch
[rosmaster.master][INFO] 2019-06-03 09:25:07,436: +PARAM [/STM2-CFG03/desc] by /roslaunch
[rosmaster.master][INFO] 2019-06-03 09:25:07,436: +PARAM [/STM1/retry] by /roslaunch
[rosmaster.master][INFO] 2019-06-03 09:25:07,436: +PARAM [/STM2/QUEUE1/rw] by /roslaunch
[rosmaster.master][INFO] 2019-06-03 09:25:07,436: +PARAM [/STM2-CFG37/msgId] by /roslaunch
[rosmaster.master][INFO] 2019-06-03 09:25:07,437: +PARAM [/STM2-CFG30/id] by /roslaunch
[rosmaster.master][INFO] 2019-06-03 09:25:07,437: +PARAM [/STM2-CFG60/msgId] by /roslaunch
[rosmaster.master][INFO] 2019-06-03 09:25:07,437: +PARAM [/STM2-CFG07/msgClass] by /roslaunch
[rosmaster.master][INFO] 2019-06-03 09:25:07,438: +PARAM [/STM2-CFG40/id] by /roslaunch
[rosmaster.master][INFO] 2019-06-03 09:25:07,438: +PARAM [/STM2-CFG33/id] by /roslaunch
[rosmaster.master][INFO] 2019-06-03 09:25:07,438: +PARAM [/STM2-CFG38/desc] by /roslaunch
[rosmaster.master][INFO] 2019-06-03 09:25:07,438: +PARAM [/STM2-CFG63/class] by /roslaunch
[rosmaster.master][INFO] 2019-06-03 09:25:07,439: +PARAM [/STM2-CFG32/id] by /roslaunch
[rosmaster.master][INFO] 2019-06-03 09:25:07,439: +PARAM [/STM2-CFG06/id] by /roslaunch
[rosmaster.master][INFO] 2019-06-03 09:25:07,439: +PARAM [/STM2-CFG41/class] by /roslaunch
[rosmaster.master][INFO] 2019-06-03 09:25:07,439: +PARAM [/STM2-CFG06/desc] by /roslaunch
[rosmaster.master][INFO] 2019-06-03 09:25:07,440: +PARAM [/STM2-CFG63/msgId] by /roslaunch
[rosmaster.master][INFO] 2019-06-03 09:25:07,440: +PARAM [/STM2-CFG42/msgId] by /roslaunch
[rosmaster.master][INFO] 2019-06-03 09:25:07,440: +PARAM [/STM2-CFG36/msgId] by /roslaunch
[rosmaster.master][INFO] 2019-06-03 09:25:07,441: +PARAM [/STM2-CFG81/id] by /roslaunch
[rosmaster.master][INFO] 2019-06-03 09:25:07,441: +PARAM [/STM2-CFG35/id] by /roslaunch
[rosmaster.master][INFO] 2019-06-03 09:25:07,441: +PARAM [/STM2/QUEUE1/type] by /roslaunch
[rosmaster.master][INFO] 2019-06-03 09:25:07,441: +PARAM [/STM2-CFG62/msgClass] by /roslaunch
[rosmaster.master][INFO] 2019-06-03 09:25:07,442: +PARAM [/STM2/timeout] by /roslaunch
[rosmaster.master][INFO] 2019-06-03 09:25:07,442: +PARAM [/STM2-CFG05/id] by /roslaunch
[rosmaster.master][INFO] 2019-06-03 09:25:07,442: +PARAM [/STM1/QUEUE1/name] by /roslaunch
[rosmaster.master][INFO] 2019-06-03 09:25:07,443: +PARAM [/STM2-CFG33/msgId] by /roslaunch
[rosmaster.master][INFO] 2019-06-03 09:25:07,443: +PARAM [/STM2-CFG08/ioPorts] by /roslaunch
[rosmaster.master][INFO] 2019-06-03 09:25:07,443: +PARAM [/STM2-CFG62/class] by /roslaunch
[rosmaster.master][INFO] 2019-06-03 09:25:07,443: +PARAM [/STM2-CFG34/class] by /roslaunch
[rosmaster.master][INFO] 2019-06-03 09:25:07,444: +PARAM [/STM2-CFG35/msgId] by /roslaunch
[rosmaster.master][INFO] 2019-06-03 09:25:07,444: +PARAM [/STM2-CFG30/msgClass] by /roslaunch
[rosmaster.master][INFO] 2019-06-03 09:25:07,444: +PARAM [/STM2-CFG34/desc] by /roslaunch
[rosmaster.master][INFO] 2019-06-03 09:25:07,444: +PARAM [/STM2-CFG62/msgId] by /roslaunch
[rosmaster.master][INFO] 2019-06-03 09:25:07,445: +PARAM [/STM2-CFG42/desc] by /roslaunch
[rosmaster.master][INFO] 2019-06-03 09:25:07,445: +PARAM [/STM2-CFG61/id] by /roslaunch
[rosmaster.master][INFO] 2019-06-03 09:25:07,445: +PARAM [/STM4/retry] by /roslaunch
[rosmaster.master][INFO] 2019-06-03 09:25:07,446: +PARAM [/STM2-CFG38/class] by /roslaunch
[rosmaster.master][INFO] 2019-06-03 09:25:07,446: +PARAM [/STM2-CFG81/class] by /roslaunch
[rosmaster.master][INFO] 2019-06-03 09:25:07,446: +PARAM [/STM2/type] by /roslaunch
[rosmaster.master][INFO] 2019-06-03 09:25:07,446: +PARAM [/STM2-CFG31/msgClass] by /roslaunch
[rosmaster.master][INFO] 2019-06-03 09:25:07,447: +PARAM [/STM2-CFG05/ioPorts] by /roslaunch
[rosmaster.master][INFO] 2019-06-03 09:25:07,447: +PARAM [/STM2-CFG31/class] by /roslaunch
[rosmaster.master][INFO] 2019-06-03 09:25:07,447: +PARAM [/STM2-CFG35/ioPorts] by /roslaunch
[rosmaster.master][INFO] 2019-06-03 09:25:07,448: +PARAM [/STM2-CFG36/desc] by /roslaunch
[rosmaster.master][INFO] 2019-06-03 09:25:07,448: +PARAM [/STM2-CFG32/class] by /roslaunch
[rosmaster.master][INFO] 2019-06-03 09:25:07,448: +PARAM [/STM2-CFG61/ioPorts] by /roslaunch
[rosmaster.master][INFO] 2019-06-03 09:25:07,449: +PARAM [/STM2-CFG07/ioPorts] by /roslaunch
[rosmaster.master][INFO] 2019-06-03 09:25:07,449: +PARAM [/STM2/desc] by /roslaunch
[rosmaster.master][INFO] 2019-06-03 09:25:07,449: +PARAM [/STM2-CFG03/ioPorts] by /roslaunch
[rosmaster.master][INFO] 2019-06-03 09:25:07,450: +PARAM [/STM2-CFG37/desc] by /roslaunch
[rosmaster.master][INFO] 2019-06-03 09:25:07,450: +PARAM [/STM1/QUEUE1/type] by /roslaunch
[rosmaster.master][INFO] 2019-06-03 09:25:07,450: +PARAM [/STM2-CFG04/msgId] by /roslaunch
[rosmaster.master][INFO] 2019-06-03 09:25:07,451: +PARAM [/STM2-CFG36/msgClass] by /roslaunch
[rosmaster.master][INFO] 2019-06-03 09:25:07,451: +PARAM [/STM1/QUEUE2/type] by /roslaunch
[rosmaster.master][INFO] 2019-06-03 09:25:07,451: +PARAM [/STM2-CFG40/desc] by /roslaunch
[rosmaster.master][INFO] 2019-06-03 09:25:07,452: +PARAM [/STM1/type] by /roslaunch
[rosmaster.master][INFO] 2019-06-03 09:25:07,452: +PARAM [/STM2-CFG36/ioPorts] by /roslaunch
[rosmaster.master][INFO] 2019-06-03 09:25:07,452: +PARAM [/STM2-CFG40/msgClass] by /roslaunch
[rosmaster.master][INFO] 2019-06-03 09:25:07,452: +PARAM [/STM2-CFG39/msgId] by /roslaunch
[rosmaster.master][INFO] 2019-06-03 09:25:07,453: +PARAM [/STM2-CFG60/msgClass] by /roslaunch
[rosmaster.master][INFO] 2019-06-03 09:25:07,453: +PARAM [/STM4/desc] by /roslaunch
[rosmaster.master][INFO] 2019-06-03 09:25:07,453: +PARAM [/STM2-CFG06/msgClass] by /roslaunch
[rosmaster.master][INFO] 2019-06-03 09:25:07,454: +PARAM [/STM2-CFG36/id] by /roslaunch
[rosmaster.master][INFO] 2019-06-03 09:25:07,454: +PARAM [/STM2-CFG61/msgClass] by /roslaunch
[rosmaster.master][INFO] 2019-06-03 09:25:07,454: +PARAM [/STM2-CFG37/msgClass] by /roslaunch
[rosmaster.master][INFO] 2019-06-03 09:25:07,455: +PARAM [/STM2-CFG05/msgId] by /roslaunch
[rosmaster.master][INFO] 2019-06-03 09:25:07,455: +PARAM [/STM2-CFG08/id] by /roslaunch
[rosmaster.master][INFO] 2019-06-03 09:25:07,455: +PARAM [/STM2-CFG81/rate] by /roslaunch
[rosmaster.master][INFO] 2019-06-03 09:25:07,456: +PARAM [/STM2-CFG38/msgClass] by /roslaunch
[rosmaster.master][INFO] 2019-06-03 09:25:07,456: +PARAM [/STM2-CFG34/msgId] by /roslaunch
[rosmaster.master][INFO] 2019-06-03 09:25:07,456: +PARAM [/STM2-CFG39/class] by /roslaunch
[rosmaster.master][INFO] 2019-06-03 09:25:07,456: +PARAM [/STM2-CFG38/msgId] by /roslaunch
[rosmaster.master][INFO] 2019-06-03 09:25:07,457: +PARAM [/STM2-CFG62/ioPorts] by /roslaunch
[rosmaster.master][INFO] 2019-06-03 09:25:07,457: +PARAM [/STM2-CFG42/id] by /roslaunch
[rosmaster.master][INFO] 2019-06-03 09:25:07,457: +PARAM [/STM2-CFG05/msgClass] by /roslaunch
[rosmaster.master][INFO] 2019-06-03 09:25:07,458: +PARAM [/STM2-CFG31/desc] by /roslaunch
[rosmaster.master][INFO] 2019-06-03 09:25:07,458: +PARAM [/STM2-CFG32/ioPorts] by /roslaunch
[rosmaster.master][INFO] 2019-06-03 09:25:07,458: +PARAM [/STM2-CFG04/class] by /roslaunch
[rosmaster.master][INFO] 2019-06-03 09:25:07,459: +PARAM [/STM2/QUEUE1/name] by /roslaunch
[rosmaster.master][INFO] 2019-06-03 09:25:07,459: +PARAM [/STM2-CFG63/msgClass] by /roslaunch
[rosmaster.master][INFO] 2019-06-03 09:25:07,459: +PARAM [/STM2-CFG03/msgClass] by /roslaunch
[rosmaster.master][INFO] 2019-06-03 09:25:07,460: +PARAM [/STM2-CFG08/desc] by /roslaunch
[rosmaster.master][INFO] 2019-06-03 09:25:07,460: +PARAM [/STM2-CFG60/class] by /roslaunch
[rosmaster.master][INFO] 2019-06-03 09:25:07,460: +PARAM [/STM2-CFG34/msgClass] by /roslaunch
[rosmaster.master][INFO] 2019-06-03 09:25:07,461: +PARAM [/rosversion] by /roslaunch
[rosmaster.master][INFO] 2019-06-03 09:25:07,461: +PARAM [/STM2-CFG07/id] by /roslaunch
[rosmaster.master][INFO] 2019-06-03 09:25:07,461: +PARAM [/STM2-CFG37/class] by /roslaunch
[rosmaster.master][INFO] 2019-06-03 09:25:07,461: +PARAM [/STM2-CFG61/desc] by /roslaunch
[rosmaster.master][INFO] 2019-06-03 09:25:07,462: +PARAM [/STM2-CFG60/desc] by /roslaunch
[rosmaster.master][INFO] 2019-06-03 09:25:07,462: +PARAM [/STM2-CFG81/desc] by /roslaunch
[rosmaster.master][INFO] 2019-06-03 09:25:07,462: +PARAM [/STM2-CFG05/class] by /roslaunch
[rosmaster.master][INFO] 2019-06-03 09:25:07,463: +PARAM [/STM1/QUEUE2/name] by /roslaunch
[rosmaster.master][INFO] 2019-06-03 09:25:07,463: +PARAM [/STM2-CFG08/msgClass] by /roslaunch
[rosmaster.master][INFO] 2019-06-03 09:25:07,463: +PARAM [/STM2-CFG31/msgId] by /roslaunch
[rosmaster.master][INFO] 2019-06-03 09:25:07,464: +PARAM [/STM2-CFG39/ioPorts] by /roslaunch
[rosmaster.master][INFO] 2019-06-03 09:25:07,464: +PARAM [/STM2-CFG06/ioPorts] by /roslaunch
[rosmaster.master][INFO] 2019-06-03 09:25:07,464: +PARAM [/STM2-CFG42/class] by /roslaunch
[rosmaster.master][INFO] 2019-06-03 09:25:07,465: +PARAM [/STM2-CFG33/class] by /roslaunch
[rosmaster.master][INFO] 2019-06-03 09:25:07,465: +PARAM [/STM2/baudrate] by /roslaunch
[rosmaster.master][INFO] 2019-06-03 09:25:10,526: -PUB [/rosout_agg] /rosout http://10.0.0.166:35933/
[rosmaster.master][INFO] 2019-06-03 09:25:10,531: -SUB [/rosout] /rosout http://10.0.0.166:35933/
[rosmaster.master][INFO] 2019-06-03 09:25:10,534: -SERVICE [/rosout/get_loggers] /rosout rosrpc://10.0.0.166:49118
[rosmaster.master][INFO] 2019-06-03 09:25:10,537: -SERVICE [/rosout/set_logger_level] /rosout rosrpc://10.0.0.166:49118
[rosmaster.main][INFO] 2019-06-03 09:25:10,641: keyboard interrupt, will exit
[rosmaster.main][INFO] 2019-06-03 09:25:10,642: stopping master...
[rospy.core][INFO] 2019-06-03 09:25:10,642: signal_shutdown [atexit]
