[rosmaster.main][INFO] 2019-06-02 16:08:23,645: initialization complete, waiting for shutdown
[rosmaster.main][INFO] 2019-06-02 16:08:23,646: Starting ROS Master Node
[xmlrpc][INFO] 2019-06-02 16:08:23,650: XML-RPC server binding to 0.0.0.0:11311
[xmlrpc][INFO] 2019-06-02 16:08:23,652: Started XML-RPC server [http://10.0.0.166:11311/]
[rosmaster.master][INFO] 2019-06-02 16:08:23,652: Master initialized: port[11311], uri[http://10.0.0.166:11311/]
[xmlrpc][INFO] 2019-06-02 16:08:23,652: xml rpc node: starting XML-RPC server
[rosmaster.master][INFO] 2019-06-02 16:08:23,735: +PARAM [/run_id] by /roslaunch
[rosmaster.master][INFO] 2019-06-02 16:08:23,739: +PARAM [/roslaunch/uris/host_10_0_0_166__33960] by /roslaunch
[rosmaster.master][INFO] 2019-06-02 16:08:24,194: +SERVICE [/rosout/get_loggers] /rosout http://10.0.0.166:43812/
[rosmaster.master][INFO] 2019-06-02 16:08:24,197: +SERVICE [/rosout/set_logger_level] /rosout http://10.0.0.166:43812/
[rosmaster.master][INFO] 2019-06-02 16:08:24,280: +PARAM [/STM2-CFG35/msgClass] by /roslaunch
[rosmaster.master][INFO] 2019-06-02 16:08:24,280: +PARAM [/STM2-CFG32/desc] by /roslaunch
[rosmaster.master][INFO] 2019-06-02 16:08:24,280: +PARAM [/STM2-CFG07/class] by /roslaunch
[rosmaster.master][INFO] 2019-06-02 16:08:24,281: +PARAM [/STM2-CFG07/desc] by /roslaunch
[rosmaster.master][INFO] 2019-06-02 16:08:24,281: +PARAM [/STM2-CFG03/id] by /roslaunch
[rosmaster.master][INFO] 2019-06-02 16:08:24,281: +PARAM [/STM2-CFG30/class] by /roslaunch
[rosmaster.master][INFO] 2019-06-02 16:08:24,282: +PARAM [/STM2-CFG32/msgClass] by /roslaunch
[rosmaster.master][INFO] 2019-06-02 16:08:24,282: +PARAM [/STM2-CFG34/ioPorts] by /roslaunch
[rosmaster.master][INFO] 2019-06-02 16:08:24,282: +PARAM [/STM2-CFG37/ioPorts] by /roslaunch
[rosmaster.master][INFO] 2019-06-02 16:08:24,283: +PARAM [/STM2-CFG33/ioPorts] by /roslaunch
[rosmaster.master][INFO] 2019-06-02 16:08:24,283: +PARAM [/STM2/retry] by /roslaunch
[rosmaster.master][INFO] 2019-06-02 16:08:24,283: +PARAM [/STM2-CFG31/id] by /roslaunch
[rosmaster.master][INFO] 2019-06-02 16:08:24,284: +PARAM [/STM2-CFG38/ioPorts] by /roslaunch
[rosmaster.master][INFO] 2019-06-02 16:08:24,284: +PARAM [/STM2-CFG30/msgId] by /roslaunch
[rosmaster.master][INFO] 2019-06-02 16:08:24,284: +PARAM [/STM2-CFG62/id] by /roslaunch
[rosmaster.master][INFO] 2019-06-02 16:08:24,284: +PARAM [/STM2-CFG62/desc] by /roslaunch
[rosmaster.master][INFO] 2019-06-02 16:08:24,285: +PARAM [/STM2-CFG42/ioPorts] by /roslaunch
[rosmaster.master][INFO] 2019-06-02 16:08:24,285: +PARAM [/STM2-CFG04/ioPorts] by /roslaunch
[rosmaster.master][INFO] 2019-06-02 16:08:24,285: +PARAM [/STM2-CFG39/id] by /roslaunch
[rosmaster.master][INFO] 2019-06-02 16:08:24,286: +PARAM [/STM2-CFG32/msgId] by /roslaunch
[rosmaster.master][INFO] 2019-06-02 16:08:24,288: +PARAM [/STM2-CFG40/msgId] by /roslaunch
[rosmaster.master][INFO] 2019-06-02 16:08:24,289: +PARAM [/STM2-CFG41/id] by /roslaunch
[rosmaster.master][INFO] 2019-06-02 16:08:24,290: +PUB [/rosout_agg] /rosout http://10.0.0.166:43812/
[rosmaster.master][INFO] 2019-06-02 16:08:24,291: +PARAM [/STM2-CFG30/ioPorts] by /roslaunch
[rosmaster.master][INFO] 2019-06-02 16:08:24,292: +PARAM [/STM2-CFG61/class] by /roslaunch
[rosmaster.master][INFO] 2019-06-02 16:08:24,292: +PARAM [/STM2-CFG33/msgClass] by /roslaunch
[rosmaster.master][INFO] 2019-06-02 16:08:24,293: +PARAM [/STM2-CFG61/msgId] by /roslaunch
[rosmaster.master][INFO] 2019-06-02 16:08:24,294: +PARAM [/STM2/QUEUE2/name] by /roslaunch
[rosmaster.master][INFO] 2019-06-02 16:08:24,294: +PARAM [/STM2-CFG37/id] by /roslaunch
[rosmaster.master][INFO] 2019-06-02 16:08:24,295: +PARAM [/STM2/QUEUE2/rw] by /roslaunch
[rosmaster.master][INFO] 2019-06-02 16:08:24,295: +PARAM [/STM2-CFG04/id] by /roslaunch
[rosmaster.master][INFO] 2019-06-02 16:08:24,295: +PARAM [/STM1/port] by /roslaunch
[rosmaster.master][INFO] 2019-06-02 16:08:24,295: +PARAM [/STM2-CFG03/class] by /roslaunch
[rosmaster.master][INFO] 2019-06-02 16:08:24,296: +PARAM [/STM2-CFG41/msgClass] by /roslaunch
[rosmaster.master][INFO] 2019-06-02 16:08:24,296: +PARAM [/STM2-CFG35/class] by /roslaunch
[rosmaster.master][INFO] 2019-06-02 16:08:24,296: +PARAM [/STM2-CFG40/class] by /roslaunch
[rosmaster.master][INFO] 2019-06-02 16:08:24,297: +PARAM [/STM2-CFG34/id] by /roslaunch
[rosmaster.master][INFO] 2019-06-02 16:08:24,297: +PARAM [/STM1/desc] by /roslaunch
[rosmaster.master][INFO] 2019-06-02 16:08:24,297: +PARAM [/STM2-CFG60/ioPorts] by /roslaunch
[rosmaster.master][INFO] 2019-06-02 16:08:24,298: +PARAM [/STM1/QUEUE1/rw] by /roslaunch
[rosmaster.master][INFO] 2019-06-02 16:08:24,298: +PARAM [/STM2-CFG05/desc] by /roslaunch
[rosmaster.master][INFO] 2019-06-02 16:08:24,298: +PARAM [/STM2-CFG06/class] by /roslaunch
[rosmaster.master][INFO] 2019-06-02 16:08:24,299: +PARAM [/STM2-CFG81/prot_in] by /roslaunch
[rosmaster.master][INFO] 2019-06-02 16:08:24,299: +PARAM [/STM2-CFG81/prot_out] by /roslaunch
[rosmaster.master][INFO] 2019-06-02 16:08:24,301: +PARAM [/STM2-CFG03/msgId] by /roslaunch
[rosmaster.master][INFO] 2019-06-02 16:08:24,301: +PARAM [/STM4/listener] by /roslaunch
[rosmaster.master][INFO] 2019-06-02 16:08:24,302: +PARAM [/STM2-CFG38/id] by /roslaunch
[rosmaster.master][INFO] 2019-06-02 16:08:24,303: +PARAM [/STM2-CFG63/ioPorts] by /roslaunch
[rosmaster.master][INFO] 2019-06-02 16:08:24,304: +PARAM [/STM2-CFG60/id] by /roslaunch
[rosmaster.master][INFO] 2019-06-02 16:08:24,305: +PARAM [/STM2/QUEUE2/type] by /roslaunch
[rosmaster.master][INFO] 2019-06-02 16:08:24,306: +PARAM [/STM2-CFG08/class] by /roslaunch
[rosmaster.master][INFO] 2019-06-02 16:08:24,306: +PARAM [/STM2-CFG40/ioPorts] by /roslaunch
[rosmaster.master][INFO] 2019-06-02 16:08:24,308: +PARAM [/STM2-CFG30/desc] by /roslaunch
[rosmaster.master][INFO] 2019-06-02 16:08:24,308: +PARAM [/STM2-CFG07/msgId] by /roslaunch
[rosmaster.master][INFO] 2019-06-02 16:08:24,309: +PARAM [/STM2-CFG63/desc] by /roslaunch
[rosmaster.master][INFO] 2019-06-02 16:08:24,309: +PARAM [/STM2-CFG41/msgId] by /roslaunch
[rosmaster.master][INFO] 2019-06-02 16:08:24,310: +PARAM [/STM2-CFG04/msgClass] by /roslaunch
[rosmaster.master][INFO] 2019-06-02 16:08:24,311: +PARAM [/STM2-CFG35/desc] by /roslaunch
[rosmaster.master][INFO] 2019-06-02 16:08:24,312: +PARAM [/STM2-CFG36/class] by /roslaunch
[rosmaster.master][INFO] 2019-06-02 16:08:24,314: +PARAM [/STM4/port] by /roslaunch
[rosmaster.master][INFO] 2019-06-02 16:08:24,315: +PARAM [/STM2-CFG06/msgId] by /roslaunch
[rosmaster.master][INFO] 2019-06-02 16:08:24,315: +PARAM [/rosdistro] by /roslaunch
[rosmaster.master][INFO] 2019-06-02 16:08:24,316: +PARAM [/STM2-CFG41/desc] by /roslaunch
[rosmaster.master][INFO] 2019-06-02 16:08:24,316: +PARAM [/STM2-CFG63/id] by /roslaunch
[rosmaster.master][INFO] 2019-06-02 16:08:24,318: +SUB [/rosout] /rosout http://10.0.0.166:43812/
[rosmaster.master][INFO] 2019-06-02 16:08:24,318: +PARAM [/STM2-CFG39/msgClass] by /roslaunch
[rosmaster.master][INFO] 2019-06-02 16:08:24,319: +PARAM [/STM2-CFG08/msgId] by /roslaunch
[rosmaster.master][INFO] 2019-06-02 16:08:24,320: +PARAM [/STM2-CFG42/msgClass] by /roslaunch
[rosmaster.master][INFO] 2019-06-02 16:08:24,320: +PARAM [/STM4/type] by /roslaunch
[rosmaster.master][INFO] 2019-06-02 16:08:24,320: +PARAM [/STM2-CFG39/desc] by /roslaunch
[rosmaster.master][INFO] 2019-06-02 16:08:24,321: +PARAM [/STM2/port] by /roslaunch
[rosmaster.master][INFO] 2019-06-02 16:08:24,321: +PARAM [/STM1/host] by /roslaunch
[rosmaster.master][INFO] 2019-06-02 16:08:24,321: +PARAM [/STM2-CFG31/ioPorts] by /roslaunch
[rosmaster.master][INFO] 2019-06-02 16:08:24,322: +PARAM [/STM2-CFG33/desc] by /roslaunch
[rosmaster.master][INFO] 2019-06-02 16:08:24,322: +PARAM [/STM2-CFG04/desc] by /roslaunch
[rosmaster.master][INFO] 2019-06-02 16:08:24,322: +PARAM [/STM1/QUEUE2/rw] by /roslaunch
[rosmaster.master][INFO] 2019-06-02 16:08:24,323: +PARAM [/STM4/host] by /roslaunch
[rosmaster.master][INFO] 2019-06-02 16:08:24,323: +PARAM [/STM2-CFG41/ioPorts] by /roslaunch
[rosmaster.master][INFO] 2019-06-02 16:08:24,323: +PARAM [/STM2-CFG03/desc] by /roslaunch
[rosmaster.master][INFO] 2019-06-02 16:08:24,324: +PARAM [/STM1/retry] by /roslaunch
[rosmaster.master][INFO] 2019-06-02 16:08:24,324: +PARAM [/STM2/QUEUE1/rw] by /roslaunch
[rosmaster.master][INFO] 2019-06-02 16:08:24,324: +PARAM [/STM2-CFG37/msgId] by /roslaunch
[rosmaster.master][INFO] 2019-06-02 16:08:24,325: +PARAM [/STM2-CFG30/id] by /roslaunch
[rosmaster.master][INFO] 2019-06-02 16:08:24,325: +PARAM [/STM2-CFG60/msgId] by /roslaunch
[rosmaster.master][INFO] 2019-06-02 16:08:24,325: +PARAM [/STM2-CFG07/msgClass] by /roslaunch
[rosmaster.master][INFO] 2019-06-02 16:08:24,325: +PARAM [/STM2-CFG40/id] by /roslaunch
[rosmaster.master][INFO] 2019-06-02 16:08:24,326: +PARAM [/STM2-CFG33/id] by /roslaunch
[rosmaster.master][INFO] 2019-06-02 16:08:24,326: +PARAM [/STM2-CFG38/desc] by /roslaunch
[rosmaster.master][INFO] 2019-06-02 16:08:24,326: +PARAM [/STM2-CFG63/class] by /roslaunch
[rosmaster.master][INFO] 2019-06-02 16:08:24,327: +PARAM [/STM2-CFG32/id] by /roslaunch
[rosmaster.master][INFO] 2019-06-02 16:08:24,327: +PARAM [/STM2-CFG06/id] by /roslaunch
[rosmaster.master][INFO] 2019-06-02 16:08:24,327: +PARAM [/STM2-CFG41/class] by /roslaunch
[rosmaster.master][INFO] 2019-06-02 16:08:24,327: +PARAM [/STM2-CFG06/desc] by /roslaunch
[rosmaster.master][INFO] 2019-06-02 16:08:24,328: +PARAM [/STM2-CFG63/msgId] by /roslaunch
[rosmaster.master][INFO] 2019-06-02 16:08:24,328: +PARAM [/STM2-CFG42/msgId] by /roslaunch
[rosmaster.master][INFO] 2019-06-02 16:08:24,328: +PARAM [/STM2-CFG36/msgId] by /roslaunch
[rosmaster.master][INFO] 2019-06-02 16:08:24,329: +PARAM [/STM2-CFG81/id] by /roslaunch
[rosmaster.master][INFO] 2019-06-02 16:08:24,329: +PARAM [/STM2-CFG35/id] by /roslaunch
[rosmaster.master][INFO] 2019-06-02 16:08:24,329: +PARAM [/STM2/QUEUE1/type] by /roslaunch
[rosmaster.master][INFO] 2019-06-02 16:08:24,329: +PARAM [/STM2-CFG62/msgClass] by /roslaunch
[rosmaster.master][INFO] 2019-06-02 16:08:24,330: +PARAM [/STM2/timeout] by /roslaunch
[rosmaster.master][INFO] 2019-06-02 16:08:24,330: +PARAM [/STM2-CFG05/id] by /roslaunch
[rosmaster.master][INFO] 2019-06-02 16:08:24,330: +PARAM [/STM1/QUEUE1/name] by /roslaunch
[rosmaster.master][INFO] 2019-06-02 16:08:24,331: +PARAM [/STM2-CFG33/msgId] by /roslaunch
[rosmaster.master][INFO] 2019-06-02 16:08:24,331: +PARAM [/STM2-CFG08/ioPorts] by /roslaunch
[rosmaster.master][INFO] 2019-06-02 16:08:24,331: +PARAM [/STM2-CFG62/class] by /roslaunch
[rosmaster.master][INFO] 2019-06-02 16:08:24,331: +PARAM [/STM2-CFG34/class] by /roslaunch
[rosmaster.master][INFO] 2019-06-02 16:08:24,332: +PARAM [/STM2-CFG35/msgId] by /roslaunch
[rosmaster.master][INFO] 2019-06-02 16:08:24,332: +PARAM [/STM2-CFG30/msgClass] by /roslaunch
[rosmaster.master][INFO] 2019-06-02 16:08:24,332: +PARAM [/STM2-CFG34/desc] by /roslaunch
[rosmaster.master][INFO] 2019-06-02 16:08:24,332: +PARAM [/STM2-CFG62/msgId] by /roslaunch
[rosmaster.master][INFO] 2019-06-02 16:08:24,333: +PARAM [/STM2-CFG42/desc] by /roslaunch
[rosmaster.master][INFO] 2019-06-02 16:08:24,333: +PARAM [/STM2-CFG61/id] by /roslaunch
[rosmaster.master][INFO] 2019-06-02 16:08:24,333: +PARAM [/STM4/retry] by /roslaunch
[rosmaster.master][INFO] 2019-06-02 16:08:24,334: +PARAM [/STM2-CFG38/class] by /roslaunch
[rosmaster.master][INFO] 2019-06-02 16:08:24,334: +PARAM [/STM2-CFG81/class] by /roslaunch
[rosmaster.master][INFO] 2019-06-02 16:08:24,334: +PARAM [/STM2/type] by /roslaunch
[rosmaster.master][INFO] 2019-06-02 16:08:24,335: +PARAM [/STM2-CFG31/msgClass] by /roslaunch
[rosmaster.master][INFO] 2019-06-02 16:08:24,335: +PARAM [/STM2-CFG05/ioPorts] by /roslaunch
[rosmaster.master][INFO] 2019-06-02 16:08:24,335: +PARAM [/STM2-CFG31/class] by /roslaunch
[rosmaster.master][INFO] 2019-06-02 16:08:24,335: +PARAM [/STM2-CFG35/ioPorts] by /roslaunch
[rosmaster.master][INFO] 2019-06-02 16:08:24,336: +PARAM [/STM2-CFG36/desc] by /roslaunch
[rosmaster.master][INFO] 2019-06-02 16:08:24,336: +PARAM [/STM2-CFG32/class] by /roslaunch
[rosmaster.master][INFO] 2019-06-02 16:08:24,336: +PARAM [/STM2-CFG61/ioPorts] by /roslaunch
[rosmaster.master][INFO] 2019-06-02 16:08:24,337: +PARAM [/STM2-CFG07/ioPorts] by /roslaunch
[rosmaster.master][INFO] 2019-06-02 16:08:24,337: +PARAM [/STM2/desc] by /roslaunch
[rosmaster.master][INFO] 2019-06-02 16:08:24,337: +PARAM [/STM2-CFG03/ioPorts] by /roslaunch
[rosmaster.master][INFO] 2019-06-02 16:08:24,337: +PARAM [/STM2-CFG37/desc] by /roslaunch
[rosmaster.master][INFO] 2019-06-02 16:08:24,338: +PARAM [/STM1/QUEUE1/type] by /roslaunch
[rosmaster.master][INFO] 2019-06-02 16:08:24,338: +PARAM [/STM2-CFG04/msgId] by /roslaunch
[rosmaster.master][INFO] 2019-06-02 16:08:24,339: +PARAM [/STM2-CFG36/msgClass] by /roslaunch
[rosmaster.master][INFO] 2019-06-02 16:08:24,339: +PARAM [/STM1/QUEUE2/type] by /roslaunch
[rosmaster.master][INFO] 2019-06-02 16:08:24,339: +PARAM [/STM2-CFG40/desc] by /roslaunch
[rosmaster.master][INFO] 2019-06-02 16:08:24,340: +PARAM [/STM1/type] by /roslaunch
[rosmaster.master][INFO] 2019-06-02 16:08:24,340: +PARAM [/STM2-CFG36/ioPorts] by /roslaunch
[rosmaster.master][INFO] 2019-06-02 16:08:24,340: +PARAM [/STM2-CFG40/msgClass] by /roslaunch
[rosmaster.master][INFO] 2019-06-02 16:08:24,341: +PARAM [/STM2-CFG39/msgId] by /roslaunch
[rosmaster.master][INFO] 2019-06-02 16:08:24,341: +PARAM [/STM2-CFG60/msgClass] by /roslaunch
[rosmaster.master][INFO] 2019-06-02 16:08:24,341: +PARAM [/STM4/desc] by /roslaunch
[rosmaster.master][INFO] 2019-06-02 16:08:24,342: +PARAM [/STM2-CFG06/msgClass] by /roslaunch
[rosmaster.master][INFO] 2019-06-02 16:08:24,342: +PARAM [/STM2-CFG36/id] by /roslaunch
[rosmaster.master][INFO] 2019-06-02 16:08:24,342: +PARAM [/STM2-CFG61/msgClass] by /roslaunch
[rosmaster.master][INFO] 2019-06-02 16:08:24,342: +PARAM [/STM2-CFG37/msgClass] by /roslaunch
[rosmaster.master][INFO] 2019-06-02 16:08:24,343: +PARAM [/STM2-CFG05/msgId] by /roslaunch
[rosmaster.master][INFO] 2019-06-02 16:08:24,343: +PARAM [/STM2-CFG08/id] by /roslaunch
[rosmaster.master][INFO] 2019-06-02 16:08:24,343: +PARAM [/STM2-CFG81/rate] by /roslaunch
[rosmaster.master][INFO] 2019-06-02 16:08:24,344: +PARAM [/STM2-CFG38/msgClass] by /roslaunch
[rosmaster.master][INFO] 2019-06-02 16:08:24,344: +PARAM [/STM2-CFG34/msgId] by /roslaunch
[rosmaster.master][INFO] 2019-06-02 16:08:24,344: +PARAM [/STM2-CFG39/class] by /roslaunch
[rosmaster.master][INFO] 2019-06-02 16:08:24,345: +PARAM [/STM2-CFG38/msgId] by /roslaunch
[rosmaster.master][INFO] 2019-06-02 16:08:24,345: +PARAM [/STM2-CFG62/ioPorts] by /roslaunch
[rosmaster.master][INFO] 2019-06-02 16:08:24,345: +PARAM [/STM2-CFG42/id] by /roslaunch
[rosmaster.master][INFO] 2019-06-02 16:08:24,346: +PARAM [/STM2-CFG05/msgClass] by /roslaunch
[rosmaster.master][INFO] 2019-06-02 16:08:24,346: +PARAM [/STM2-CFG31/desc] by /roslaunch
[rosmaster.master][INFO] 2019-06-02 16:08:24,346: +PARAM [/STM2-CFG32/ioPorts] by /roslaunch
[rosmaster.master][INFO] 2019-06-02 16:08:24,347: +PARAM [/STM2-CFG04/class] by /roslaunch
[rosmaster.master][INFO] 2019-06-02 16:08:24,347: +PARAM [/STM2/QUEUE1/name] by /roslaunch
[rosmaster.master][INFO] 2019-06-02 16:08:24,347: +PARAM [/STM2-CFG63/msgClass] by /roslaunch
[rosmaster.master][INFO] 2019-06-02 16:08:24,347: +PARAM [/STM2-CFG03/msgClass] by /roslaunch
[rosmaster.master][INFO] 2019-06-02 16:08:24,348: +PARAM [/STM2-CFG08/desc] by /roslaunch
[rosmaster.master][INFO] 2019-06-02 16:08:24,348: +PARAM [/STM2-CFG60/class] by /roslaunch
[rosmaster.master][INFO] 2019-06-02 16:08:24,348: +PARAM [/STM2-CFG34/msgClass] by /roslaunch
[rosmaster.master][INFO] 2019-06-02 16:08:24,349: +PARAM [/rosversion] by /roslaunch
[rosmaster.master][INFO] 2019-06-02 16:08:24,349: +PARAM [/STM2-CFG07/id] by /roslaunch
[rosmaster.master][INFO] 2019-06-02 16:08:24,350: +PARAM [/STM2-CFG37/class] by /roslaunch
[rosmaster.master][INFO] 2019-06-02 16:08:24,350: +PARAM [/STM2-CFG61/desc] by /roslaunch
[rosmaster.master][INFO] 2019-06-02 16:08:24,350: +PARAM [/STM2-CFG60/desc] by /roslaunch
[rosmaster.master][INFO] 2019-06-02 16:08:24,351: +PARAM [/STM2-CFG81/desc] by /roslaunch
[rosmaster.master][INFO] 2019-06-02 16:08:24,351: +PARAM [/STM2-CFG05/class] by /roslaunch
[rosmaster.master][INFO] 2019-06-02 16:08:24,351: +PARAM [/STM1/QUEUE2/name] by /roslaunch
[rosmaster.master][INFO] 2019-06-02 16:08:24,352: +PARAM [/STM2-CFG08/msgClass] by /roslaunch
[rosmaster.master][INFO] 2019-06-02 16:08:24,352: +PARAM [/STM2-CFG31/msgId] by /roslaunch
[rosmaster.master][INFO] 2019-06-02 16:08:24,352: +PARAM [/STM2-CFG39/ioPorts] by /roslaunch
[rosmaster.master][INFO] 2019-06-02 16:08:24,353: +PARAM [/STM2-CFG06/ioPorts] by /roslaunch
[rosmaster.master][INFO] 2019-06-02 16:08:24,353: +PARAM [/STM2-CFG42/class] by /roslaunch
[rosmaster.master][INFO] 2019-06-02 16:08:24,353: +PARAM [/STM2-CFG33/class] by /roslaunch
[rosmaster.master][INFO] 2019-06-02 16:08:24,354: +PARAM [/STM2/baudrate] by /roslaunch
[rosmaster.master][INFO] 2019-06-02 16:08:28,818: -PUB [/rosout_agg] /rosout http://10.0.0.166:43812/
[rosmaster.master][INFO] 2019-06-02 16:08:28,823: -SUB [/rosout] /rosout http://10.0.0.166:43812/
[rosmaster.master][INFO] 2019-06-02 16:08:28,827: -SERVICE [/rosout/get_loggers] /rosout rosrpc://10.0.0.166:35684
[rosmaster.master][INFO] 2019-06-02 16:08:28,831: -SERVICE [/rosout/set_logger_level] /rosout rosrpc://10.0.0.166:35684
[rosmaster.main][INFO] 2019-06-02 16:08:28,961: keyboard interrupt, will exit
[rosmaster.main][INFO] 2019-06-02 16:08:28,961: stopping master...
[rospy.core][INFO] 2019-06-02 16:08:28,962: signal_shutdown [atexit]
