[rosmaster.main][INFO] 2019-06-06 08:47:52,749: initialization complete, waiting for shutdown
[rosmaster.main][INFO] 2019-06-06 08:47:52,749: Starting ROS Master Node
[xmlrpc][INFO] 2019-06-06 08:47:52,754: XML-RPC server binding to 0.0.0.0:11311
[xmlrpc][INFO] 2019-06-06 08:47:52,756: Started XML-RPC server [http://10.0.0.166:11311/]
[rosmaster.master][INFO] 2019-06-06 08:47:52,757: Master initialized: port[11311], uri[http://10.0.0.166:11311/]
[xmlrpc][INFO] 2019-06-06 08:47:52,759: xml rpc node: starting XML-RPC server
[rosmaster.master][INFO] 2019-06-06 08:47:52,821: +PARAM [/run_id] by /roslaunch
[rosmaster.master][INFO] 2019-06-06 08:47:52,826: +PARAM [/roslaunch/uris/host_10_0_0_166__43719] by /roslaunch
[rosmaster.master][INFO] 2019-06-06 08:47:53,352: +PARAM [/STM2-CFG35/msgClass] by /roslaunch
[rosmaster.master][INFO] 2019-06-06 08:47:53,352: +PARAM [/STM2-CFG32/desc] by /roslaunch
[rosmaster.master][INFO] 2019-06-06 08:47:53,353: +PARAM [/STM2-CFG07/class] by /roslaunch
[rosmaster.master][INFO] 2019-06-06 08:47:53,353: +PARAM [/STM2-CFG07/desc] by /roslaunch
[rosmaster.master][INFO] 2019-06-06 08:47:53,353: +PARAM [/STM2-CFG03/id] by /roslaunch
[rosmaster.master][INFO] 2019-06-06 08:47:53,354: +PARAM [/STM2-CFG30/class] by /roslaunch
[rosmaster.master][INFO] 2019-06-06 08:47:53,354: +PARAM [/STM2-CFG32/msgClass] by /roslaunch
[rosmaster.master][INFO] 2019-06-06 08:47:53,355: +PARAM [/STM2-CFG34/ioPorts] by /roslaunch
[rosmaster.master][INFO] 2019-06-06 08:47:53,355: +PARAM [/STM2-CFG37/ioPorts] by /roslaunch
[rosmaster.master][INFO] 2019-06-06 08:47:53,355: +PARAM [/STM2-CFG33/ioPorts] by /roslaunch
[rosmaster.master][INFO] 2019-06-06 08:47:53,356: +PARAM [/STM2/retry] by /roslaunch
[rosmaster.master][INFO] 2019-06-06 08:47:53,357: +PARAM [/STM2-CFG31/id] by /roslaunch
[rosmaster.master][INFO] 2019-06-06 08:47:53,358: +PARAM [/STM2-CFG38/ioPorts] by /roslaunch
[rosmaster.master][INFO] 2019-06-06 08:47:53,359: +PARAM [/STM2-CFG30/msgId] by /roslaunch
[rosmaster.master][INFO] 2019-06-06 08:47:53,360: +PARAM [/STM2-CFG62/id] by /roslaunch
[rosmaster.master][INFO] 2019-06-06 08:47:53,361: +PARAM [/STM2-CFG62/desc] by /roslaunch
[rosmaster.master][INFO] 2019-06-06 08:47:53,361: +PARAM [/STM2-CFG42/ioPorts] by /roslaunch
[rosmaster.master][INFO] 2019-06-06 08:47:53,362: +PARAM [/STM2-CFG04/ioPorts] by /roslaunch
[rosmaster.master][INFO] 2019-06-06 08:47:53,362: +PARAM [/STM2-CFG39/id] by /roslaunch
[rosmaster.master][INFO] 2019-06-06 08:47:53,363: +PARAM [/STM2-CFG32/msgId] by /roslaunch
[rosmaster.master][INFO] 2019-06-06 08:47:53,365: +SERVICE [/rosout/get_loggers] /rosout http://10.0.0.166:42612/
[rosmaster.master][INFO] 2019-06-06 08:47:53,366: +PARAM [/STM2-CFG40/msgId] by /roslaunch
[rosmaster.master][INFO] 2019-06-06 08:47:53,367: +PARAM [/STM2-CFG41/id] by /roslaunch
[rosmaster.master][INFO] 2019-06-06 08:47:53,368: +PARAM [/STM2-CFG30/ioPorts] by /roslaunch
[rosmaster.master][INFO] 2019-06-06 08:47:53,369: +PARAM [/STM2-CFG61/class] by /roslaunch
[rosmaster.master][INFO] 2019-06-06 08:47:53,369: +PARAM [/STM2-CFG33/msgClass] by /roslaunch
[rosmaster.master][INFO] 2019-06-06 08:47:53,369: +PARAM [/STM2-CFG61/msgId] by /roslaunch
[rosmaster.master][INFO] 2019-06-06 08:47:53,371: +SERVICE [/rosout/set_logger_level] /rosout http://10.0.0.166:42612/
[rosmaster.master][INFO] 2019-06-06 08:47:53,371: +PARAM [/STM2/QUEUE2/name] by /roslaunch
[rosmaster.master][INFO] 2019-06-06 08:47:53,373: +PARAM [/STM2-CFG37/id] by /roslaunch
[rosmaster.master][INFO] 2019-06-06 08:47:53,374: +PARAM [/STM2/QUEUE2/rw] by /roslaunch
[rosmaster.master][INFO] 2019-06-06 08:47:53,376: +PARAM [/STM2-CFG04/id] by /roslaunch
[rosmaster.master][INFO] 2019-06-06 08:47:53,376: +PARAM [/STM1/port] by /roslaunch
[rosmaster.master][INFO] 2019-06-06 08:47:53,378: +PUB [/rosout_agg] /rosout http://10.0.0.166:42612/
[rosmaster.master][INFO] 2019-06-06 08:47:53,379: +PARAM [/STM2-CFG03/class] by /roslaunch
[rosmaster.master][INFO] 2019-06-06 08:47:53,380: +PARAM [/STM2-CFG41/msgClass] by /roslaunch
[rosmaster.master][INFO] 2019-06-06 08:47:53,381: +PARAM [/STM2-CFG35/class] by /roslaunch
[rosmaster.master][INFO] 2019-06-06 08:47:53,382: +PARAM [/STM2-CFG40/class] by /roslaunch
[rosmaster.master][INFO] 2019-06-06 08:47:53,384: +PARAM [/STM2-CFG34/id] by /roslaunch
[rosmaster.master][INFO] 2019-06-06 08:47:53,384: +PARAM [/STM1/desc] by /roslaunch
[rosmaster.master][INFO] 2019-06-06 08:47:53,385: +PARAM [/STM2-CFG60/ioPorts] by /roslaunch
[rosmaster.master][INFO] 2019-06-06 08:47:53,386: +PARAM [/STM1/QUEUE1/rw] by /roslaunch
[rosmaster.master][INFO] 2019-06-06 08:47:53,386: +PARAM [/STM2-CFG05/desc] by /roslaunch
[rosmaster.master][INFO] 2019-06-06 08:47:53,386: +PARAM [/STM2-CFG06/class] by /roslaunch
[rosmaster.master][INFO] 2019-06-06 08:47:53,387: +PARAM [/STM2-CFG81/prot_in] by /roslaunch
[rosmaster.master][INFO] 2019-06-06 08:47:53,387: +PARAM [/STM2-CFG81/prot_out] by /roslaunch
[rosmaster.master][INFO] 2019-06-06 08:47:53,387: +PARAM [/STM2-CFG03/msgId] by /roslaunch
[rosmaster.master][INFO] 2019-06-06 08:47:53,388: +PARAM [/STM4/listener] by /roslaunch
[rosmaster.master][INFO] 2019-06-06 08:47:53,388: +PARAM [/STM2-CFG38/id] by /roslaunch
[rosmaster.master][INFO] 2019-06-06 08:47:53,388: +PARAM [/STM2-CFG63/ioPorts] by /roslaunch
[rosmaster.master][INFO] 2019-06-06 08:47:53,389: +PARAM [/STM2-CFG60/id] by /roslaunch
[rosmaster.master][INFO] 2019-06-06 08:47:53,389: +PARAM [/STM2/QUEUE2/type] by /roslaunch
[rosmaster.master][INFO] 2019-06-06 08:47:53,389: +PARAM [/STM2-CFG08/class] by /roslaunch
[rosmaster.master][INFO] 2019-06-06 08:47:53,390: +PARAM [/STM2-CFG40/ioPorts] by /roslaunch
[rosmaster.master][INFO] 2019-06-06 08:47:53,390: +PARAM [/STM2-CFG30/desc] by /roslaunch
[rosmaster.master][INFO] 2019-06-06 08:47:53,390: +PARAM [/STM2-CFG07/msgId] by /roslaunch
[rosmaster.master][INFO] 2019-06-06 08:47:53,392: +PARAM [/STM2-CFG63/desc] by /roslaunch
[rosmaster.master][INFO] 2019-06-06 08:47:53,393: +PARAM [/STM2-CFG41/msgId] by /roslaunch
[rosmaster.master][INFO] 2019-06-06 08:47:53,394: +PARAM [/STM2-CFG04/msgClass] by /roslaunch
[rosmaster.master][INFO] 2019-06-06 08:47:53,396: +PARAM [/STM2-CFG35/desc] by /roslaunch
[rosmaster.master][INFO] 2019-06-06 08:47:53,397: +PARAM [/STM2-CFG36/class] by /roslaunch
[rosmaster.master][INFO] 2019-06-06 08:47:53,400: +PARAM [/STM4/port] by /roslaunch
[rosmaster.master][INFO] 2019-06-06 08:47:53,402: +PARAM [/STM2-CFG06/msgId] by /roslaunch
[rosmaster.master][INFO] 2019-06-06 08:47:53,403: +PARAM [/rosdistro] by /roslaunch
[rosmaster.master][INFO] 2019-06-06 08:47:53,404: +PARAM [/STM2-CFG41/desc] by /roslaunch
[rosmaster.master][INFO] 2019-06-06 08:47:53,405: +PARAM [/STM2-CFG63/id] by /roslaunch
[rosmaster.master][INFO] 2019-06-06 08:47:53,406: +SUB [/rosout] /rosout http://10.0.0.166:42612/
[rosmaster.master][INFO] 2019-06-06 08:47:53,407: +PARAM [/STM2-CFG39/msgClass] by /roslaunch
[rosmaster.master][INFO] 2019-06-06 08:47:53,408: +PARAM [/STM2-CFG08/msgId] by /roslaunch
[rosmaster.master][INFO] 2019-06-06 08:47:53,409: +PARAM [/STM2-CFG42/msgClass] by /roslaunch
[rosmaster.master][INFO] 2019-06-06 08:47:53,409: +PARAM [/STM4/type] by /roslaunch
[rosmaster.master][INFO] 2019-06-06 08:47:53,409: +PARAM [/STM2-CFG39/desc] by /roslaunch
[rosmaster.master][INFO] 2019-06-06 08:47:53,410: +PARAM [/STM2/port] by /roslaunch
[rosmaster.master][INFO] 2019-06-06 08:47:53,410: +PARAM [/STM1/host] by /roslaunch
[rosmaster.master][INFO] 2019-06-06 08:47:53,410: +PARAM [/STM2-CFG31/ioPorts] by /roslaunch
[rosmaster.master][INFO] 2019-06-06 08:47:53,411: +PARAM [/STM2-CFG33/desc] by /roslaunch
[rosmaster.master][INFO] 2019-06-06 08:47:53,411: +PARAM [/STM2-CFG04/desc] by /roslaunch
[rosmaster.master][INFO] 2019-06-06 08:47:53,411: +PARAM [/STM1/QUEUE2/rw] by /roslaunch
[rosmaster.master][INFO] 2019-06-06 08:47:53,412: +PARAM [/STM4/host] by /roslaunch
[rosmaster.master][INFO] 2019-06-06 08:47:53,412: +PARAM [/STM2-CFG41/ioPorts] by /roslaunch
[rosmaster.master][INFO] 2019-06-06 08:47:53,412: +PARAM [/STM2-CFG03/desc] by /roslaunch
[rosmaster.master][INFO] 2019-06-06 08:47:53,413: +PARAM [/STM1/retry] by /roslaunch
[rosmaster.master][INFO] 2019-06-06 08:47:53,413: +PARAM [/STM2/QUEUE1/rw] by /roslaunch
[rosmaster.master][INFO] 2019-06-06 08:47:53,413: +PARAM [/STM2-CFG37/msgId] by /roslaunch
[rosmaster.master][INFO] 2019-06-06 08:47:53,414: +PARAM [/STM2-CFG30/id] by /roslaunch
[rosmaster.master][INFO] 2019-06-06 08:47:53,414: +PARAM [/STM2-CFG60/msgId] by /roslaunch
[rosmaster.master][INFO] 2019-06-06 08:47:53,415: +PARAM [/STM2-CFG07/msgClass] by /roslaunch
[rosmaster.master][INFO] 2019-06-06 08:47:53,415: +PARAM [/STM2-CFG40/id] by /roslaunch
[rosmaster.master][INFO] 2019-06-06 08:47:53,415: +PARAM [/STM2-CFG33/id] by /roslaunch
[rosmaster.master][INFO] 2019-06-06 08:47:53,416: +PARAM [/STM2-CFG38/desc] by /roslaunch
[rosmaster.master][INFO] 2019-06-06 08:47:53,416: +PARAM [/STM2-CFG63/class] by /roslaunch
[rosmaster.master][INFO] 2019-06-06 08:47:53,416: +PARAM [/STM2-CFG32/id] by /roslaunch
[rosmaster.master][INFO] 2019-06-06 08:47:53,416: +PARAM [/STM2-CFG06/id] by /roslaunch
[rosmaster.master][INFO] 2019-06-06 08:47:53,417: +PARAM [/STM2-CFG41/class] by /roslaunch
[rosmaster.master][INFO] 2019-06-06 08:47:53,417: +PARAM [/STM2-CFG06/desc] by /roslaunch
[rosmaster.master][INFO] 2019-06-06 08:47:53,417: +PARAM [/STM2-CFG63/msgId] by /roslaunch
[rosmaster.master][INFO] 2019-06-06 08:47:53,418: +PARAM [/STM2-CFG42/msgId] by /roslaunch
[rosmaster.master][INFO] 2019-06-06 08:47:53,418: +PARAM [/STM2-CFG36/msgId] by /roslaunch
[rosmaster.master][INFO] 2019-06-06 08:47:53,418: +PARAM [/STM2-CFG81/id] by /roslaunch
[rosmaster.master][INFO] 2019-06-06 08:47:53,419: +PARAM [/STM2-CFG35/id] by /roslaunch
[rosmaster.master][INFO] 2019-06-06 08:47:53,419: +PARAM [/STM2/QUEUE1/type] by /roslaunch
[rosmaster.master][INFO] 2019-06-06 08:47:53,419: +PARAM [/STM2-CFG62/msgClass] by /roslaunch
[rosmaster.master][INFO] 2019-06-06 08:47:53,420: +PARAM [/STM2/timeout] by /roslaunch
[rosmaster.master][INFO] 2019-06-06 08:47:53,420: +PARAM [/STM2-CFG05/id] by /roslaunch
[rosmaster.master][INFO] 2019-06-06 08:47:53,420: +PARAM [/STM1/QUEUE1/name] by /roslaunch
[rosmaster.master][INFO] 2019-06-06 08:47:53,421: +PARAM [/STM2-CFG33/msgId] by /roslaunch
[rosmaster.master][INFO] 2019-06-06 08:47:53,421: +PARAM [/STM2-CFG08/ioPorts] by /roslaunch
[rosmaster.master][INFO] 2019-06-06 08:47:53,421: +PARAM [/STM2-CFG62/class] by /roslaunch
[rosmaster.master][INFO] 2019-06-06 08:47:53,422: +PARAM [/STM2-CFG34/class] by /roslaunch
[rosmaster.master][INFO] 2019-06-06 08:47:53,422: +PARAM [/STM2-CFG35/msgId] by /roslaunch
[rosmaster.master][INFO] 2019-06-06 08:47:53,422: +PARAM [/STM2-CFG30/msgClass] by /roslaunch
[rosmaster.master][INFO] 2019-06-06 08:47:53,423: +PARAM [/STM2-CFG34/desc] by /roslaunch
[rosmaster.master][INFO] 2019-06-06 08:47:53,423: +PARAM [/STM2-CFG62/msgId] by /roslaunch
[rosmaster.master][INFO] 2019-06-06 08:47:53,423: +PARAM [/STM2-CFG42/desc] by /roslaunch
[rosmaster.master][INFO] 2019-06-06 08:47:53,424: +PARAM [/STM2-CFG61/id] by /roslaunch
[rosmaster.master][INFO] 2019-06-06 08:47:53,424: +PARAM [/STM4/retry] by /roslaunch
[rosmaster.master][INFO] 2019-06-06 08:47:53,424: +PARAM [/STM2-CFG38/class] by /roslaunch
[rosmaster.master][INFO] 2019-06-06 08:47:53,425: +PARAM [/STM2-CFG81/class] by /roslaunch
[rosmaster.master][INFO] 2019-06-06 08:47:53,425: +PARAM [/STM2/type] by /roslaunch
[rosmaster.master][INFO] 2019-06-06 08:47:53,425: +PARAM [/STM2-CFG31/msgClass] by /roslaunch
[rosmaster.master][INFO] 2019-06-06 08:47:53,425: +PARAM [/STM2-CFG05/ioPorts] by /roslaunch
[rosmaster.master][INFO] 2019-06-06 08:47:53,426: +PARAM [/STM2-CFG31/class] by /roslaunch
[rosmaster.master][INFO] 2019-06-06 08:47:53,426: +PARAM [/STM2-CFG35/ioPorts] by /roslaunch
[rosmaster.master][INFO] 2019-06-06 08:47:53,426: +PARAM [/STM2-CFG36/desc] by /roslaunch
[rosmaster.master][INFO] 2019-06-06 08:47:53,427: +PARAM [/STM2-CFG32/class] by /roslaunch
[rosmaster.master][INFO] 2019-06-06 08:47:53,427: +PARAM [/STM2-CFG61/ioPorts] by /roslaunch
[rosmaster.master][INFO] 2019-06-06 08:47:53,427: +PARAM [/STM2-CFG07/ioPorts] by /roslaunch
[rosmaster.master][INFO] 2019-06-06 08:47:53,428: +PARAM [/STM2/desc] by /roslaunch
[rosmaster.master][INFO] 2019-06-06 08:47:53,428: +PARAM [/STM2-CFG03/ioPorts] by /roslaunch
[rosmaster.master][INFO] 2019-06-06 08:47:53,428: +PARAM [/STM2-CFG37/desc] by /roslaunch
[rosmaster.master][INFO] 2019-06-06 08:47:53,428: +PARAM [/STM1/QUEUE1/type] by /roslaunch
[rosmaster.master][INFO] 2019-06-06 08:47:53,429: +PARAM [/STM2-CFG04/msgId] by /roslaunch
[rosmaster.master][INFO] 2019-06-06 08:47:53,429: +PARAM [/STM2-CFG36/msgClass] by /roslaunch
[rosmaster.master][INFO] 2019-06-06 08:47:53,429: +PARAM [/STM1/QUEUE2/type] by /roslaunch
[rosmaster.master][INFO] 2019-06-06 08:47:53,430: +PARAM [/STM2-CFG40/desc] by /roslaunch
[rosmaster.master][INFO] 2019-06-06 08:47:53,430: +PARAM [/STM1/type] by /roslaunch
[rosmaster.master][INFO] 2019-06-06 08:47:53,430: +PARAM [/STM2-CFG36/ioPorts] by /roslaunch
[rosmaster.master][INFO] 2019-06-06 08:47:53,431: +PARAM [/STM2-CFG40/msgClass] by /roslaunch
[rosmaster.master][INFO] 2019-06-06 08:47:53,431: +PARAM [/STM2-CFG39/msgId] by /roslaunch
[rosmaster.master][INFO] 2019-06-06 08:47:53,431: +PARAM [/STM2-CFG60/msgClass] by /roslaunch
[rosmaster.master][INFO] 2019-06-06 08:47:53,432: +PARAM [/STM4/desc] by /roslaunch
[rosmaster.master][INFO] 2019-06-06 08:47:53,432: +PARAM [/STM2-CFG06/msgClass] by /roslaunch
[rosmaster.master][INFO] 2019-06-06 08:47:53,432: +PARAM [/STM2-CFG36/id] by /roslaunch
[rosmaster.master][INFO] 2019-06-06 08:47:53,433: +PARAM [/STM2-CFG61/msgClass] by /roslaunch
[rosmaster.master][INFO] 2019-06-06 08:47:53,433: +PARAM [/STM2-CFG37/msgClass] by /roslaunch
[rosmaster.master][INFO] 2019-06-06 08:47:53,433: +PARAM [/STM2-CFG05/msgId] by /roslaunch
[rosmaster.master][INFO] 2019-06-06 08:47:53,434: +PARAM [/STM2-CFG08/id] by /roslaunch
[rosmaster.master][INFO] 2019-06-06 08:47:53,434: +PARAM [/STM2-CFG81/rate] by /roslaunch
[rosmaster.master][INFO] 2019-06-06 08:47:53,434: +PARAM [/STM2-CFG38/msgClass] by /roslaunch
[rosmaster.master][INFO] 2019-06-06 08:47:53,435: +PARAM [/STM2-CFG34/msgId] by /roslaunch
[rosmaster.master][INFO] 2019-06-06 08:47:53,435: +PARAM [/STM2-CFG39/class] by /roslaunch
[rosmaster.master][INFO] 2019-06-06 08:47:53,435: +PARAM [/STM2-CFG38/msgId] by /roslaunch
[rosmaster.master][INFO] 2019-06-06 08:47:53,436: +PARAM [/STM2-CFG62/ioPorts] by /roslaunch
[rosmaster.master][INFO] 2019-06-06 08:47:53,436: +PARAM [/STM2-CFG42/id] by /roslaunch
[rosmaster.master][INFO] 2019-06-06 08:47:53,436: +PARAM [/STM2-CFG05/msgClass] by /roslaunch
[rosmaster.master][INFO] 2019-06-06 08:47:53,437: +PARAM [/STM2-CFG31/desc] by /roslaunch
[rosmaster.master][INFO] 2019-06-06 08:47:53,437: +PARAM [/STM2-CFG32/ioPorts] by /roslaunch
[rosmaster.master][INFO] 2019-06-06 08:47:53,437: +PARAM [/STM2-CFG04/class] by /roslaunch
[rosmaster.master][INFO] 2019-06-06 08:47:53,438: +PARAM [/STM2/QUEUE1/name] by /roslaunch
[rosmaster.master][INFO] 2019-06-06 08:47:53,438: +PARAM [/STM2-CFG63/msgClass] by /roslaunch
[rosmaster.master][INFO] 2019-06-06 08:47:53,438: +PARAM [/STM2-CFG03/msgClass] by /roslaunch
[rosmaster.master][INFO] 2019-06-06 08:47:53,438: +PARAM [/STM2-CFG08/desc] by /roslaunch
[rosmaster.master][INFO] 2019-06-06 08:47:53,439: +PARAM [/STM2-CFG60/class] by /roslaunch
[rosmaster.master][INFO] 2019-06-06 08:47:53,439: +PARAM [/STM2-CFG34/msgClass] by /roslaunch
[rosmaster.master][INFO] 2019-06-06 08:47:53,439: +PARAM [/rosversion] by /roslaunch
[rosmaster.master][INFO] 2019-06-06 08:47:53,440: +PARAM [/STM2-CFG07/id] by /roslaunch
[rosmaster.master][INFO] 2019-06-06 08:47:53,440: +PARAM [/STM2-CFG37/class] by /roslaunch
[rosmaster.master][INFO] 2019-06-06 08:47:53,440: +PARAM [/STM2-CFG61/desc] by /roslaunch
[rosmaster.master][INFO] 2019-06-06 08:47:53,441: +PARAM [/STM2-CFG60/desc] by /roslaunch
[rosmaster.master][INFO] 2019-06-06 08:47:53,441: +PARAM [/STM2-CFG81/desc] by /roslaunch
[rosmaster.master][INFO] 2019-06-06 08:47:53,441: +PARAM [/STM2-CFG05/class] by /roslaunch
[rosmaster.master][INFO] 2019-06-06 08:47:53,442: +PARAM [/STM1/QUEUE2/name] by /roslaunch
[rosmaster.master][INFO] 2019-06-06 08:47:53,442: +PARAM [/STM2-CFG08/msgClass] by /roslaunch
[rosmaster.master][INFO] 2019-06-06 08:47:53,442: +PARAM [/STM2-CFG31/msgId] by /roslaunch
[rosmaster.master][INFO] 2019-06-06 08:47:53,443: +PARAM [/STM2-CFG39/ioPorts] by /roslaunch
[rosmaster.master][INFO] 2019-06-06 08:47:53,443: +PARAM [/STM2-CFG06/ioPorts] by /roslaunch
[rosmaster.master][INFO] 2019-06-06 08:47:53,443: +PARAM [/STM2-CFG42/class] by /roslaunch
[rosmaster.master][INFO] 2019-06-06 08:47:53,444: +PARAM [/STM2-CFG33/class] by /roslaunch
[rosmaster.master][INFO] 2019-06-06 08:47:53,444: +PARAM [/STM2/baudrate] by /roslaunch
[rosmaster.master][INFO] 2019-06-06 08:47:55,629: +PUB [/rosout] /gnss_node http://10.0.0.166:41166/
[rosmaster.master][INFO] 2019-06-06 08:47:55,647: +SERVICE [/gnss_node/get_loggers] /gnss_node http://10.0.0.166:41166/
[rosmaster.master][INFO] 2019-06-06 08:47:55,654: +SERVICE [/gnss_node/set_logger_level] /gnss_node http://10.0.0.166:41166/
[rosmaster.master][INFO] 2019-06-06 08:47:55,661: publisherUpdate[/rosout] -> http://10.0.0.166:42612/ ['http://10.0.0.166:41166/']
[rosmaster.master][INFO] 2019-06-06 08:47:55,667: +SUB [/gnss_control] /gnss_node http://10.0.0.166:41166/
[rosmaster.master][INFO] 2019-06-06 08:47:55,668: publisherUpdate[/rosout] -> http://10.0.0.166:42612/ ['http://10.0.0.166:41166/']: sec=0.01, result=[1, '', 0]
[rosmaster.master][INFO] 2019-06-06 08:47:55,674: +PUB [/gnss_status] /gnss_node http://10.0.0.166:41166/
[rosmaster.master][INFO] 2019-06-06 08:47:55,680: +PUB [/mavlink/to] /gnss_node http://10.0.0.166:41166/
[rosmaster.master][INFO] 2019-06-06 08:47:55,736: +SUB [/STM1] /gnss_node http://10.0.0.166:41166/
[rosmaster.master][INFO] 2019-06-06 08:47:55,756: +SUB [/STM2] /gnss_node http://10.0.0.166:41166/
[rosmaster.master][INFO] 2019-06-06 08:47:55,783: +SUB [/STM4] /gnss_node http://10.0.0.166:41166/
[rosmaster.master][INFO] 2019-06-06 08:47:57,101: -SUB [/STM2] /gnss_node http://10.0.0.166:41166/
[rosmaster.master][INFO] 2019-06-06 08:47:57,102: -SUB [/gnss_control] /gnss_node http://10.0.0.166:41166/
[rosmaster.master][INFO] 2019-06-06 08:47:57,102: -SUB [/STM1] /gnss_node http://10.0.0.166:41166/
[rosmaster.master][INFO] 2019-06-06 08:47:57,103: -SUB [/STM4] /gnss_node http://10.0.0.166:41166/
[rosmaster.master][INFO] 2019-06-06 08:47:57,103: -PUB [/mavlink/to] /gnss_node http://10.0.0.166:41166/
[rosmaster.master][INFO] 2019-06-06 08:47:57,103: -PUB [/rosout] /gnss_node http://10.0.0.166:41166/
[rosmaster.master][INFO] 2019-06-06 08:47:57,103: -PUB [/gnss_status] /gnss_node http://10.0.0.166:41166/
[rosmaster.master][INFO] 2019-06-06 08:47:57,104: -SERVICE [/gnss_node/set_logger_level] /gnss_node rosrpc://10.0.0.166:35246
[rosmaster.master][INFO] 2019-06-06 08:47:57,104: -SERVICE [/gnss_node/get_loggers] /gnss_node rosrpc://10.0.0.166:35246
[rosmaster.master][INFO] 2019-06-06 08:47:57,167: publisherUpdate[/rosout] -> http://10.0.0.166:42612/ []
[rosmaster.master][INFO] 2019-06-06 08:47:57,170: publisherUpdate[/rosout] -> http://10.0.0.166:42612/ []: sec=0.00, result=[1, '', 0]
[rosmaster.master][INFO] 2019-06-06 08:48:12,718: -PUB [/rosout_agg] /rosout http://10.0.0.166:42612/
[rosmaster.master][INFO] 2019-06-06 08:48:12,721: -SUB [/rosout] /rosout http://10.0.0.166:42612/
[rosmaster.master][INFO] 2019-06-06 08:48:12,724: -SERVICE [/rosout/get_loggers] /rosout rosrpc://10.0.0.166:39417
[rosmaster.master][INFO] 2019-06-06 08:48:12,728: -SERVICE [/rosout/set_logger_level] /rosout rosrpc://10.0.0.166:39417
[rosmaster.main][INFO] 2019-06-06 08:48:12,837: keyboard interrupt, will exit
[rosmaster.main][INFO] 2019-06-06 08:48:12,838: stopping master...
[rospy.core][INFO] 2019-06-06 08:48:12,838: signal_shutdown [atexit]
