[INFO] [1559356038.355532]: Serial connected: /dev/c94-m8p
Transmitting
06 01
[INFO] [1559356038.389878]: Sent Disable U-blox RTCM 1005
Transmitting
06 01
[INFO] [1559356038.407320]: Sent Enable U-blox NAV-SOL
Transmitting
06 01
[INFO] [1559356038.413905]: Sent Enable U-blox NAV-PVT
Transmitting
06 01
[INFO] [1559356038.420797]: Sent Enable U-blox NAV-DOP
Transmitting
06 01
[INFO] [1559356038.427067]: Sent Enable U-blox NAV-STATUS
Transmitting
06 01
[INFO] [1559356038.432949]: Sent Enable U-blox NAV-SVIN
Transmitting
06 01
[INFO] [1559356038.440356]: Sent Enable GGA
Transmitting
06 01
[INFO] [1559356038.446914]: Sent Disable GLL
Transmitting
06 01
[INFO] [1559356038.453918]: Sent Disable GSA
Transmitting
06 01
[INFO] [1559356038.460855]: Sent Disable GSV
Transmitting
06 01
[INFO] [1559356038.467386]: Sent Disable RMC
Transmitting
06 01
[INFO] [1559356038.474196]: Sent Disable VTG
Transmitting
06 01
[INFO] [1559356038.481157]: Sent Disable DTM
Transmitting
06 01
[INFO] [1559356038.487512]: Sent Disable GNS
Transmitting
06 01
[INFO] [1559356038.494581]: Sent Disable GRS
Transmitting
06 01
[INFO] [1559356038.501823]: Sent Disable GST
Transmitting
06 01
[INFO] [1559356038.508517]: Sent Disable ZDA
Transmitting
06 01
[INFO] [1559356038.515239]: Sent Disable GBS
Transmitting
06 01
[INFO] [1559356038.523026]: Sent Disable VLW
Transmitting
06 01
[INFO] [1559356038.530261]: Sent F5-05 RTCM 1005
Transmitting
06 01
[INFO] [1559356038.537331]: Sent F5-4D RTCM 1077
Transmitting
06 01
[INFO] [1559356038.544481]: Sent F5-57 RTCM 1087
Transmitting
06 01
[INFO] [1559356038.551947]: Sent F5-E6 RTCM 1230
Transmitting
06 00
[INFO] [1559356038.558582]: Sent UBX-CFG-PRT
[INFO] [1559356038.563470]: Payload missing
[INFO] [1559356038.568167]: Payload missing
[INFO] [1559356038.573036]: Payload missing
[INFO] [1559356038.578533]: Payload missing
[INFO] [1559356038.583070]: Payload missing
[INFO] [1559356038.587605]: Payload missing
[INFO] [1559356038.591960]: Payload missing
[INFO] [1559356038.596540]: Payload missing
[INFO] [1559356038.601526]: Payload missing
[INFO] [1559356038.606374]: Payload missing
[INFO] [1559356038.611539]: Payload missing
[INFO] [1559356038.616578]: Payload missing
[INFO] [1559356038.622359]: Payload missing
[INFO] [1559356038.627301]: Payload missing
[INFO] [1559356038.631907]: Payload missing
[INFO] [1559356038.636528]: Payload missing
[INFO] [1559356038.641579]: Payload missing
[INFO] [1559356038.647156]: Payload missing
[INFO] [1559356038.652603]: Payload missing
[INFO] [1559356038.658009]: Payload missing
[INFO] [1559356038.662918]: Payload missing
[INFO] [1559356038.667726]: Payload missing
[INFO] [1559356038.672777]: Payload missing
[INFO] [1559356038.678030]: Payload missing
[INFO] [1559356038.680202]: 
Class: 0x5  ID: 0x1  Len:2 [0x2]
000: b5 62 05 01 02 00 06 01  0f 38 
[INFO] [1559356038.683300]: 
Class: 0x5  ID: 0x1  Len:2 [0x2]
000: b5 62 05 01 02 00 06 01  0f 38 
[INFO] [1559356038.686367]: 
Class: 0x5  ID: 0x1  Len:2 [0x2]
000: b5 62 05 01 02 00 06 01  0f 38 
[INFO] [1559356038.689548]: 
Class: 0x5  ID: 0x1  Len:2 [0x2]
000: b5 62 05 01 02 00 06 01  0f 38 
[INFO] [1559356038.692930]: 
Class: 0x5  ID: 0x1  Len:2 [0x2]
000: b5 62 05 01 02 00 06 01  0f 38 
[INFO] [1559356038.696224]: 
Class: 0x5  ID: 0x1  Len:2 [0x2]
000: b5 62 05 01 02 00 06 01  0f 38 
[INFO] [1559356038.699207]: 
Class: 0x5  ID: 0x1  Len:2 [0x2]
000: b5 62 05 01 02 00 06 01  0f 38 
[INFO] [1559356038.702579]: 
Class: 0x5  ID: 0x1  Len:2 [0x2]
000: b5 62 05 01 02 00 06 01  0f 38 
[INFO] [1559356038.705688]: 
Class: 0x5  ID: 0x1  Len:2 [0x2]
000: b5 62 05 01 02 00 06 01  0f 38 
[INFO] [1559356038.708670]: 
Class: 0x5  ID: 0x1  Len:2 [0x2]
000: b5 62 05 01 02 00 06 01  0f 38 
[INFO] [1559356038.711658]: 
Class: 0x5  ID: 0x1  Len:2 [0x2]
000: b5 62 05 01 02 00 06 01  0f 38 
[INFO] [1559356038.714729]: 
Class: 0x5  ID: 0x1  Len:2 [0x2]
000: b5 62 05 01 02 00 06 01  0f 38 
[INFO] [1559356038.717676]: 
Class: 0x5  ID: 0x1  Len:2 [0x2]
000: b5 62 05 01 02 00 06 01  0f 38 
[INFO] [1559356038.720882]: 
Class: 0x5  ID: 0x1  Len:2 [0x2]
000: b5 62 05 01 02 00 06 01  0f 38 
[INFO] [1559356038.724125]: 
Class: 0x5  ID: 0x1  Len:2 [0x2]
000: b5 62 05 01 02 00 06 01  0f 38 
[INFO] [1559356038.727411]: 
Class: 0x5  ID: 0x1  Len:2 [0x2]
000: b5 62 05 01 02 00 06 01  0f 38 
[INFO] [1559356038.730526]: 
Class: 0x5  ID: 0x1  Len:2 [0x2]
000: b5 62 05 01 02 00 06 01  0f 38 
[INFO] [1559356038.733664]: 
Class: 0x5  ID: 0x1  Len:2 [0x2]
000: b5 62 05 01 02 00 06 01  0f 38 
[INFO] [1559356038.736830]: 
Class: 0x5  ID: 0x1  Len:2 [0x2]
000: b5 62 05 01 02 00 06 01  0f 38 
[INFO] [1559356038.739957]: 
Class: 0x5  ID: 0x1  Len:2 [0x2]
000: b5 62 05 01 02 00 06 01  0f 38 
[INFO] [1559356038.743142]: 
Class: 0x5  ID: 0x1  Len:2 [0x2]
000: b5 62 05 01 02 00 06 01  0f 38 
[INFO] [1559356038.746263]: 
Class: 0x5  ID: 0x1  Len:2 [0x2]
000: b5 62 05 01 02 00 06 01  0f 38 
[INFO] [1559356038.749306]: 
Class: 0x5  ID: 0x1  Len:2 [0x2]
000: b5 62 05 01 02 00 06 01  0f 38 
[INFO] [1559356038.752818]: 
Class: 0x5  ID: 0x1  Len:2 [0x2]
000: b5 62 05 01 02 00 06 00  0e 37 
[INFO] [1559356039.070983]: 
Class: 0x1  ID: 0x6  Len:52 [0x34]
000: b5 62 01 06 34 00 a8 4d  6d 1f be 67 ff ff 07 08 
010: 03 dd 9e ba 9d ef 5b 6b  89 e7 f2 13 f8 17 93 05 
020: 00 00 0a 00 00 00 2d 00  00 00 08 00 00 00 6c 00 
030: 00 00 d5 00 02 08 12 19  b6 03 02 c1 
[INFO] [1559356039.095616]: 
Class: 0x1  ID: 0x7  Len:92 [0x5c]
000: b5 62 01 07 5c 00 a8 4d  6d 1f e3 07 06 01 02 1b 
010: 13 37 1a 00 00 00 be 67  ff ff 03 01 ea 08 cd d8 
020: 33 b6 b1 60 72 17 01 07  00 00 09 79 00 00 88 24 
030: 00 00 14 2a 00 00 4f 01  00 00 5a ff ff ff 1b 01 
040: 00 00 76 01 00 00 5d 8b  db 00 33 04 00 00 c1 57 
050: 4d 00 d5 00 00 00 12 19  26 3b 00 00 00 00 00 00 
060: 00 00 06 26 
[INFO] [1559356039.101552]: 
Class: 0x1  ID: 0x3  Len:16 [0x10]
000: b5 62 01 03 10 00 a8 4d  6d 1f 03 dd 00 08 7e c7 
010: 02 00 51 e1 54 02 4c e2 
[INFO] [1559356039.107189]: 
Class: 0x1  ID: 0x4  Len:18 [0x12]
000: b5 62 01 04 12 00 a8 4d  6d 1f fc 00 d5 00 85 00 
010: a9 00 82 00 68 00 4e 00  cf e6 
[INFO] [1559356039.114024]: 
Class: 0x1  ID: 0x3b  Len:40 [0x28]
000: b5 62 01 3b 28 00 00 00  00 00 a8 4d 6d 1f 00 00 
010: 00 00 00 00 00 00 00 00  00 00 00 00 00 00 00 00 
020: 00 00 00 00 00 00 00 00  00 00 00 00 00 00 e5 45 
[INFO] [1559356223.482620]: 
Class: 0x1  ID: 0x6  Len:52 [0x34]
000: b5 62 01 06 34 00 90 51  6d 1f 63 68 ff ff 07 08 
010: 03 dd 9f ba 9d ef 67 6b  89 e7 ef 13 f8 17 a3 05 
020: 00 00 0d 00 00 00 1f 00  00 00 03 00 00 00 5a 00 
030: 00 00 15 01 02 07 12 19  b6 03 cc 0e 
[INFO] [1559356223.497532]: 
Class: 0x1  ID: 0x7  Len:92 [0x5c]
000: b5 62 01 07 5c 00 90 51  6d 1f e3 07 06 01 02 1b 
010: 14 37 1a 00 00 00 63 68  ff ff 03 01 ea 07 c6 d8 
020: 33 b6 b5 60 72 17 9a 06  00 00 a1 78 00 00 29 25 
030: 00 00 68 2a 00 00 ee 00  00 00 bd ff ff ff ed 00 
040: 00 00 f7 00 00 00 5d 8b  db 00 83 03 00 00 ea 76 
050: 4d 00 15 01 00 00 12 19  26 3b 00 00 00 00 00 00 
060: 00 00 e4 bb 
[INFO] [1559356223.501768]: 
Class: 0x1  ID: 0x3  Len:16 [0x10]
000: b5 62 01 03 10 00 90 51  6d 1f 03 dd 00 08 7e c7 
010: 02 00 39 e5 54 02 24 4a 
[INFO] [1559356223.506152]: 
Class: 0x1  ID: 0x4  Len:18 [0x12]
000: b5 62 01 04 12 00 90 51  6d 1f 4e 01 15 01 bb 00 
010: e6 00 9a 00 84 00 50 00  f8 16 
[INFO] [1559356223.512731]: 
Class: 0x1  ID: 0x3b  Len:40 [0x28]
000: b5 62 01 3b 28 00 00 00  00 00 90 51 6d 1f 00 00 
010: 00 00 00 00 00 00 00 00  00 00 00 00 00 00 00 00 
020: 00 00 00 00 00 00 00 00  00 00 00 00 00 00 d1 71 
[INFO] [1559356223.527175]: 
Class: 0x1  ID: 0x6  Len:52 [0x34]
000: b5 62 01 06 34 00 78 55  6d 1f 08 69 ff ff 07 08 
010: 03 dd af ba 9d ef 82 6b  89 e7 d9 13 f8 17 ab 05 
020: 00 00 0d 00 00 00 26 00  00 00 06 00 00 00 52 00 
030: 00 00 d5 00 02 08 12 19  b6 03 3d df 
[INFO] [1559356223.537831]: 
Class: 0x1  ID: 0x7  Len:92 [0x5c]
000: b5 62 01 07 5c 00 78 55  6d 1f e3 07 06 01 02 1b 
010: 15 37 1b 00 00 00 09 69  ff ff 03 01 ea 08 c5 d8 
020: 33 b6 b8 60 72 17 1a 05  00 00 22 77 00 00 7b 25 
030: 00 00 85 2a 00 00 21 01  00 00 94 ff ff ff 07 01 
040: 00 00 35 01 00 00 5d 8b  db 00 34 03 00 00 4c 93 
050: 4d 00 d5 00 00 00 12 19  26 3b 00 00 00 00 00 00 
060: 00 00 3e e4 
[INFO] [1559356223.542026]: 
Class: 0x1  ID: 0x3  Len:16 [0x10]
000: b5 62 01 03 10 00 78 55  6d 1f 03 dd 00 08 7e c7 
010: 02 00 21 e9 54 02 fc b2 
[INFO] [1559356223.546569]: 
Class: 0x1  ID: 0x4  Len:18 [0x12]
000: b5 62 01 04 12 00 78 55  6d 1f fc 00 d5 00 85 00 
010: a9 00 82 00 68 00 4e 00  a7 0e 
[INFO] [1559356223.552599]: 
Class: 0x1  ID: 0x3b  Len:40 [0x28]
000: b5 62 01 3b 28 00 00 00  00 00 78 55 6d 1f 00 00 
010: 00 00 00 00 00 00 00 00  00 00 00 00 00 00 00 00 
020: 00 00 00 00 00 00 00 00  00 00 00 00 00 00 bd 9d 
[INFO] [1559356223.571522]: 
Class: 0x1  ID: 0x6  Len:52 [0x34]
000: b5 62 01 06 34 00 60 59  6d 1f ad 69 ff ff 07 08 
010: 03 dd b2 ba 9d ef 85 6b  89 e7 cc 13 f8 17 af 05 
020: 00 00 0e 00 00 00 16 00  00 00 01 00 00 00 4c 00 
030: 00 00 d5 00 02 08 12 19  b6 03 b1 af 
[INFO] [1559356223.586699]: 
Class: 0x1  ID: 0x7  Len:92 [0x5c]
000: b5 62 01 07 5c 00 60 59  6d 1f e3 07 06 01 02 1b 
010: 16 37 1b 00 00 00 ae 69  ff ff 03 01 ea 08 c5 d8 
020: 33 b6 b1 60 72 17 ab 04  00 00 b3 76 00 00 aa 25 
030: 00 00 8c 2a 00 00 a9 00  00 00 f6 ff ff ff c6 00 
040: 00 00 a9 00 00 00 5d 8b  db 00 f5 02 00 00 79 ad 
050: 4d 00 d5 00 00 00 12 19  26 3b 00 00 00 00 00 00 
060: 00 00 40 6e 
[INFO] [1559356223.589873]: 
Class: 0x1  ID: 0x3  Len:16 [0x10]
000: b5 62 01 03 10 00 60 59  6d 1f 03 dd 00 08 7e c7 
010: 02 00 09 ed 54 02 d4 1a 
[INFO] [1559356223.593076]: 
Class: 0x1  ID: 0x4  Len:18 [0x12]
000: b5 62 01 04 12 00 60 59  6d 1f fc 00 d5 00 85 00 
010: a9 00 82 00 68 00 4e 00  93 a2 
[INFO] [1559356223.597866]: 
Class: 0x1  ID: 0x3b  Len:40 [0x28]
000: b5 62 01 3b 28 00 00 00  00 00 60 59 6d 1f 00 00 
010: 00 00 00 00 00 00 00 00  00 00 00 00 00 00 00 00 
020: 00 00 00 00 00 00 00 00  00 00 00 00 00 00 a9 c9 
[INFO] [1559356223.609431]: 
Class: 0x1  ID: 0x6  Len:52 [0x34]
000: b5 62 01 06 34 00 48 5d  6d 1f 54 6a ff ff 07 08 
010: 03 dd d5 ba 9d ef bc 6b  89 e7 c6 13 f8 17 bb 05 
020: 00 00 07 00 00 00 1a 00  00 00 06 00 00 00 52 00 
030: 00 00 d5 00 02 08 12 19  b6 03 ad 1e 
[INFO] [1559356223.618216]: 
Class: 0x1  ID: 0x7  Len:92 [0x5c]
000: b5 62 01 07 5c 00 48 5d  6d 1f e3 07 06 01 02 1b 
010: 17 37 1b 00 00 00 54 6a  ff ff 03 01 ea 08 c4 d8 
020: 33 b6 d2 60 72 17 95 02  00 00 9c 74 00 00 1d 26 
030: 00 00 ce 2a 00 00 d2 00  00 00 ad ff ff ff a0 00 
040: 00 00 e1 00 00 00 5d 8b  db 00 38 03 00 00 e9 c9 
050: 4d 00 d5 00 00 00 12 19  26 3b 00 00 00 00 00 00 
060: 00 00 3b 75 
[INFO] [1559356223.621244]: 
Class: 0x1  ID: 0x3  Len:16 [0x10]
000: b5 62 01 03 10 00 48 5d  6d 1f 03 dd 00 08 7e c7 
010: 02 00 f1 f0 54 02 ab 7f 
[INFO] [1559356223.624425]: 
Class: 0x1  ID: 0x4  Len:18 [0x12]
000: b5 62 01 04 12 00 48 5d  6d 1f fc 00 d5 00 85 00 
010: a9 00 82 00 68 00 4e 00  7f 36 
[INFO] [1559356223.629200]: 
Class: 0x1  ID: 0x3b  Len:40 [0x28]
000: b5 62 01 3b 28 00 00 00  00 00 48 5d 6d 1f 00 00 
010: 00 00 00 00 00 00 00 00  00 00 00 00 00 00 00 00 
020: 00 00 00 00 00 00 00 00  00 00 00 00 00 00 95 f5 
[INFO] [1559356223.871848]: 
Class: 0x1  ID: 0x6  Len:52 [0x34]
000: b5 62 01 06 34 00 30 61  6d 1f fa 6a ff ff 07 08 
010: 03 dd e8 ba 9d ef de 6b  89 e7 ba 13 f8 17 c8 05 
020: 00 00 09 00 00 00 12 00  00 00 07 00 00 00 51 00 
030: 00 00 d3 00 02 09 12 19  b6 03 6e 5f 
[INFO] [1559356223.994810]: 
Class: 0x1  ID: 0x7  Len:92 [0x5c]
000: b5 62 01 07 5c 00 30 61  6d 1f e3 07 06 01 02 1b 
010: 18 37 1b 00 00 00 fa 6a  ff ff 03 01 ea 09 c0 d8 
020: 33 b6 e1 60 72 17 14 01  00 00 1c 73 00 00 97 26 
030: 00 00 0b 2b 00 00 b5 00  00 00 e6 ff ff ff 70 00 
040: 00 00 b7 00 00 00 5d 8b  db 00 2d 03 00 00 ef e5 
050: 4d 00 d3 00 00 00 12 19  26 3b 00 00 00 00 00 00 
060: 00 00 66 d9 
[INFO] [1559356224.254785]: 
Class: 0x1  ID: 0x3  Len:16 [0x10]
000: b5 62 01 03 10 00 30 61  6d 1f 03 dd 00 08 7e c7 
010: 02 00 d9 f4 54 02 83 e7 
[INFO] [1559356224.328453]: 
Class: 0x1  ID: 0x4  Len:18 [0x12]
000: b5 62 01 04 12 00 30 61  6d 1f f9 00 d3 00 84 00 
010: a9 00 7e 00 68 00 48 00  5b 5a 
[INFO] [1559356224.891143]: 
Class: 0x1  ID: 0x3b  Len:40 [0x28]
000: b5 62 01 3b 28 00 00 00  00 00 30 61 6d 1f 00 00 
010: 00 00 00 00 00 00 00 00  00 00 00 00 00 00 00 00 
020: 00 00 00 00 00 00 00 00  00 00 00 00 00 00 81 21 
[INFO] [1559356224.995280]: 
Class: 0x1  ID: 0x6  Len:52 [0x34]
000: b5 62 01 06 34 00 18 65  6d 1f a0 6b ff ff 07 08 
010: 03 dd 02 bb 9d ef f8 6b  89 e7 ae 13 f8 17 d0 05 
020: 00 00 08 00 00 00 13 00  00 00 05 00 00 00 51 00 
030: 00 00 d3 00 02 09 12 19  b6 03 30 b5 
[INFO] [1559356225.075399]: 
Class: 0x1  ID: 0x7  Len:92 [0x5c]
000: b5 62 01 07 5c 00 18 65  6d 1f e3 07 06 01 02 1b 
010: 19 37 1b 00 00 00 a0 6b  ff ff 03 01 ea 09 c8 d8 
020: 33 b6 ed 60 72 17 b6 ff  ff ff bd 71 00 00 f1 26 
030: 00 00 28 2b 00 00 a8 00  00 00 d6 ff ff ff 76 00 
040: 00 00 ad 00 00 00 5d 8b  db 00 27 03 00 00 b8 01 
050: 4e 00 d3 00 00 00 12 19  26 3b 00 00 00 00 00 00 
060: 00 00 81 61 
[INFO] [1559356225.196118]: 
Class: 0x1  ID: 0x3  Len:16 [0x10]
000: b5 62 01 03 10 00 18 65  6d 1f 03 dd 00 08 7e c7 
010: 02 00 c1 f8 54 02 5b 4f 
[INFO] [1559356225.212762]: 
Class: 0x1  ID: 0x4  Len:18 [0x12]
000: b5 62 01 04 12 00 18 65  6d 1f f9 00 d3 00 84 00 
010: a9 00 7e 00 68 00 48 00  47 ee 
[INFO] [1559356225.305415]: 
Class: 0x1  ID: 0x3b  Len:40 [0x28]
000: b5 62 01 3b 28 00 00 00  00 00 18 65 6d 1f 00 00 
010: 00 00 00 00 00 00 00 00  00 00 00 00 00 00 00 00 
020: 00 00 00 00 00 00 00 00  00 00 00 00 00 00 6d 4d 
[INFO] [1559356225.696357]: 
Class: 0x1  ID: 0x6  Len:52 [0x34]
000: b5 62 01 06 34 00 00 69  6d 1f 45 6c ff ff 07 08 
010: 03 dd 14 bb 9d ef fd 6b  89 e7 90 13 f8 17 dc 05 
020: 00 00 07 00 00 00 0c 00  00 00 fa ff ff ff 41 00 
030: 00 00 d3 00 02 09 12 19  b6 03 a1 96 
[INFO] [1559356225.716195]: 
Class: 0x1  ID: 0x7  Len:92 [0x5c]
000: b5 62 01 07 5c 00 00 69  6d 1f e3 07 06 01 02 1b 
010: 1a 37 1c 00 00 00 46 6c  ff ff 03 01 ea 09 d7 d8 
020: 33 b6 e0 60 72 17 89 fe  ff ff 91 70 00 00 67 27 
030: 00 00 59 2b 00 00 29 00  00 00 f7 ff ff ff 8d 00 
040: 00 00 2a 00 00 00 5d 8b  db 00 8d 02 00 00 2b 18 
050: 4e 00 d3 00 00 00 12 19  26 3b 00 00 00 00 00 00 
060: 00 00 8a 35 
[INFO] [1559356226.008403]: 
Class: 0x1  ID: 0x3  Len:16 [0x10]
000: b5 62 01 03 10 00 00 69  6d 1f 03 dd 00 08 7e c7 
010: 02 00 a9 fc 54 02 33 b7 
[INFO] [1559356226.022335]: 
Class: 0x1  ID: 0x4  Len:18 [0x12]
000: b5 62 01 04 12 00 00 69  6d 1f f9 00 d3 00 84 00 
010: a9 00 7e 00 68 00 48 00  33 82 
[INFO] [1559356226.096571]: 
Class: 0x1  ID: 0x3b  Len:40 [0x28]
000: b5 62 01 3b 28 00 00 00  00 00 00 69 6d 1f 00 00 
010: 00 00 00 00 00 00 00 00  00 00 00 00 00 00 00 00 
020: 00 00 00 00 00 00 00 00  00 00 00 00 00 00 59 79 
[INFO] [1559356226.348257]: 
Class: 0x1  ID: 0x6  Len:52 [0x34]
000: b5 62 01 06 34 00 e8 6c  6d 1f eb 6c ff ff 07 08 
010: 03 dd 2c bb 9d ef 15 6c  89 e7 7d 13 f8 17 e4 05 
020: 00 00 06 00 00 00 0c 00  00 00 ff ff ff ff 49 00 
030: 00 00 d3 00 02 09 12 19  b6 03 64 ca 
[INFO] [1559356226.514090]: 
Class: 0x1  ID: 0x7  Len:92 [0x5c]
000: b5 62 01 07 5c 00 e8 6c  6d 1f e3 07 06 01 02 1b 
010: 1b 37 1c 00 00 00 ec 6c  ff ff 03 01 ea 09 de d8 
020: 33 b6 e6 60 72 17 10 fd  ff ff 17 6f 00 00 ba 27 
030: 00 00 7f 2b 00 00 4e 00  00 00 f3 ff ff ff 6e 00 
040: 00 00 4f 00 00 00 5d 8b  db 00 d6 02 00 00 16 31 
050: 4e 00 d3 00 00 00 12 19  26 3b 00 00 00 00 00 00 
060: 00 00 21 29 
[INFO] [1559356226.523447]: 
Class: 0x1  ID: 0x3  Len:16 [0x10]
000: b5 62 01 03 10 00 e8 6c  6d 1f 03 dd 00 08 7e c7 
010: 02 00 91 00 55 02 0b 12 
[INFO] [1559356226.600416]: 
Class: 0x1  ID: 0x4  Len:18 [0x12]
000: b5 62 01 04 12 00 e8 6c  6d 1f f9 00 d3 00 84 00 
010: a9 00 7e 00 68 00 48 00  1e 05 
[INFO] [1559356226.756497]: 
Class: 0x1  ID: 0x3b  Len:40 [0x28]
000: b5 62 01 3b 28 00 00 00  00 00 e8 6c 6d 1f 00 00 
010: 00 00 00 00 00 00 00 00  00 00 00 00 00 00 00 00 
020: 00 00 00 00 00 00 00 00  00 00 00 00 00 00 44 82 
[INFO] [1559356227.171404]: 
Class: 0x1  ID: 0x6  Len:52 [0x34]
000: b5 62 01 06 34 00 d0 70  6d 1f 92 6d ff ff 07 08 
010: 03 dd 41 bb 9d ef 3b 6c  89 e7 72 13 f8 17 e6 05 
020: 00 00 05 00 00 00 05 00  00 00 fd ff ff ff 3e 00 
030: 00 00 d3 00 02 09 12 19  b6 03 15 65 
[INFO] [1559356227.331276]: 
Class: 0x1  ID: 0x7  Len:92 [0x5c]
000: b5 62 01 07 5c 00 d0 70  6d 1f e3 07 06 01 02 1b 
010: 1c 37 1c 00 00 00 92 6d  ff ff 03 01 ea 09 da d8 
020: 33 b6 f6 60 72 17 7a fb  ff ff 81 6d 00 00 d2 27 
030: 00 00 89 2b 00 00 16 00  00 00 0d 00 00 00 4f 00 
040: 00 00 19 00 00 00 5d 8b  db 00 68 02 00 00 36 46 
050: 4e 00 d3 00 00 00 12 19  26 3b 00 00 00 00 00 00 
060: 00 00 0a 33 
[INFO] [1559356227.569340]: 
Class: 0x1  ID: 0x3  Len:16 [0x10]
000: b5 62 01 03 10 00 d0 70  6d 1f 03 dd 00 08 7e c7 
010: 02 00 79 04 55 02 e3 7a 
[INFO] [1559356227.580742]: 
Class: 0x1  ID: 0x4  Len:18 [0x12]
000: b5 62 01 04 12 00 d0 70  6d 1f f9 00 d3 00 84 00 
010: a9 00 7e 00 68 00 48 00  0a 99 
[INFO] [1559356227.885838]: 
Class: 0x1  ID: 0x3b  Len:40 [0x28]
000: b5 62 01 3b 28 00 00 00  00 00 d0 70 6d 1f 00 00 
010: 00 00 00 00 00 00 00 00  00 00 00 00 00 00 00 00 
020: 00 00 00 00 00 00 00 00  00 00 00 00 00 00 30 ae 
[INFO] [1559356228.039698]: 
Class: 0x1  ID: 0x6  Len:52 [0x34]
000: b5 62 01 06 34 00 b8 74  6d 1f 37 6e ff ff 07 08 
010: 03 dd 4e bb 9d ef 44 6c  89 e7 5d 13 f8 17 ee 05 
020: 00 00 04 00 00 00 fd ff  ff ff f8 ff ff ff 45 00 
030: 00 00 d3 00 02 09 12 19  b6 03 a6 12 
[INFO] [1559356228.142626]: 
Class: 0x1  ID: 0x7  Len:92 [0x5c]
000: b5 62 01 07 5c 00 b8 74  6d 1f e3 07 06 01 02 1b 
010: 1d 37 1c 00 00 00 38 6e  ff ff 03 01 ea 09 e1 d8 
020: 33 b6 f1 60 72 17 83 fa  ff ff 8b 6c 00 00 15 28 
030: 00 00 af 2b 00 00 c2 ff  ff ff 2f 00 00 00 2e 00 
040: 00 00 4d 00 00 00 5d 8b  db 00 b1 02 00 00 cc 5d 
050: 4e 00 d3 00 00 00 12 19  26 3b 00 00 00 00 00 00 
060: 00 00 ef cc 
[INFO] [1559356228.162412]: 
Class: 0x1  ID: 0x3  Len:16 [0x10]
000: b5 62 01 03 10 00 b8 74  6d 1f 03 dd 00 08 7e c7 
010: 02 00 61 08 55 02 bb e2 
[INFO] [1559356228.470901]: 
Class: 0x1  ID: 0x4  Len:18 [0x12]
000: b5 62 01 04 12 00 b8 74  6d 1f f9 00 d3 00 84 00 
010: a9 00 7e 00 68 00 48 00  f6 2d 
[INFO] [1559356228.498460]: 
Class: 0x1  ID: 0x3b  Len:40 [0x28]
000: b5 62 01 3b 28 00 00 00  00 00 b8 74 6d 1f 00 00 
010: 00 00 00 00 00 00 00 00  00 00 00 00 00 00 00 00 
020: 00 00 00 00 00 00 00 00  00 00 00 00 00 00 1c da 
[INFO] [1559356228.842811]: 
Class: 0x1  ID: 0x6  Len:52 [0x34]
000: b5 62 01 06 34 00 a0 78  6d 1f de 6e ff ff 07 08 
010: 03 dd 63 bb 9d ef 55 6c  89 e7 49 13 f8 17 f4 05 
020: 00 00 04 00 00 00 fc ff  ff ff f8 ff ff ff 46 00 
030: 00 00 d3 00 02 09 12 19  b6 03 51 1a 
[INFO] [1559356228.898165]: 
Class: 0x1  ID: 0x7  Len:92 [0x5c]
000: b5 62 01 07 5c 00 a0 78  6d 1f e3 07 06 01 02 1b 
010: 1e 37 1c 00 00 00 de 6e  ff ff 03 01 ea 09 ea d8 
020: 33 b6 f1 60 72 17 3f f9  ff ff 46 6b 00 00 49 28 
030: 00 00 d4 2b 00 00 bd ff  ff ff 37 00 00 00 28 00 
040: 00 00 57 00 00 00 5d 8b  db 00 c0 02 00 00 df 75 
050: 4e 00 d3 00 00 00 12 19  26 3b 00 00 00 00 00 00 
060: 00 00 9a 14 
[INFO] [1559356228.935750]: 
Class: 0x1  ID: 0x3  Len:16 [0x10]
000: b5 62 01 03 10 00 a0 78  6d 1f 03 dd 00 08 7e c7 
010: 02 00 49 0c 55 02 93 4a 
[INFO] [1559356229.038899]: 
Class: 0x1  ID: 0x4  Len:18 [0x12]
000: b5 62 01 04 12 00 a0 78  6d 1f f9 00 d3 00 84 00 
010: a9 00 7e 00 68 00 48 00  e2 c1 
[INFO] [1559356229.163561]: 
Class: 0x1  ID: 0x3b  Len:40 [0x28]
000: b5 62 01 3b 28 00 00 00  00 00 a0 78 6d 1f 00 00 
010: 00 00 00 00 00 00 00 00  00 00 00 00 00 00 00 00 
020: 00 00 00 00 00 00 00 00  00 00 00 00 00 00 08 06 
[INFO] [1559356229.393038]: 
Class: 0x1  ID: 0x6  Len:52 [0x34]
000: b5 62 01 06 34 00 88 7c  6d 1f 84 6f ff ff 07 08 
010: 03 dd 74 bb 9d ef 6f 6c  89 e7 34 13 f8 17 f3 05 
020: 00 00 03 00 00 00 06 00  00 00 fe ff ff ff 42 00 
030: 00 00 d3 00 02 09 12 19  b6 03 07 ff 
[INFO] [1559356229.703998]: 
Class: 0x1  ID: 0x7  Len:92 [0x5c]
000: b5 62 01 07 5c 00 88 7c  6d 1f e3 07 06 01 02 1b 
010: 1f 37 1c 00 00 00 84 6f  ff ff 03 01 ea 09 e9 d8 
020: 33 b6 f4 60 72 17 c6 f7  ff ff cd 69 00 00 39 28 
030: 00 00 d2 2b 00 00 1d 00  00 00 fc ff ff ff 3f 00 
040: 00 00 1d 00 00 00 5d 8b  db 00 91 02 00 00 50 8c 
050: 4e 00 d3 00 00 00 12 19  26 3b 00 00 00 00 00 00 
060: 00 00 83 5a 
[INFO] [1559356229.884082]: 
Class: 0x1  ID: 0x3  Len:16 [0x10]
000: b5 62 01 03 10 00 88 7c  6d 1f 03 dd 00 08 7e c7 
010: 02 00 31 10 55 02 6b b2 
[INFO] [1559356229.908652]: 
Class: 0x1  ID: 0x4  Len:18 [0x12]
000: b5 62 01 04 12 00 88 7c  6d 1f f9 00 d3 00 84 00 
010: a9 00 7e 00 68 00 48 00  ce 55 
[INFO] [1559356230.058919]: 
Class: 0x1  ID: 0x3b  Len:40 [0x28]
000: b5 62 01 3b 28 00 00 00  00 00 88 7c 6d 1f 00 00 
010: 00 00 00 00 00 00 00 00  00 00 00 00 00 00 00 00 
020: 00 00 00 00 00 00 00 00  00 00 00 00 00 00 f4 32 
[INFO] [1559356230.623944]: 
Class: 0x1  ID: 0x6  Len:52 [0x34]
000: b5 62 01 06 34 00 70 80  6d 1f 2a 70 ff ff 07 08 
010: 03 dd 81 bb 9d ef 87 6c  89 e7 28 13 f8 17 f9 05 
020: 00 00 04 00 00 00 09 00  00 00 01 00 00 00 49 00 
030: 00 00 d3 00 02 09 12 19  b6 03 ca cc 
[INFO] [1559356231.138131]: 
Class: 0x1  ID: 0x7  Len:92 [0x5c]
000: b5 62 01 07 5c 00 70 80  6d 1f e3 07 06 01 02 1b 
010: 20 37 1c 00 00 00 2a 70  ff ff 03 01 ea 09 e6 d8 
020: 33 b6 fb 60 72 17 a9 f6  ff ff b0 68 00 00 67 28 
030: 00 00 fd 2b 00 00 41 00  00 00 f4 ff ff ff 46 00 
040: 00 00 42 00 00 00 5d 8b  db 00 da 02 00 00 39 a5 
050: 4e 00 d3 00 00 00 12 19  26 3b 00 00 00 00 00 00 
060: 00 00 cb 44 
[INFO] [1559356231.315493]: 
Class: 0x1  ID: 0x3  Len:16 [0x10]
000: b5 62 01 03 10 00 70 80  6d 1f 03 dd 00 08 7e c7 
010: 02 00 19 14 55 02 43 1a 
[INFO] [1559356231.344222]: 
Class: 0x1  ID: 0x4  Len:18 [0x12]
000: b5 62 01 04 12 00 70 80  6d 1f f9 00 d3 00 84 00 
010: a9 00 7e 00 68 00 48 00  ba e9 
[INFO] [1559356231.623837]: 
Class: 0x1  ID: 0x3b  Len:40 [0x28]
000: b5 62 01 3b 28 00 00 00  00 00 70 80 6d 1f 00 00 
010: 00 00 00 00 00 00 00 00  00 00 00 00 00 00 00 00 
020: 00 00 00 00 00 00 00 00  00 00 00 00 00 00 e0 5e 
[INFO] [1559356231.692052]: 
Class: 0x1  ID: 0x6  Len:52 [0x34]
000: b5 62 01 06 34 00 58 84  6d 1f d0 70 ff ff 07 08 
010: 03 dd 88 bb 9d ef 96 6c  89 e7 26 13 f8 17 fe 05 
020: 00 00 03 00 00 00 07 00  00 00 00 00 00 00 48 00 
030: 00 00 d3 00 02 09 12 19  b6 03 70 fc 
[INFO] [1559356231.759900]: 
Class: 0x1  ID: 0x7  Len:92 [0x5c]
000: b5 62 01 07 5c 00 58 84  6d 1f e3 07 06 01 02 1b 
010: 21 37 1c 00 00 00 d0 70  ff ff 03 01 ea 09 e4 d8 
020: 33 b6 04 61 72 17 20 f6  ff ff 28 68 00 00 8c 28 
030: 00 00 21 2c 00 00 2e 00  00 00 f2 ff ff ff 39 00 
040: 00 00 30 00 00 00 5d 8b  db 00 d3 02 00 00 dd bd 
050: 4e 00 d3 00 00 00 12 19  26 3b 00 00 00 00 00 00 
060: 00 00 20 80 
[INFO] [1559356231.784518]: 
Class: 0x1  ID: 0x3  Len:16 [0x10]
000: b5 62 01 03 10 00 58 84  6d 1f 03 dd 00 08 7e c7 
010: 02 00 01 18 55 02 1b 82 
[INFO] [1559356231.828624]: 
Class: 0x1  ID: 0x4  Len:18 [0x12]
000: b5 62 01 04 12 00 58 84  6d 1f f9 00 d3 00 84 00 
010: a9 00 7e 00 68 00 48 00  a6 7d 
[INFO] [1559356233.174366]: 
Class: 0x1  ID: 0x6  Len:52 [0x34]
000: b5 62 01 06 34 00 90 3f  70 1f af e5 ff ff 07 08 
010: 03 dd d1 b6 9d ef c3 68  89 e7 0b 16 f8 17 c9 0c 
020: 00 00 03 00 00 00 01 00  00 00 0a 00 00 00 63 00 
030: 00 00 5e 01 03 06 12 19  b6 03 8a 9b 
[INFO] [1559356233.342600]: 
Class: 0x1  ID: 0x7  Len:92 [0x5c]
000: b5 62 01 07 5c 00 90 3f  70 1f e3 07 06 01 02 1e 
010: 20 37 3d 00 00 00 af e5  ff ff 03 01 eb 06 d0 d6 
020: 33 b6 b8 5f 72 17 56 35  00 00 5e a7 00 00 8f 4a 
030: 00 00 da 67 00 00 5f 00  00 00 14 00 00 00 d4 ff 
040: ff ff 61 00 00 00 5d 8b  db 00 df 03 00 00 84 cf 
050: 5f 00 5e 01 00 00 12 19  26 3b 00 00 00 00 00 00 
060: 00 00 ae da 
[INFO] [1559356233.431508]: 
Class: 0x1  ID: 0x3  Len:16 [0x10]
000: b5 62 01 03 10 00 90 3f  70 1f 03 dd 00 08 7e c7 
010: 02 00 39 d3 57 02 06 36 
[INFO] [1559356233.480641]: 
Class: 0x1  ID: 0x4  Len:18 [0x12]
000: b5 62 01 04 12 00 90 3f  70 1f a3 01 5e 01 e6 00 
010: 27 01 bd 00 ae 00 49 00  3a 4f 
[INFO] [1559356234.658447]: 
Class: 0x1  ID: 0x3b  Len:40 [0x28]
000: b5 62 01 3b 28 00 00 00  00 00 90 3f 70 1f 00 00 
010: 00 00 00 00 00 00 00 00  00 00 00 00 00 00 00 00 
020: 00 00 00 00 00 00 00 00  00 00 00 00 00 00 c2 61 
[INFO] [1559356235.018620]: 
Class: 0x1  ID: 0x6  Len:52 [0x34]
000: b5 62 01 06 34 00 78 43  70 1f 5c e6 ff ff 07 08 
010: 03 dd 24 b7 9d ef 4d 69  89 e7 fe 15 f8 17 0d 0d 
020: 00 00 06 00 00 00 0a 00  00 00 0d 00 00 00 78 00 
030: 00 00 5e 01 03 06 12 19  b6 03 5e c4 
[INFO] [1559356235.189468]: 
Class: 0x1  ID: 0x7  Len:92 [0x5c]
000: b5 62 01 07 5c 00 78 43  70 1f e3 07 06 01 02 1e 
010: 21 37 3e 00 00 00 5c e6  ff ff 03 01 eb 06 c8 d6 
020: 33 b6 0a 60 72 17 29 30  00 00 31 a2 00 00 ce 4c 
030: 00 00 83 69 00 00 ae 00  00 00 ff ff ff ff 08 00 
040: 00 00 ae 00 00 00 5d 8b  db 00 ae 04 00 00 0a f1 
050: 5f 00 5e 01 00 00 12 19  26 3b 00 00 00 00 00 00 
060: 00 00 50 dd 
[INFO] [1559356235.467781]: 
Class: 0x1  ID: 0x3  Len:16 [0x10]
000: b5 62 01 03 10 00 78 43  70 1f 03 dd 00 08 7e c7 
010: 02 00 21 d7 57 02 de 9e 
[INFO] [1559356235.492774]: 
Class: 0x1  ID: 0x4  Len:18 [0x12]
000: b5 62 01 04 12 00 78 43  70 1f a3 01 5e 01 e6 00 
010: 27 01 bd 00 ae 00 49 00  26 e3 
[INFO] [1559356235.756312]: 
Class: 0x1  ID: 0x3b  Len:40 [0x28]
000: b5 62 01 3b 28 00 00 00  00 00 78 43 70 1f 00 00 
010: 00 00 00 00 00 00 00 00  00 00 00 00 00 00 00 00 
020: 00 00 00 00 00 00 00 00  00 00 00 00 00 00 ae 8d 
[INFO] [1559356236.046914]: 
Class: 0x1  ID: 0x6  Len:52 [0x34]
000: b5 62 01 06 34 00 60 47  70 1f 04 e7 ff ff 07 08 
010: 03 dd 2c b7 9d ef 35 69  89 e7 86 15 f8 17 3c 0d 
020: 00 00 03 00 00 00 06 00  00 00 00 00 00 00 74 00 
030: 00 00 52 01 03 07 12 19  b6 03 77 70 
[INFO] [1559356236.349764]: 
Class: 0x1  ID: 0x7  Len:92 [0x5c]
000: b5 62 01 07 5c 00 60 47  70 1f e3 07 06 01 02 1e 
010: 22 37 3f 00 00 00 05 e7  ff ff 03 01 eb 07 df d6 
020: 33 b6 ae 5f 72 17 a1 2d  00 00 a9 9f 00 00 26 4e 
030: 00 00 d5 6a 00 00 27 00  00 00 f7 ff ff ff 2e 00 
040: 00 00 28 00 00 00 5d 8b  db 00 8c 04 00 00 8f 11 
050: 60 00 52 01 00 00 12 19  26 3b 00 00 00 00 00 00 
060: 00 00 c3 cd 
[INFO] [1559356236.696288]: 
Class: 0x1  ID: 0x3  Len:16 [0x10]
000: b5 62 01 03 10 00 60 47  70 1f 03 dd 00 08 7e c7 
010: 02 00 09 db 57 02 b6 06 
[INFO] [1559356236.840393]: 
Class: 0x1  ID: 0x4  Len:18 [0x12]
000: b5 62 01 04 12 00 60 47  70 1f 99 01 52 01 e5 00 
010: 24 01 ab 00 9b 00 48 00  d2 7f 
[INFO] [1559356237.162357]: 
Class: 0x1  ID: 0x3b  Len:40 [0x28]
000: b5 62 01 3b 28 00 00 00  00 00 60 47 70 1f 00 00 
010: 00 00 00 00 00 00 00 00  00 00 00 00 00 00 00 00 
020: 00 00 00 00 00 00 00 00  00 00 00 00 00 00 9a b9 
[INFO] [1559356237.571358]: 
Class: 0x1  ID: 0x6  Len:52 [0x34]
000: b5 62 01 06 34 00 48 4b  70 1f af e7 ff ff 07 08 
010: 03 dd 53 b7 9d ef 83 69  89 e7 88 15 f8 17 7c 0d 
020: 00 00 04 00 00 00 0c 00  00 00 07 00 00 00 7d 00 
030: 00 00 52 01 03 07 12 19  b6 03 dc 28 
[INFO] [1559356237.738813]: 
Class: 0x1  ID: 0x7  Len:92 [0x5c]
000: b5 62 01 07 5c 00 48 4b  70 1f e3 07 06 01 02 1e 
010: 23 37 41 00 00 00 af e7  ff ff 03 01 eb 07 d2 d6 
020: 33 b6 e0 5f 72 17 15 2b  00 00 1c 9d 00 00 19 50 
030: 00 00 75 6c 00 00 84 00  00 00 e2 ff ff ff 31 00 
040: 00 00 87 00 00 00 5d 8b  db 00 de 04 00 00 54 34 
050: 60 00 52 01 00 00 12 19  26 3b 00 00 00 00 00 00 
060: 00 00 df 50 
[INFO] [1559356237.936599]: 
Class: 0x1  ID: 0x3  Len:16 [0x10]
000: b5 62 01 03 10 00 48 4b  70 1f 03 dd 00 08 7e c7 
010: 02 00 f1 de 57 02 8d 6b 
[INFO] [1559356238.552309]: 
Class: 0x1  ID: 0x4  Len:18 [0x12]
000: b5 62 01 04 12 00 48 4b  70 1f 99 01 52 01 e5 00 
010: 24 01 ab 00 9b 00 48 00  be 13 
[INFO] [1559356238.569499]: 
Class: 0x1  ID: 0x3b  Len:40 [0x28]
000: b5 62 01 3b 28 00 00 00  00 00 48 4b 70 1f 00 00 
010: 00 00 00 00 00 00 00 00  00 00 00 00 00 00 00 00 
020: 00 00 00 00 00 00 00 00  00 00 00 00 00 00 86 e5 
