[rosmaster.main][INFO] 2019-05-31 19:27:15,813: initialization complete, waiting for shutdown
[rosmaster.main][INFO] 2019-05-31 19:27:15,813: Starting ROS Master Node
[xmlrpc][INFO] 2019-05-31 19:27:15,817: XML-RPC server binding to 0.0.0.0:11311
[xmlrpc][INFO] 2019-05-31 19:27:15,819: Started XML-RPC server [http://10.0.0.166:11311/]
[rosmaster.master][INFO] 2019-05-31 19:27:15,820: Master initialized: port[11311], uri[http://10.0.0.166:11311/]
[xmlrpc][INFO] 2019-05-31 19:27:15,821: xml rpc node: starting XML-RPC server
[rosmaster.master][INFO] 2019-05-31 19:27:15,911: +PARAM [/run_id] by /roslaunch
[rosmaster.master][INFO] 2019-05-31 19:27:15,917: +PARAM [/roslaunch/uris/host_10_0_0_166__36956] by /roslaunch
[rosmaster.master][INFO] 2019-05-31 19:27:16,452: +PARAM [/STM2-CFG35/msgClass] by /roslaunch
[rosmaster.master][INFO] 2019-05-31 19:27:16,453: +PARAM [/STM2-CFG32/desc] by /roslaunch
[rosmaster.master][INFO] 2019-05-31 19:27:16,453: +PARAM [/STM2-CFG07/class] by /roslaunch
[rosmaster.master][INFO] 2019-05-31 19:27:16,453: +PARAM [/STM2-CFG07/desc] by /roslaunch
[rosmaster.master][INFO] 2019-05-31 19:27:16,454: +PARAM [/STM2-CFG03/id] by /roslaunch
[rosmaster.master][INFO] 2019-05-31 19:27:16,454: +PARAM [/STM2-CFG30/class] by /roslaunch
[rosmaster.master][INFO] 2019-05-31 19:27:16,454: +PARAM [/STM2-CFG32/msgClass] by /roslaunch
[rosmaster.master][INFO] 2019-05-31 19:27:16,455: +PARAM [/STM2-CFG34/ioPorts] by /roslaunch
[rosmaster.master][INFO] 2019-05-31 19:27:16,455: +PARAM [/STM2-CFG37/ioPorts] by /roslaunch
[rosmaster.master][INFO] 2019-05-31 19:27:16,455: +PARAM [/STM2-CFG33/ioPorts] by /roslaunch
[rosmaster.master][INFO] 2019-05-31 19:27:16,456: +PARAM [/STM2/retry] by /roslaunch
[rosmaster.master][INFO] 2019-05-31 19:27:16,456: +PARAM [/STM2-CFG31/id] by /roslaunch
[rosmaster.master][INFO] 2019-05-31 19:27:16,456: +PARAM [/STM2-CFG38/ioPorts] by /roslaunch
[rosmaster.master][INFO] 2019-05-31 19:27:16,457: +PARAM [/STM2-CFG30/msgId] by /roslaunch
[rosmaster.master][INFO] 2019-05-31 19:27:16,457: +PARAM [/STM2-CFG62/id] by /roslaunch
[rosmaster.master][INFO] 2019-05-31 19:27:16,457: +PARAM [/STM2-CFG62/desc] by /roslaunch
[rosmaster.master][INFO] 2019-05-31 19:27:16,458: +PARAM [/STM2-CFG42/ioPorts] by /roslaunch
[rosmaster.master][INFO] 2019-05-31 19:27:16,458: +PARAM [/STM2-CFG04/ioPorts] by /roslaunch
[rosmaster.master][INFO] 2019-05-31 19:27:16,458: +PARAM [/STM2-CFG39/id] by /roslaunch
[rosmaster.master][INFO] 2019-05-31 19:27:16,459: +PARAM [/STM2-CFG32/msgId] by /roslaunch
[rosmaster.master][INFO] 2019-05-31 19:27:16,459: +PARAM [/STM2-CFG40/msgId] by /roslaunch
[rosmaster.master][INFO] 2019-05-31 19:27:16,459: +PARAM [/STM2-CFG41/id] by /roslaunch
[rosmaster.master][INFO] 2019-05-31 19:27:16,459: +PARAM [/STM2-CFG30/ioPorts] by /roslaunch
[rosmaster.master][INFO] 2019-05-31 19:27:16,460: +PARAM [/STM2-CFG61/class] by /roslaunch
[rosmaster.master][INFO] 2019-05-31 19:27:16,460: +PARAM [/STM2-CFG33/msgClass] by /roslaunch
[rosmaster.master][INFO] 2019-05-31 19:27:16,460: +PARAM [/STM2-CFG61/msgId] by /roslaunch
[rosmaster.master][INFO] 2019-05-31 19:27:16,461: +PARAM [/STM2/QUEUE2/name] by /roslaunch
[rosmaster.master][INFO] 2019-05-31 19:27:16,461: +PARAM [/STM2-CFG37/id] by /roslaunch
[rosmaster.master][INFO] 2019-05-31 19:27:16,461: +PARAM [/STM2/QUEUE2/rw] by /roslaunch
[rosmaster.master][INFO] 2019-05-31 19:27:16,461: +PARAM [/STM2-CFG04/id] by /roslaunch
[rosmaster.master][INFO] 2019-05-31 19:27:16,462: +PARAM [/STM1/port] by /roslaunch
[rosmaster.master][INFO] 2019-05-31 19:27:16,462: +PARAM [/STM2-CFG03/class] by /roslaunch
[rosmaster.master][INFO] 2019-05-31 19:27:16,462: +PARAM [/STM2-CFG41/msgClass] by /roslaunch
[rosmaster.master][INFO] 2019-05-31 19:27:16,463: +PARAM [/STM2-CFG35/class] by /roslaunch
[rosmaster.master][INFO] 2019-05-31 19:27:16,463: +PARAM [/STM2-CFG40/class] by /roslaunch
[rosmaster.master][INFO] 2019-05-31 19:27:16,463: +PARAM [/STM2-CFG34/id] by /roslaunch
[rosmaster.master][INFO] 2019-05-31 19:27:16,463: +PARAM [/STM1/desc] by /roslaunch
[rosmaster.master][INFO] 2019-05-31 19:27:16,464: +PARAM [/STM2-CFG60/ioPorts] by /roslaunch
[rosmaster.master][INFO] 2019-05-31 19:27:16,464: +PARAM [/STM1/QUEUE1/rw] by /roslaunch
[rosmaster.master][INFO] 2019-05-31 19:27:16,464: +PARAM [/STM2-CFG05/desc] by /roslaunch
[rosmaster.master][INFO] 2019-05-31 19:27:16,464: +PARAM [/STM2-CFG06/class] by /roslaunch
[rosmaster.master][INFO] 2019-05-31 19:27:16,465: +PARAM [/STM2-CFG81/prot_in] by /roslaunch
[rosmaster.master][INFO] 2019-05-31 19:27:16,465: +PARAM [/STM2-CFG81/prot_out] by /roslaunch
[rosmaster.master][INFO] 2019-05-31 19:27:16,465: +PARAM [/STM2-CFG03/msgId] by /roslaunch
[rosmaster.master][INFO] 2019-05-31 19:27:16,466: +SERVICE [/rosout/get_loggers] /rosout http://10.0.0.166:41875/
[rosmaster.master][INFO] 2019-05-31 19:27:16,467: +PARAM [/STM4/listener] by /roslaunch
[rosmaster.master][INFO] 2019-05-31 19:27:16,468: +PARAM [/STM2-CFG38/id] by /roslaunch
[rosmaster.master][INFO] 2019-05-31 19:27:16,469: +PARAM [/STM2-CFG63/ioPorts] by /roslaunch
[rosmaster.master][INFO] 2019-05-31 19:27:16,470: +PARAM [/STM2-CFG60/id] by /roslaunch
[rosmaster.master][INFO] 2019-05-31 19:27:16,471: +SERVICE [/rosout/set_logger_level] /rosout http://10.0.0.166:41875/
[rosmaster.master][INFO] 2019-05-31 19:27:16,472: +PARAM [/STM2/QUEUE2/type] by /roslaunch
[rosmaster.master][INFO] 2019-05-31 19:27:16,473: +PARAM [/STM2-CFG08/class] by /roslaunch
[rosmaster.master][INFO] 2019-05-31 19:27:16,474: +PARAM [/STM2-CFG40/ioPorts] by /roslaunch
[rosmaster.master][INFO] 2019-05-31 19:27:16,474: +PARAM [/STM2-CFG30/desc] by /roslaunch
[rosmaster.master][INFO] 2019-05-31 19:27:16,475: +PARAM [/STM2-CFG07/msgId] by /roslaunch
[rosmaster.master][INFO] 2019-05-31 19:27:16,477: +PARAM [/STM2-CFG63/desc] by /roslaunch
[rosmaster.master][INFO] 2019-05-31 19:27:16,477: +PARAM [/STM2-CFG41/msgId] by /roslaunch
[rosmaster.master][INFO] 2019-05-31 19:27:16,478: +PARAM [/STM2-CFG04/msgClass] by /roslaunch
[rosmaster.master][INFO] 2019-05-31 19:27:16,480: +PUB [/rosout_agg] /rosout http://10.0.0.166:41875/
[rosmaster.master][INFO] 2019-05-31 19:27:16,480: +PARAM [/STM2-CFG35/desc] by /roslaunch
[rosmaster.master][INFO] 2019-05-31 19:27:16,481: +PARAM [/STM2-CFG36/class] by /roslaunch
[rosmaster.master][INFO] 2019-05-31 19:27:16,483: +PARAM [/STM4/port] by /roslaunch
[rosmaster.master][INFO] 2019-05-31 19:27:16,485: +PARAM [/STM2-CFG06/msgId] by /roslaunch
[rosmaster.master][INFO] 2019-05-31 19:27:16,487: +PARAM [/rosdistro] by /roslaunch
[rosmaster.master][INFO] 2019-05-31 19:27:16,488: +PARAM [/STM2-CFG41/desc] by /roslaunch
[rosmaster.master][INFO] 2019-05-31 19:27:16,489: +PARAM [/STM2-CFG63/id] by /roslaunch
[rosmaster.master][INFO] 2019-05-31 19:27:16,490: +PARAM [/STM2-CFG39/msgClass] by /roslaunch
[rosmaster.master][INFO] 2019-05-31 19:27:16,492: +PARAM [/STM2-CFG08/msgId] by /roslaunch
[rosmaster.master][INFO] 2019-05-31 19:27:16,493: +PARAM [/STM2-CFG42/msgClass] by /roslaunch
[rosmaster.master][INFO] 2019-05-31 19:27:16,495: +PARAM [/STM4/type] by /roslaunch
[rosmaster.master][INFO] 2019-05-31 19:27:16,495: +PARAM [/STM2-CFG39/desc] by /roslaunch
[rosmaster.master][INFO] 2019-05-31 19:27:16,496: +PARAM [/STM2/port] by /roslaunch
[rosmaster.master][INFO] 2019-05-31 19:27:16,498: +SUB [/rosout] /rosout http://10.0.0.166:41875/
[rosmaster.master][INFO] 2019-05-31 19:27:16,498: +PARAM [/STM1/host] by /roslaunch
[rosmaster.master][INFO] 2019-05-31 19:27:16,499: +PARAM [/STM2-CFG31/ioPorts] by /roslaunch
[rosmaster.master][INFO] 2019-05-31 19:27:16,500: +PARAM [/STM2-CFG33/desc] by /roslaunch
[rosmaster.master][INFO] 2019-05-31 19:27:16,500: +PARAM [/STM2-CFG04/desc] by /roslaunch
[rosmaster.master][INFO] 2019-05-31 19:27:16,500: +PARAM [/STM1/QUEUE2/rw] by /roslaunch
[rosmaster.master][INFO] 2019-05-31 19:27:16,501: +PARAM [/STM4/host] by /roslaunch
[rosmaster.master][INFO] 2019-05-31 19:27:16,501: +PARAM [/STM2-CFG41/ioPorts] by /roslaunch
[rosmaster.master][INFO] 2019-05-31 19:27:16,501: +PARAM [/STM2-CFG03/desc] by /roslaunch
[rosmaster.master][INFO] 2019-05-31 19:27:16,502: +PARAM [/STM1/retry] by /roslaunch
[rosmaster.master][INFO] 2019-05-31 19:27:16,502: +PARAM [/STM2/QUEUE1/rw] by /roslaunch
[rosmaster.master][INFO] 2019-05-31 19:27:16,502: +PARAM [/STM2-CFG37/msgId] by /roslaunch
[rosmaster.master][INFO] 2019-05-31 19:27:16,503: +PARAM [/STM2-CFG30/id] by /roslaunch
[rosmaster.master][INFO] 2019-05-31 19:27:16,503: +PARAM [/STM2-CFG60/msgId] by /roslaunch
[rosmaster.master][INFO] 2019-05-31 19:27:16,503: +PARAM [/STM2-CFG07/msgClass] by /roslaunch
[rosmaster.master][INFO] 2019-05-31 19:27:16,504: +PARAM [/STM2-CFG40/id] by /roslaunch
[rosmaster.master][INFO] 2019-05-31 19:27:16,504: +PARAM [/STM2-CFG33/id] by /roslaunch
[rosmaster.master][INFO] 2019-05-31 19:27:16,504: +PARAM [/STM2-CFG38/desc] by /roslaunch
[rosmaster.master][INFO] 2019-05-31 19:27:16,504: +PARAM [/STM2-CFG63/class] by /roslaunch
[rosmaster.master][INFO] 2019-05-31 19:27:16,505: +PARAM [/STM2-CFG32/id] by /roslaunch
[rosmaster.master][INFO] 2019-05-31 19:27:16,505: +PARAM [/STM2-CFG06/id] by /roslaunch
[rosmaster.master][INFO] 2019-05-31 19:27:16,505: +PARAM [/STM2-CFG41/class] by /roslaunch
[rosmaster.master][INFO] 2019-05-31 19:27:16,505: +PARAM [/STM2-CFG06/desc] by /roslaunch
[rosmaster.master][INFO] 2019-05-31 19:27:16,506: +PARAM [/STM2-CFG63/msgId] by /roslaunch
[rosmaster.master][INFO] 2019-05-31 19:27:16,506: +PARAM [/STM2-CFG42/msgId] by /roslaunch
[rosmaster.master][INFO] 2019-05-31 19:27:16,506: +PARAM [/STM2-CFG36/msgId] by /roslaunch
[rosmaster.master][INFO] 2019-05-31 19:27:16,507: +PARAM [/STM2-CFG81/id] by /roslaunch
[rosmaster.master][INFO] 2019-05-31 19:27:16,507: +PARAM [/STM2-CFG35/id] by /roslaunch
[rosmaster.master][INFO] 2019-05-31 19:27:16,507: +PARAM [/STM2/QUEUE1/type] by /roslaunch
[rosmaster.master][INFO] 2019-05-31 19:27:16,507: +PARAM [/STM2-CFG62/msgClass] by /roslaunch
[rosmaster.master][INFO] 2019-05-31 19:27:16,508: +PARAM [/STM2/timeout] by /roslaunch
[rosmaster.master][INFO] 2019-05-31 19:27:16,508: +PARAM [/STM2-CFG05/id] by /roslaunch
[rosmaster.master][INFO] 2019-05-31 19:27:16,508: +PARAM [/STM1/QUEUE1/name] by /roslaunch
[rosmaster.master][INFO] 2019-05-31 19:27:16,509: +PARAM [/STM2-CFG33/msgId] by /roslaunch
[rosmaster.master][INFO] 2019-05-31 19:27:16,509: +PARAM [/STM2-CFG08/ioPorts] by /roslaunch
[rosmaster.master][INFO] 2019-05-31 19:27:16,509: +PARAM [/STM2-CFG62/class] by /roslaunch
[rosmaster.master][INFO] 2019-05-31 19:27:16,509: +PARAM [/STM2-CFG34/class] by /roslaunch
[rosmaster.master][INFO] 2019-05-31 19:27:16,510: +PARAM [/STM2-CFG35/msgId] by /roslaunch
[rosmaster.master][INFO] 2019-05-31 19:27:16,510: +PARAM [/STM2-CFG30/msgClass] by /roslaunch
[rosmaster.master][INFO] 2019-05-31 19:27:16,510: +PARAM [/STM2-CFG34/desc] by /roslaunch
[rosmaster.master][INFO] 2019-05-31 19:27:16,511: +PARAM [/STM2-CFG62/msgId] by /roslaunch
[rosmaster.master][INFO] 2019-05-31 19:27:16,511: +PARAM [/STM2-CFG42/desc] by /roslaunch
[rosmaster.master][INFO] 2019-05-31 19:27:16,511: +PARAM [/STM2-CFG61/id] by /roslaunch
[rosmaster.master][INFO] 2019-05-31 19:27:16,512: +PARAM [/STM4/retry] by /roslaunch
[rosmaster.master][INFO] 2019-05-31 19:27:16,512: +PARAM [/STM2-CFG38/class] by /roslaunch
[rosmaster.master][INFO] 2019-05-31 19:27:16,512: +PARAM [/STM2-CFG81/class] by /roslaunch
[rosmaster.master][INFO] 2019-05-31 19:27:16,512: +PARAM [/STM2/type] by /roslaunch
[rosmaster.master][INFO] 2019-05-31 19:27:16,513: +PARAM [/STM2-CFG31/msgClass] by /roslaunch
[rosmaster.master][INFO] 2019-05-31 19:27:16,513: +PARAM [/STM2-CFG05/ioPorts] by /roslaunch
[rosmaster.master][INFO] 2019-05-31 19:27:16,513: +PARAM [/STM2-CFG31/class] by /roslaunch
[rosmaster.master][INFO] 2019-05-31 19:27:16,513: +PARAM [/STM2-CFG35/ioPorts] by /roslaunch
[rosmaster.master][INFO] 2019-05-31 19:27:16,514: +PARAM [/STM2-CFG36/desc] by /roslaunch
[rosmaster.master][INFO] 2019-05-31 19:27:16,514: +PARAM [/STM2-CFG32/class] by /roslaunch
[rosmaster.master][INFO] 2019-05-31 19:27:16,514: +PARAM [/STM2-CFG61/ioPorts] by /roslaunch
[rosmaster.master][INFO] 2019-05-31 19:27:16,515: +PARAM [/STM2-CFG07/ioPorts] by /roslaunch
[rosmaster.master][INFO] 2019-05-31 19:27:16,515: +PARAM [/STM2/desc] by /roslaunch
[rosmaster.master][INFO] 2019-05-31 19:27:16,515: +PARAM [/STM2-CFG03/ioPorts] by /roslaunch
[rosmaster.master][INFO] 2019-05-31 19:27:16,515: +PARAM [/STM2-CFG37/desc] by /roslaunch
[rosmaster.master][INFO] 2019-05-31 19:27:16,516: +PARAM [/STM1/QUEUE1/type] by /roslaunch
[rosmaster.master][INFO] 2019-05-31 19:27:16,516: +PARAM [/STM2-CFG04/msgId] by /roslaunch
[rosmaster.master][INFO] 2019-05-31 19:27:16,516: +PARAM [/STM2-CFG36/msgClass] by /roslaunch
[rosmaster.master][INFO] 2019-05-31 19:27:16,517: +PARAM [/STM1/QUEUE2/type] by /roslaunch
[rosmaster.master][INFO] 2019-05-31 19:27:16,517: +PARAM [/STM2-CFG40/desc] by /roslaunch
[rosmaster.master][INFO] 2019-05-31 19:27:16,517: +PARAM [/STM1/type] by /roslaunch
[rosmaster.master][INFO] 2019-05-31 19:27:16,517: +PARAM [/STM2-CFG36/ioPorts] by /roslaunch
[rosmaster.master][INFO] 2019-05-31 19:27:16,518: +PARAM [/STM2-CFG40/msgClass] by /roslaunch
[rosmaster.master][INFO] 2019-05-31 19:27:16,518: +PARAM [/STM2-CFG39/msgId] by /roslaunch
[rosmaster.master][INFO] 2019-05-31 19:27:16,518: +PARAM [/STM2-CFG60/msgClass] by /roslaunch
[rosmaster.master][INFO] 2019-05-31 19:27:16,519: +PARAM [/STM4/desc] by /roslaunch
[rosmaster.master][INFO] 2019-05-31 19:27:16,519: +PARAM [/STM2-CFG06/msgClass] by /roslaunch
[rosmaster.master][INFO] 2019-05-31 19:27:16,519: +PARAM [/STM2-CFG36/id] by /roslaunch
[rosmaster.master][INFO] 2019-05-31 19:27:16,520: +PARAM [/STM2-CFG61/msgClass] by /roslaunch
[rosmaster.master][INFO] 2019-05-31 19:27:16,520: +PARAM [/STM2-CFG37/msgClass] by /roslaunch
[rosmaster.master][INFO] 2019-05-31 19:27:16,520: +PARAM [/STM2-CFG05/msgId] by /roslaunch
[rosmaster.master][INFO] 2019-05-31 19:27:16,520: +PARAM [/STM2-CFG08/id] by /roslaunch
[rosmaster.master][INFO] 2019-05-31 19:27:16,521: +PARAM [/STM2-CFG81/rate] by /roslaunch
[rosmaster.master][INFO] 2019-05-31 19:27:16,521: +PARAM [/STM2-CFG38/msgClass] by /roslaunch
[rosmaster.master][INFO] 2019-05-31 19:27:16,521: +PARAM [/STM2-CFG34/msgId] by /roslaunch
[rosmaster.master][INFO] 2019-05-31 19:27:16,522: +PARAM [/STM2-CFG39/class] by /roslaunch
[rosmaster.master][INFO] 2019-05-31 19:27:16,522: +PARAM [/STM2-CFG38/msgId] by /roslaunch
[rosmaster.master][INFO] 2019-05-31 19:27:16,522: +PARAM [/STM2-CFG62/ioPorts] by /roslaunch
[rosmaster.master][INFO] 2019-05-31 19:27:16,522: +PARAM [/STM2-CFG42/id] by /roslaunch
[rosmaster.master][INFO] 2019-05-31 19:27:16,523: +PARAM [/STM2-CFG05/msgClass] by /roslaunch
[rosmaster.master][INFO] 2019-05-31 19:27:16,523: +PARAM [/STM2-CFG31/desc] by /roslaunch
[rosmaster.master][INFO] 2019-05-31 19:27:16,523: +PARAM [/STM2-CFG32/ioPorts] by /roslaunch
[rosmaster.master][INFO] 2019-05-31 19:27:16,524: +PARAM [/STM2-CFG04/class] by /roslaunch
[rosmaster.master][INFO] 2019-05-31 19:27:16,524: +PARAM [/STM2/QUEUE1/name] by /roslaunch
[rosmaster.master][INFO] 2019-05-31 19:27:16,524: +PARAM [/STM2-CFG63/msgClass] by /roslaunch
[rosmaster.master][INFO] 2019-05-31 19:27:16,524: +PARAM [/STM2-CFG03/msgClass] by /roslaunch
[rosmaster.master][INFO] 2019-05-31 19:27:16,525: +PARAM [/STM2-CFG08/desc] by /roslaunch
[rosmaster.master][INFO] 2019-05-31 19:27:16,525: +PARAM [/STM2-CFG60/class] by /roslaunch
[rosmaster.master][INFO] 2019-05-31 19:27:16,525: +PARAM [/STM2-CFG34/msgClass] by /roslaunch
[rosmaster.master][INFO] 2019-05-31 19:27:16,525: +PARAM [/rosversion] by /roslaunch
[rosmaster.master][INFO] 2019-05-31 19:27:16,526: +PARAM [/STM2-CFG07/id] by /roslaunch
[rosmaster.master][INFO] 2019-05-31 19:27:16,526: +PARAM [/STM2-CFG37/class] by /roslaunch
[rosmaster.master][INFO] 2019-05-31 19:27:16,526: +PARAM [/STM2-CFG61/desc] by /roslaunch
[rosmaster.master][INFO] 2019-05-31 19:27:16,527: +PARAM [/STM2-CFG60/desc] by /roslaunch
[rosmaster.master][INFO] 2019-05-31 19:27:16,527: +PARAM [/STM2-CFG81/desc] by /roslaunch
[rosmaster.master][INFO] 2019-05-31 19:27:16,527: +PARAM [/STM2-CFG05/class] by /roslaunch
[rosmaster.master][INFO] 2019-05-31 19:27:16,527: +PARAM [/STM1/QUEUE2/name] by /roslaunch
[rosmaster.master][INFO] 2019-05-31 19:27:16,528: +PARAM [/STM2-CFG08/msgClass] by /roslaunch
[rosmaster.master][INFO] 2019-05-31 19:27:16,528: +PARAM [/STM2-CFG31/msgId] by /roslaunch
[rosmaster.master][INFO] 2019-05-31 19:27:16,528: +PARAM [/STM2-CFG39/ioPorts] by /roslaunch
[rosmaster.master][INFO] 2019-05-31 19:27:16,529: +PARAM [/STM2-CFG06/ioPorts] by /roslaunch
[rosmaster.master][INFO] 2019-05-31 19:27:16,529: +PARAM [/STM2-CFG42/class] by /roslaunch
[rosmaster.master][INFO] 2019-05-31 19:27:16,529: +PARAM [/STM2-CFG33/class] by /roslaunch
[rosmaster.master][INFO] 2019-05-31 19:27:16,529: +PARAM [/STM2/baudrate] by /roslaunch
[rosmaster.master][INFO] 2019-05-31 19:27:18,189: +PUB [/rosout] /gnss_node http://10.0.0.166:39558/
[rosmaster.master][INFO] 2019-05-31 19:27:18,201: +SERVICE [/gnss_node/get_loggers] /gnss_node http://10.0.0.166:39558/
[rosmaster.master][INFO] 2019-05-31 19:27:18,206: +SERVICE [/gnss_node/set_logger_level] /gnss_node http://10.0.0.166:39558/
[rosmaster.master][INFO] 2019-05-31 19:27:18,216: +SUB [/gnss_control] /gnss_node http://10.0.0.166:39558/
[rosmaster.master][INFO] 2019-05-31 19:27:18,221: +PUB [/gnss_status] /gnss_node http://10.0.0.166:39558/
[rosmaster.master][INFO] 2019-05-31 19:27:18,224: publisherUpdate[/rosout] -> http://10.0.0.166:41875/ ['http://10.0.0.166:39558/']
[rosmaster.master][INFO] 2019-05-31 19:27:18,229: +PUB [/mavlink/to] /gnss_node http://10.0.0.166:39558/
[rosmaster.master][INFO] 2019-05-31 19:27:18,231: publisherUpdate[/rosout] -> http://10.0.0.166:41875/ ['http://10.0.0.166:39558/']: sec=0.01, result=[1, '', 0]
[rosmaster.master][INFO] 2019-05-31 19:27:18,284: +SUB [/STM1] /gnss_node http://10.0.0.166:39558/
[rosmaster.master][INFO] 2019-05-31 19:27:18,313: +SUB [/STM2] /gnss_node http://10.0.0.166:39558/
[rosmaster.master][INFO] 2019-05-31 19:27:18,336: +SUB [/STM4] /gnss_node http://10.0.0.166:39558/
[rosmaster.master][INFO] 2019-05-31 19:30:23,568: -SUB [/STM1] /gnss_node http://10.0.0.166:39558/
[rosmaster.master][INFO] 2019-05-31 19:30:23,568: -SUB [/gnss_control] /gnss_node http://10.0.0.166:39558/
[rosmaster.master][INFO] 2019-05-31 19:30:23,569: -SUB [/STM4] /gnss_node http://10.0.0.166:39558/
[rosmaster.master][INFO] 2019-05-31 19:30:23,569: -SUB [/STM2] /gnss_node http://10.0.0.166:39558/
[rosmaster.master][INFO] 2019-05-31 19:30:23,570: -PUB [/gnss_status] /gnss_node http://10.0.0.166:39558/
[rosmaster.master][INFO] 2019-05-31 19:30:23,570: -PUB [/rosout] /gnss_node http://10.0.0.166:39558/
[rosmaster.master][INFO] 2019-05-31 19:30:23,570: -PUB [/mavlink/to] /gnss_node http://10.0.0.166:39558/
[rosmaster.master][INFO] 2019-05-31 19:30:23,571: -SERVICE [/gnss_node/get_loggers] /gnss_node rosrpc://10.0.0.166:40454
[rosmaster.master][INFO] 2019-05-31 19:30:23,571: -SERVICE [/gnss_node/set_logger_level] /gnss_node rosrpc://10.0.0.166:40454
[rosmaster.master][INFO] 2019-05-31 19:30:23,611: publisherUpdate[/rosout] -> http://10.0.0.166:41875/ []
[rosmaster.master][INFO] 2019-05-31 19:30:23,613: publisherUpdate[/rosout] -> http://10.0.0.166:41875/ []: sec=0.00, result=[1, '', 0]
[rosmaster.master][INFO] 2019-05-31 19:30:39,442: -PUB [/rosout_agg] /rosout http://10.0.0.166:41875/
[rosmaster.master][INFO] 2019-05-31 19:30:39,446: -SUB [/rosout] /rosout http://10.0.0.166:41875/
[rosmaster.master][INFO] 2019-05-31 19:30:39,448: -SERVICE [/rosout/get_loggers] /rosout rosrpc://10.0.0.166:41054
[rosmaster.master][INFO] 2019-05-31 19:30:39,451: -SERVICE [/rosout/set_logger_level] /rosout rosrpc://10.0.0.166:41054
[rosmaster.main][INFO] 2019-05-31 19:30:39,610: keyboard interrupt, will exit
[rosmaster.main][INFO] 2019-05-31 19:30:39,610: stopping master...
[rospy.core][INFO] 2019-05-31 19:30:39,611: signal_shutdown [atexit]
