[rosmaster.main][INFO] 2019-06-04 16:01:59,647: initialization complete, waiting for shutdown
[rosmaster.main][INFO] 2019-06-04 16:01:59,648: Starting ROS Master Node
[xmlrpc][INFO] 2019-06-04 16:01:59,652: XML-RPC server binding to 0.0.0.0:11311
[xmlrpc][INFO] 2019-06-04 16:01:59,653: Started XML-RPC server [http://10.0.0.166:11311/]
[rosmaster.master][INFO] 2019-06-04 16:01:59,654: Master initialized: port[11311], uri[http://10.0.0.166:11311/]
[xmlrpc][INFO] 2019-06-04 16:01:59,654: xml rpc node: starting XML-RPC server
[rosmaster.master][INFO] 2019-06-04 16:01:59,743: +PARAM [/run_id] by /roslaunch
[rosmaster.master][INFO] 2019-06-04 16:01:59,748: +PARAM [/roslaunch/uris/host_10_0_0_166__39099] by /roslaunch
[rosmaster.master][INFO] 2019-06-04 16:02:00,257: +SERVICE [/rosout/get_loggers] /rosout http://10.0.0.166:39543/
[rosmaster.master][INFO] 2019-06-04 16:02:00,269: +PARAM [/STM2-CFG35/msgClass] by /roslaunch
[rosmaster.master][INFO] 2019-06-04 16:02:00,270: +PARAM [/STM2-CFG32/desc] by /roslaunch
[rosmaster.master][INFO] 2019-06-04 16:02:00,271: +PARAM [/STM2-CFG07/class] by /roslaunch
[rosmaster.master][INFO] 2019-06-04 16:02:00,271: +PARAM [/STM2-CFG07/desc] by /roslaunch
[rosmaster.master][INFO] 2019-06-04 16:02:00,272: +SERVICE [/rosout/set_logger_level] /rosout http://10.0.0.166:39543/
[rosmaster.master][INFO] 2019-06-04 16:02:00,273: +PARAM [/STM2-CFG03/id] by /roslaunch
[rosmaster.master][INFO] 2019-06-04 16:02:00,274: +PARAM [/STM2-CFG30/class] by /roslaunch
[rosmaster.master][INFO] 2019-06-04 16:02:00,274: +PARAM [/STM2-CFG32/msgClass] by /roslaunch
[rosmaster.master][INFO] 2019-06-04 16:02:00,275: +PARAM [/STM2-CFG34/ioPorts] by /roslaunch
[rosmaster.master][INFO] 2019-06-04 16:02:00,275: +PARAM [/STM2-CFG37/ioPorts] by /roslaunch
[rosmaster.master][INFO] 2019-06-04 16:02:00,276: +PARAM [/STM2-CFG33/ioPorts] by /roslaunch
[rosmaster.master][INFO] 2019-06-04 16:02:00,278: +PARAM [/STM2/retry] by /roslaunch
[rosmaster.master][INFO] 2019-06-04 16:02:00,278: +PARAM [/STM2-CFG31/id] by /roslaunch
[rosmaster.master][INFO] 2019-06-04 16:02:00,279: +PARAM [/STM2-CFG38/ioPorts] by /roslaunch
[rosmaster.master][INFO] 2019-06-04 16:02:00,279: +PARAM [/STM2-CFG30/msgId] by /roslaunch
[rosmaster.master][INFO] 2019-06-04 16:02:00,280: +PARAM [/STM2-CFG62/id] by /roslaunch
[rosmaster.master][INFO] 2019-06-04 16:02:00,280: +PARAM [/STM2-CFG62/desc] by /roslaunch
[rosmaster.master][INFO] 2019-06-04 16:02:00,282: +PUB [/rosout_agg] /rosout http://10.0.0.166:39543/
[rosmaster.master][INFO] 2019-06-04 16:02:00,282: +PARAM [/STM2-CFG42/ioPorts] by /roslaunch
[rosmaster.master][INFO] 2019-06-04 16:02:00,283: +PARAM [/STM2-CFG04/ioPorts] by /roslaunch
[rosmaster.master][INFO] 2019-06-04 16:02:00,284: +PARAM [/STM2-CFG39/id] by /roslaunch
[rosmaster.master][INFO] 2019-06-04 16:02:00,285: +PARAM [/STM2-CFG32/msgId] by /roslaunch
[rosmaster.master][INFO] 2019-06-04 16:02:00,287: +PARAM [/STM2-CFG40/msgId] by /roslaunch
[rosmaster.master][INFO] 2019-06-04 16:02:00,287: +PARAM [/STM2-CFG41/id] by /roslaunch
[rosmaster.master][INFO] 2019-06-04 16:02:00,288: +PARAM [/STM2-CFG30/ioPorts] by /roslaunch
[rosmaster.master][INFO] 2019-06-04 16:02:00,290: +PARAM [/STM2-CFG61/class] by /roslaunch
[rosmaster.master][INFO] 2019-06-04 16:02:00,290: +PARAM [/STM2-CFG33/msgClass] by /roslaunch
[rosmaster.master][INFO] 2019-06-04 16:02:00,291: +PARAM [/STM2-CFG61/msgId] by /roslaunch
[rosmaster.master][INFO] 2019-06-04 16:02:00,293: +PARAM [/STM2/QUEUE2/name] by /roslaunch
[rosmaster.master][INFO] 2019-06-04 16:02:00,294: +PARAM [/STM2-CFG37/id] by /roslaunch
[rosmaster.master][INFO] 2019-06-04 16:02:00,295: +PARAM [/STM2/QUEUE2/rw] by /roslaunch
[rosmaster.master][INFO] 2019-06-04 16:02:00,297: +PARAM [/STM2-CFG04/id] by /roslaunch
[rosmaster.master][INFO] 2019-06-04 16:02:00,299: +PARAM [/STM1/port] by /roslaunch
[rosmaster.master][INFO] 2019-06-04 16:02:00,300: +PARAM [/STM2-CFG03/class] by /roslaunch
[rosmaster.master][INFO] 2019-06-04 16:02:00,302: +SUB [/rosout] /rosout http://10.0.0.166:39543/
[rosmaster.master][INFO] 2019-06-04 16:02:00,302: +PARAM [/STM2-CFG41/msgClass] by /roslaunch
[rosmaster.master][INFO] 2019-06-04 16:02:00,303: +PARAM [/STM2-CFG35/class] by /roslaunch
[rosmaster.master][INFO] 2019-06-04 16:02:00,304: +PARAM [/STM2-CFG40/class] by /roslaunch
[rosmaster.master][INFO] 2019-06-04 16:02:00,304: +PARAM [/STM2-CFG34/id] by /roslaunch
[rosmaster.master][INFO] 2019-06-04 16:02:00,304: +PARAM [/STM1/desc] by /roslaunch
[rosmaster.master][INFO] 2019-06-04 16:02:00,305: +PARAM [/STM2-CFG60/ioPorts] by /roslaunch
[rosmaster.master][INFO] 2019-06-04 16:02:00,305: +PARAM [/STM1/QUEUE1/rw] by /roslaunch
[rosmaster.master][INFO] 2019-06-04 16:02:00,305: +PARAM [/STM2-CFG05/desc] by /roslaunch
[rosmaster.master][INFO] 2019-06-04 16:02:00,306: +PARAM [/STM2-CFG06/class] by /roslaunch
[rosmaster.master][INFO] 2019-06-04 16:02:00,306: +PARAM [/STM2-CFG81/prot_in] by /roslaunch
[rosmaster.master][INFO] 2019-06-04 16:02:00,306: +PARAM [/STM2-CFG81/prot_out] by /roslaunch
[rosmaster.master][INFO] 2019-06-04 16:02:00,307: +PARAM [/STM2-CFG03/msgId] by /roslaunch
[rosmaster.master][INFO] 2019-06-04 16:02:00,307: +PARAM [/STM4/listener] by /roslaunch
[rosmaster.master][INFO] 2019-06-04 16:02:00,307: +PARAM [/STM2-CFG38/id] by /roslaunch
[rosmaster.master][INFO] 2019-06-04 16:02:00,307: +PARAM [/STM2-CFG63/ioPorts] by /roslaunch
[rosmaster.master][INFO] 2019-06-04 16:02:00,308: +PARAM [/STM2-CFG60/id] by /roslaunch
[rosmaster.master][INFO] 2019-06-04 16:02:00,308: +PARAM [/STM2/QUEUE2/type] by /roslaunch
[rosmaster.master][INFO] 2019-06-04 16:02:00,308: +PARAM [/STM2-CFG08/class] by /roslaunch
[rosmaster.master][INFO] 2019-06-04 16:02:00,309: +PARAM [/STM2-CFG40/ioPorts] by /roslaunch
[rosmaster.master][INFO] 2019-06-04 16:02:00,309: +PARAM [/STM2-CFG30/desc] by /roslaunch
[rosmaster.master][INFO] 2019-06-04 16:02:00,309: +PARAM [/STM2-CFG07/msgId] by /roslaunch
[rosmaster.master][INFO] 2019-06-04 16:02:00,310: +PARAM [/STM2-CFG63/desc] by /roslaunch
[rosmaster.master][INFO] 2019-06-04 16:02:00,310: +PARAM [/STM2-CFG41/msgId] by /roslaunch
[rosmaster.master][INFO] 2019-06-04 16:02:00,310: +PARAM [/STM2-CFG04/msgClass] by /roslaunch
[rosmaster.master][INFO] 2019-06-04 16:02:00,311: +PARAM [/STM2-CFG35/desc] by /roslaunch
[rosmaster.master][INFO] 2019-06-04 16:02:00,311: +PARAM [/STM2-CFG36/class] by /roslaunch
[rosmaster.master][INFO] 2019-06-04 16:02:00,311: +PARAM [/STM4/port] by /roslaunch
[rosmaster.master][INFO] 2019-06-04 16:02:00,311: +PARAM [/STM2-CFG06/msgId] by /roslaunch
[rosmaster.master][INFO] 2019-06-04 16:02:00,312: +PARAM [/rosdistro] by /roslaunch
[rosmaster.master][INFO] 2019-06-04 16:02:00,312: +PARAM [/STM2-CFG41/desc] by /roslaunch
[rosmaster.master][INFO] 2019-06-04 16:02:00,312: +PARAM [/STM2-CFG63/id] by /roslaunch
[rosmaster.master][INFO] 2019-06-04 16:02:00,313: +PARAM [/STM2-CFG39/msgClass] by /roslaunch
[rosmaster.master][INFO] 2019-06-04 16:02:00,313: +PARAM [/STM2-CFG08/msgId] by /roslaunch
[rosmaster.master][INFO] 2019-06-04 16:02:00,313: +PARAM [/STM2-CFG42/msgClass] by /roslaunch
[rosmaster.master][INFO] 2019-06-04 16:02:00,313: +PARAM [/STM4/type] by /roslaunch
[rosmaster.master][INFO] 2019-06-04 16:02:00,314: +PARAM [/STM2-CFG39/desc] by /roslaunch
[rosmaster.master][INFO] 2019-06-04 16:02:00,314: +PARAM [/STM2/port] by /roslaunch
[rosmaster.master][INFO] 2019-06-04 16:02:00,314: +PARAM [/STM1/host] by /roslaunch
[rosmaster.master][INFO] 2019-06-04 16:02:00,315: +PARAM [/STM2-CFG31/ioPorts] by /roslaunch
[rosmaster.master][INFO] 2019-06-04 16:02:00,315: +PARAM [/STM2-CFG33/desc] by /roslaunch
[rosmaster.master][INFO] 2019-06-04 16:02:00,315: +PARAM [/STM2-CFG04/desc] by /roslaunch
[rosmaster.master][INFO] 2019-06-04 16:02:00,315: +PARAM [/STM1/QUEUE2/rw] by /roslaunch
[rosmaster.master][INFO] 2019-06-04 16:02:00,316: +PARAM [/STM4/host] by /roslaunch
[rosmaster.master][INFO] 2019-06-04 16:02:00,316: +PARAM [/STM2-CFG41/ioPorts] by /roslaunch
[rosmaster.master][INFO] 2019-06-04 16:02:00,316: +PARAM [/STM2-CFG03/desc] by /roslaunch
[rosmaster.master][INFO] 2019-06-04 16:02:00,316: +PARAM [/STM1/retry] by /roslaunch
[rosmaster.master][INFO] 2019-06-04 16:02:00,317: +PARAM [/STM2/QUEUE1/rw] by /roslaunch
[rosmaster.master][INFO] 2019-06-04 16:02:00,317: +PARAM [/STM2-CFG37/msgId] by /roslaunch
[rosmaster.master][INFO] 2019-06-04 16:02:00,317: +PARAM [/STM2-CFG30/id] by /roslaunch
[rosmaster.master][INFO] 2019-06-04 16:02:00,318: +PARAM [/STM2-CFG60/msgId] by /roslaunch
[rosmaster.master][INFO] 2019-06-04 16:02:00,318: +PARAM [/STM2-CFG07/msgClass] by /roslaunch
[rosmaster.master][INFO] 2019-06-04 16:02:00,318: +PARAM [/STM2-CFG40/id] by /roslaunch
[rosmaster.master][INFO] 2019-06-04 16:02:00,318: +PARAM [/STM2-CFG33/id] by /roslaunch
[rosmaster.master][INFO] 2019-06-04 16:02:00,319: +PARAM [/STM2-CFG38/desc] by /roslaunch
[rosmaster.master][INFO] 2019-06-04 16:02:00,319: +PARAM [/STM2-CFG63/class] by /roslaunch
[rosmaster.master][INFO] 2019-06-04 16:02:00,319: +PARAM [/STM2-CFG32/id] by /roslaunch
[rosmaster.master][INFO] 2019-06-04 16:02:00,319: +PARAM [/STM2-CFG06/id] by /roslaunch
[rosmaster.master][INFO] 2019-06-04 16:02:00,320: +PARAM [/STM2-CFG41/class] by /roslaunch
[rosmaster.master][INFO] 2019-06-04 16:02:00,320: +PARAM [/STM2-CFG06/desc] by /roslaunch
[rosmaster.master][INFO] 2019-06-04 16:02:00,320: +PARAM [/STM2-CFG63/msgId] by /roslaunch
[rosmaster.master][INFO] 2019-06-04 16:02:00,321: +PARAM [/STM2-CFG42/msgId] by /roslaunch
[rosmaster.master][INFO] 2019-06-04 16:02:00,321: +PARAM [/STM2-CFG36/msgId] by /roslaunch
[rosmaster.master][INFO] 2019-06-04 16:02:00,321: +PARAM [/STM2-CFG81/id] by /roslaunch
[rosmaster.master][INFO] 2019-06-04 16:02:00,321: +PARAM [/STM2-CFG35/id] by /roslaunch
[rosmaster.master][INFO] 2019-06-04 16:02:00,322: +PARAM [/STM2/QUEUE1/type] by /roslaunch
[rosmaster.master][INFO] 2019-06-04 16:02:00,322: +PARAM [/STM2-CFG62/msgClass] by /roslaunch
[rosmaster.master][INFO] 2019-06-04 16:02:00,322: +PARAM [/STM2/timeout] by /roslaunch
[rosmaster.master][INFO] 2019-06-04 16:02:00,323: +PARAM [/STM2-CFG05/id] by /roslaunch
[rosmaster.master][INFO] 2019-06-04 16:02:00,323: +PARAM [/STM1/QUEUE1/name] by /roslaunch
[rosmaster.master][INFO] 2019-06-04 16:02:00,323: +PARAM [/STM2-CFG33/msgId] by /roslaunch
[rosmaster.master][INFO] 2019-06-04 16:02:00,323: +PARAM [/STM2-CFG08/ioPorts] by /roslaunch
[rosmaster.master][INFO] 2019-06-04 16:02:00,324: +PARAM [/STM2-CFG62/class] by /roslaunch
[rosmaster.master][INFO] 2019-06-04 16:02:00,324: +PARAM [/STM2-CFG34/class] by /roslaunch
[rosmaster.master][INFO] 2019-06-04 16:02:00,324: +PARAM [/STM2-CFG35/msgId] by /roslaunch
[rosmaster.master][INFO] 2019-06-04 16:02:00,324: +PARAM [/STM2-CFG30/msgClass] by /roslaunch
[rosmaster.master][INFO] 2019-06-04 16:02:00,325: +PARAM [/STM2-CFG34/desc] by /roslaunch
[rosmaster.master][INFO] 2019-06-04 16:02:00,325: +PARAM [/STM2-CFG62/msgId] by /roslaunch
[rosmaster.master][INFO] 2019-06-04 16:02:00,325: +PARAM [/STM2-CFG42/desc] by /roslaunch
[rosmaster.master][INFO] 2019-06-04 16:02:00,326: +PARAM [/STM2-CFG61/id] by /roslaunch
[rosmaster.master][INFO] 2019-06-04 16:02:00,326: +PARAM [/STM4/retry] by /roslaunch
[rosmaster.master][INFO] 2019-06-04 16:02:00,326: +PARAM [/STM2-CFG38/class] by /roslaunch
[rosmaster.master][INFO] 2019-06-04 16:02:00,327: +PARAM [/STM2-CFG81/class] by /roslaunch
[rosmaster.master][INFO] 2019-06-04 16:02:00,327: +PARAM [/STM2/type] by /roslaunch
[rosmaster.master][INFO] 2019-06-04 16:02:00,327: +PARAM [/STM2-CFG31/msgClass] by /roslaunch
[rosmaster.master][INFO] 2019-06-04 16:02:00,327: +PARAM [/STM2-CFG05/ioPorts] by /roslaunch
[rosmaster.master][INFO] 2019-06-04 16:02:00,328: +PARAM [/STM2-CFG31/class] by /roslaunch
[rosmaster.master][INFO] 2019-06-04 16:02:00,328: +PARAM [/STM2-CFG35/ioPorts] by /roslaunch
[rosmaster.master][INFO] 2019-06-04 16:02:00,328: +PARAM [/STM2-CFG36/desc] by /roslaunch
[rosmaster.master][INFO] 2019-06-04 16:02:00,329: +PARAM [/STM2-CFG32/class] by /roslaunch
[rosmaster.master][INFO] 2019-06-04 16:02:00,329: +PARAM [/STM2-CFG61/ioPorts] by /roslaunch
[rosmaster.master][INFO] 2019-06-04 16:02:00,329: +PARAM [/STM2-CFG07/ioPorts] by /roslaunch
[rosmaster.master][INFO] 2019-06-04 16:02:00,329: +PARAM [/STM2/desc] by /roslaunch
[rosmaster.master][INFO] 2019-06-04 16:02:00,330: +PARAM [/STM2-CFG03/ioPorts] by /roslaunch
[rosmaster.master][INFO] 2019-06-04 16:02:00,330: +PARAM [/STM2-CFG37/desc] by /roslaunch
[rosmaster.master][INFO] 2019-06-04 16:02:00,330: +PARAM [/STM1/QUEUE1/type] by /roslaunch
[rosmaster.master][INFO] 2019-06-04 16:02:00,330: +PARAM [/STM2-CFG04/msgId] by /roslaunch
[rosmaster.master][INFO] 2019-06-04 16:02:00,331: +PARAM [/STM2-CFG36/msgClass] by /roslaunch
[rosmaster.master][INFO] 2019-06-04 16:02:00,331: +PARAM [/STM1/QUEUE2/type] by /roslaunch
[rosmaster.master][INFO] 2019-06-04 16:02:00,331: +PARAM [/STM2-CFG40/desc] by /roslaunch
[rosmaster.master][INFO] 2019-06-04 16:02:00,332: +PARAM [/STM1/type] by /roslaunch
[rosmaster.master][INFO] 2019-06-04 16:02:00,332: +PARAM [/STM2-CFG36/ioPorts] by /roslaunch
[rosmaster.master][INFO] 2019-06-04 16:02:00,332: +PARAM [/STM2-CFG40/msgClass] by /roslaunch
[rosmaster.master][INFO] 2019-06-04 16:02:00,332: +PARAM [/STM2-CFG39/msgId] by /roslaunch
[rosmaster.master][INFO] 2019-06-04 16:02:00,333: +PARAM [/STM2-CFG60/msgClass] by /roslaunch
[rosmaster.master][INFO] 2019-06-04 16:02:00,333: +PARAM [/STM4/desc] by /roslaunch
[rosmaster.master][INFO] 2019-06-04 16:02:00,333: +PARAM [/STM2-CFG06/msgClass] by /roslaunch
[rosmaster.master][INFO] 2019-06-04 16:02:00,333: +PARAM [/STM2-CFG36/id] by /roslaunch
[rosmaster.master][INFO] 2019-06-04 16:02:00,334: +PARAM [/STM2-CFG61/msgClass] by /roslaunch
[rosmaster.master][INFO] 2019-06-04 16:02:00,334: +PARAM [/STM2-CFG37/msgClass] by /roslaunch
[rosmaster.master][INFO] 2019-06-04 16:02:00,334: +PARAM [/STM2-CFG05/msgId] by /roslaunch
[rosmaster.master][INFO] 2019-06-04 16:02:00,335: +PARAM [/STM2-CFG08/id] by /roslaunch
[rosmaster.master][INFO] 2019-06-04 16:02:00,335: +PARAM [/STM2-CFG81/rate] by /roslaunch
[rosmaster.master][INFO] 2019-06-04 16:02:00,335: +PARAM [/STM2-CFG38/msgClass] by /roslaunch
[rosmaster.master][INFO] 2019-06-04 16:02:00,336: +PARAM [/STM2-CFG34/msgId] by /roslaunch
[rosmaster.master][INFO] 2019-06-04 16:02:00,336: +PARAM [/STM2-CFG39/class] by /roslaunch
[rosmaster.master][INFO] 2019-06-04 16:02:00,336: +PARAM [/STM2-CFG38/msgId] by /roslaunch
[rosmaster.master][INFO] 2019-06-04 16:02:00,336: +PARAM [/STM2-CFG62/ioPorts] by /roslaunch
[rosmaster.master][INFO] 2019-06-04 16:02:00,337: +PARAM [/STM2-CFG42/id] by /roslaunch
[rosmaster.master][INFO] 2019-06-04 16:02:00,337: +PARAM [/STM2-CFG05/msgClass] by /roslaunch
[rosmaster.master][INFO] 2019-06-04 16:02:00,337: +PARAM [/STM2-CFG31/desc] by /roslaunch
[rosmaster.master][INFO] 2019-06-04 16:02:00,338: +PARAM [/STM2-CFG32/ioPorts] by /roslaunch
[rosmaster.master][INFO] 2019-06-04 16:02:00,338: +PARAM [/STM2-CFG04/class] by /roslaunch
[rosmaster.master][INFO] 2019-06-04 16:02:00,338: +PARAM [/STM2/QUEUE1/name] by /roslaunch
[rosmaster.master][INFO] 2019-06-04 16:02:00,338: +PARAM [/STM2-CFG63/msgClass] by /roslaunch
[rosmaster.master][INFO] 2019-06-04 16:02:00,339: +PARAM [/STM2-CFG03/msgClass] by /roslaunch
[rosmaster.master][INFO] 2019-06-04 16:02:00,339: +PARAM [/STM2-CFG08/desc] by /roslaunch
[rosmaster.master][INFO] 2019-06-04 16:02:00,339: +PARAM [/STM2-CFG60/class] by /roslaunch
[rosmaster.master][INFO] 2019-06-04 16:02:00,339: +PARAM [/STM2-CFG34/msgClass] by /roslaunch
[rosmaster.master][INFO] 2019-06-04 16:02:00,340: +PARAM [/rosversion] by /roslaunch
[rosmaster.master][INFO] 2019-06-04 16:02:00,340: +PARAM [/STM2-CFG07/id] by /roslaunch
[rosmaster.master][INFO] 2019-06-04 16:02:00,340: +PARAM [/STM2-CFG37/class] by /roslaunch
[rosmaster.master][INFO] 2019-06-04 16:02:00,341: +PARAM [/STM2-CFG61/desc] by /roslaunch
[rosmaster.master][INFO] 2019-06-04 16:02:00,341: +PARAM [/STM2-CFG60/desc] by /roslaunch
[rosmaster.master][INFO] 2019-06-04 16:02:00,341: +PARAM [/STM2-CFG81/desc] by /roslaunch
[rosmaster.master][INFO] 2019-06-04 16:02:00,341: +PARAM [/STM2-CFG05/class] by /roslaunch
[rosmaster.master][INFO] 2019-06-04 16:02:00,342: +PARAM [/STM1/QUEUE2/name] by /roslaunch
[rosmaster.master][INFO] 2019-06-04 16:02:00,342: +PARAM [/STM2-CFG08/msgClass] by /roslaunch
[rosmaster.master][INFO] 2019-06-04 16:02:00,342: +PARAM [/STM2-CFG31/msgId] by /roslaunch
[rosmaster.master][INFO] 2019-06-04 16:02:00,343: +PARAM [/STM2-CFG39/ioPorts] by /roslaunch
[rosmaster.master][INFO] 2019-06-04 16:02:00,343: +PARAM [/STM2-CFG06/ioPorts] by /roslaunch
[rosmaster.master][INFO] 2019-06-04 16:02:00,343: +PARAM [/STM2-CFG42/class] by /roslaunch
[rosmaster.master][INFO] 2019-06-04 16:02:00,344: +PARAM [/STM2-CFG33/class] by /roslaunch
[rosmaster.master][INFO] 2019-06-04 16:02:00,344: +PARAM [/STM2/baudrate] by /roslaunch
[rosmaster.master][INFO] 2019-06-04 16:02:02,143: +PUB [/rosout] /gnss_node http://10.0.0.166:41892/
[rosmaster.master][INFO] 2019-06-04 16:02:02,160: publisherUpdate[/rosout] -> http://10.0.0.166:39543/ ['http://10.0.0.166:41892/']
[rosmaster.master][INFO] 2019-06-04 16:02:02,166: publisherUpdate[/rosout] -> http://10.0.0.166:39543/ ['http://10.0.0.166:41892/']: sec=0.01, result=[1, '', 0]
[rosmaster.master][INFO] 2019-06-04 16:02:02,168: +SERVICE [/gnss_node/get_loggers] /gnss_node http://10.0.0.166:41892/
[rosmaster.master][INFO] 2019-06-04 16:02:02,174: +SERVICE [/gnss_node/set_logger_level] /gnss_node http://10.0.0.166:41892/
[rosmaster.master][INFO] 2019-06-04 16:02:02,182: +SUB [/gnss_control] /gnss_node http://10.0.0.166:41892/
[rosmaster.master][INFO] 2019-06-04 16:02:02,186: +PUB [/gnss_status] /gnss_node http://10.0.0.166:41892/
[rosmaster.master][INFO] 2019-06-04 16:02:02,192: +PUB [/mavlink/to] /gnss_node http://10.0.0.166:41892/
[rosmaster.master][INFO] 2019-06-04 16:02:02,245: +SUB [/STM1] /gnss_node http://10.0.0.166:41892/
[rosmaster.master][INFO] 2019-06-04 16:02:02,261: +SUB [/STM2] /gnss_node http://10.0.0.166:41892/
[rosmaster.master][INFO] 2019-06-04 16:02:02,292: +SUB [/STM4] /gnss_node http://10.0.0.166:41892/
[rosmaster.master][INFO] 2019-06-04 16:04:07,278: -SUB [/gnss_control] /gnss_node http://10.0.0.166:41892/
[rosmaster.master][INFO] 2019-06-04 16:04:07,279: -SUB [/STM4] /gnss_node http://10.0.0.166:41892/
[rosmaster.master][INFO] 2019-06-04 16:04:07,279: -SUB [/STM2] /gnss_node http://10.0.0.166:41892/
[rosmaster.master][INFO] 2019-06-04 16:04:07,279: -SUB [/STM1] /gnss_node http://10.0.0.166:41892/
[rosmaster.master][INFO] 2019-06-04 16:04:07,280: -PUB [/mavlink/to] /gnss_node http://10.0.0.166:41892/
[rosmaster.master][INFO] 2019-06-04 16:04:07,280: -PUB [/gnss_status] /gnss_node http://10.0.0.166:41892/
[rosmaster.master][INFO] 2019-06-04 16:04:07,280: -PUB [/rosout] /gnss_node http://10.0.0.166:41892/
[rosmaster.master][INFO] 2019-06-04 16:04:07,281: -SERVICE [/gnss_node/get_loggers] /gnss_node rosrpc://10.0.0.166:37492
[rosmaster.master][INFO] 2019-06-04 16:04:07,281: -SERVICE [/gnss_node/set_logger_level] /gnss_node rosrpc://10.0.0.166:37492
[rosmaster.master][INFO] 2019-06-04 16:04:07,287: publisherUpdate[/rosout] -> http://10.0.0.166:39543/ []
[rosmaster.master][INFO] 2019-06-04 16:04:07,289: publisherUpdate[/rosout] -> http://10.0.0.166:39543/ []: sec=0.00, result=[1, '', 0]
[rosmaster.master][INFO] 2019-06-04 16:04:22,853: -PUB [/rosout_agg] /rosout http://10.0.0.166:39543/
[rosmaster.master][INFO] 2019-06-04 16:04:22,856: -SUB [/rosout] /rosout http://10.0.0.166:39543/
[rosmaster.master][INFO] 2019-06-04 16:04:22,859: -SERVICE [/rosout/get_loggers] /rosout rosrpc://10.0.0.166:35907
[rosmaster.master][INFO] 2019-06-04 16:04:22,862: -SERVICE [/rosout/set_logger_level] /rosout rosrpc://10.0.0.166:35907
[rosmaster.main][INFO] 2019-06-04 16:04:22,988: keyboard interrupt, will exit
[rosmaster.main][INFO] 2019-06-04 16:04:22,988: stopping master...
[rospy.core][INFO] 2019-06-04 16:04:22,988: signal_shutdown [atexit]
