[rosmaster.main][INFO] 2019-06-03 09:13:40,316: initialization complete, waiting for shutdown
[rosmaster.main][INFO] 2019-06-03 09:13:40,316: Starting ROS Master Node
[xmlrpc][INFO] 2019-06-03 09:13:40,321: XML-RPC server binding to 0.0.0.0:11311
[xmlrpc][INFO] 2019-06-03 09:13:40,322: Started XML-RPC server [http://10.0.0.166:11311/]
[rosmaster.master][INFO] 2019-06-03 09:13:40,322: Master initialized: port[11311], uri[http://10.0.0.166:11311/]
[xmlrpc][INFO] 2019-06-03 09:13:40,323: xml rpc node: starting XML-RPC server
[rosmaster.master][INFO] 2019-06-03 09:13:40,417: +PARAM [/run_id] by /roslaunch
[rosmaster.master][INFO] 2019-06-03 09:13:40,422: +PARAM [/roslaunch/uris/host_10_0_0_166__33187] by /roslaunch
[rosmaster.master][INFO] 2019-06-03 09:13:40,868: +SERVICE [/rosout/get_loggers] /rosout http://10.0.0.166:37554/
[rosmaster.master][INFO] 2019-06-03 09:13:40,952: +PARAM [/STM2-CFG35/msgClass] by /roslaunch
[rosmaster.master][INFO] 2019-06-03 09:13:40,953: +PARAM [/STM2-CFG32/desc] by /roslaunch
[rosmaster.master][INFO] 2019-06-03 09:13:40,954: +PARAM [/STM2-CFG07/class] by /roslaunch
[rosmaster.master][INFO] 2019-06-03 09:13:40,954: +PARAM [/STM2-CFG07/desc] by /roslaunch
[rosmaster.master][INFO] 2019-06-03 09:13:40,954: +PARAM [/STM2-CFG03/id] by /roslaunch
[rosmaster.master][INFO] 2019-06-03 09:13:40,956: +SERVICE [/rosout/set_logger_level] /rosout http://10.0.0.166:37554/
[rosmaster.master][INFO] 2019-06-03 09:13:40,957: +PARAM [/STM2-CFG30/class] by /roslaunch
[rosmaster.master][INFO] 2019-06-03 09:13:40,958: +PARAM [/STM2-CFG32/msgClass] by /roslaunch
[rosmaster.master][INFO] 2019-06-03 09:13:40,958: +PARAM [/STM2-CFG34/ioPorts] by /roslaunch
[rosmaster.master][INFO] 2019-06-03 09:13:40,959: +PARAM [/STM2-CFG37/ioPorts] by /roslaunch
[rosmaster.master][INFO] 2019-06-03 09:13:40,961: +PARAM [/STM2-CFG33/ioPorts] by /roslaunch
[rosmaster.master][INFO] 2019-06-03 09:13:40,962: +PARAM [/STM2/retry] by /roslaunch
[rosmaster.master][INFO] 2019-06-03 09:13:40,962: +PARAM [/STM2-CFG31/id] by /roslaunch
[rosmaster.master][INFO] 2019-06-03 09:13:40,962: +PARAM [/STM2-CFG38/ioPorts] by /roslaunch
[rosmaster.master][INFO] 2019-06-03 09:13:40,963: +PARAM [/STM2-CFG30/msgId] by /roslaunch
[rosmaster.master][INFO] 2019-06-03 09:13:40,964: +PARAM [/STM2-CFG62/id] by /roslaunch
[rosmaster.master][INFO] 2019-06-03 09:13:40,966: +PUB [/rosout_agg] /rosout http://10.0.0.166:37554/
[rosmaster.master][INFO] 2019-06-03 09:13:40,966: +PARAM [/STM2-CFG62/desc] by /roslaunch
[rosmaster.master][INFO] 2019-06-03 09:13:40,968: +PARAM [/STM2-CFG42/ioPorts] by /roslaunch
[rosmaster.master][INFO] 2019-06-03 09:13:40,969: +PARAM [/STM2-CFG04/ioPorts] by /roslaunch
[rosmaster.master][INFO] 2019-06-03 09:13:40,971: +PARAM [/STM2-CFG39/id] by /roslaunch
[rosmaster.master][INFO] 2019-06-03 09:13:40,972: +PARAM [/STM2-CFG32/msgId] by /roslaunch
[rosmaster.master][INFO] 2019-06-03 09:13:40,972: +PARAM [/STM2-CFG40/msgId] by /roslaunch
[rosmaster.master][INFO] 2019-06-03 09:13:40,973: +PARAM [/STM2-CFG41/id] by /roslaunch
[rosmaster.master][INFO] 2019-06-03 09:13:40,974: +PARAM [/STM2-CFG30/ioPorts] by /roslaunch
[rosmaster.master][INFO] 2019-06-03 09:13:40,976: +PARAM [/STM2-CFG61/class] by /roslaunch
[rosmaster.master][INFO] 2019-06-03 09:13:40,978: +PARAM [/STM2-CFG33/msgClass] by /roslaunch
[rosmaster.master][INFO] 2019-06-03 09:13:40,979: +PARAM [/STM2-CFG61/msgId] by /roslaunch
[rosmaster.master][INFO] 2019-06-03 09:13:40,981: +PARAM [/STM2/QUEUE2/name] by /roslaunch
[rosmaster.master][INFO] 2019-06-03 09:13:40,982: +PARAM [/STM2-CFG37/id] by /roslaunch
[rosmaster.master][INFO] 2019-06-03 09:13:40,982: +PARAM [/STM2/QUEUE2/rw] by /roslaunch
[rosmaster.master][INFO] 2019-06-03 09:13:40,983: +PARAM [/STM2-CFG04/id] by /roslaunch
[rosmaster.master][INFO] 2019-06-03 09:13:40,985: +PARAM [/STM1/port] by /roslaunch
[rosmaster.master][INFO] 2019-06-03 09:13:40,985: +PARAM [/STM2-CFG03/class] by /roslaunch
[rosmaster.master][INFO] 2019-06-03 09:13:40,986: +PARAM [/STM2-CFG41/msgClass] by /roslaunch
[rosmaster.master][INFO] 2019-06-03 09:13:40,986: +PARAM [/STM2-CFG35/class] by /roslaunch
[rosmaster.master][INFO] 2019-06-03 09:13:40,987: +PARAM [/STM2-CFG40/class] by /roslaunch
[rosmaster.master][INFO] 2019-06-03 09:13:40,988: +PARAM [/STM2-CFG34/id] by /roslaunch
[rosmaster.master][INFO] 2019-06-03 09:13:40,989: +SUB [/rosout] /rosout http://10.0.0.166:37554/
[rosmaster.master][INFO] 2019-06-03 09:13:40,989: +PARAM [/STM1/desc] by /roslaunch
[rosmaster.master][INFO] 2019-06-03 09:13:40,990: +PARAM [/STM2-CFG60/ioPorts] by /roslaunch
[rosmaster.master][INFO] 2019-06-03 09:13:40,991: +PARAM [/STM1/QUEUE1/rw] by /roslaunch
[rosmaster.master][INFO] 2019-06-03 09:13:40,991: +PARAM [/STM2-CFG05/desc] by /roslaunch
[rosmaster.master][INFO] 2019-06-03 09:13:40,992: +PARAM [/STM2-CFG06/class] by /roslaunch
[rosmaster.master][INFO] 2019-06-03 09:13:40,992: +PARAM [/STM2-CFG81/prot_in] by /roslaunch
[rosmaster.master][INFO] 2019-06-03 09:13:40,992: +PARAM [/STM2-CFG81/prot_out] by /roslaunch
[rosmaster.master][INFO] 2019-06-03 09:13:40,993: +PARAM [/STM2-CFG03/msgId] by /roslaunch
[rosmaster.master][INFO] 2019-06-03 09:13:40,993: +PARAM [/STM4/listener] by /roslaunch
[rosmaster.master][INFO] 2019-06-03 09:13:40,993: +PARAM [/STM2-CFG38/id] by /roslaunch
[rosmaster.master][INFO] 2019-06-03 09:13:40,994: +PARAM [/STM2-CFG63/ioPorts] by /roslaunch
[rosmaster.master][INFO] 2019-06-03 09:13:40,994: +PARAM [/STM2-CFG60/id] by /roslaunch
[rosmaster.master][INFO] 2019-06-03 09:13:40,994: +PARAM [/STM2/QUEUE2/type] by /roslaunch
[rosmaster.master][INFO] 2019-06-03 09:13:40,994: +PARAM [/STM2-CFG08/class] by /roslaunch
[rosmaster.master][INFO] 2019-06-03 09:13:40,995: +PARAM [/STM2-CFG40/ioPorts] by /roslaunch
[rosmaster.master][INFO] 2019-06-03 09:13:40,995: +PARAM [/STM2-CFG30/desc] by /roslaunch
[rosmaster.master][INFO] 2019-06-03 09:13:40,995: +PARAM [/STM2-CFG07/msgId] by /roslaunch
[rosmaster.master][INFO] 2019-06-03 09:13:40,996: +PARAM [/STM2-CFG63/desc] by /roslaunch
[rosmaster.master][INFO] 2019-06-03 09:13:40,996: +PARAM [/STM2-CFG41/msgId] by /roslaunch
[rosmaster.master][INFO] 2019-06-03 09:13:40,996: +PARAM [/STM2-CFG04/msgClass] by /roslaunch
[rosmaster.master][INFO] 2019-06-03 09:13:40,997: +PARAM [/STM2-CFG35/desc] by /roslaunch
[rosmaster.master][INFO] 2019-06-03 09:13:40,997: +PARAM [/STM2-CFG36/class] by /roslaunch
[rosmaster.master][INFO] 2019-06-03 09:13:40,997: +PARAM [/STM4/port] by /roslaunch
[rosmaster.master][INFO] 2019-06-03 09:13:40,998: +PARAM [/STM2-CFG06/msgId] by /roslaunch
[rosmaster.master][INFO] 2019-06-03 09:13:40,998: +PARAM [/rosdistro] by /roslaunch
[rosmaster.master][INFO] 2019-06-03 09:13:40,998: +PARAM [/STM2-CFG41/desc] by /roslaunch
[rosmaster.master][INFO] 2019-06-03 09:13:40,999: +PARAM [/STM2-CFG63/id] by /roslaunch
[rosmaster.master][INFO] 2019-06-03 09:13:40,999: +PARAM [/STM2-CFG39/msgClass] by /roslaunch
[rosmaster.master][INFO] 2019-06-03 09:13:40,999: +PARAM [/STM2-CFG08/msgId] by /roslaunch
[rosmaster.master][INFO] 2019-06-03 09:13:40,999: +PARAM [/STM2-CFG42/msgClass] by /roslaunch
[rosmaster.master][INFO] 2019-06-03 09:13:41,000: +PARAM [/STM4/type] by /roslaunch
[rosmaster.master][INFO] 2019-06-03 09:13:41,000: +PARAM [/STM2-CFG39/desc] by /roslaunch
[rosmaster.master][INFO] 2019-06-03 09:13:41,000: +PARAM [/STM2/port] by /roslaunch
[rosmaster.master][INFO] 2019-06-03 09:13:41,000: +PARAM [/STM1/host] by /roslaunch
[rosmaster.master][INFO] 2019-06-03 09:13:41,001: +PARAM [/STM2-CFG31/ioPorts] by /roslaunch
[rosmaster.master][INFO] 2019-06-03 09:13:41,001: +PARAM [/STM2-CFG33/desc] by /roslaunch
[rosmaster.master][INFO] 2019-06-03 09:13:41,001: +PARAM [/STM2-CFG04/desc] by /roslaunch
[rosmaster.master][INFO] 2019-06-03 09:13:41,002: +PARAM [/STM1/QUEUE2/rw] by /roslaunch
[rosmaster.master][INFO] 2019-06-03 09:13:41,002: +PARAM [/STM4/host] by /roslaunch
[rosmaster.master][INFO] 2019-06-03 09:13:41,002: +PARAM [/STM2-CFG41/ioPorts] by /roslaunch
[rosmaster.master][INFO] 2019-06-03 09:13:41,002: +PARAM [/STM2-CFG03/desc] by /roslaunch
[rosmaster.master][INFO] 2019-06-03 09:13:41,003: +PARAM [/STM1/retry] by /roslaunch
[rosmaster.master][INFO] 2019-06-03 09:13:41,003: +PARAM [/STM2/QUEUE1/rw] by /roslaunch
[rosmaster.master][INFO] 2019-06-03 09:13:41,003: +PARAM [/STM2-CFG37/msgId] by /roslaunch
[rosmaster.master][INFO] 2019-06-03 09:13:41,004: +PARAM [/STM2-CFG30/id] by /roslaunch
[rosmaster.master][INFO] 2019-06-03 09:13:41,004: +PARAM [/STM2-CFG60/msgId] by /roslaunch
[rosmaster.master][INFO] 2019-06-03 09:13:41,004: +PARAM [/STM2-CFG07/msgClass] by /roslaunch
[rosmaster.master][INFO] 2019-06-03 09:13:41,004: +PARAM [/STM2-CFG40/id] by /roslaunch
[rosmaster.master][INFO] 2019-06-03 09:13:41,005: +PARAM [/STM2-CFG33/id] by /roslaunch
[rosmaster.master][INFO] 2019-06-03 09:13:41,005: +PARAM [/STM2-CFG38/desc] by /roslaunch
[rosmaster.master][INFO] 2019-06-03 09:13:41,005: +PARAM [/STM2-CFG63/class] by /roslaunch
[rosmaster.master][INFO] 2019-06-03 09:13:41,006: +PARAM [/STM2-CFG32/id] by /roslaunch
[rosmaster.master][INFO] 2019-06-03 09:13:41,006: +PARAM [/STM2-CFG06/id] by /roslaunch
[rosmaster.master][INFO] 2019-06-03 09:13:41,006: +PARAM [/STM2-CFG41/class] by /roslaunch
[rosmaster.master][INFO] 2019-06-03 09:13:41,006: +PARAM [/STM2-CFG06/desc] by /roslaunch
[rosmaster.master][INFO] 2019-06-03 09:13:41,007: +PARAM [/STM2-CFG63/msgId] by /roslaunch
[rosmaster.master][INFO] 2019-06-03 09:13:41,007: +PARAM [/STM2-CFG42/msgId] by /roslaunch
[rosmaster.master][INFO] 2019-06-03 09:13:41,007: +PARAM [/STM2-CFG36/msgId] by /roslaunch
[rosmaster.master][INFO] 2019-06-03 09:13:41,008: +PARAM [/STM2-CFG81/id] by /roslaunch
[rosmaster.master][INFO] 2019-06-03 09:13:41,008: +PARAM [/STM2-CFG35/id] by /roslaunch
[rosmaster.master][INFO] 2019-06-03 09:13:41,008: +PARAM [/STM2/QUEUE1/type] by /roslaunch
[rosmaster.master][INFO] 2019-06-03 09:13:41,008: +PARAM [/STM2-CFG62/msgClass] by /roslaunch
[rosmaster.master][INFO] 2019-06-03 09:13:41,009: +PARAM [/STM2/timeout] by /roslaunch
[rosmaster.master][INFO] 2019-06-03 09:13:41,009: +PARAM [/STM2-CFG05/id] by /roslaunch
[rosmaster.master][INFO] 2019-06-03 09:13:41,009: +PARAM [/STM1/QUEUE1/name] by /roslaunch
[rosmaster.master][INFO] 2019-06-03 09:13:41,010: +PARAM [/STM2-CFG33/msgId] by /roslaunch
[rosmaster.master][INFO] 2019-06-03 09:13:41,010: +PARAM [/STM2-CFG08/ioPorts] by /roslaunch
[rosmaster.master][INFO] 2019-06-03 09:13:41,010: +PARAM [/STM2-CFG62/class] by /roslaunch
[rosmaster.master][INFO] 2019-06-03 09:13:41,010: +PARAM [/STM2-CFG34/class] by /roslaunch
[rosmaster.master][INFO] 2019-06-03 09:13:41,011: +PARAM [/STM2-CFG35/msgId] by /roslaunch
[rosmaster.master][INFO] 2019-06-03 09:13:41,011: +PARAM [/STM2-CFG30/msgClass] by /roslaunch
[rosmaster.master][INFO] 2019-06-03 09:13:41,011: +PARAM [/STM2-CFG34/desc] by /roslaunch
[rosmaster.master][INFO] 2019-06-03 09:13:41,011: +PARAM [/STM2-CFG62/msgId] by /roslaunch
[rosmaster.master][INFO] 2019-06-03 09:13:41,012: +PARAM [/STM2-CFG42/desc] by /roslaunch
[rosmaster.master][INFO] 2019-06-03 09:13:41,012: +PARAM [/STM2-CFG61/id] by /roslaunch
[rosmaster.master][INFO] 2019-06-03 09:13:41,012: +PARAM [/STM4/retry] by /roslaunch
[rosmaster.master][INFO] 2019-06-03 09:13:41,013: +PARAM [/STM2-CFG38/class] by /roslaunch
[rosmaster.master][INFO] 2019-06-03 09:13:41,013: +PARAM [/STM2-CFG81/class] by /roslaunch
[rosmaster.master][INFO] 2019-06-03 09:13:41,013: +PARAM [/STM2/type] by /roslaunch
[rosmaster.master][INFO] 2019-06-03 09:13:41,013: +PARAM [/STM2-CFG31/msgClass] by /roslaunch
[rosmaster.master][INFO] 2019-06-03 09:13:41,014: +PARAM [/STM2-CFG05/ioPorts] by /roslaunch
[rosmaster.master][INFO] 2019-06-03 09:13:41,014: +PARAM [/STM2-CFG31/class] by /roslaunch
[rosmaster.master][INFO] 2019-06-03 09:13:41,014: +PARAM [/STM2-CFG35/ioPorts] by /roslaunch
[rosmaster.master][INFO] 2019-06-03 09:13:41,015: +PARAM [/STM2-CFG36/desc] by /roslaunch
[rosmaster.master][INFO] 2019-06-03 09:13:41,015: +PARAM [/STM2-CFG32/class] by /roslaunch
[rosmaster.master][INFO] 2019-06-03 09:13:41,015: +PARAM [/STM2-CFG61/ioPorts] by /roslaunch
[rosmaster.master][INFO] 2019-06-03 09:13:41,016: +PARAM [/STM2-CFG07/ioPorts] by /roslaunch
[rosmaster.master][INFO] 2019-06-03 09:13:41,016: +PARAM [/STM2/desc] by /roslaunch
[rosmaster.master][INFO] 2019-06-03 09:13:41,016: +PARAM [/STM2-CFG03/ioPorts] by /roslaunch
[rosmaster.master][INFO] 2019-06-03 09:13:41,016: +PARAM [/STM2-CFG37/desc] by /roslaunch
[rosmaster.master][INFO] 2019-06-03 09:13:41,017: +PARAM [/STM1/QUEUE1/type] by /roslaunch
[rosmaster.master][INFO] 2019-06-03 09:13:41,017: +PARAM [/STM2-CFG04/msgId] by /roslaunch
[rosmaster.master][INFO] 2019-06-03 09:13:41,017: +PARAM [/STM2-CFG36/msgClass] by /roslaunch
[rosmaster.master][INFO] 2019-06-03 09:13:41,017: +PARAM [/STM1/QUEUE2/type] by /roslaunch
[rosmaster.master][INFO] 2019-06-03 09:13:41,018: +PARAM [/STM2-CFG40/desc] by /roslaunch
[rosmaster.master][INFO] 2019-06-03 09:13:41,018: +PARAM [/STM1/type] by /roslaunch
[rosmaster.master][INFO] 2019-06-03 09:13:41,018: +PARAM [/STM2-CFG36/ioPorts] by /roslaunch
[rosmaster.master][INFO] 2019-06-03 09:13:41,019: +PARAM [/STM2-CFG40/msgClass] by /roslaunch
[rosmaster.master][INFO] 2019-06-03 09:13:41,019: +PARAM [/STM2-CFG39/msgId] by /roslaunch
[rosmaster.master][INFO] 2019-06-03 09:13:41,019: +PARAM [/STM2-CFG60/msgClass] by /roslaunch
[rosmaster.master][INFO] 2019-06-03 09:13:41,019: +PARAM [/STM4/desc] by /roslaunch
[rosmaster.master][INFO] 2019-06-03 09:13:41,020: +PARAM [/STM2-CFG06/msgClass] by /roslaunch
[rosmaster.master][INFO] 2019-06-03 09:13:41,020: +PARAM [/STM2-CFG36/id] by /roslaunch
[rosmaster.master][INFO] 2019-06-03 09:13:41,020: +PARAM [/STM2-CFG61/msgClass] by /roslaunch
[rosmaster.master][INFO] 2019-06-03 09:13:41,021: +PARAM [/STM2-CFG37/msgClass] by /roslaunch
[rosmaster.master][INFO] 2019-06-03 09:13:41,021: +PARAM [/STM2-CFG05/msgId] by /roslaunch
[rosmaster.master][INFO] 2019-06-03 09:13:41,021: +PARAM [/STM2-CFG08/id] by /roslaunch
[rosmaster.master][INFO] 2019-06-03 09:13:41,022: +PARAM [/STM2-CFG81/rate] by /roslaunch
[rosmaster.master][INFO] 2019-06-03 09:13:41,022: +PARAM [/STM2-CFG38/msgClass] by /roslaunch
[rosmaster.master][INFO] 2019-06-03 09:13:41,022: +PARAM [/STM2-CFG34/msgId] by /roslaunch
[rosmaster.master][INFO] 2019-06-03 09:13:41,022: +PARAM [/STM2-CFG39/class] by /roslaunch
[rosmaster.master][INFO] 2019-06-03 09:13:41,023: +PARAM [/STM2-CFG38/msgId] by /roslaunch
[rosmaster.master][INFO] 2019-06-03 09:13:41,023: +PARAM [/STM2-CFG62/ioPorts] by /roslaunch
[rosmaster.master][INFO] 2019-06-03 09:13:41,023: +PARAM [/STM2-CFG42/id] by /roslaunch
[rosmaster.master][INFO] 2019-06-03 09:13:41,024: +PARAM [/STM2-CFG05/msgClass] by /roslaunch
[rosmaster.master][INFO] 2019-06-03 09:13:41,024: +PARAM [/STM2-CFG31/desc] by /roslaunch
[rosmaster.master][INFO] 2019-06-03 09:13:41,024: +PARAM [/STM2-CFG32/ioPorts] by /roslaunch
[rosmaster.master][INFO] 2019-06-03 09:13:41,025: +PARAM [/STM2-CFG04/class] by /roslaunch
[rosmaster.master][INFO] 2019-06-03 09:13:41,025: +PARAM [/STM2/QUEUE1/name] by /roslaunch
[rosmaster.master][INFO] 2019-06-03 09:13:41,025: +PARAM [/STM2-CFG63/msgClass] by /roslaunch
[rosmaster.master][INFO] 2019-06-03 09:13:41,026: +PARAM [/STM2-CFG03/msgClass] by /roslaunch
[rosmaster.master][INFO] 2019-06-03 09:13:41,026: +PARAM [/STM2-CFG08/desc] by /roslaunch
[rosmaster.master][INFO] 2019-06-03 09:13:41,026: +PARAM [/STM2-CFG60/class] by /roslaunch
[rosmaster.master][INFO] 2019-06-03 09:13:41,027: +PARAM [/STM2-CFG34/msgClass] by /roslaunch
[rosmaster.master][INFO] 2019-06-03 09:13:41,027: +PARAM [/rosversion] by /roslaunch
[rosmaster.master][INFO] 2019-06-03 09:13:41,027: +PARAM [/STM2-CFG07/id] by /roslaunch
[rosmaster.master][INFO] 2019-06-03 09:13:41,027: +PARAM [/STM2-CFG37/class] by /roslaunch
[rosmaster.master][INFO] 2019-06-03 09:13:41,028: +PARAM [/STM2-CFG61/desc] by /roslaunch
[rosmaster.master][INFO] 2019-06-03 09:13:41,028: +PARAM [/STM2-CFG60/desc] by /roslaunch
[rosmaster.master][INFO] 2019-06-03 09:13:41,028: +PARAM [/STM2-CFG81/desc] by /roslaunch
[rosmaster.master][INFO] 2019-06-03 09:13:41,029: +PARAM [/STM2-CFG05/class] by /roslaunch
[rosmaster.master][INFO] 2019-06-03 09:13:41,029: +PARAM [/STM1/QUEUE2/name] by /roslaunch
[rosmaster.master][INFO] 2019-06-03 09:13:41,029: +PARAM [/STM2-CFG08/msgClass] by /roslaunch
[rosmaster.master][INFO] 2019-06-03 09:13:41,030: +PARAM [/STM2-CFG31/msgId] by /roslaunch
[rosmaster.master][INFO] 2019-06-03 09:13:41,030: +PARAM [/STM2-CFG39/ioPorts] by /roslaunch
[rosmaster.master][INFO] 2019-06-03 09:13:41,030: +PARAM [/STM2-CFG06/ioPorts] by /roslaunch
[rosmaster.master][INFO] 2019-06-03 09:13:41,031: +PARAM [/STM2-CFG42/class] by /roslaunch
[rosmaster.master][INFO] 2019-06-03 09:13:41,031: +PARAM [/STM2-CFG33/class] by /roslaunch
[rosmaster.master][INFO] 2019-06-03 09:13:41,031: +PARAM [/STM2/baudrate] by /roslaunch
[rosmaster.master][INFO] 2019-06-03 09:13:42,696: +PUB [/rosout] /gnss_node http://10.0.0.166:41224/
[rosmaster.master][INFO] 2019-06-03 09:13:42,712: +SERVICE [/gnss_node/get_loggers] /gnss_node http://10.0.0.166:41224/
[rosmaster.master][INFO] 2019-06-03 09:13:42,718: +SERVICE [/gnss_node/set_logger_level] /gnss_node http://10.0.0.166:41224/
[rosmaster.master][INFO] 2019-06-03 09:13:42,725: publisherUpdate[/rosout] -> http://10.0.0.166:37554/ ['http://10.0.0.166:41224/']
[rosmaster.master][INFO] 2019-06-03 09:13:42,729: +SUB [/gnss_control] /gnss_node http://10.0.0.166:41224/
[rosmaster.master][INFO] 2019-06-03 09:13:42,731: publisherUpdate[/rosout] -> http://10.0.0.166:37554/ ['http://10.0.0.166:41224/']: sec=0.01, result=[1, '', 0]
[rosmaster.master][INFO] 2019-06-03 09:13:42,734: +PUB [/gnss_status] /gnss_node http://10.0.0.166:41224/
[rosmaster.master][INFO] 2019-06-03 09:13:42,739: +PUB [/mavlink/to] /gnss_node http://10.0.0.166:41224/
[rosmaster.master][INFO] 2019-06-03 09:13:42,796: +SUB [/STM1] /gnss_node http://10.0.0.166:41224/
[rosmaster.master][INFO] 2019-06-03 09:13:42,828: +SUB [/STM2] /gnss_node http://10.0.0.166:41224/
[rosmaster.master][INFO] 2019-06-03 09:13:42,852: +SUB [/STM4] /gnss_node http://10.0.0.166:41224/
[rosmaster.master][INFO] 2019-06-03 09:14:45,526: -SUB [/STM2] /gnss_node http://10.0.0.166:41224/
[rosmaster.master][INFO] 2019-06-03 09:14:45,527: -SUB [/STM4] /gnss_node http://10.0.0.166:41224/
[rosmaster.master][INFO] 2019-06-03 09:14:45,527: -SUB [/gnss_control] /gnss_node http://10.0.0.166:41224/
[rosmaster.master][INFO] 2019-06-03 09:14:45,527: -SUB [/STM1] /gnss_node http://10.0.0.166:41224/
[rosmaster.master][INFO] 2019-06-03 09:14:45,528: -PUB [/mavlink/to] /gnss_node http://10.0.0.166:41224/
[rosmaster.master][INFO] 2019-06-03 09:14:45,528: -PUB [/gnss_status] /gnss_node http://10.0.0.166:41224/
[rosmaster.master][INFO] 2019-06-03 09:14:45,529: -PUB [/rosout] /gnss_node http://10.0.0.166:41224/
[rosmaster.master][INFO] 2019-06-03 09:14:45,529: -SERVICE [/gnss_node/set_logger_level] /gnss_node rosrpc://10.0.0.166:43238
[rosmaster.master][INFO] 2019-06-03 09:14:45,529: -SERVICE [/gnss_node/get_loggers] /gnss_node rosrpc://10.0.0.166:43238
[rosmaster.master][INFO] 2019-06-03 09:14:45,612: publisherUpdate[/rosout] -> http://10.0.0.166:37554/ []
[rosmaster.master][INFO] 2019-06-03 09:14:45,615: publisherUpdate[/rosout] -> http://10.0.0.166:37554/ []: sec=0.00, result=[1, '', 0]
[rosmaster.master][INFO] 2019-06-03 09:14:56,038: -PUB [/rosout_agg] /rosout http://10.0.0.166:37554/
[rosmaster.master][INFO] 2019-06-03 09:14:56,043: -SUB [/rosout] /rosout http://10.0.0.166:37554/
[rosmaster.master][INFO] 2019-06-03 09:14:56,048: -SERVICE [/rosout/get_loggers] /rosout rosrpc://10.0.0.166:36151
[rosmaster.master][INFO] 2019-06-03 09:14:56,052: -SERVICE [/rosout/set_logger_level] /rosout rosrpc://10.0.0.166:36151
[rosmaster.main][INFO] 2019-06-03 09:14:56,212: keyboard interrupt, will exit
[rosmaster.main][INFO] 2019-06-03 09:14:56,213: stopping master...
[rospy.core][INFO] 2019-06-03 09:14:56,213: signal_shutdown [atexit]
