[rosmaster.main][INFO] 2019-06-02 16:10:08,409: initialization complete, waiting for shutdown
[rosmaster.main][INFO] 2019-06-02 16:10:08,409: Starting ROS Master Node
[xmlrpc][INFO] 2019-06-02 16:10:08,414: XML-RPC server binding to 0.0.0.0:11311
[xmlrpc][INFO] 2019-06-02 16:10:08,415: Started XML-RPC server [http://10.0.0.166:11311/]
[xmlrpc][INFO] 2019-06-02 16:10:08,416: xml rpc node: starting XML-RPC server
[rosmaster.master][INFO] 2019-06-02 16:10:08,416: Master initialized: port[11311], uri[http://10.0.0.166:11311/]
[rosmaster.master][INFO] 2019-06-02 16:10:08,502: +PARAM [/run_id] by /roslaunch
[rosmaster.master][INFO] 2019-06-02 16:10:08,507: +PARAM [/roslaunch/uris/host_10_0_0_166__45935] by /roslaunch
[rosmaster.master][INFO] 2019-06-02 16:10:08,980: +SERVICE [/rosout/get_loggers] /rosout http://10.0.0.166:34395/
[rosmaster.master][INFO] 2019-06-02 16:10:09,039: +PARAM [/STM2-CFG35/msgClass] by /roslaunch
[rosmaster.master][INFO] 2019-06-02 16:10:09,040: +SERVICE [/rosout/set_logger_level] /rosout http://10.0.0.166:34395/
[rosmaster.master][INFO] 2019-06-02 16:10:09,040: +PARAM [/STM2-CFG32/desc] by /roslaunch
[rosmaster.master][INFO] 2019-06-02 16:10:09,041: +PARAM [/STM2-CFG07/class] by /roslaunch
[rosmaster.master][INFO] 2019-06-02 16:10:09,043: +PARAM [/STM2-CFG07/desc] by /roslaunch
[rosmaster.master][INFO] 2019-06-02 16:10:09,044: +PARAM [/STM2-CFG03/id] by /roslaunch
[rosmaster.master][INFO] 2019-06-02 16:10:09,045: +PARAM [/STM2-CFG30/class] by /roslaunch
[rosmaster.master][INFO] 2019-06-02 16:10:09,045: +PARAM [/STM2-CFG32/msgClass] by /roslaunch
[rosmaster.master][INFO] 2019-06-02 16:10:09,046: +PARAM [/STM2-CFG34/ioPorts] by /roslaunch
[rosmaster.master][INFO] 2019-06-02 16:10:09,047: +PARAM [/STM2-CFG37/ioPorts] by /roslaunch
[rosmaster.master][INFO] 2019-06-02 16:10:09,047: +PARAM [/STM2-CFG33/ioPorts] by /roslaunch
[rosmaster.master][INFO] 2019-06-02 16:10:09,048: +PARAM [/STM2/retry] by /roslaunch
[rosmaster.master][INFO] 2019-06-02 16:10:09,049: +PUB [/rosout_agg] /rosout http://10.0.0.166:34395/
[rosmaster.master][INFO] 2019-06-02 16:10:09,050: +PARAM [/STM2-CFG31/id] by /roslaunch
[rosmaster.master][INFO] 2019-06-02 16:10:09,051: +PARAM [/STM2-CFG38/ioPorts] by /roslaunch
[rosmaster.master][INFO] 2019-06-02 16:10:09,051: +PARAM [/STM2-CFG30/msgId] by /roslaunch
[rosmaster.master][INFO] 2019-06-02 16:10:09,052: +PARAM [/STM2-CFG62/id] by /roslaunch
[rosmaster.master][INFO] 2019-06-02 16:10:09,054: +PARAM [/STM2-CFG62/desc] by /roslaunch
[rosmaster.master][INFO] 2019-06-02 16:10:09,054: +PARAM [/STM2-CFG42/ioPorts] by /roslaunch
[rosmaster.master][INFO] 2019-06-02 16:10:09,055: +PARAM [/STM2-CFG04/ioPorts] by /roslaunch
[rosmaster.master][INFO] 2019-06-02 16:10:09,056: +PARAM [/STM2-CFG39/id] by /roslaunch
[rosmaster.master][INFO] 2019-06-02 16:10:09,057: +PARAM [/STM2-CFG32/msgId] by /roslaunch
[rosmaster.master][INFO] 2019-06-02 16:10:09,059: +PARAM [/STM2-CFG40/msgId] by /roslaunch
[rosmaster.master][INFO] 2019-06-02 16:10:09,060: +PARAM [/STM2-CFG41/id] by /roslaunch
[rosmaster.master][INFO] 2019-06-02 16:10:09,064: +PARAM [/STM2-CFG30/ioPorts] by /roslaunch
[rosmaster.master][INFO] 2019-06-02 16:10:09,066: +PARAM [/STM2-CFG61/class] by /roslaunch
[rosmaster.master][INFO] 2019-06-02 16:10:09,067: +PARAM [/STM2-CFG33/msgClass] by /roslaunch
[rosmaster.master][INFO] 2019-06-02 16:10:09,068: +PARAM [/STM2-CFG61/msgId] by /roslaunch
[rosmaster.master][INFO] 2019-06-02 16:10:09,069: +SUB [/rosout] /rosout http://10.0.0.166:34395/
[rosmaster.master][INFO] 2019-06-02 16:10:09,070: +PARAM [/STM2/QUEUE2/name] by /roslaunch
[rosmaster.master][INFO] 2019-06-02 16:10:09,071: +PARAM [/STM2-CFG37/id] by /roslaunch
[rosmaster.master][INFO] 2019-06-02 16:10:09,071: +PARAM [/STM2/QUEUE2/rw] by /roslaunch
[rosmaster.master][INFO] 2019-06-02 16:10:09,072: +PARAM [/STM2-CFG04/id] by /roslaunch
[rosmaster.master][INFO] 2019-06-02 16:10:09,072: +PARAM [/STM1/port] by /roslaunch
[rosmaster.master][INFO] 2019-06-02 16:10:09,072: +PARAM [/STM2-CFG03/class] by /roslaunch
[rosmaster.master][INFO] 2019-06-02 16:10:09,072: +PARAM [/STM2-CFG41/msgClass] by /roslaunch
[rosmaster.master][INFO] 2019-06-02 16:10:09,073: +PARAM [/STM2-CFG35/class] by /roslaunch
[rosmaster.master][INFO] 2019-06-02 16:10:09,073: +PARAM [/STM2-CFG40/class] by /roslaunch
[rosmaster.master][INFO] 2019-06-02 16:10:09,074: +PARAM [/STM2-CFG34/id] by /roslaunch
[rosmaster.master][INFO] 2019-06-02 16:10:09,074: +PARAM [/STM1/desc] by /roslaunch
[rosmaster.master][INFO] 2019-06-02 16:10:09,074: +PARAM [/STM2-CFG60/ioPorts] by /roslaunch
[rosmaster.master][INFO] 2019-06-02 16:10:09,075: +PARAM [/STM1/QUEUE1/rw] by /roslaunch
[rosmaster.master][INFO] 2019-06-02 16:10:09,075: +PARAM [/STM2-CFG05/desc] by /roslaunch
[rosmaster.master][INFO] 2019-06-02 16:10:09,075: +PARAM [/STM2-CFG06/class] by /roslaunch
[rosmaster.master][INFO] 2019-06-02 16:10:09,075: +PARAM [/STM2-CFG81/prot_in] by /roslaunch
[rosmaster.master][INFO] 2019-06-02 16:10:09,076: +PARAM [/STM2-CFG81/prot_out] by /roslaunch
[rosmaster.master][INFO] 2019-06-02 16:10:09,076: +PARAM [/STM2-CFG03/msgId] by /roslaunch
[rosmaster.master][INFO] 2019-06-02 16:10:09,076: +PARAM [/STM4/listener] by /roslaunch
[rosmaster.master][INFO] 2019-06-02 16:10:09,077: +PARAM [/STM2-CFG38/id] by /roslaunch
[rosmaster.master][INFO] 2019-06-02 16:10:09,077: +PARAM [/STM2-CFG63/ioPorts] by /roslaunch
[rosmaster.master][INFO] 2019-06-02 16:10:09,077: +PARAM [/STM2-CFG60/id] by /roslaunch
[rosmaster.master][INFO] 2019-06-02 16:10:09,078: +PARAM [/STM2/QUEUE2/type] by /roslaunch
[rosmaster.master][INFO] 2019-06-02 16:10:09,078: +PARAM [/STM2-CFG08/class] by /roslaunch
[rosmaster.master][INFO] 2019-06-02 16:10:09,078: +PARAM [/STM2-CFG40/ioPorts] by /roslaunch
[rosmaster.master][INFO] 2019-06-02 16:10:09,079: +PARAM [/STM2-CFG30/desc] by /roslaunch
[rosmaster.master][INFO] 2019-06-02 16:10:09,079: +PARAM [/STM2-CFG07/msgId] by /roslaunch
[rosmaster.master][INFO] 2019-06-02 16:10:09,079: +PARAM [/STM2-CFG63/desc] by /roslaunch
[rosmaster.master][INFO] 2019-06-02 16:10:09,080: +PARAM [/STM2-CFG41/msgId] by /roslaunch
[rosmaster.master][INFO] 2019-06-02 16:10:09,080: +PARAM [/STM2-CFG04/msgClass] by /roslaunch
[rosmaster.master][INFO] 2019-06-02 16:10:09,080: +PARAM [/STM2-CFG35/desc] by /roslaunch
[rosmaster.master][INFO] 2019-06-02 16:10:09,081: +PARAM [/STM2-CFG36/class] by /roslaunch
[rosmaster.master][INFO] 2019-06-02 16:10:09,081: +PARAM [/STM4/port] by /roslaunch
[rosmaster.master][INFO] 2019-06-02 16:10:09,081: +PARAM [/STM2-CFG06/msgId] by /roslaunch
[rosmaster.master][INFO] 2019-06-02 16:10:09,081: +PARAM [/rosdistro] by /roslaunch
[rosmaster.master][INFO] 2019-06-02 16:10:09,082: +PARAM [/STM2-CFG41/desc] by /roslaunch
[rosmaster.master][INFO] 2019-06-02 16:10:09,082: +PARAM [/STM2-CFG63/id] by /roslaunch
[rosmaster.master][INFO] 2019-06-02 16:10:09,082: +PARAM [/STM2-CFG39/msgClass] by /roslaunch
[rosmaster.master][INFO] 2019-06-02 16:10:09,083: +PARAM [/STM2-CFG08/msgId] by /roslaunch
[rosmaster.master][INFO] 2019-06-02 16:10:09,083: +PARAM [/STM2-CFG42/msgClass] by /roslaunch
[rosmaster.master][INFO] 2019-06-02 16:10:09,083: +PARAM [/STM4/type] by /roslaunch
[rosmaster.master][INFO] 2019-06-02 16:10:09,084: +PARAM [/STM2-CFG39/desc] by /roslaunch
[rosmaster.master][INFO] 2019-06-02 16:10:09,084: +PARAM [/STM2/port] by /roslaunch
[rosmaster.master][INFO] 2019-06-02 16:10:09,084: +PARAM [/STM1/host] by /roslaunch
[rosmaster.master][INFO] 2019-06-02 16:10:09,084: +PARAM [/STM2-CFG31/ioPorts] by /roslaunch
[rosmaster.master][INFO] 2019-06-02 16:10:09,085: +PARAM [/STM2-CFG33/desc] by /roslaunch
[rosmaster.master][INFO] 2019-06-02 16:10:09,085: +PARAM [/STM2-CFG04/desc] by /roslaunch
[rosmaster.master][INFO] 2019-06-02 16:10:09,085: +PARAM [/STM1/QUEUE2/rw] by /roslaunch
[rosmaster.master][INFO] 2019-06-02 16:10:09,085: +PARAM [/STM4/host] by /roslaunch
[rosmaster.master][INFO] 2019-06-02 16:10:09,086: +PARAM [/STM2-CFG41/ioPorts] by /roslaunch
[rosmaster.master][INFO] 2019-06-02 16:10:09,086: +PARAM [/STM2-CFG03/desc] by /roslaunch
[rosmaster.master][INFO] 2019-06-02 16:10:09,086: +PARAM [/STM1/retry] by /roslaunch
[rosmaster.master][INFO] 2019-06-02 16:10:09,087: +PARAM [/STM2/QUEUE1/rw] by /roslaunch
[rosmaster.master][INFO] 2019-06-02 16:10:09,087: +PARAM [/STM2-CFG37/msgId] by /roslaunch
[rosmaster.master][INFO] 2019-06-02 16:10:09,087: +PARAM [/STM2-CFG30/id] by /roslaunch
[rosmaster.master][INFO] 2019-06-02 16:10:09,088: +PARAM [/STM2-CFG60/msgId] by /roslaunch
[rosmaster.master][INFO] 2019-06-02 16:10:09,088: +PARAM [/STM2-CFG07/msgClass] by /roslaunch
[rosmaster.master][INFO] 2019-06-02 16:10:09,088: +PARAM [/STM2-CFG40/id] by /roslaunch
[rosmaster.master][INFO] 2019-06-02 16:10:09,088: +PARAM [/STM2-CFG33/id] by /roslaunch
[rosmaster.master][INFO] 2019-06-02 16:10:09,089: +PARAM [/STM2-CFG38/desc] by /roslaunch
[rosmaster.master][INFO] 2019-06-02 16:10:09,089: +PARAM [/STM2-CFG63/class] by /roslaunch
[rosmaster.master][INFO] 2019-06-02 16:10:09,089: +PARAM [/STM2-CFG32/id] by /roslaunch
[rosmaster.master][INFO] 2019-06-02 16:10:09,089: +PARAM [/STM2-CFG06/id] by /roslaunch
[rosmaster.master][INFO] 2019-06-02 16:10:09,090: +PARAM [/STM2-CFG41/class] by /roslaunch
[rosmaster.master][INFO] 2019-06-02 16:10:09,090: +PARAM [/STM2-CFG06/desc] by /roslaunch
[rosmaster.master][INFO] 2019-06-02 16:10:09,090: +PARAM [/STM2-CFG63/msgId] by /roslaunch
[rosmaster.master][INFO] 2019-06-02 16:10:09,091: +PARAM [/STM2-CFG42/msgId] by /roslaunch
[rosmaster.master][INFO] 2019-06-02 16:10:09,091: +PARAM [/STM2-CFG36/msgId] by /roslaunch
[rosmaster.master][INFO] 2019-06-02 16:10:09,091: +PARAM [/STM2-CFG81/id] by /roslaunch
[rosmaster.master][INFO] 2019-06-02 16:10:09,091: +PARAM [/STM2-CFG35/id] by /roslaunch
[rosmaster.master][INFO] 2019-06-02 16:10:09,092: +PARAM [/STM2/QUEUE1/type] by /roslaunch
[rosmaster.master][INFO] 2019-06-02 16:10:09,092: +PARAM [/STM2-CFG62/msgClass] by /roslaunch
[rosmaster.master][INFO] 2019-06-02 16:10:09,092: +PARAM [/STM2/timeout] by /roslaunch
[rosmaster.master][INFO] 2019-06-02 16:10:09,093: +PARAM [/STM2-CFG05/id] by /roslaunch
[rosmaster.master][INFO] 2019-06-02 16:10:09,093: +PARAM [/STM1/QUEUE1/name] by /roslaunch
[rosmaster.master][INFO] 2019-06-02 16:10:09,093: +PARAM [/STM2-CFG33/msgId] by /roslaunch
[rosmaster.master][INFO] 2019-06-02 16:10:09,094: +PARAM [/STM2-CFG08/ioPorts] by /roslaunch
[rosmaster.master][INFO] 2019-06-02 16:10:09,094: +PARAM [/STM2-CFG62/class] by /roslaunch
[rosmaster.master][INFO] 2019-06-02 16:10:09,094: +PARAM [/STM2-CFG34/class] by /roslaunch
[rosmaster.master][INFO] 2019-06-02 16:10:09,095: +PARAM [/STM2-CFG35/msgId] by /roslaunch
[rosmaster.master][INFO] 2019-06-02 16:10:09,095: +PARAM [/STM2-CFG30/msgClass] by /roslaunch
[rosmaster.master][INFO] 2019-06-02 16:10:09,095: +PARAM [/STM2-CFG34/desc] by /roslaunch
[rosmaster.master][INFO] 2019-06-02 16:10:09,096: +PARAM [/STM2-CFG62/msgId] by /roslaunch
[rosmaster.master][INFO] 2019-06-02 16:10:09,096: +PARAM [/STM2-CFG42/desc] by /roslaunch
[rosmaster.master][INFO] 2019-06-02 16:10:09,096: +PARAM [/STM2-CFG61/id] by /roslaunch
[rosmaster.master][INFO] 2019-06-02 16:10:09,097: +PARAM [/STM4/retry] by /roslaunch
[rosmaster.master][INFO] 2019-06-02 16:10:09,097: +PARAM [/STM2-CFG38/class] by /roslaunch
[rosmaster.master][INFO] 2019-06-02 16:10:09,097: +PARAM [/STM2-CFG81/class] by /roslaunch
[rosmaster.master][INFO] 2019-06-02 16:10:09,098: +PARAM [/STM2/type] by /roslaunch
[rosmaster.master][INFO] 2019-06-02 16:10:09,098: +PARAM [/STM2-CFG31/msgClass] by /roslaunch
[rosmaster.master][INFO] 2019-06-02 16:10:09,098: +PARAM [/STM2-CFG05/ioPorts] by /roslaunch
[rosmaster.master][INFO] 2019-06-02 16:10:09,099: +PARAM [/STM2-CFG31/class] by /roslaunch
[rosmaster.master][INFO] 2019-06-02 16:10:09,099: +PARAM [/STM2-CFG35/ioPorts] by /roslaunch
[rosmaster.master][INFO] 2019-06-02 16:10:09,099: +PARAM [/STM2-CFG36/desc] by /roslaunch
[rosmaster.master][INFO] 2019-06-02 16:10:09,100: +PARAM [/STM2-CFG32/class] by /roslaunch
[rosmaster.master][INFO] 2019-06-02 16:10:09,100: +PARAM [/STM2-CFG61/ioPorts] by /roslaunch
[rosmaster.master][INFO] 2019-06-02 16:10:09,100: +PARAM [/STM2-CFG07/ioPorts] by /roslaunch
[rosmaster.master][INFO] 2019-06-02 16:10:09,100: +PARAM [/STM2/desc] by /roslaunch
[rosmaster.master][INFO] 2019-06-02 16:10:09,101: +PARAM [/STM2-CFG03/ioPorts] by /roslaunch
[rosmaster.master][INFO] 2019-06-02 16:10:09,101: +PARAM [/STM2-CFG37/desc] by /roslaunch
[rosmaster.master][INFO] 2019-06-02 16:10:09,101: +PARAM [/STM1/QUEUE1/type] by /roslaunch
[rosmaster.master][INFO] 2019-06-02 16:10:09,102: +PARAM [/STM2-CFG04/msgId] by /roslaunch
[rosmaster.master][INFO] 2019-06-02 16:10:09,102: +PARAM [/STM2-CFG36/msgClass] by /roslaunch
[rosmaster.master][INFO] 2019-06-02 16:10:09,102: +PARAM [/STM1/QUEUE2/type] by /roslaunch
[rosmaster.master][INFO] 2019-06-02 16:10:09,102: +PARAM [/STM2-CFG40/desc] by /roslaunch
[rosmaster.master][INFO] 2019-06-02 16:10:09,103: +PARAM [/STM1/type] by /roslaunch
[rosmaster.master][INFO] 2019-06-02 16:10:09,103: +PARAM [/STM2-CFG36/ioPorts] by /roslaunch
[rosmaster.master][INFO] 2019-06-02 16:10:09,103: +PARAM [/STM2-CFG40/msgClass] by /roslaunch
[rosmaster.master][INFO] 2019-06-02 16:10:09,103: +PARAM [/STM2-CFG39/msgId] by /roslaunch
[rosmaster.master][INFO] 2019-06-02 16:10:09,104: +PARAM [/STM2-CFG60/msgClass] by /roslaunch
[rosmaster.master][INFO] 2019-06-02 16:10:09,104: +PARAM [/STM4/desc] by /roslaunch
[rosmaster.master][INFO] 2019-06-02 16:10:09,104: +PARAM [/STM2-CFG06/msgClass] by /roslaunch
[rosmaster.master][INFO] 2019-06-02 16:10:09,105: +PARAM [/STM2-CFG36/id] by /roslaunch
[rosmaster.master][INFO] 2019-06-02 16:10:09,105: +PARAM [/STM2-CFG61/msgClass] by /roslaunch
[rosmaster.master][INFO] 2019-06-02 16:10:09,105: +PARAM [/STM2-CFG37/msgClass] by /roslaunch
[rosmaster.master][INFO] 2019-06-02 16:10:09,105: +PARAM [/STM2-CFG05/msgId] by /roslaunch
[rosmaster.master][INFO] 2019-06-02 16:10:09,106: +PARAM [/STM2-CFG08/id] by /roslaunch
[rosmaster.master][INFO] 2019-06-02 16:10:09,106: +PARAM [/STM2-CFG81/rate] by /roslaunch
[rosmaster.master][INFO] 2019-06-02 16:10:09,106: +PARAM [/STM2-CFG38/msgClass] by /roslaunch
[rosmaster.master][INFO] 2019-06-02 16:10:09,107: +PARAM [/STM2-CFG34/msgId] by /roslaunch
[rosmaster.master][INFO] 2019-06-02 16:10:09,107: +PARAM [/STM2-CFG39/class] by /roslaunch
[rosmaster.master][INFO] 2019-06-02 16:10:09,107: +PARAM [/STM2-CFG38/msgId] by /roslaunch
[rosmaster.master][INFO] 2019-06-02 16:10:09,107: +PARAM [/STM2-CFG62/ioPorts] by /roslaunch
[rosmaster.master][INFO] 2019-06-02 16:10:09,108: +PARAM [/STM2-CFG42/id] by /roslaunch
[rosmaster.master][INFO] 2019-06-02 16:10:09,108: +PARAM [/STM2-CFG05/msgClass] by /roslaunch
[rosmaster.master][INFO] 2019-06-02 16:10:09,108: +PARAM [/STM2-CFG31/desc] by /roslaunch
[rosmaster.master][INFO] 2019-06-02 16:10:09,108: +PARAM [/STM2-CFG32/ioPorts] by /roslaunch
[rosmaster.master][INFO] 2019-06-02 16:10:09,109: +PARAM [/STM2-CFG04/class] by /roslaunch
[rosmaster.master][INFO] 2019-06-02 16:10:09,109: +PARAM [/STM2/QUEUE1/name] by /roslaunch
[rosmaster.master][INFO] 2019-06-02 16:10:09,109: +PARAM [/STM2-CFG63/msgClass] by /roslaunch
[rosmaster.master][INFO] 2019-06-02 16:10:09,110: +PARAM [/STM2-CFG03/msgClass] by /roslaunch
[rosmaster.master][INFO] 2019-06-02 16:10:09,110: +PARAM [/STM2-CFG08/desc] by /roslaunch
[rosmaster.master][INFO] 2019-06-02 16:10:09,110: +PARAM [/STM2-CFG60/class] by /roslaunch
[rosmaster.master][INFO] 2019-06-02 16:10:09,110: +PARAM [/STM2-CFG34/msgClass] by /roslaunch
[rosmaster.master][INFO] 2019-06-02 16:10:09,111: +PARAM [/rosversion] by /roslaunch
[rosmaster.master][INFO] 2019-06-02 16:10:09,111: +PARAM [/STM2-CFG07/id] by /roslaunch
[rosmaster.master][INFO] 2019-06-02 16:10:09,111: +PARAM [/STM2-CFG37/class] by /roslaunch
[rosmaster.master][INFO] 2019-06-02 16:10:09,112: +PARAM [/STM2-CFG61/desc] by /roslaunch
[rosmaster.master][INFO] 2019-06-02 16:10:09,112: +PARAM [/STM2-CFG60/desc] by /roslaunch
[rosmaster.master][INFO] 2019-06-02 16:10:09,112: +PARAM [/STM2-CFG81/desc] by /roslaunch
[rosmaster.master][INFO] 2019-06-02 16:10:09,112: +PARAM [/STM2-CFG05/class] by /roslaunch
[rosmaster.master][INFO] 2019-06-02 16:10:09,113: +PARAM [/STM1/QUEUE2/name] by /roslaunch
[rosmaster.master][INFO] 2019-06-02 16:10:09,113: +PARAM [/STM2-CFG08/msgClass] by /roslaunch
[rosmaster.master][INFO] 2019-06-02 16:10:09,113: +PARAM [/STM2-CFG31/msgId] by /roslaunch
[rosmaster.master][INFO] 2019-06-02 16:10:09,114: +PARAM [/STM2-CFG39/ioPorts] by /roslaunch
[rosmaster.master][INFO] 2019-06-02 16:10:09,114: +PARAM [/STM2-CFG06/ioPorts] by /roslaunch
[rosmaster.master][INFO] 2019-06-02 16:10:09,114: +PARAM [/STM2-CFG42/class] by /roslaunch
[rosmaster.master][INFO] 2019-06-02 16:10:09,114: +PARAM [/STM2-CFG33/class] by /roslaunch
[rosmaster.master][INFO] 2019-06-02 16:10:09,115: +PARAM [/STM2/baudrate] by /roslaunch
[rosmaster.master][INFO] 2019-06-02 16:10:12,472: -PUB [/rosout_agg] /rosout http://10.0.0.166:34395/
[rosmaster.master][INFO] 2019-06-02 16:10:12,475: -SUB [/rosout] /rosout http://10.0.0.166:34395/
[rosmaster.master][INFO] 2019-06-02 16:10:12,477: -SERVICE [/rosout/get_loggers] /rosout rosrpc://10.0.0.166:47193
[rosmaster.master][INFO] 2019-06-02 16:10:12,480: -SERVICE [/rosout/set_logger_level] /rosout rosrpc://10.0.0.166:47193
[rosmaster.main][INFO] 2019-06-02 16:10:12,601: keyboard interrupt, will exit
[rosmaster.main][INFO] 2019-06-02 16:10:12,601: stopping master...
[rospy.core][INFO] 2019-06-02 16:10:12,602: signal_shutdown [atexit]
