[rosmaster.main][INFO] 2019-06-09 11:03:44,919: initialization complete, waiting for shutdown
[rosmaster.main][INFO] 2019-06-09 11:03:44,920: Starting ROS Master Node
[xmlrpc][INFO] 2019-06-09 11:03:44,925: XML-RPC server binding to 0.0.0.0:11311
[rosmaster.master][INFO] 2019-06-09 11:03:44,928: Master initialized: port[11311], uri[http://10.0.0.166:11311/]
[xmlrpc][INFO] 2019-06-09 11:03:44,927: Started XML-RPC server [http://10.0.0.166:11311/]
[xmlrpc][INFO] 2019-06-09 11:03:44,928: xml rpc node: starting XML-RPC server
[rosmaster.master][INFO] 2019-06-09 11:03:45,006: +PARAM [/run_id] by /roslaunch
[rosmaster.master][INFO] 2019-06-09 11:03:45,010: +PARAM [/roslaunch/uris/host_10_0_0_166__45489] by /roslaunch
[rosmaster.master][INFO] 2019-06-09 11:03:45,583: +PARAM [/STM2-CFG35/msgClass] by /roslaunch
[rosmaster.master][INFO] 2019-06-09 11:03:45,584: +PARAM [/STM2-CFG32/desc] by /roslaunch
[rosmaster.master][INFO] 2019-06-09 11:03:45,584: +PARAM [/STM2-CFG07/class] by /roslaunch
[rosmaster.master][INFO] 2019-06-09 11:03:45,586: +SERVICE [/rosout/get_loggers] /rosout http://10.0.0.166:40472/
[rosmaster.master][INFO] 2019-06-09 11:03:45,586: +PARAM [/STM2-CFG07/desc] by /roslaunch
[rosmaster.master][INFO] 2019-06-09 11:03:45,588: +PARAM [/STM2-CFG03/id] by /roslaunch
[rosmaster.master][INFO] 2019-06-09 11:03:45,588: +PARAM [/STM2-CFG30/class] by /roslaunch
[rosmaster.master][INFO] 2019-06-09 11:03:45,590: +SERVICE [/rosout/set_logger_level] /rosout http://10.0.0.166:40472/
[rosmaster.master][INFO] 2019-06-09 11:03:45,590: +PARAM [/STM2-CFG32/msgClass] by /roslaunch
[rosmaster.master][INFO] 2019-06-09 11:03:45,591: +PARAM [/STM2-CFG34/ioPorts] by /roslaunch
[rosmaster.master][INFO] 2019-06-09 11:03:45,592: +PARAM [/STM2-CFG37/ioPorts] by /roslaunch
[rosmaster.master][INFO] 2019-06-09 11:03:45,594: +PARAM [/STM2-CFG33/ioPorts] by /roslaunch
[rosmaster.master][INFO] 2019-06-09 11:03:45,595: +PARAM [/STM2/retry] by /roslaunch
[rosmaster.master][INFO] 2019-06-09 11:03:45,596: +PARAM [/STM2-CFG31/id] by /roslaunch
[rosmaster.master][INFO] 2019-06-09 11:03:45,596: +PARAM [/STM2-CFG38/ioPorts] by /roslaunch
[rosmaster.master][INFO] 2019-06-09 11:03:45,598: +PUB [/rosout_agg] /rosout http://10.0.0.166:40472/
[rosmaster.master][INFO] 2019-06-09 11:03:45,598: +PARAM [/STM2-CFG30/msgId] by /roslaunch
[rosmaster.master][INFO] 2019-06-09 11:03:45,599: +PARAM [/STM2-CFG62/id] by /roslaunch
[rosmaster.master][INFO] 2019-06-09 11:03:45,600: +PARAM [/STM2-CFG62/desc] by /roslaunch
[rosmaster.master][INFO] 2019-06-09 11:03:45,601: +PARAM [/STM2-CFG42/ioPorts] by /roslaunch
[rosmaster.master][INFO] 2019-06-09 11:03:45,602: +PARAM [/STM2-CFG04/ioPorts] by /roslaunch
[rosmaster.master][INFO] 2019-06-09 11:03:45,603: +PARAM [/STM2-CFG39/id] by /roslaunch
[rosmaster.master][INFO] 2019-06-09 11:03:45,605: +PARAM [/STM2-CFG32/msgId] by /roslaunch
[rosmaster.master][INFO] 2019-06-09 11:03:45,606: +PARAM [/STM2-CFG40/msgId] by /roslaunch
[rosmaster.master][INFO] 2019-06-09 11:03:45,607: +PARAM [/STM2-CFG41/id] by /roslaunch
[rosmaster.master][INFO] 2019-06-09 11:03:45,609: +PARAM [/STM2-CFG30/ioPorts] by /roslaunch
[rosmaster.master][INFO] 2019-06-09 11:03:45,610: +PARAM [/STM2-CFG61/class] by /roslaunch
[rosmaster.master][INFO] 2019-06-09 11:03:45,612: +PARAM [/STM2-CFG33/msgClass] by /roslaunch
[rosmaster.master][INFO] 2019-06-09 11:03:45,613: +PARAM [/STM2-CFG61/msgId] by /roslaunch
[rosmaster.master][INFO] 2019-06-09 11:03:45,615: +PARAM [/STM2/QUEUE2/name] by /roslaunch
[rosmaster.master][INFO] 2019-06-09 11:03:45,616: +PARAM [/STM2-CFG37/id] by /roslaunch
[rosmaster.master][INFO] 2019-06-09 11:03:45,618: +SUB [/rosout] /rosout http://10.0.0.166:40472/
[rosmaster.master][INFO] 2019-06-09 11:03:45,618: +PARAM [/STM2/QUEUE2/rw] by /roslaunch
[rosmaster.master][INFO] 2019-06-09 11:03:45,619: +PARAM [/STM2-CFG04/id] by /roslaunch
[rosmaster.master][INFO] 2019-06-09 11:03:45,620: +PARAM [/STM1/port] by /roslaunch
[rosmaster.master][INFO] 2019-06-09 11:03:45,620: +PARAM [/STM2-CFG03/class] by /roslaunch
[rosmaster.master][INFO] 2019-06-09 11:03:45,620: +PARAM [/STM2-CFG41/msgClass] by /roslaunch
[rosmaster.master][INFO] 2019-06-09 11:03:45,621: +PARAM [/STM2-CFG35/class] by /roslaunch
[rosmaster.master][INFO] 2019-06-09 11:03:45,621: +PARAM [/STM2-CFG40/class] by /roslaunch
[rosmaster.master][INFO] 2019-06-09 11:03:45,621: +PARAM [/STM2-CFG34/id] by /roslaunch
[rosmaster.master][INFO] 2019-06-09 11:03:45,622: +PARAM [/STM1/desc] by /roslaunch
[rosmaster.master][INFO] 2019-06-09 11:03:45,622: +PARAM [/STM2-CFG60/ioPorts] by /roslaunch
[rosmaster.master][INFO] 2019-06-09 11:03:45,622: +PARAM [/STM1/QUEUE1/rw] by /roslaunch
[rosmaster.master][INFO] 2019-06-09 11:03:45,623: +PARAM [/STM2-CFG05/desc] by /roslaunch
[rosmaster.master][INFO] 2019-06-09 11:03:45,623: +PARAM [/STM2-CFG06/class] by /roslaunch
[rosmaster.master][INFO] 2019-06-09 11:03:45,623: +PARAM [/STM2-CFG81/prot_in] by /roslaunch
[rosmaster.master][INFO] 2019-06-09 11:03:45,624: +PARAM [/STM2-CFG81/prot_out] by /roslaunch
[rosmaster.master][INFO] 2019-06-09 11:03:45,624: +PARAM [/STM2-CFG03/msgId] by /roslaunch
[rosmaster.master][INFO] 2019-06-09 11:03:45,624: +PARAM [/STM4/listener] by /roslaunch
[rosmaster.master][INFO] 2019-06-09 11:03:45,625: +PARAM [/STM2-CFG38/id] by /roslaunch
[rosmaster.master][INFO] 2019-06-09 11:03:45,625: +PARAM [/STM2-CFG63/ioPorts] by /roslaunch
[rosmaster.master][INFO] 2019-06-09 11:03:45,625: +PARAM [/STM2-CFG60/id] by /roslaunch
[rosmaster.master][INFO] 2019-06-09 11:03:45,626: +PARAM [/STM2/QUEUE2/type] by /roslaunch
[rosmaster.master][INFO] 2019-06-09 11:03:45,626: +PARAM [/STM2-CFG08/class] by /roslaunch
[rosmaster.master][INFO] 2019-06-09 11:03:45,626: +PARAM [/STM2-CFG40/ioPorts] by /roslaunch
[rosmaster.master][INFO] 2019-06-09 11:03:45,626: +PARAM [/STM2-CFG30/desc] by /roslaunch
[rosmaster.master][INFO] 2019-06-09 11:03:45,627: +PARAM [/STM2-CFG07/msgId] by /roslaunch
[rosmaster.master][INFO] 2019-06-09 11:03:45,627: +PARAM [/STM2-CFG63/desc] by /roslaunch
[rosmaster.master][INFO] 2019-06-09 11:03:45,627: +PARAM [/STM2-CFG41/msgId] by /roslaunch
[rosmaster.master][INFO] 2019-06-09 11:03:45,628: +PARAM [/STM2-CFG04/msgClass] by /roslaunch
[rosmaster.master][INFO] 2019-06-09 11:03:45,628: +PARAM [/STM2-CFG35/desc] by /roslaunch
[rosmaster.master][INFO] 2019-06-09 11:03:45,628: +PARAM [/STM2-CFG36/class] by /roslaunch
[rosmaster.master][INFO] 2019-06-09 11:03:45,628: +PARAM [/STM4/port] by /roslaunch
[rosmaster.master][INFO] 2019-06-09 11:03:45,629: +PARAM [/STM2-CFG06/msgId] by /roslaunch
[rosmaster.master][INFO] 2019-06-09 11:03:45,629: +PARAM [/rosdistro] by /roslaunch
[rosmaster.master][INFO] 2019-06-09 11:03:45,629: +PARAM [/STM2-CFG41/desc] by /roslaunch
[rosmaster.master][INFO] 2019-06-09 11:03:45,630: +PARAM [/STM2-CFG63/id] by /roslaunch
[rosmaster.master][INFO] 2019-06-09 11:03:45,630: +PARAM [/STM2-CFG39/msgClass] by /roslaunch
[rosmaster.master][INFO] 2019-06-09 11:03:45,630: +PARAM [/STM2-CFG08/msgId] by /roslaunch
[rosmaster.master][INFO] 2019-06-09 11:03:45,630: +PARAM [/STM2-CFG42/msgClass] by /roslaunch
[rosmaster.master][INFO] 2019-06-09 11:03:45,631: +PARAM [/STM4/type] by /roslaunch
[rosmaster.master][INFO] 2019-06-09 11:03:45,631: +PARAM [/STM2-CFG39/desc] by /roslaunch
[rosmaster.master][INFO] 2019-06-09 11:03:45,631: +PARAM [/STM2/port] by /roslaunch
[rosmaster.master][INFO] 2019-06-09 11:03:45,632: +PARAM [/STM1/host] by /roslaunch
[rosmaster.master][INFO] 2019-06-09 11:03:45,632: +PARAM [/STM2-CFG31/ioPorts] by /roslaunch
[rosmaster.master][INFO] 2019-06-09 11:03:45,632: +PARAM [/STM2-CFG33/desc] by /roslaunch
[rosmaster.master][INFO] 2019-06-09 11:03:45,632: +PARAM [/STM2-CFG04/desc] by /roslaunch
[rosmaster.master][INFO] 2019-06-09 11:03:45,633: +PARAM [/STM1/QUEUE2/rw] by /roslaunch
[rosmaster.master][INFO] 2019-06-09 11:03:45,633: +PARAM [/STM4/host] by /roslaunch
[rosmaster.master][INFO] 2019-06-09 11:03:45,633: +PARAM [/STM2-CFG41/ioPorts] by /roslaunch
[rosmaster.master][INFO] 2019-06-09 11:03:45,633: +PARAM [/STM2-CFG03/desc] by /roslaunch
[rosmaster.master][INFO] 2019-06-09 11:03:45,634: +PARAM [/STM1/retry] by /roslaunch
[rosmaster.master][INFO] 2019-06-09 11:03:45,634: +PARAM [/STM2/QUEUE1/rw] by /roslaunch
[rosmaster.master][INFO] 2019-06-09 11:03:45,634: +PARAM [/STM2-CFG37/msgId] by /roslaunch
[rosmaster.master][INFO] 2019-06-09 11:03:45,635: +PARAM [/STM2-CFG30/id] by /roslaunch
[rosmaster.master][INFO] 2019-06-09 11:03:45,635: +PARAM [/STM2-CFG60/msgId] by /roslaunch
[rosmaster.master][INFO] 2019-06-09 11:03:45,635: +PARAM [/STM2-CFG07/msgClass] by /roslaunch
[rosmaster.master][INFO] 2019-06-09 11:03:45,636: +PARAM [/STM2-CFG40/id] by /roslaunch
[rosmaster.master][INFO] 2019-06-09 11:03:45,636: +PARAM [/STM2-CFG33/id] by /roslaunch
[rosmaster.master][INFO] 2019-06-09 11:03:45,636: +PARAM [/STM2-CFG38/desc] by /roslaunch
[rosmaster.master][INFO] 2019-06-09 11:03:45,637: +PARAM [/STM2-CFG63/class] by /roslaunch
[rosmaster.master][INFO] 2019-06-09 11:03:45,637: +PARAM [/STM2-CFG32/id] by /roslaunch
[rosmaster.master][INFO] 2019-06-09 11:03:45,637: +PARAM [/STM2-CFG06/id] by /roslaunch
[rosmaster.master][INFO] 2019-06-09 11:03:45,638: +PARAM [/STM2-CFG41/class] by /roslaunch
[rosmaster.master][INFO] 2019-06-09 11:03:45,638: +PARAM [/STM2-CFG06/desc] by /roslaunch
[rosmaster.master][INFO] 2019-06-09 11:03:45,638: +PARAM [/STM2-CFG63/msgId] by /roslaunch
[rosmaster.master][INFO] 2019-06-09 11:03:45,639: +PARAM [/STM2-CFG42/msgId] by /roslaunch
[rosmaster.master][INFO] 2019-06-09 11:03:45,639: +PARAM [/STM2-CFG36/msgId] by /roslaunch
[rosmaster.master][INFO] 2019-06-09 11:03:45,639: +PARAM [/STM2-CFG81/id] by /roslaunch
[rosmaster.master][INFO] 2019-06-09 11:03:45,640: +PARAM [/STM2-CFG35/id] by /roslaunch
[rosmaster.master][INFO] 2019-06-09 11:03:45,640: +PARAM [/STM2/QUEUE1/type] by /roslaunch
[rosmaster.master][INFO] 2019-06-09 11:03:45,640: +PARAM [/STM2-CFG62/msgClass] by /roslaunch
[rosmaster.master][INFO] 2019-06-09 11:03:45,640: +PARAM [/STM2/timeout] by /roslaunch
[rosmaster.master][INFO] 2019-06-09 11:03:45,641: +PARAM [/STM2-CFG05/id] by /roslaunch
[rosmaster.master][INFO] 2019-06-09 11:03:45,641: +PARAM [/STM1/QUEUE1/name] by /roslaunch
[rosmaster.master][INFO] 2019-06-09 11:03:45,641: +PARAM [/STM2-CFG33/msgId] by /roslaunch
[rosmaster.master][INFO] 2019-06-09 11:03:45,642: +PARAM [/STM2-CFG08/ioPorts] by /roslaunch
[rosmaster.master][INFO] 2019-06-09 11:03:45,642: +PARAM [/STM2-CFG62/class] by /roslaunch
[rosmaster.master][INFO] 2019-06-09 11:03:45,642: +PARAM [/STM2-CFG34/class] by /roslaunch
[rosmaster.master][INFO] 2019-06-09 11:03:45,643: +PARAM [/STM2-CFG35/msgId] by /roslaunch
[rosmaster.master][INFO] 2019-06-09 11:03:45,643: +PARAM [/STM2-CFG30/msgClass] by /roslaunch
[rosmaster.master][INFO] 2019-06-09 11:03:45,644: +PARAM [/STM2-CFG34/desc] by /roslaunch
[rosmaster.master][INFO] 2019-06-09 11:03:45,644: +PARAM [/STM2-CFG62/msgId] by /roslaunch
[rosmaster.master][INFO] 2019-06-09 11:03:45,644: +PARAM [/STM2-CFG42/desc] by /roslaunch
[rosmaster.master][INFO] 2019-06-09 11:03:45,645: +PARAM [/STM2-CFG61/id] by /roslaunch
[rosmaster.master][INFO] 2019-06-09 11:03:45,645: +PARAM [/STM4/retry] by /roslaunch
[rosmaster.master][INFO] 2019-06-09 11:03:45,645: +PARAM [/STM2-CFG38/class] by /roslaunch
[rosmaster.master][INFO] 2019-06-09 11:03:45,646: +PARAM [/STM2-CFG81/class] by /roslaunch
[rosmaster.master][INFO] 2019-06-09 11:03:45,646: +PARAM [/STM2/type] by /roslaunch
[rosmaster.master][INFO] 2019-06-09 11:03:45,646: +PARAM [/STM2-CFG31/msgClass] by /roslaunch
[rosmaster.master][INFO] 2019-06-09 11:03:45,646: +PARAM [/STM2-CFG05/ioPorts] by /roslaunch
[rosmaster.master][INFO] 2019-06-09 11:03:45,647: +PARAM [/STM2-CFG31/class] by /roslaunch
[rosmaster.master][INFO] 2019-06-09 11:03:45,647: +PARAM [/STM2-CFG35/ioPorts] by /roslaunch
[rosmaster.master][INFO] 2019-06-09 11:03:45,647: +PARAM [/STM2-CFG36/desc] by /roslaunch
[rosmaster.master][INFO] 2019-06-09 11:03:45,648: +PARAM [/STM2-CFG32/class] by /roslaunch
[rosmaster.master][INFO] 2019-06-09 11:03:45,648: +PARAM [/STM2-CFG61/ioPorts] by /roslaunch
[rosmaster.master][INFO] 2019-06-09 11:03:45,648: +PARAM [/STM2-CFG07/ioPorts] by /roslaunch
[rosmaster.master][INFO] 2019-06-09 11:03:45,649: +PARAM [/STM2/desc] by /roslaunch
[rosmaster.master][INFO] 2019-06-09 11:03:45,649: +PARAM [/STM2-CFG03/ioPorts] by /roslaunch
[rosmaster.master][INFO] 2019-06-09 11:03:45,649: +PARAM [/STM2-CFG37/desc] by /roslaunch
[rosmaster.master][INFO] 2019-06-09 11:03:45,649: +PARAM [/STM1/QUEUE1/type] by /roslaunch
[rosmaster.master][INFO] 2019-06-09 11:03:45,650: +PARAM [/STM2-CFG04/msgId] by /roslaunch
[rosmaster.master][INFO] 2019-06-09 11:03:45,650: +PARAM [/STM2-CFG36/msgClass] by /roslaunch
[rosmaster.master][INFO] 2019-06-09 11:03:45,650: +PARAM [/STM1/QUEUE2/type] by /roslaunch
[rosmaster.master][INFO] 2019-06-09 11:03:45,650: +PARAM [/STM2-CFG40/desc] by /roslaunch
[rosmaster.master][INFO] 2019-06-09 11:03:45,651: +PARAM [/STM1/type] by /roslaunch
[rosmaster.master][INFO] 2019-06-09 11:03:45,651: +PARAM [/STM2-CFG36/ioPorts] by /roslaunch
[rosmaster.master][INFO] 2019-06-09 11:03:45,651: +PARAM [/STM2-CFG40/msgClass] by /roslaunch
[rosmaster.master][INFO] 2019-06-09 11:03:45,652: +PARAM [/STM2-CFG39/msgId] by /roslaunch
[rosmaster.master][INFO] 2019-06-09 11:03:45,652: +PARAM [/STM2-CFG60/msgClass] by /roslaunch
[rosmaster.master][INFO] 2019-06-09 11:03:45,652: +PARAM [/STM4/desc] by /roslaunch
[rosmaster.master][INFO] 2019-06-09 11:03:45,652: +PARAM [/STM2-CFG06/msgClass] by /roslaunch
[rosmaster.master][INFO] 2019-06-09 11:03:45,653: +PARAM [/STM2-CFG36/id] by /roslaunch
[rosmaster.master][INFO] 2019-06-09 11:03:45,653: +PARAM [/STM2-CFG61/msgClass] by /roslaunch
[rosmaster.master][INFO] 2019-06-09 11:03:45,653: +PARAM [/STM2-CFG37/msgClass] by /roslaunch
[rosmaster.master][INFO] 2019-06-09 11:03:45,654: +PARAM [/STM2-CFG05/msgId] by /roslaunch
[rosmaster.master][INFO] 2019-06-09 11:03:45,654: +PARAM [/STM2-CFG08/id] by /roslaunch
[rosmaster.master][INFO] 2019-06-09 11:03:45,654: +PARAM [/STM2-CFG81/rate] by /roslaunch
[rosmaster.master][INFO] 2019-06-09 11:03:45,654: +PARAM [/STM2-CFG38/msgClass] by /roslaunch
[rosmaster.master][INFO] 2019-06-09 11:03:45,655: +PARAM [/STM2-CFG34/msgId] by /roslaunch
[rosmaster.master][INFO] 2019-06-09 11:03:45,655: +PARAM [/STM2-CFG39/class] by /roslaunch
[rosmaster.master][INFO] 2019-06-09 11:03:45,655: +PARAM [/STM2-CFG38/msgId] by /roslaunch
[rosmaster.master][INFO] 2019-06-09 11:03:45,655: +PARAM [/STM2-CFG62/ioPorts] by /roslaunch
[rosmaster.master][INFO] 2019-06-09 11:03:45,656: +PARAM [/STM2-CFG42/id] by /roslaunch
[rosmaster.master][INFO] 2019-06-09 11:03:45,656: +PARAM [/STM2-CFG05/msgClass] by /roslaunch
[rosmaster.master][INFO] 2019-06-09 11:03:45,656: +PARAM [/STM2-CFG31/desc] by /roslaunch
[rosmaster.master][INFO] 2019-06-09 11:03:45,657: +PARAM [/STM2-CFG32/ioPorts] by /roslaunch
[rosmaster.master][INFO] 2019-06-09 11:03:45,657: +PARAM [/STM2-CFG04/class] by /roslaunch
[rosmaster.master][INFO] 2019-06-09 11:03:45,657: +PARAM [/STM2/QUEUE1/name] by /roslaunch
[rosmaster.master][INFO] 2019-06-09 11:03:45,657: +PARAM [/STM2-CFG63/msgClass] by /roslaunch
[rosmaster.master][INFO] 2019-06-09 11:03:45,658: +PARAM [/STM2-CFG03/msgClass] by /roslaunch
[rosmaster.master][INFO] 2019-06-09 11:03:45,658: +PARAM [/STM2-CFG08/desc] by /roslaunch
[rosmaster.master][INFO] 2019-06-09 11:03:45,658: +PARAM [/STM2-CFG60/class] by /roslaunch
[rosmaster.master][INFO] 2019-06-09 11:03:45,658: +PARAM [/STM2-CFG34/msgClass] by /roslaunch
[rosmaster.master][INFO] 2019-06-09 11:03:45,659: +PARAM [/rosversion] by /roslaunch
[rosmaster.master][INFO] 2019-06-09 11:03:45,659: +PARAM [/STM2-CFG07/id] by /roslaunch
[rosmaster.master][INFO] 2019-06-09 11:03:45,659: +PARAM [/STM2-CFG37/class] by /roslaunch
[rosmaster.master][INFO] 2019-06-09 11:03:45,660: +PARAM [/STM2-CFG61/desc] by /roslaunch
[rosmaster.master][INFO] 2019-06-09 11:03:45,660: +PARAM [/STM2-CFG60/desc] by /roslaunch
[rosmaster.master][INFO] 2019-06-09 11:03:45,660: +PARAM [/STM2-CFG81/desc] by /roslaunch
[rosmaster.master][INFO] 2019-06-09 11:03:45,660: +PARAM [/STM2-CFG05/class] by /roslaunch
[rosmaster.master][INFO] 2019-06-09 11:03:45,661: +PARAM [/STM1/QUEUE2/name] by /roslaunch
[rosmaster.master][INFO] 2019-06-09 11:03:45,661: +PARAM [/STM2-CFG08/msgClass] by /roslaunch
[rosmaster.master][INFO] 2019-06-09 11:03:45,661: +PARAM [/STM2-CFG31/msgId] by /roslaunch
[rosmaster.master][INFO] 2019-06-09 11:03:45,661: +PARAM [/STM2-CFG39/ioPorts] by /roslaunch
[rosmaster.master][INFO] 2019-06-09 11:03:45,662: +PARAM [/STM2-CFG06/ioPorts] by /roslaunch
[rosmaster.master][INFO] 2019-06-09 11:03:45,662: +PARAM [/STM2-CFG42/class] by /roslaunch
[rosmaster.master][INFO] 2019-06-09 11:03:45,662: +PARAM [/STM2-CFG33/class] by /roslaunch
[rosmaster.master][INFO] 2019-06-09 11:03:45,663: +PARAM [/STM2/baudrate] by /roslaunch
[rosmaster.master][INFO] 2019-06-09 11:03:47,718: +PUB [/rosout] /gnss_node http://10.0.0.166:40674/
[rosmaster.master][INFO] 2019-06-09 11:03:47,732: +SERVICE [/gnss_node/get_loggers] /gnss_node http://10.0.0.166:40674/
[rosmaster.master][INFO] 2019-06-09 11:03:47,739: +SERVICE [/gnss_node/set_logger_level] /gnss_node http://10.0.0.166:40674/
[rosmaster.master][INFO] 2019-06-09 11:03:47,740: publisherUpdate[/rosout] -> http://10.0.0.166:40472/ ['http://10.0.0.166:40674/']
[rosmaster.master][INFO] 2019-06-09 11:03:47,744: publisherUpdate[/rosout] -> http://10.0.0.166:40472/ ['http://10.0.0.166:40674/']: sec=0.00, result=[1, '', 0]
[rosmaster.master][INFO] 2019-06-09 11:03:47,754: +SUB [/gnss_control] /gnss_node http://10.0.0.166:40674/
[rosmaster.master][INFO] 2019-06-09 11:03:47,760: +PUB [/gnss_status] /gnss_node http://10.0.0.166:40674/
[rosmaster.master][INFO] 2019-06-09 11:03:47,765: +PUB [/mavlink/to] /gnss_node http://10.0.0.166:40674/
[rosmaster.master][INFO] 2019-06-09 11:03:47,824: +SUB [/STM1] /gnss_node http://10.0.0.166:40674/
[rosmaster.master][INFO] 2019-06-09 11:03:47,840: +SUB [/STM2] /gnss_node http://10.0.0.166:40674/
[rosmaster.master][INFO] 2019-06-09 11:03:47,866: +SUB [/STM4] /gnss_node http://10.0.0.166:40674/
[rosmaster.master][INFO] 2019-06-09 11:05:54,549: -SUB [/STM1] /gnss_node http://10.0.0.166:40674/
[rosmaster.master][INFO] 2019-06-09 11:05:54,549: -SUB [/gnss_control] /gnss_node http://10.0.0.166:40674/
[rosmaster.master][INFO] 2019-06-09 11:05:54,550: -SUB [/STM2] /gnss_node http://10.0.0.166:40674/
[rosmaster.master][INFO] 2019-06-09 11:05:54,550: -SUB [/STM4] /gnss_node http://10.0.0.166:40674/
[rosmaster.master][INFO] 2019-06-09 11:05:54,550: -PUB [/mavlink/to] /gnss_node http://10.0.0.166:40674/
[rosmaster.master][INFO] 2019-06-09 11:05:54,551: -PUB [/gnss_status] /gnss_node http://10.0.0.166:40674/
[rosmaster.master][INFO] 2019-06-09 11:05:54,551: -PUB [/rosout] /gnss_node http://10.0.0.166:40674/
[rosmaster.master][INFO] 2019-06-09 11:05:54,551: -SERVICE [/gnss_node/get_loggers] /gnss_node rosrpc://10.0.0.166:38404
[rosmaster.master][INFO] 2019-06-09 11:05:54,552: -SERVICE [/gnss_node/set_logger_level] /gnss_node rosrpc://10.0.0.166:38404
[rosmaster.master][INFO] 2019-06-09 11:05:54,579: publisherUpdate[/rosout] -> http://10.0.0.166:40472/ []
[rosmaster.master][INFO] 2019-06-09 11:05:54,581: publisherUpdate[/rosout] -> http://10.0.0.166:40472/ []: sec=0.00, result=[1, '', 0]
[rosmaster.master][INFO] 2019-06-09 11:06:10,019: -PUB [/rosout_agg] /rosout http://10.0.0.166:40472/
[rosmaster.master][INFO] 2019-06-09 11:06:10,022: -SUB [/rosout] /rosout http://10.0.0.166:40472/
[rosmaster.master][INFO] 2019-06-09 11:06:10,026: -SERVICE [/rosout/get_loggers] /rosout rosrpc://10.0.0.166:54708
[rosmaster.master][INFO] 2019-06-09 11:06:10,029: -SERVICE [/rosout/set_logger_level] /rosout rosrpc://10.0.0.166:54708
[rosmaster.main][INFO] 2019-06-09 11:06:10,196: keyboard interrupt, will exit
[rosmaster.main][INFO] 2019-06-09 11:06:10,197: stopping master...
[rospy.core][INFO] 2019-06-09 11:06:10,197: signal_shutdown [atexit]
