[rosmaster.main][INFO] 2019-06-04 15:57:18,628: initialization complete, waiting for shutdown
[rosmaster.main][INFO] 2019-06-04 15:57:18,628: Starting ROS Master Node
[xmlrpc][INFO] 2019-06-04 15:57:18,633: XML-RPC server binding to 0.0.0.0:11311
[xmlrpc][INFO] 2019-06-04 15:57:18,634: Started XML-RPC server [http://10.0.0.166:11311/]
[rosmaster.master][INFO] 2019-06-04 15:57:18,635: Master initialized: port[11311], uri[http://10.0.0.166:11311/]
[xmlrpc][INFO] 2019-06-04 15:57:18,636: xml rpc node: starting XML-RPC server
[rosmaster.master][INFO] 2019-06-04 15:57:18,721: +PARAM [/run_id] by /roslaunch
[rosmaster.master][INFO] 2019-06-04 15:57:18,725: +PARAM [/roslaunch/uris/host_10_0_0_166__34104] by /roslaunch
[rosmaster.master][INFO] 2019-06-04 15:57:19,230: +PARAM [/STM2-CFG35/msgClass] by /roslaunch
[rosmaster.master][INFO] 2019-06-04 15:57:19,232: +SERVICE [/rosout/get_loggers] /rosout http://10.0.0.166:35896/
[rosmaster.master][INFO] 2019-06-04 15:57:19,232: +PARAM [/STM2-CFG32/desc] by /roslaunch
[rosmaster.master][INFO] 2019-06-04 15:57:19,234: +PARAM [/STM2-CFG07/class] by /roslaunch
[rosmaster.master][INFO] 2019-06-04 15:57:19,235: +PARAM [/STM2-CFG07/desc] by /roslaunch
[rosmaster.master][INFO] 2019-06-04 15:57:19,235: +PARAM [/STM2-CFG03/id] by /roslaunch
[rosmaster.master][INFO] 2019-06-04 15:57:19,236: +SERVICE [/rosout/set_logger_level] /rosout http://10.0.0.166:35896/
[rosmaster.master][INFO] 2019-06-04 15:57:19,237: +PARAM [/STM2-CFG30/class] by /roslaunch
[rosmaster.master][INFO] 2019-06-04 15:57:19,238: +PARAM [/STM2-CFG32/msgClass] by /roslaunch
[rosmaster.master][INFO] 2019-06-04 15:57:19,238: +PARAM [/STM2-CFG34/ioPorts] by /roslaunch
[rosmaster.master][INFO] 2019-06-04 15:57:19,239: +PARAM [/STM2-CFG37/ioPorts] by /roslaunch
[rosmaster.master][INFO] 2019-06-04 15:57:19,241: +PARAM [/STM2-CFG33/ioPorts] by /roslaunch
[rosmaster.master][INFO] 2019-06-04 15:57:19,242: +PARAM [/STM2/retry] by /roslaunch
[rosmaster.master][INFO] 2019-06-04 15:57:19,243: +PARAM [/STM2-CFG31/id] by /roslaunch
[rosmaster.master][INFO] 2019-06-04 15:57:19,243: +PARAM [/STM2-CFG38/ioPorts] by /roslaunch
[rosmaster.master][INFO] 2019-06-04 15:57:19,244: +PARAM [/STM2-CFG30/msgId] by /roslaunch
[rosmaster.master][INFO] 2019-06-04 15:57:19,244: +PARAM [/STM2-CFG62/id] by /roslaunch
[rosmaster.master][INFO] 2019-06-04 15:57:19,245: +PARAM [/STM2-CFG62/desc] by /roslaunch
[rosmaster.master][INFO] 2019-06-04 15:57:19,245: +PARAM [/STM2-CFG42/ioPorts] by /roslaunch
[rosmaster.master][INFO] 2019-06-04 15:57:19,246: +PARAM [/STM2-CFG04/ioPorts] by /roslaunch
[rosmaster.master][INFO] 2019-06-04 15:57:19,246: +PARAM [/STM2-CFG39/id] by /roslaunch
[rosmaster.master][INFO] 2019-06-04 15:57:19,247: +PARAM [/STM2-CFG32/msgId] by /roslaunch
[rosmaster.master][INFO] 2019-06-04 15:57:19,248: +PUB [/rosout_agg] /rosout http://10.0.0.166:35896/
[rosmaster.master][INFO] 2019-06-04 15:57:19,248: +PARAM [/STM2-CFG40/msgId] by /roslaunch
[rosmaster.master][INFO] 2019-06-04 15:57:19,249: +PARAM [/STM2-CFG41/id] by /roslaunch
[rosmaster.master][INFO] 2019-06-04 15:57:19,250: +PARAM [/STM2-CFG30/ioPorts] by /roslaunch
[rosmaster.master][INFO] 2019-06-04 15:57:19,251: +PARAM [/STM2-CFG61/class] by /roslaunch
[rosmaster.master][INFO] 2019-06-04 15:57:19,253: +PARAM [/STM2-CFG33/msgClass] by /roslaunch
[rosmaster.master][INFO] 2019-06-04 15:57:19,253: +PARAM [/STM2-CFG61/msgId] by /roslaunch
[rosmaster.master][INFO] 2019-06-04 15:57:19,255: +PARAM [/STM2/QUEUE2/name] by /roslaunch
[rosmaster.master][INFO] 2019-06-04 15:57:19,256: +PARAM [/STM2-CFG37/id] by /roslaunch
[rosmaster.master][INFO] 2019-06-04 15:57:19,257: +PARAM [/STM2/QUEUE2/rw] by /roslaunch
[rosmaster.master][INFO] 2019-06-04 15:57:19,259: +PARAM [/STM2-CFG04/id] by /roslaunch
[rosmaster.master][INFO] 2019-06-04 15:57:19,259: +PARAM [/STM1/port] by /roslaunch
[rosmaster.master][INFO] 2019-06-04 15:57:19,260: +PARAM [/STM2-CFG03/class] by /roslaunch
[rosmaster.master][INFO] 2019-06-04 15:57:19,262: +PARAM [/STM2-CFG41/msgClass] by /roslaunch
[rosmaster.master][INFO] 2019-06-04 15:57:19,263: +PARAM [/STM2-CFG35/class] by /roslaunch
[rosmaster.master][INFO] 2019-06-04 15:57:19,264: +PARAM [/STM2-CFG40/class] by /roslaunch
[rosmaster.master][INFO] 2019-06-04 15:57:19,266: +PARAM [/STM2-CFG34/id] by /roslaunch
[rosmaster.master][INFO] 2019-06-04 15:57:19,266: +PARAM [/STM1/desc] by /roslaunch
[rosmaster.master][INFO] 2019-06-04 15:57:19,267: +PARAM [/STM2-CFG60/ioPorts] by /roslaunch
[rosmaster.master][INFO] 2019-06-04 15:57:19,268: +PARAM [/STM1/QUEUE1/rw] by /roslaunch
[rosmaster.master][INFO] 2019-06-04 15:57:19,268: +PARAM [/STM2-CFG05/desc] by /roslaunch
[rosmaster.master][INFO] 2019-06-04 15:57:19,269: +PARAM [/STM2-CFG06/class] by /roslaunch
[rosmaster.master][INFO] 2019-06-04 15:57:19,270: +SUB [/rosout] /rosout http://10.0.0.166:35896/
[rosmaster.master][INFO] 2019-06-04 15:57:19,270: +PARAM [/STM2-CFG81/prot_in] by /roslaunch
[rosmaster.master][INFO] 2019-06-04 15:57:19,271: +PARAM [/STM2-CFG81/prot_out] by /roslaunch
[rosmaster.master][INFO] 2019-06-04 15:57:19,272: +PARAM [/STM2-CFG03/msgId] by /roslaunch
[rosmaster.master][INFO] 2019-06-04 15:57:19,272: +PARAM [/STM4/listener] by /roslaunch
[rosmaster.master][INFO] 2019-06-04 15:57:19,273: +PARAM [/STM2-CFG38/id] by /roslaunch
[rosmaster.master][INFO] 2019-06-04 15:57:19,273: +PARAM [/STM2-CFG63/ioPorts] by /roslaunch
[rosmaster.master][INFO] 2019-06-04 15:57:19,273: +PARAM [/STM2-CFG60/id] by /roslaunch
[rosmaster.master][INFO] 2019-06-04 15:57:19,273: +PARAM [/STM2/QUEUE2/type] by /roslaunch
[rosmaster.master][INFO] 2019-06-04 15:57:19,274: +PARAM [/STM2-CFG08/class] by /roslaunch
[rosmaster.master][INFO] 2019-06-04 15:57:19,274: +PARAM [/STM2-CFG40/ioPorts] by /roslaunch
[rosmaster.master][INFO] 2019-06-04 15:57:19,274: +PARAM [/STM2-CFG30/desc] by /roslaunch
[rosmaster.master][INFO] 2019-06-04 15:57:19,275: +PARAM [/STM2-CFG07/msgId] by /roslaunch
[rosmaster.master][INFO] 2019-06-04 15:57:19,275: +PARAM [/STM2-CFG63/desc] by /roslaunch
[rosmaster.master][INFO] 2019-06-04 15:57:19,275: +PARAM [/STM2-CFG41/msgId] by /roslaunch
[rosmaster.master][INFO] 2019-06-04 15:57:19,275: +PARAM [/STM2-CFG04/msgClass] by /roslaunch
[rosmaster.master][INFO] 2019-06-04 15:57:19,276: +PARAM [/STM2-CFG35/desc] by /roslaunch
[rosmaster.master][INFO] 2019-06-04 15:57:19,276: +PARAM [/STM2-CFG36/class] by /roslaunch
[rosmaster.master][INFO] 2019-06-04 15:57:19,276: +PARAM [/STM4/port] by /roslaunch
[rosmaster.master][INFO] 2019-06-04 15:57:19,277: +PARAM [/STM2-CFG06/msgId] by /roslaunch
[rosmaster.master][INFO] 2019-06-04 15:57:19,277: +PARAM [/rosdistro] by /roslaunch
[rosmaster.master][INFO] 2019-06-04 15:57:19,277: +PARAM [/STM2-CFG41/desc] by /roslaunch
[rosmaster.master][INFO] 2019-06-04 15:57:19,277: +PARAM [/STM2-CFG63/id] by /roslaunch
[rosmaster.master][INFO] 2019-06-04 15:57:19,278: +PARAM [/STM2-CFG39/msgClass] by /roslaunch
[rosmaster.master][INFO] 2019-06-04 15:57:19,278: +PARAM [/STM2-CFG08/msgId] by /roslaunch
[rosmaster.master][INFO] 2019-06-04 15:57:19,278: +PARAM [/STM2-CFG42/msgClass] by /roslaunch
[rosmaster.master][INFO] 2019-06-04 15:57:19,278: +PARAM [/STM4/type] by /roslaunch
[rosmaster.master][INFO] 2019-06-04 15:57:19,279: +PARAM [/STM2-CFG39/desc] by /roslaunch
[rosmaster.master][INFO] 2019-06-04 15:57:19,279: +PARAM [/STM2/port] by /roslaunch
[rosmaster.master][INFO] 2019-06-04 15:57:19,279: +PARAM [/STM1/host] by /roslaunch
[rosmaster.master][INFO] 2019-06-04 15:57:19,280: +PARAM [/STM2-CFG31/ioPorts] by /roslaunch
[rosmaster.master][INFO] 2019-06-04 15:57:19,280: +PARAM [/STM2-CFG33/desc] by /roslaunch
[rosmaster.master][INFO] 2019-06-04 15:57:19,280: +PARAM [/STM2-CFG04/desc] by /roslaunch
[rosmaster.master][INFO] 2019-06-04 15:57:19,280: +PARAM [/STM1/QUEUE2/rw] by /roslaunch
[rosmaster.master][INFO] 2019-06-04 15:57:19,281: +PARAM [/STM4/host] by /roslaunch
[rosmaster.master][INFO] 2019-06-04 15:57:19,281: +PARAM [/STM2-CFG41/ioPorts] by /roslaunch
[rosmaster.master][INFO] 2019-06-04 15:57:19,281: +PARAM [/STM2-CFG03/desc] by /roslaunch
[rosmaster.master][INFO] 2019-06-04 15:57:19,282: +PARAM [/STM1/retry] by /roslaunch
[rosmaster.master][INFO] 2019-06-04 15:57:19,282: +PARAM [/STM2/QUEUE1/rw] by /roslaunch
[rosmaster.master][INFO] 2019-06-04 15:57:19,282: +PARAM [/STM2-CFG37/msgId] by /roslaunch
[rosmaster.master][INFO] 2019-06-04 15:57:19,282: +PARAM [/STM2-CFG30/id] by /roslaunch
[rosmaster.master][INFO] 2019-06-04 15:57:19,283: +PARAM [/STM2-CFG60/msgId] by /roslaunch
[rosmaster.master][INFO] 2019-06-04 15:57:19,283: +PARAM [/STM2-CFG07/msgClass] by /roslaunch
[rosmaster.master][INFO] 2019-06-04 15:57:19,283: +PARAM [/STM2-CFG40/id] by /roslaunch
[rosmaster.master][INFO] 2019-06-04 15:57:19,283: +PARAM [/STM2-CFG33/id] by /roslaunch
[rosmaster.master][INFO] 2019-06-04 15:57:19,284: +PARAM [/STM2-CFG38/desc] by /roslaunch
[rosmaster.master][INFO] 2019-06-04 15:57:19,284: +PARAM [/STM2-CFG63/class] by /roslaunch
[rosmaster.master][INFO] 2019-06-04 15:57:19,284: +PARAM [/STM2-CFG32/id] by /roslaunch
[rosmaster.master][INFO] 2019-06-04 15:57:19,285: +PARAM [/STM2-CFG06/id] by /roslaunch
[rosmaster.master][INFO] 2019-06-04 15:57:19,285: +PARAM [/STM2-CFG41/class] by /roslaunch
[rosmaster.master][INFO] 2019-06-04 15:57:19,285: +PARAM [/STM2-CFG06/desc] by /roslaunch
[rosmaster.master][INFO] 2019-06-04 15:57:19,285: +PARAM [/STM2-CFG63/msgId] by /roslaunch
[rosmaster.master][INFO] 2019-06-04 15:57:19,286: +PARAM [/STM2-CFG42/msgId] by /roslaunch
[rosmaster.master][INFO] 2019-06-04 15:57:19,286: +PARAM [/STM2-CFG36/msgId] by /roslaunch
[rosmaster.master][INFO] 2019-06-04 15:57:19,286: +PARAM [/STM2-CFG81/id] by /roslaunch
[rosmaster.master][INFO] 2019-06-04 15:57:19,287: +PARAM [/STM2-CFG35/id] by /roslaunch
[rosmaster.master][INFO] 2019-06-04 15:57:19,287: +PARAM [/STM2/QUEUE1/type] by /roslaunch
[rosmaster.master][INFO] 2019-06-04 15:57:19,287: +PARAM [/STM2-CFG62/msgClass] by /roslaunch
[rosmaster.master][INFO] 2019-06-04 15:57:19,288: +PARAM [/STM2/timeout] by /roslaunch
[rosmaster.master][INFO] 2019-06-04 15:57:19,288: +PARAM [/STM2-CFG05/id] by /roslaunch
[rosmaster.master][INFO] 2019-06-04 15:57:19,288: +PARAM [/STM1/QUEUE1/name] by /roslaunch
[rosmaster.master][INFO] 2019-06-04 15:57:19,289: +PARAM [/STM2-CFG33/msgId] by /roslaunch
[rosmaster.master][INFO] 2019-06-04 15:57:19,289: +PARAM [/STM2-CFG08/ioPorts] by /roslaunch
[rosmaster.master][INFO] 2019-06-04 15:57:19,289: +PARAM [/STM2-CFG62/class] by /roslaunch
[rosmaster.master][INFO] 2019-06-04 15:57:19,289: +PARAM [/STM2-CFG34/class] by /roslaunch
[rosmaster.master][INFO] 2019-06-04 15:57:19,290: +PARAM [/STM2-CFG35/msgId] by /roslaunch
[rosmaster.master][INFO] 2019-06-04 15:57:19,290: +PARAM [/STM2-CFG30/msgClass] by /roslaunch
[rosmaster.master][INFO] 2019-06-04 15:57:19,290: +PARAM [/STM2-CFG34/desc] by /roslaunch
[rosmaster.master][INFO] 2019-06-04 15:57:19,291: +PARAM [/STM2-CFG62/msgId] by /roslaunch
[rosmaster.master][INFO] 2019-06-04 15:57:19,291: +PARAM [/STM2-CFG42/desc] by /roslaunch
[rosmaster.master][INFO] 2019-06-04 15:57:19,292: +PARAM [/STM2-CFG61/id] by /roslaunch
[rosmaster.master][INFO] 2019-06-04 15:57:19,292: +PARAM [/STM4/retry] by /roslaunch
[rosmaster.master][INFO] 2019-06-04 15:57:19,292: +PARAM [/STM2-CFG38/class] by /roslaunch
[rosmaster.master][INFO] 2019-06-04 15:57:19,292: +PARAM [/STM2-CFG81/class] by /roslaunch
[rosmaster.master][INFO] 2019-06-04 15:57:19,293: +PARAM [/STM2/type] by /roslaunch
[rosmaster.master][INFO] 2019-06-04 15:57:19,293: +PARAM [/STM2-CFG31/msgClass] by /roslaunch
[rosmaster.master][INFO] 2019-06-04 15:57:19,293: +PARAM [/STM2-CFG05/ioPorts] by /roslaunch
[rosmaster.master][INFO] 2019-06-04 15:57:19,294: +PARAM [/STM2-CFG31/class] by /roslaunch
[rosmaster.master][INFO] 2019-06-04 15:57:19,294: +PARAM [/STM2-CFG35/ioPorts] by /roslaunch
[rosmaster.master][INFO] 2019-06-04 15:57:19,294: +PARAM [/STM2-CFG36/desc] by /roslaunch
[rosmaster.master][INFO] 2019-06-04 15:57:19,295: +PARAM [/STM2-CFG32/class] by /roslaunch
[rosmaster.master][INFO] 2019-06-04 15:57:19,295: +PARAM [/STM2-CFG61/ioPorts] by /roslaunch
[rosmaster.master][INFO] 2019-06-04 15:57:19,295: +PARAM [/STM2-CFG07/ioPorts] by /roslaunch
[rosmaster.master][INFO] 2019-06-04 15:57:19,296: +PARAM [/STM2/desc] by /roslaunch
[rosmaster.master][INFO] 2019-06-04 15:57:19,296: +PARAM [/STM2-CFG03/ioPorts] by /roslaunch
[rosmaster.master][INFO] 2019-06-04 15:57:19,296: +PARAM [/STM2-CFG37/desc] by /roslaunch
[rosmaster.master][INFO] 2019-06-04 15:57:19,297: +PARAM [/STM1/QUEUE1/type] by /roslaunch
[rosmaster.master][INFO] 2019-06-04 15:57:19,297: +PARAM [/STM2-CFG04/msgId] by /roslaunch
[rosmaster.master][INFO] 2019-06-04 15:57:19,297: +PARAM [/STM2-CFG36/msgClass] by /roslaunch
[rosmaster.master][INFO] 2019-06-04 15:57:19,298: +PARAM [/STM1/QUEUE2/type] by /roslaunch
[rosmaster.master][INFO] 2019-06-04 15:57:19,298: +PARAM [/STM2-CFG40/desc] by /roslaunch
[rosmaster.master][INFO] 2019-06-04 15:57:19,298: +PARAM [/STM1/type] by /roslaunch
[rosmaster.master][INFO] 2019-06-04 15:57:19,299: +PARAM [/STM2-CFG36/ioPorts] by /roslaunch
[rosmaster.master][INFO] 2019-06-04 15:57:19,299: +PARAM [/STM2-CFG40/msgClass] by /roslaunch
[rosmaster.master][INFO] 2019-06-04 15:57:19,299: +PARAM [/STM2-CFG39/msgId] by /roslaunch
[rosmaster.master][INFO] 2019-06-04 15:57:19,299: +PARAM [/STM2-CFG60/msgClass] by /roslaunch
[rosmaster.master][INFO] 2019-06-04 15:57:19,300: +PARAM [/STM4/desc] by /roslaunch
[rosmaster.master][INFO] 2019-06-04 15:57:19,300: +PARAM [/STM2-CFG06/msgClass] by /roslaunch
[rosmaster.master][INFO] 2019-06-04 15:57:19,300: +PARAM [/STM2-CFG36/id] by /roslaunch
[rosmaster.master][INFO] 2019-06-04 15:57:19,301: +PARAM [/STM2-CFG61/msgClass] by /roslaunch
[rosmaster.master][INFO] 2019-06-04 15:57:19,301: +PARAM [/STM2-CFG37/msgClass] by /roslaunch
[rosmaster.master][INFO] 2019-06-04 15:57:19,301: +PARAM [/STM2-CFG05/msgId] by /roslaunch
[rosmaster.master][INFO] 2019-06-04 15:57:19,302: +PARAM [/STM2-CFG08/id] by /roslaunch
[rosmaster.master][INFO] 2019-06-04 15:57:19,302: +PARAM [/STM2-CFG81/rate] by /roslaunch
[rosmaster.master][INFO] 2019-06-04 15:57:19,302: +PARAM [/STM2-CFG38/msgClass] by /roslaunch
[rosmaster.master][INFO] 2019-06-04 15:57:19,303: +PARAM [/STM2-CFG34/msgId] by /roslaunch
[rosmaster.master][INFO] 2019-06-04 15:57:19,303: +PARAM [/STM2-CFG39/class] by /roslaunch
[rosmaster.master][INFO] 2019-06-04 15:57:19,303: +PARAM [/STM2-CFG38/msgId] by /roslaunch
[rosmaster.master][INFO] 2019-06-04 15:57:19,304: +PARAM [/STM2-CFG62/ioPorts] by /roslaunch
[rosmaster.master][INFO] 2019-06-04 15:57:19,304: +PARAM [/STM2-CFG42/id] by /roslaunch
[rosmaster.master][INFO] 2019-06-04 15:57:19,304: +PARAM [/STM2-CFG05/msgClass] by /roslaunch
[rosmaster.master][INFO] 2019-06-04 15:57:19,304: +PARAM [/STM2-CFG31/desc] by /roslaunch
[rosmaster.master][INFO] 2019-06-04 15:57:19,305: +PARAM [/STM2-CFG32/ioPorts] by /roslaunch
[rosmaster.master][INFO] 2019-06-04 15:57:19,305: +PARAM [/STM2-CFG04/class] by /roslaunch
[rosmaster.master][INFO] 2019-06-04 15:57:19,305: +PARAM [/STM2/QUEUE1/name] by /roslaunch
[rosmaster.master][INFO] 2019-06-04 15:57:19,306: +PARAM [/STM2-CFG63/msgClass] by /roslaunch
[rosmaster.master][INFO] 2019-06-04 15:57:19,306: +PARAM [/STM2-CFG03/msgClass] by /roslaunch
[rosmaster.master][INFO] 2019-06-04 15:57:19,306: +PARAM [/STM2-CFG08/desc] by /roslaunch
[rosmaster.master][INFO] 2019-06-04 15:57:19,307: +PARAM [/STM2-CFG60/class] by /roslaunch
[rosmaster.master][INFO] 2019-06-04 15:57:19,307: +PARAM [/STM2-CFG34/msgClass] by /roslaunch
[rosmaster.master][INFO] 2019-06-04 15:57:19,307: +PARAM [/rosversion] by /roslaunch
[rosmaster.master][INFO] 2019-06-04 15:57:19,308: +PARAM [/STM2-CFG07/id] by /roslaunch
[rosmaster.master][INFO] 2019-06-04 15:57:19,308: +PARAM [/STM2-CFG37/class] by /roslaunch
[rosmaster.master][INFO] 2019-06-04 15:57:19,308: +PARAM [/STM2-CFG61/desc] by /roslaunch
[rosmaster.master][INFO] 2019-06-04 15:57:19,309: +PARAM [/STM2-CFG60/desc] by /roslaunch
[rosmaster.master][INFO] 2019-06-04 15:57:19,309: +PARAM [/STM2-CFG81/desc] by /roslaunch
[rosmaster.master][INFO] 2019-06-04 15:57:19,309: +PARAM [/STM2-CFG05/class] by /roslaunch
[rosmaster.master][INFO] 2019-06-04 15:57:19,309: +PARAM [/STM1/QUEUE2/name] by /roslaunch
[rosmaster.master][INFO] 2019-06-04 15:57:19,310: +PARAM [/STM2-CFG08/msgClass] by /roslaunch
[rosmaster.master][INFO] 2019-06-04 15:57:19,310: +PARAM [/STM2-CFG31/msgId] by /roslaunch
[rosmaster.master][INFO] 2019-06-04 15:57:19,310: +PARAM [/STM2-CFG39/ioPorts] by /roslaunch
[rosmaster.master][INFO] 2019-06-04 15:57:19,311: +PARAM [/STM2-CFG06/ioPorts] by /roslaunch
[rosmaster.master][INFO] 2019-06-04 15:57:19,311: +PARAM [/STM2-CFG42/class] by /roslaunch
[rosmaster.master][INFO] 2019-06-04 15:57:19,311: +PARAM [/STM2-CFG33/class] by /roslaunch
[rosmaster.master][INFO] 2019-06-04 15:57:19,312: +PARAM [/STM2/baudrate] by /roslaunch
[rosmaster.master][INFO] 2019-06-04 16:00:48,501: -PUB [/rosout_agg] /rosout http://10.0.0.166:35896/
[rosmaster.master][INFO] 2019-06-04 16:00:48,505: -SUB [/rosout] /rosout http://10.0.0.166:35896/
[rosmaster.master][INFO] 2019-06-04 16:00:48,507: -SERVICE [/rosout/get_loggers] /rosout rosrpc://10.0.0.166:49913
[rosmaster.master][INFO] 2019-06-04 16:00:48,510: -SERVICE [/rosout/set_logger_level] /rosout rosrpc://10.0.0.166:49913
[rosmaster.main][INFO] 2019-06-04 16:00:48,695: keyboard interrupt, will exit
[rosmaster.main][INFO] 2019-06-04 16:00:48,696: stopping master...
[rospy.core][INFO] 2019-06-04 16:00:48,696: signal_shutdown [atexit]
