[rosmaster.main][INFO] 2019-06-06 08:55:38,953: initialization complete, waiting for shutdown
[rosmaster.main][INFO] 2019-06-06 08:55:38,954: Starting ROS Master Node
[xmlrpc][INFO] 2019-06-06 08:55:38,959: XML-RPC server binding to 0.0.0.0:11311
[xmlrpc][INFO] 2019-06-06 08:55:38,962: Started XML-RPC server [http://10.0.0.166:11311/]
[rosmaster.master][INFO] 2019-06-06 08:55:38,963: Master initialized: port[11311], uri[http://10.0.0.166:11311/]
[xmlrpc][INFO] 2019-06-06 08:55:38,964: xml rpc node: starting XML-RPC server
[rosmaster.master][INFO] 2019-06-06 08:55:39,024: +PARAM [/run_id] by /roslaunch
[rosmaster.master][INFO] 2019-06-06 08:55:39,030: +PARAM [/roslaunch/uris/host_10_0_0_166__40071] by /roslaunch
[rosmaster.master][INFO] 2019-06-06 08:55:39,553: +PARAM [/STM2-CFG35/msgClass] by /roslaunch
[rosmaster.master][INFO] 2019-06-06 08:55:39,555: +SERVICE [/rosout/get_loggers] /rosout http://10.0.0.166:37391/
[rosmaster.master][INFO] 2019-06-06 08:55:39,556: +PARAM [/STM2-CFG32/desc] by /roslaunch
[rosmaster.master][INFO] 2019-06-06 08:55:39,557: +PARAM [/STM2-CFG07/class] by /roslaunch
[rosmaster.master][INFO] 2019-06-06 08:55:39,558: +PARAM [/STM2-CFG07/desc] by /roslaunch
[rosmaster.master][INFO] 2019-06-06 08:55:39,558: +PARAM [/STM2-CFG03/id] by /roslaunch
[rosmaster.master][INFO] 2019-06-06 08:55:39,559: +PARAM [/STM2-CFG30/class] by /roslaunch
[rosmaster.master][INFO] 2019-06-06 08:55:39,560: +SERVICE [/rosout/set_logger_level] /rosout http://10.0.0.166:37391/
[rosmaster.master][INFO] 2019-06-06 08:55:39,561: +PARAM [/STM2-CFG32/msgClass] by /roslaunch
[rosmaster.master][INFO] 2019-06-06 08:55:39,562: +PARAM [/STM2-CFG34/ioPorts] by /roslaunch
[rosmaster.master][INFO] 2019-06-06 08:55:39,563: +PARAM [/STM2-CFG37/ioPorts] by /roslaunch
[rosmaster.master][INFO] 2019-06-06 08:55:39,564: +PARAM [/STM2-CFG33/ioPorts] by /roslaunch
[rosmaster.master][INFO] 2019-06-06 08:55:39,564: +PARAM [/STM2/retry] by /roslaunch
[rosmaster.master][INFO] 2019-06-06 08:55:39,566: +PARAM [/STM2-CFG31/id] by /roslaunch
[rosmaster.master][INFO] 2019-06-06 08:55:39,567: +PARAM [/STM2-CFG38/ioPorts] by /roslaunch
[rosmaster.master][INFO] 2019-06-06 08:55:39,567: +PARAM [/STM2-CFG30/msgId] by /roslaunch
[rosmaster.master][INFO] 2019-06-06 08:55:39,568: +PARAM [/STM2-CFG62/id] by /roslaunch
[rosmaster.master][INFO] 2019-06-06 08:55:39,569: +PARAM [/STM2-CFG62/desc] by /roslaunch
[rosmaster.master][INFO] 2019-06-06 08:55:39,571: +PUB [/rosout_agg] /rosout http://10.0.0.166:37391/
[rosmaster.master][INFO] 2019-06-06 08:55:39,571: +PARAM [/STM2-CFG42/ioPorts] by /roslaunch
[rosmaster.master][INFO] 2019-06-06 08:55:39,572: +PARAM [/STM2-CFG04/ioPorts] by /roslaunch
[rosmaster.master][INFO] 2019-06-06 08:55:39,573: +PARAM [/STM2-CFG39/id] by /roslaunch
[rosmaster.master][INFO] 2019-06-06 08:55:39,576: +PARAM [/STM2-CFG32/msgId] by /roslaunch
[rosmaster.master][INFO] 2019-06-06 08:55:39,576: +PARAM [/STM2-CFG40/msgId] by /roslaunch
[rosmaster.master][INFO] 2019-06-06 08:55:39,576: +PARAM [/STM2-CFG41/id] by /roslaunch
[rosmaster.master][INFO] 2019-06-06 08:55:39,577: +PARAM [/STM2-CFG30/ioPorts] by /roslaunch
[rosmaster.master][INFO] 2019-06-06 08:55:39,577: +PARAM [/STM2-CFG61/class] by /roslaunch
[rosmaster.master][INFO] 2019-06-06 08:55:39,577: +PARAM [/STM2-CFG33/msgClass] by /roslaunch
[rosmaster.master][INFO] 2019-06-06 08:55:39,577: +PARAM [/STM2-CFG61/msgId] by /roslaunch
[rosmaster.master][INFO] 2019-06-06 08:55:39,578: +PARAM [/STM2/QUEUE2/name] by /roslaunch
[rosmaster.master][INFO] 2019-06-06 08:55:39,578: +PARAM [/STM2-CFG37/id] by /roslaunch
[rosmaster.master][INFO] 2019-06-06 08:55:39,579: +PARAM [/STM2/QUEUE2/rw] by /roslaunch
[rosmaster.master][INFO] 2019-06-06 08:55:39,580: +PARAM [/STM2-CFG04/id] by /roslaunch
[rosmaster.master][INFO] 2019-06-06 08:55:39,582: +PARAM [/STM1/port] by /roslaunch
[rosmaster.master][INFO] 2019-06-06 08:55:39,582: +PARAM [/STM2-CFG03/class] by /roslaunch
[rosmaster.master][INFO] 2019-06-06 08:55:39,583: +PARAM [/STM2-CFG41/msgClass] by /roslaunch
[rosmaster.master][INFO] 2019-06-06 08:55:39,584: +PARAM [/STM2-CFG35/class] by /roslaunch
[rosmaster.master][INFO] 2019-06-06 08:55:39,586: +PARAM [/STM2-CFG40/class] by /roslaunch
[rosmaster.master][INFO] 2019-06-06 08:55:39,586: +PARAM [/STM2-CFG34/id] by /roslaunch
[rosmaster.master][INFO] 2019-06-06 08:55:39,589: +PARAM [/STM1/desc] by /roslaunch
[rosmaster.master][INFO] 2019-06-06 08:55:39,589: +PARAM [/STM2-CFG60/ioPorts] by /roslaunch
[rosmaster.master][INFO] 2019-06-06 08:55:39,592: +PARAM [/STM1/QUEUE1/rw] by /roslaunch
[rosmaster.master][INFO] 2019-06-06 08:55:39,593: +PARAM [/STM2-CFG05/desc] by /roslaunch
[rosmaster.master][INFO] 2019-06-06 08:55:39,593: +PARAM [/STM2-CFG06/class] by /roslaunch
[rosmaster.master][INFO] 2019-06-06 08:55:39,594: +PARAM [/STM2-CFG81/prot_in] by /roslaunch
[rosmaster.master][INFO] 2019-06-06 08:55:39,595: +PARAM [/STM2-CFG81/prot_out] by /roslaunch
[rosmaster.master][INFO] 2019-06-06 08:55:39,596: +SUB [/rosout] /rosout http://10.0.0.166:37391/
[rosmaster.master][INFO] 2019-06-06 08:55:39,596: +PARAM [/STM2-CFG03/msgId] by /roslaunch
[rosmaster.master][INFO] 2019-06-06 08:55:39,598: +PARAM [/STM4/listener] by /roslaunch
[rosmaster.master][INFO] 2019-06-06 08:55:39,598: +PARAM [/STM2-CFG38/id] by /roslaunch
[rosmaster.master][INFO] 2019-06-06 08:55:39,599: +PARAM [/STM2-CFG63/ioPorts] by /roslaunch
[rosmaster.master][INFO] 2019-06-06 08:55:39,599: +PARAM [/STM2-CFG60/id] by /roslaunch
[rosmaster.master][INFO] 2019-06-06 08:55:39,599: +PARAM [/STM2/QUEUE2/type] by /roslaunch
[rosmaster.master][INFO] 2019-06-06 08:55:39,600: +PARAM [/STM2-CFG08/class] by /roslaunch
[rosmaster.master][INFO] 2019-06-06 08:55:39,600: +PARAM [/STM2-CFG40/ioPorts] by /roslaunch
[rosmaster.master][INFO] 2019-06-06 08:55:39,600: +PARAM [/STM2-CFG30/desc] by /roslaunch
[rosmaster.master][INFO] 2019-06-06 08:55:39,600: +PARAM [/STM2-CFG07/msgId] by /roslaunch
[rosmaster.master][INFO] 2019-06-06 08:55:39,601: +PARAM [/STM2-CFG63/desc] by /roslaunch
[rosmaster.master][INFO] 2019-06-06 08:55:39,601: +PARAM [/STM2-CFG41/msgId] by /roslaunch
[rosmaster.master][INFO] 2019-06-06 08:55:39,601: +PARAM [/STM2-CFG04/msgClass] by /roslaunch
[rosmaster.master][INFO] 2019-06-06 08:55:39,602: +PARAM [/STM2-CFG35/desc] by /roslaunch
[rosmaster.master][INFO] 2019-06-06 08:55:39,602: +PARAM [/STM2-CFG36/class] by /roslaunch
[rosmaster.master][INFO] 2019-06-06 08:55:39,602: +PARAM [/STM4/port] by /roslaunch
[rosmaster.master][INFO] 2019-06-06 08:55:39,603: +PARAM [/STM2-CFG06/msgId] by /roslaunch
[rosmaster.master][INFO] 2019-06-06 08:55:39,603: +PARAM [/rosdistro] by /roslaunch
[rosmaster.master][INFO] 2019-06-06 08:55:39,603: +PARAM [/STM2-CFG41/desc] by /roslaunch
[rosmaster.master][INFO] 2019-06-06 08:55:39,604: +PARAM [/STM2-CFG63/id] by /roslaunch
[rosmaster.master][INFO] 2019-06-06 08:55:39,604: +PARAM [/STM2-CFG39/msgClass] by /roslaunch
[rosmaster.master][INFO] 2019-06-06 08:55:39,604: +PARAM [/STM2-CFG08/msgId] by /roslaunch
[rosmaster.master][INFO] 2019-06-06 08:55:39,605: +PARAM [/STM2-CFG42/msgClass] by /roslaunch
[rosmaster.master][INFO] 2019-06-06 08:55:39,605: +PARAM [/STM4/type] by /roslaunch
[rosmaster.master][INFO] 2019-06-06 08:55:39,605: +PARAM [/STM2-CFG39/desc] by /roslaunch
[rosmaster.master][INFO] 2019-06-06 08:55:39,605: +PARAM [/STM2/port] by /roslaunch
[rosmaster.master][INFO] 2019-06-06 08:55:39,606: +PARAM [/STM1/host] by /roslaunch
[rosmaster.master][INFO] 2019-06-06 08:55:39,606: +PARAM [/STM2-CFG31/ioPorts] by /roslaunch
[rosmaster.master][INFO] 2019-06-06 08:55:39,606: +PARAM [/STM2-CFG33/desc] by /roslaunch
[rosmaster.master][INFO] 2019-06-06 08:55:39,607: +PARAM [/STM2-CFG04/desc] by /roslaunch
[rosmaster.master][INFO] 2019-06-06 08:55:39,607: +PARAM [/STM1/QUEUE2/rw] by /roslaunch
[rosmaster.master][INFO] 2019-06-06 08:55:39,607: +PARAM [/STM4/host] by /roslaunch
[rosmaster.master][INFO] 2019-06-06 08:55:39,608: +PARAM [/STM2-CFG41/ioPorts] by /roslaunch
[rosmaster.master][INFO] 2019-06-06 08:55:39,608: +PARAM [/STM2-CFG03/desc] by /roslaunch
[rosmaster.master][INFO] 2019-06-06 08:55:39,608: +PARAM [/STM1/retry] by /roslaunch
[rosmaster.master][INFO] 2019-06-06 08:55:39,609: +PARAM [/STM2/QUEUE1/rw] by /roslaunch
[rosmaster.master][INFO] 2019-06-06 08:55:39,609: +PARAM [/STM2-CFG37/msgId] by /roslaunch
[rosmaster.master][INFO] 2019-06-06 08:55:39,609: +PARAM [/STM2-CFG30/id] by /roslaunch
[rosmaster.master][INFO] 2019-06-06 08:55:39,610: +PARAM [/STM2-CFG60/msgId] by /roslaunch
[rosmaster.master][INFO] 2019-06-06 08:55:39,610: +PARAM [/STM2-CFG07/msgClass] by /roslaunch
[rosmaster.master][INFO] 2019-06-06 08:55:39,610: +PARAM [/STM2-CFG40/id] by /roslaunch
[rosmaster.master][INFO] 2019-06-06 08:55:39,611: +PARAM [/STM2-CFG33/id] by /roslaunch
[rosmaster.master][INFO] 2019-06-06 08:55:39,611: +PARAM [/STM2-CFG38/desc] by /roslaunch
[rosmaster.master][INFO] 2019-06-06 08:55:39,611: +PARAM [/STM2-CFG63/class] by /roslaunch
[rosmaster.master][INFO] 2019-06-06 08:55:39,611: +PARAM [/STM2-CFG32/id] by /roslaunch
[rosmaster.master][INFO] 2019-06-06 08:55:39,612: +PARAM [/STM2-CFG06/id] by /roslaunch
[rosmaster.master][INFO] 2019-06-06 08:55:39,612: +PARAM [/STM2-CFG41/class] by /roslaunch
[rosmaster.master][INFO] 2019-06-06 08:55:39,612: +PARAM [/STM2-CFG06/desc] by /roslaunch
[rosmaster.master][INFO] 2019-06-06 08:55:39,613: +PARAM [/STM2-CFG63/msgId] by /roslaunch
[rosmaster.master][INFO] 2019-06-06 08:55:39,613: +PARAM [/STM2-CFG42/msgId] by /roslaunch
[rosmaster.master][INFO] 2019-06-06 08:55:39,613: +PARAM [/STM2-CFG36/msgId] by /roslaunch
[rosmaster.master][INFO] 2019-06-06 08:55:39,613: +PARAM [/STM2-CFG81/id] by /roslaunch
[rosmaster.master][INFO] 2019-06-06 08:55:39,614: +PARAM [/STM2-CFG35/id] by /roslaunch
[rosmaster.master][INFO] 2019-06-06 08:55:39,614: +PARAM [/STM2/QUEUE1/type] by /roslaunch
[rosmaster.master][INFO] 2019-06-06 08:55:39,614: +PARAM [/STM2-CFG62/msgClass] by /roslaunch
[rosmaster.master][INFO] 2019-06-06 08:55:39,614: +PARAM [/STM2/timeout] by /roslaunch
[rosmaster.master][INFO] 2019-06-06 08:55:39,615: +PARAM [/STM2-CFG05/id] by /roslaunch
[rosmaster.master][INFO] 2019-06-06 08:55:39,615: +PARAM [/STM1/QUEUE1/name] by /roslaunch
[rosmaster.master][INFO] 2019-06-06 08:55:39,615: +PARAM [/STM2-CFG33/msgId] by /roslaunch
[rosmaster.master][INFO] 2019-06-06 08:55:39,616: +PARAM [/STM2-CFG08/ioPorts] by /roslaunch
[rosmaster.master][INFO] 2019-06-06 08:55:39,616: +PARAM [/STM2-CFG62/class] by /roslaunch
[rosmaster.master][INFO] 2019-06-06 08:55:39,616: +PARAM [/STM2-CFG34/class] by /roslaunch
[rosmaster.master][INFO] 2019-06-06 08:55:39,616: +PARAM [/STM2-CFG35/msgId] by /roslaunch
[rosmaster.master][INFO] 2019-06-06 08:55:39,617: +PARAM [/STM2-CFG30/msgClass] by /roslaunch
[rosmaster.master][INFO] 2019-06-06 08:55:39,617: +PARAM [/STM2-CFG34/desc] by /roslaunch
[rosmaster.master][INFO] 2019-06-06 08:55:39,617: +PARAM [/STM2-CFG62/msgId] by /roslaunch
[rosmaster.master][INFO] 2019-06-06 08:55:39,618: +PARAM [/STM2-CFG42/desc] by /roslaunch
[rosmaster.master][INFO] 2019-06-06 08:55:39,618: +PARAM [/STM2-CFG61/id] by /roslaunch
[rosmaster.master][INFO] 2019-06-06 08:55:39,618: +PARAM [/STM4/retry] by /roslaunch
[rosmaster.master][INFO] 2019-06-06 08:55:39,619: +PARAM [/STM2-CFG38/class] by /roslaunch
[rosmaster.master][INFO] 2019-06-06 08:55:39,619: +PARAM [/STM2-CFG81/class] by /roslaunch
[rosmaster.master][INFO] 2019-06-06 08:55:39,619: +PARAM [/STM2/type] by /roslaunch
[rosmaster.master][INFO] 2019-06-06 08:55:39,619: +PARAM [/STM2-CFG31/msgClass] by /roslaunch
[rosmaster.master][INFO] 2019-06-06 08:55:39,620: +PARAM [/STM2-CFG05/ioPorts] by /roslaunch
[rosmaster.master][INFO] 2019-06-06 08:55:39,620: +PARAM [/STM2-CFG31/class] by /roslaunch
[rosmaster.master][INFO] 2019-06-06 08:55:39,620: +PARAM [/STM2-CFG35/ioPorts] by /roslaunch
[rosmaster.master][INFO] 2019-06-06 08:55:39,621: +PARAM [/STM2-CFG36/desc] by /roslaunch
[rosmaster.master][INFO] 2019-06-06 08:55:39,621: +PARAM [/STM2-CFG32/class] by /roslaunch
[rosmaster.master][INFO] 2019-06-06 08:55:39,621: +PARAM [/STM2-CFG61/ioPorts] by /roslaunch
[rosmaster.master][INFO] 2019-06-06 08:55:39,621: +PARAM [/STM2-CFG07/ioPorts] by /roslaunch
[rosmaster.master][INFO] 2019-06-06 08:55:39,622: +PARAM [/STM2/desc] by /roslaunch
[rosmaster.master][INFO] 2019-06-06 08:55:39,622: +PARAM [/STM2-CFG03/ioPorts] by /roslaunch
[rosmaster.master][INFO] 2019-06-06 08:55:39,622: +PARAM [/STM2-CFG37/desc] by /roslaunch
[rosmaster.master][INFO] 2019-06-06 08:55:39,623: +PARAM [/STM1/QUEUE1/type] by /roslaunch
[rosmaster.master][INFO] 2019-06-06 08:55:39,623: +PARAM [/STM2-CFG04/msgId] by /roslaunch
[rosmaster.master][INFO] 2019-06-06 08:55:39,623: +PARAM [/STM2-CFG36/msgClass] by /roslaunch
[rosmaster.master][INFO] 2019-06-06 08:55:39,623: +PARAM [/STM1/QUEUE2/type] by /roslaunch
[rosmaster.master][INFO] 2019-06-06 08:55:39,624: +PARAM [/STM2-CFG40/desc] by /roslaunch
[rosmaster.master][INFO] 2019-06-06 08:55:39,624: +PARAM [/STM1/type] by /roslaunch
[rosmaster.master][INFO] 2019-06-06 08:55:39,624: +PARAM [/STM2-CFG36/ioPorts] by /roslaunch
[rosmaster.master][INFO] 2019-06-06 08:55:39,624: +PARAM [/STM2-CFG40/msgClass] by /roslaunch
[rosmaster.master][INFO] 2019-06-06 08:55:39,625: +PARAM [/STM2-CFG39/msgId] by /roslaunch
[rosmaster.master][INFO] 2019-06-06 08:55:39,625: +PARAM [/STM2-CFG60/msgClass] by /roslaunch
[rosmaster.master][INFO] 2019-06-06 08:55:39,625: +PARAM [/STM4/desc] by /roslaunch
[rosmaster.master][INFO] 2019-06-06 08:55:39,626: +PARAM [/STM2-CFG06/msgClass] by /roslaunch
[rosmaster.master][INFO] 2019-06-06 08:55:39,626: +PARAM [/STM2-CFG36/id] by /roslaunch
[rosmaster.master][INFO] 2019-06-06 08:55:39,626: +PARAM [/STM2-CFG61/msgClass] by /roslaunch
[rosmaster.master][INFO] 2019-06-06 08:55:39,626: +PARAM [/STM2-CFG37/msgClass] by /roslaunch
[rosmaster.master][INFO] 2019-06-06 08:55:39,627: +PARAM [/STM2-CFG05/msgId] by /roslaunch
[rosmaster.master][INFO] 2019-06-06 08:55:39,627: +PARAM [/STM2-CFG08/id] by /roslaunch
[rosmaster.master][INFO] 2019-06-06 08:55:39,627: +PARAM [/STM2-CFG81/rate] by /roslaunch
[rosmaster.master][INFO] 2019-06-06 08:55:39,628: +PARAM [/STM2-CFG38/msgClass] by /roslaunch
[rosmaster.master][INFO] 2019-06-06 08:55:39,628: +PARAM [/STM2-CFG34/msgId] by /roslaunch
[rosmaster.master][INFO] 2019-06-06 08:55:39,628: +PARAM [/STM2-CFG39/class] by /roslaunch
[rosmaster.master][INFO] 2019-06-06 08:55:39,628: +PARAM [/STM2-CFG38/msgId] by /roslaunch
[rosmaster.master][INFO] 2019-06-06 08:55:39,629: +PARAM [/STM2-CFG62/ioPorts] by /roslaunch
[rosmaster.master][INFO] 2019-06-06 08:55:39,629: +PARAM [/STM2-CFG42/id] by /roslaunch
[rosmaster.master][INFO] 2019-06-06 08:55:39,629: +PARAM [/STM2-CFG05/msgClass] by /roslaunch
[rosmaster.master][INFO] 2019-06-06 08:55:39,629: +PARAM [/STM2-CFG31/desc] by /roslaunch
[rosmaster.master][INFO] 2019-06-06 08:55:39,630: +PARAM [/STM2-CFG32/ioPorts] by /roslaunch
[rosmaster.master][INFO] 2019-06-06 08:55:39,630: +PARAM [/STM2-CFG04/class] by /roslaunch
[rosmaster.master][INFO] 2019-06-06 08:55:39,630: +PARAM [/STM2/QUEUE1/name] by /roslaunch
[rosmaster.master][INFO] 2019-06-06 08:55:39,631: +PARAM [/STM2-CFG63/msgClass] by /roslaunch
[rosmaster.master][INFO] 2019-06-06 08:55:39,631: +PARAM [/STM2-CFG03/msgClass] by /roslaunch
[rosmaster.master][INFO] 2019-06-06 08:55:39,631: +PARAM [/STM2-CFG08/desc] by /roslaunch
[rosmaster.master][INFO] 2019-06-06 08:55:39,631: +PARAM [/STM2-CFG60/class] by /roslaunch
[rosmaster.master][INFO] 2019-06-06 08:55:39,632: +PARAM [/STM2-CFG34/msgClass] by /roslaunch
[rosmaster.master][INFO] 2019-06-06 08:55:39,632: +PARAM [/rosversion] by /roslaunch
[rosmaster.master][INFO] 2019-06-06 08:55:39,632: +PARAM [/STM2-CFG07/id] by /roslaunch
[rosmaster.master][INFO] 2019-06-06 08:55:39,632: +PARAM [/STM2-CFG37/class] by /roslaunch
[rosmaster.master][INFO] 2019-06-06 08:55:39,633: +PARAM [/STM2-CFG61/desc] by /roslaunch
[rosmaster.master][INFO] 2019-06-06 08:55:39,633: +PARAM [/STM2-CFG60/desc] by /roslaunch
[rosmaster.master][INFO] 2019-06-06 08:55:39,633: +PARAM [/STM2-CFG81/desc] by /roslaunch
[rosmaster.master][INFO] 2019-06-06 08:55:39,634: +PARAM [/STM2-CFG05/class] by /roslaunch
[rosmaster.master][INFO] 2019-06-06 08:55:39,634: +PARAM [/STM1/QUEUE2/name] by /roslaunch
[rosmaster.master][INFO] 2019-06-06 08:55:39,634: +PARAM [/STM2-CFG08/msgClass] by /roslaunch
[rosmaster.master][INFO] 2019-06-06 08:55:39,634: +PARAM [/STM2-CFG31/msgId] by /roslaunch
[rosmaster.master][INFO] 2019-06-06 08:55:39,635: +PARAM [/STM2-CFG39/ioPorts] by /roslaunch
[rosmaster.master][INFO] 2019-06-06 08:55:39,635: +PARAM [/STM2-CFG06/ioPorts] by /roslaunch
[rosmaster.master][INFO] 2019-06-06 08:55:39,635: +PARAM [/STM2-CFG42/class] by /roslaunch
[rosmaster.master][INFO] 2019-06-06 08:55:39,636: +PARAM [/STM2-CFG33/class] by /roslaunch
[rosmaster.master][INFO] 2019-06-06 08:55:39,636: +PARAM [/STM2/baudrate] by /roslaunch
[rosmaster.master][INFO] 2019-06-06 08:55:41,454: +PUB [/rosout] /gnss_node http://10.0.0.166:36126/
[rosmaster.master][INFO] 2019-06-06 08:55:41,464: publisherUpdate[/rosout] -> http://10.0.0.166:37391/ ['http://10.0.0.166:36126/']
[rosmaster.master][INFO] 2019-06-06 08:55:41,469: publisherUpdate[/rosout] -> http://10.0.0.166:37391/ ['http://10.0.0.166:36126/']: sec=0.00, result=[1, '', 0]
[rosmaster.master][INFO] 2019-06-06 08:55:41,477: +SERVICE [/gnss_node/get_loggers] /gnss_node http://10.0.0.166:36126/
[rosmaster.master][INFO] 2019-06-06 08:55:41,483: +SERVICE [/gnss_node/set_logger_level] /gnss_node http://10.0.0.166:36126/
[rosmaster.master][INFO] 2019-06-06 08:55:41,493: +SUB [/gnss_control] /gnss_node http://10.0.0.166:36126/
[rosmaster.master][INFO] 2019-06-06 08:55:41,499: +PUB [/gnss_status] /gnss_node http://10.0.0.166:36126/
[rosmaster.master][INFO] 2019-06-06 08:55:41,505: +PUB [/mavlink/to] /gnss_node http://10.0.0.166:36126/
[rosmaster.master][INFO] 2019-06-06 08:55:41,565: +SUB [/STM1] /gnss_node http://10.0.0.166:36126/
[rosmaster.master][INFO] 2019-06-06 08:55:41,587: +SUB [/STM2] /gnss_node http://10.0.0.166:36126/
[rosmaster.master][INFO] 2019-06-06 08:55:41,614: +SUB [/STM4] /gnss_node http://10.0.0.166:36126/
[rosmaster.master][INFO] 2019-06-06 08:55:42,711: -SUB [/STM4] /gnss_node http://10.0.0.166:36126/
[rosmaster.master][INFO] 2019-06-06 08:55:42,712: -SUB [/STM2] /gnss_node http://10.0.0.166:36126/
[rosmaster.master][INFO] 2019-06-06 08:55:42,712: -SUB [/STM1] /gnss_node http://10.0.0.166:36126/
[rosmaster.master][INFO] 2019-06-06 08:55:42,712: -SUB [/gnss_control] /gnss_node http://10.0.0.166:36126/
[rosmaster.master][INFO] 2019-06-06 08:55:42,713: -PUB [/rosout] /gnss_node http://10.0.0.166:36126/
[rosmaster.master][INFO] 2019-06-06 08:55:42,713: -PUB [/mavlink/to] /gnss_node http://10.0.0.166:36126/
[rosmaster.master][INFO] 2019-06-06 08:55:42,713: -PUB [/gnss_status] /gnss_node http://10.0.0.166:36126/
[rosmaster.master][INFO] 2019-06-06 08:55:42,714: -SERVICE [/gnss_node/get_loggers] /gnss_node rosrpc://10.0.0.166:32914
[rosmaster.master][INFO] 2019-06-06 08:55:42,714: -SERVICE [/gnss_node/set_logger_level] /gnss_node rosrpc://10.0.0.166:32914
[rosmaster.master][INFO] 2019-06-06 08:55:42,776: publisherUpdate[/rosout] -> http://10.0.0.166:37391/ []
[rosmaster.master][INFO] 2019-06-06 08:55:42,778: publisherUpdate[/rosout] -> http://10.0.0.166:37391/ []: sec=0.00, result=[1, '', 0]
[rosmaster.master][INFO] 2019-06-06 08:55:58,334: -PUB [/rosout_agg] /rosout http://10.0.0.166:37391/
[rosmaster.master][INFO] 2019-06-06 08:55:58,338: -SUB [/rosout] /rosout http://10.0.0.166:37391/
[rosmaster.master][INFO] 2019-06-06 08:55:58,341: -SERVICE [/rosout/get_loggers] /rosout rosrpc://10.0.0.166:45030
[rosmaster.master][INFO] 2019-06-06 08:55:58,344: -SERVICE [/rosout/set_logger_level] /rosout rosrpc://10.0.0.166:45030
[rosmaster.main][INFO] 2019-06-06 08:55:58,471: keyboard interrupt, will exit
[rosmaster.main][INFO] 2019-06-06 08:55:58,472: stopping master...
[rospy.core][INFO] 2019-06-06 08:55:58,472: signal_shutdown [atexit]
