[rosmaster.main][INFO] 2019-06-02 16:18:59,227: initialization complete, waiting for shutdown
[rosmaster.main][INFO] 2019-06-02 16:18:59,228: Starting ROS Master Node
[xmlrpc][INFO] 2019-06-02 16:18:59,230: XML-RPC server binding to 0.0.0.0:11311
[xmlrpc][INFO] 2019-06-02 16:18:59,231: Started XML-RPC server [http://10.0.0.166:11311/]
[rosmaster.master][INFO] 2019-06-02 16:18:59,231: Master initialized: port[11311], uri[http://10.0.0.166:11311/]
[xmlrpc][INFO] 2019-06-02 16:18:59,231: xml rpc node: starting XML-RPC server
[rosmaster.master][INFO] 2019-06-02 16:18:59,310: +PARAM [/run_id] by /roslaunch
[rosmaster.master][INFO] 2019-06-02 16:18:59,314: +PARAM [/roslaunch/uris/host_10_0_0_166__36172] by /roslaunch
[rosmaster.master][INFO] 2019-06-02 16:18:59,856: +PARAM [/STM2-CFG35/msgClass] by /roslaunch
[rosmaster.master][INFO] 2019-06-02 16:18:59,857: +PARAM [/STM2-CFG32/desc] by /roslaunch
[rosmaster.master][INFO] 2019-06-02 16:18:59,858: +SERVICE [/rosout/get_loggers] /rosout http://10.0.0.166:36743/
[rosmaster.master][INFO] 2019-06-02 16:18:59,859: +PARAM [/STM2-CFG07/class] by /roslaunch
[rosmaster.master][INFO] 2019-06-02 16:18:59,860: +PARAM [/STM2-CFG07/desc] by /roslaunch
[rosmaster.master][INFO] 2019-06-02 16:18:59,861: +PARAM [/STM2-CFG03/id] by /roslaunch
[rosmaster.master][INFO] 2019-06-02 16:18:59,861: +PARAM [/STM2-CFG30/class] by /roslaunch
[rosmaster.master][INFO] 2019-06-02 16:18:59,863: +SERVICE [/rosout/set_logger_level] /rosout http://10.0.0.166:36743/
[rosmaster.master][INFO] 2019-06-02 16:18:59,863: +PARAM [/STM2-CFG32/msgClass] by /roslaunch
[rosmaster.master][INFO] 2019-06-02 16:18:59,866: +PARAM [/STM2-CFG34/ioPorts] by /roslaunch
[rosmaster.master][INFO] 2019-06-02 16:18:59,867: +PARAM [/STM2-CFG37/ioPorts] by /roslaunch
[rosmaster.master][INFO] 2019-06-02 16:18:59,867: +PARAM [/STM2-CFG33/ioPorts] by /roslaunch
[rosmaster.master][INFO] 2019-06-02 16:18:59,868: +PARAM [/STM2/retry] by /roslaunch
[rosmaster.master][INFO] 2019-06-02 16:18:59,869: +PUB [/rosout_agg] /rosout http://10.0.0.166:36743/
[rosmaster.master][INFO] 2019-06-02 16:18:59,870: +PARAM [/STM2-CFG31/id] by /roslaunch
[rosmaster.master][INFO] 2019-06-02 16:18:59,871: +PARAM [/STM2-CFG38/ioPorts] by /roslaunch
[rosmaster.master][INFO] 2019-06-02 16:18:59,871: +PARAM [/STM2-CFG30/msgId] by /roslaunch
[rosmaster.master][INFO] 2019-06-02 16:18:59,873: +PARAM [/STM2-CFG62/id] by /roslaunch
[rosmaster.master][INFO] 2019-06-02 16:18:59,874: +PARAM [/STM2-CFG62/desc] by /roslaunch
[rosmaster.master][INFO] 2019-06-02 16:18:59,876: +PARAM [/STM2-CFG42/ioPorts] by /roslaunch
[rosmaster.master][INFO] 2019-06-02 16:18:59,878: +PARAM [/STM2-CFG04/ioPorts] by /roslaunch
[rosmaster.master][INFO] 2019-06-02 16:18:59,878: +PARAM [/STM2-CFG39/id] by /roslaunch
[rosmaster.master][INFO] 2019-06-02 16:18:59,881: +PARAM [/STM2-CFG32/msgId] by /roslaunch
[rosmaster.master][INFO] 2019-06-02 16:18:59,881: +PARAM [/STM2-CFG40/msgId] by /roslaunch
[rosmaster.master][INFO] 2019-06-02 16:18:59,882: +PARAM [/STM2-CFG41/id] by /roslaunch
[rosmaster.master][INFO] 2019-06-02 16:18:59,883: +PARAM [/STM2-CFG30/ioPorts] by /roslaunch
[rosmaster.master][INFO] 2019-06-02 16:18:59,884: +PARAM [/STM2-CFG61/class] by /roslaunch
[rosmaster.master][INFO] 2019-06-02 16:18:59,885: +PARAM [/STM2-CFG33/msgClass] by /roslaunch
[rosmaster.master][INFO] 2019-06-02 16:18:59,886: +PARAM [/STM2-CFG61/msgId] by /roslaunch
[rosmaster.master][INFO] 2019-06-02 16:18:59,888: +PARAM [/STM2/QUEUE2/name] by /roslaunch
[rosmaster.master][INFO] 2019-06-02 16:18:59,888: +PARAM [/STM2-CFG37/id] by /roslaunch
[rosmaster.master][INFO] 2019-06-02 16:18:59,889: +PARAM [/STM2/QUEUE2/rw] by /roslaunch
[rosmaster.master][INFO] 2019-06-02 16:18:59,891: +SUB [/rosout] /rosout http://10.0.0.166:36743/
[rosmaster.master][INFO] 2019-06-02 16:18:59,891: +PARAM [/STM2-CFG04/id] by /roslaunch
[rosmaster.master][INFO] 2019-06-02 16:18:59,892: +PARAM [/STM1/port] by /roslaunch
[rosmaster.master][INFO] 2019-06-02 16:18:59,893: +PARAM [/STM2-CFG03/class] by /roslaunch
[rosmaster.master][INFO] 2019-06-02 16:18:59,893: +PARAM [/STM2-CFG41/msgClass] by /roslaunch
[rosmaster.master][INFO] 2019-06-02 16:18:59,893: +PARAM [/STM2-CFG35/class] by /roslaunch
[rosmaster.master][INFO] 2019-06-02 16:18:59,894: +PARAM [/STM2-CFG40/class] by /roslaunch
[rosmaster.master][INFO] 2019-06-02 16:18:59,894: +PARAM [/STM2-CFG34/id] by /roslaunch
[rosmaster.master][INFO] 2019-06-02 16:18:59,894: +PARAM [/STM1/desc] by /roslaunch
[rosmaster.master][INFO] 2019-06-02 16:18:59,895: +PARAM [/STM2-CFG60/ioPorts] by /roslaunch
[rosmaster.master][INFO] 2019-06-02 16:18:59,895: +PARAM [/STM1/QUEUE1/rw] by /roslaunch
[rosmaster.master][INFO] 2019-06-02 16:18:59,895: +PARAM [/STM2-CFG05/desc] by /roslaunch
[rosmaster.master][INFO] 2019-06-02 16:18:59,896: +PARAM [/STM2-CFG06/class] by /roslaunch
[rosmaster.master][INFO] 2019-06-02 16:18:59,896: +PARAM [/STM2-CFG81/prot_in] by /roslaunch
[rosmaster.master][INFO] 2019-06-02 16:18:59,896: +PARAM [/STM2-CFG81/prot_out] by /roslaunch
[rosmaster.master][INFO] 2019-06-02 16:18:59,897: +PARAM [/STM2-CFG03/msgId] by /roslaunch
[rosmaster.master][INFO] 2019-06-02 16:18:59,897: +PARAM [/STM4/listener] by /roslaunch
[rosmaster.master][INFO] 2019-06-02 16:18:59,897: +PARAM [/STM2-CFG38/id] by /roslaunch
[rosmaster.master][INFO] 2019-06-02 16:18:59,898: +PARAM [/STM2-CFG63/ioPorts] by /roslaunch
[rosmaster.master][INFO] 2019-06-02 16:18:59,898: +PARAM [/STM2-CFG60/id] by /roslaunch
[rosmaster.master][INFO] 2019-06-02 16:18:59,898: +PARAM [/STM2/QUEUE2/type] by /roslaunch
[rosmaster.master][INFO] 2019-06-02 16:18:59,899: +PARAM [/STM2-CFG08/class] by /roslaunch
[rosmaster.master][INFO] 2019-06-02 16:18:59,899: +PARAM [/STM2-CFG40/ioPorts] by /roslaunch
[rosmaster.master][INFO] 2019-06-02 16:18:59,899: +PARAM [/STM2-CFG30/desc] by /roslaunch
[rosmaster.master][INFO] 2019-06-02 16:18:59,899: +PARAM [/STM2-CFG07/msgId] by /roslaunch
[rosmaster.master][INFO] 2019-06-02 16:18:59,900: +PARAM [/STM2-CFG63/desc] by /roslaunch
[rosmaster.master][INFO] 2019-06-02 16:18:59,900: +PARAM [/STM2-CFG41/msgId] by /roslaunch
[rosmaster.master][INFO] 2019-06-02 16:18:59,900: +PARAM [/STM2-CFG04/msgClass] by /roslaunch
[rosmaster.master][INFO] 2019-06-02 16:18:59,901: +PARAM [/STM2-CFG35/desc] by /roslaunch
[rosmaster.master][INFO] 2019-06-02 16:18:59,901: +PARAM [/STM2-CFG36/class] by /roslaunch
[rosmaster.master][INFO] 2019-06-02 16:18:59,901: +PARAM [/STM4/port] by /roslaunch
[rosmaster.master][INFO] 2019-06-02 16:18:59,901: +PARAM [/STM2-CFG06/msgId] by /roslaunch
[rosmaster.master][INFO] 2019-06-02 16:18:59,902: +PARAM [/rosdistro] by /roslaunch
[rosmaster.master][INFO] 2019-06-02 16:18:59,902: +PARAM [/STM2-CFG41/desc] by /roslaunch
[rosmaster.master][INFO] 2019-06-02 16:18:59,902: +PARAM [/STM2-CFG63/id] by /roslaunch
[rosmaster.master][INFO] 2019-06-02 16:18:59,903: +PARAM [/STM2-CFG39/msgClass] by /roslaunch
[rosmaster.master][INFO] 2019-06-02 16:18:59,903: +PARAM [/STM2-CFG08/msgId] by /roslaunch
[rosmaster.master][INFO] 2019-06-02 16:18:59,903: +PARAM [/STM2-CFG42/msgClass] by /roslaunch
[rosmaster.master][INFO] 2019-06-02 16:18:59,903: +PARAM [/STM4/type] by /roslaunch
[rosmaster.master][INFO] 2019-06-02 16:18:59,904: +PARAM [/STM2-CFG39/desc] by /roslaunch
[rosmaster.master][INFO] 2019-06-02 16:18:59,904: +PARAM [/STM2/port] by /roslaunch
[rosmaster.master][INFO] 2019-06-02 16:18:59,904: +PARAM [/STM1/host] by /roslaunch
[rosmaster.master][INFO] 2019-06-02 16:18:59,904: +PARAM [/STM2-CFG31/ioPorts] by /roslaunch
[rosmaster.master][INFO] 2019-06-02 16:18:59,905: +PARAM [/STM2-CFG33/desc] by /roslaunch
[rosmaster.master][INFO] 2019-06-02 16:18:59,905: +PARAM [/STM2-CFG04/desc] by /roslaunch
[rosmaster.master][INFO] 2019-06-02 16:18:59,905: +PARAM [/STM1/QUEUE2/rw] by /roslaunch
[rosmaster.master][INFO] 2019-06-02 16:18:59,906: +PARAM [/STM4/host] by /roslaunch
[rosmaster.master][INFO] 2019-06-02 16:18:59,906: +PARAM [/STM2-CFG41/ioPorts] by /roslaunch
[rosmaster.master][INFO] 2019-06-02 16:18:59,906: +PARAM [/STM2-CFG03/desc] by /roslaunch
[rosmaster.master][INFO] 2019-06-02 16:18:59,906: +PARAM [/STM1/retry] by /roslaunch
[rosmaster.master][INFO] 2019-06-02 16:18:59,907: +PARAM [/STM2/QUEUE1/rw] by /roslaunch
[rosmaster.master][INFO] 2019-06-02 16:18:59,907: +PARAM [/STM2-CFG37/msgId] by /roslaunch
[rosmaster.master][INFO] 2019-06-02 16:18:59,907: +PARAM [/STM2-CFG30/id] by /roslaunch
[rosmaster.master][INFO] 2019-06-02 16:18:59,908: +PARAM [/STM2-CFG60/msgId] by /roslaunch
[rosmaster.master][INFO] 2019-06-02 16:18:59,908: +PARAM [/STM2-CFG07/msgClass] by /roslaunch
[rosmaster.master][INFO] 2019-06-02 16:18:59,908: +PARAM [/STM2-CFG40/id] by /roslaunch
[rosmaster.master][INFO] 2019-06-02 16:18:59,909: +PARAM [/STM2-CFG33/id] by /roslaunch
[rosmaster.master][INFO] 2019-06-02 16:18:59,909: +PARAM [/STM2-CFG38/desc] by /roslaunch
[rosmaster.master][INFO] 2019-06-02 16:18:59,909: +PARAM [/STM2-CFG63/class] by /roslaunch
[rosmaster.master][INFO] 2019-06-02 16:18:59,909: +PARAM [/STM2-CFG32/id] by /roslaunch
[rosmaster.master][INFO] 2019-06-02 16:18:59,910: +PARAM [/STM2-CFG06/id] by /roslaunch
[rosmaster.master][INFO] 2019-06-02 16:18:59,910: +PARAM [/STM2-CFG41/class] by /roslaunch
[rosmaster.master][INFO] 2019-06-02 16:18:59,910: +PARAM [/STM2-CFG06/desc] by /roslaunch
[rosmaster.master][INFO] 2019-06-02 16:18:59,911: +PARAM [/STM2-CFG63/msgId] by /roslaunch
[rosmaster.master][INFO] 2019-06-02 16:18:59,911: +PARAM [/STM2-CFG42/msgId] by /roslaunch
[rosmaster.master][INFO] 2019-06-02 16:18:59,911: +PARAM [/STM2-CFG36/msgId] by /roslaunch
[rosmaster.master][INFO] 2019-06-02 16:18:59,911: +PARAM [/STM2-CFG81/id] by /roslaunch
[rosmaster.master][INFO] 2019-06-02 16:18:59,912: +PARAM [/STM2-CFG35/id] by /roslaunch
[rosmaster.master][INFO] 2019-06-02 16:18:59,912: +PARAM [/STM2/QUEUE1/type] by /roslaunch
[rosmaster.master][INFO] 2019-06-02 16:18:59,912: +PARAM [/STM2-CFG62/msgClass] by /roslaunch
[rosmaster.master][INFO] 2019-06-02 16:18:59,912: +PARAM [/STM2/timeout] by /roslaunch
[rosmaster.master][INFO] 2019-06-02 16:18:59,913: +PARAM [/STM2-CFG05/id] by /roslaunch
[rosmaster.master][INFO] 2019-06-02 16:18:59,913: +PARAM [/STM1/QUEUE1/name] by /roslaunch
[rosmaster.master][INFO] 2019-06-02 16:18:59,913: +PARAM [/STM2-CFG33/msgId] by /roslaunch
[rosmaster.master][INFO] 2019-06-02 16:18:59,914: +PARAM [/STM2-CFG08/ioPorts] by /roslaunch
[rosmaster.master][INFO] 2019-06-02 16:18:59,914: +PARAM [/STM2-CFG62/class] by /roslaunch
[rosmaster.master][INFO] 2019-06-02 16:18:59,914: +PARAM [/STM2-CFG34/class] by /roslaunch
[rosmaster.master][INFO] 2019-06-02 16:18:59,914: +PARAM [/STM2-CFG35/msgId] by /roslaunch
[rosmaster.master][INFO] 2019-06-02 16:18:59,915: +PARAM [/STM2-CFG30/msgClass] by /roslaunch
[rosmaster.master][INFO] 2019-06-02 16:18:59,915: +PARAM [/STM2-CFG34/desc] by /roslaunch
[rosmaster.master][INFO] 2019-06-02 16:18:59,915: +PARAM [/STM2-CFG62/msgId] by /roslaunch
[rosmaster.master][INFO] 2019-06-02 16:18:59,916: +PARAM [/STM2-CFG42/desc] by /roslaunch
[rosmaster.master][INFO] 2019-06-02 16:18:59,916: +PARAM [/STM2-CFG61/id] by /roslaunch
[rosmaster.master][INFO] 2019-06-02 16:18:59,916: +PARAM [/STM4/retry] by /roslaunch
[rosmaster.master][INFO] 2019-06-02 16:18:59,916: +PARAM [/STM2-CFG38/class] by /roslaunch
[rosmaster.master][INFO] 2019-06-02 16:18:59,917: +PARAM [/STM2-CFG81/class] by /roslaunch
[rosmaster.master][INFO] 2019-06-02 16:18:59,917: +PARAM [/STM2/type] by /roslaunch
[rosmaster.master][INFO] 2019-06-02 16:18:59,917: +PARAM [/STM2-CFG31/msgClass] by /roslaunch
[rosmaster.master][INFO] 2019-06-02 16:18:59,918: +PARAM [/STM2-CFG05/ioPorts] by /roslaunch
[rosmaster.master][INFO] 2019-06-02 16:18:59,918: +PARAM [/STM2-CFG31/class] by /roslaunch
[rosmaster.master][INFO] 2019-06-02 16:18:59,918: +PARAM [/STM2-CFG35/ioPorts] by /roslaunch
[rosmaster.master][INFO] 2019-06-02 16:18:59,919: +PARAM [/STM2-CFG36/desc] by /roslaunch
[rosmaster.master][INFO] 2019-06-02 16:18:59,919: +PARAM [/STM2-CFG32/class] by /roslaunch
[rosmaster.master][INFO] 2019-06-02 16:18:59,919: +PARAM [/STM2-CFG61/ioPorts] by /roslaunch
[rosmaster.master][INFO] 2019-06-02 16:18:59,919: +PARAM [/STM2-CFG07/ioPorts] by /roslaunch
[rosmaster.master][INFO] 2019-06-02 16:18:59,920: +PARAM [/STM2/desc] by /roslaunch
[rosmaster.master][INFO] 2019-06-02 16:18:59,920: +PARAM [/STM2-CFG03/ioPorts] by /roslaunch
[rosmaster.master][INFO] 2019-06-02 16:18:59,920: +PARAM [/STM2-CFG37/desc] by /roslaunch
[rosmaster.master][INFO] 2019-06-02 16:18:59,920: +PARAM [/STM1/QUEUE1/type] by /roslaunch
[rosmaster.master][INFO] 2019-06-02 16:18:59,921: +PARAM [/STM2-CFG04/msgId] by /roslaunch
[rosmaster.master][INFO] 2019-06-02 16:18:59,921: +PARAM [/STM2-CFG36/msgClass] by /roslaunch
[rosmaster.master][INFO] 2019-06-02 16:18:59,921: +PARAM [/STM1/QUEUE2/type] by /roslaunch
[rosmaster.master][INFO] 2019-06-02 16:18:59,922: +PARAM [/STM2-CFG40/desc] by /roslaunch
[rosmaster.master][INFO] 2019-06-02 16:18:59,922: +PARAM [/STM1/type] by /roslaunch
[rosmaster.master][INFO] 2019-06-02 16:18:59,922: +PARAM [/STM2-CFG36/ioPorts] by /roslaunch
[rosmaster.master][INFO] 2019-06-02 16:18:59,922: +PARAM [/STM2-CFG40/msgClass] by /roslaunch
[rosmaster.master][INFO] 2019-06-02 16:18:59,923: +PARAM [/STM2-CFG39/msgId] by /roslaunch
[rosmaster.master][INFO] 2019-06-02 16:18:59,923: +PARAM [/STM2-CFG60/msgClass] by /roslaunch
[rosmaster.master][INFO] 2019-06-02 16:18:59,923: +PARAM [/STM4/desc] by /roslaunch
[rosmaster.master][INFO] 2019-06-02 16:18:59,924: +PARAM [/STM2-CFG06/msgClass] by /roslaunch
[rosmaster.master][INFO] 2019-06-02 16:18:59,924: +PARAM [/STM2-CFG36/id] by /roslaunch
[rosmaster.master][INFO] 2019-06-02 16:18:59,924: +PARAM [/STM2-CFG61/msgClass] by /roslaunch
[rosmaster.master][INFO] 2019-06-02 16:18:59,924: +PARAM [/STM2-CFG37/msgClass] by /roslaunch
[rosmaster.master][INFO] 2019-06-02 16:18:59,925: +PARAM [/STM2-CFG05/msgId] by /roslaunch
[rosmaster.master][INFO] 2019-06-02 16:18:59,925: +PARAM [/STM2-CFG08/id] by /roslaunch
[rosmaster.master][INFO] 2019-06-02 16:18:59,925: +PARAM [/STM2-CFG81/rate] by /roslaunch
[rosmaster.master][INFO] 2019-06-02 16:18:59,926: +PARAM [/STM2-CFG38/msgClass] by /roslaunch
[rosmaster.master][INFO] 2019-06-02 16:18:59,926: +PARAM [/STM2-CFG34/msgId] by /roslaunch
[rosmaster.master][INFO] 2019-06-02 16:18:59,926: +PARAM [/STM2-CFG39/class] by /roslaunch
[rosmaster.master][INFO] 2019-06-02 16:18:59,926: +PARAM [/STM2-CFG38/msgId] by /roslaunch
[rosmaster.master][INFO] 2019-06-02 16:18:59,927: +PARAM [/STM2-CFG62/ioPorts] by /roslaunch
[rosmaster.master][INFO] 2019-06-02 16:18:59,927: +PARAM [/STM2-CFG42/id] by /roslaunch
[rosmaster.master][INFO] 2019-06-02 16:18:59,927: +PARAM [/STM2-CFG05/msgClass] by /roslaunch
[rosmaster.master][INFO] 2019-06-02 16:18:59,927: +PARAM [/STM2-CFG31/desc] by /roslaunch
[rosmaster.master][INFO] 2019-06-02 16:18:59,928: +PARAM [/STM2-CFG32/ioPorts] by /roslaunch
[rosmaster.master][INFO] 2019-06-02 16:18:59,928: +PARAM [/STM2-CFG04/class] by /roslaunch
[rosmaster.master][INFO] 2019-06-02 16:18:59,928: +PARAM [/STM2/QUEUE1/name] by /roslaunch
[rosmaster.master][INFO] 2019-06-02 16:18:59,929: +PARAM [/STM2-CFG63/msgClass] by /roslaunch
[rosmaster.master][INFO] 2019-06-02 16:18:59,929: +PARAM [/STM2-CFG03/msgClass] by /roslaunch
[rosmaster.master][INFO] 2019-06-02 16:18:59,929: +PARAM [/STM2-CFG08/desc] by /roslaunch
[rosmaster.master][INFO] 2019-06-02 16:18:59,929: +PARAM [/STM2-CFG60/class] by /roslaunch
[rosmaster.master][INFO] 2019-06-02 16:18:59,930: +PARAM [/STM2-CFG34/msgClass] by /roslaunch
[rosmaster.master][INFO] 2019-06-02 16:18:59,930: +PARAM [/rosversion] by /roslaunch
[rosmaster.master][INFO] 2019-06-02 16:18:59,930: +PARAM [/STM2-CFG07/id] by /roslaunch
[rosmaster.master][INFO] 2019-06-02 16:18:59,931: +PARAM [/STM2-CFG37/class] by /roslaunch
[rosmaster.master][INFO] 2019-06-02 16:18:59,931: +PARAM [/STM2-CFG61/desc] by /roslaunch
[rosmaster.master][INFO] 2019-06-02 16:18:59,931: +PARAM [/STM2-CFG60/desc] by /roslaunch
[rosmaster.master][INFO] 2019-06-02 16:18:59,931: +PARAM [/STM2-CFG81/desc] by /roslaunch
[rosmaster.master][INFO] 2019-06-02 16:18:59,932: +PARAM [/STM2-CFG05/class] by /roslaunch
[rosmaster.master][INFO] 2019-06-02 16:18:59,932: +PARAM [/STM1/QUEUE2/name] by /roslaunch
[rosmaster.master][INFO] 2019-06-02 16:18:59,932: +PARAM [/STM2-CFG08/msgClass] by /roslaunch
[rosmaster.master][INFO] 2019-06-02 16:18:59,933: +PARAM [/STM2-CFG31/msgId] by /roslaunch
[rosmaster.master][INFO] 2019-06-02 16:18:59,933: +PARAM [/STM2-CFG39/ioPorts] by /roslaunch
[rosmaster.master][INFO] 2019-06-02 16:18:59,933: +PARAM [/STM2-CFG06/ioPorts] by /roslaunch
[rosmaster.master][INFO] 2019-06-02 16:18:59,933: +PARAM [/STM2-CFG42/class] by /roslaunch
[rosmaster.master][INFO] 2019-06-02 16:18:59,934: +PARAM [/STM2-CFG33/class] by /roslaunch
[rosmaster.master][INFO] 2019-06-02 16:18:59,934: +PARAM [/STM2/baudrate] by /roslaunch
[rosmaster.master][INFO] 2019-06-02 16:19:06,414: -PUB [/rosout_agg] /rosout http://10.0.0.166:36743/
[rosmaster.master][INFO] 2019-06-02 16:19:06,417: -SUB [/rosout] /rosout http://10.0.0.166:36743/
[rosmaster.master][INFO] 2019-06-02 16:19:06,420: -SERVICE [/rosout/get_loggers] /rosout rosrpc://10.0.0.166:48659
[rosmaster.master][INFO] 2019-06-02 16:19:06,423: -SERVICE [/rosout/set_logger_level] /rosout rosrpc://10.0.0.166:48659
[rosmaster.main][INFO] 2019-06-02 16:19:06,542: keyboard interrupt, will exit
[rosmaster.main][INFO] 2019-06-02 16:19:06,543: stopping master...
[rospy.core][INFO] 2019-06-02 16:19:06,543: signal_shutdown [atexit]
