[INFO] [1559355945.600436]: Serial connected: /dev/c94-m8p
Transmitting
06 01
[INFO] [1559355945.627210]: Sent Disable U-blox RTCM 1005
Transmitting
06 01
[INFO] [1559355945.637516]: Sent Enable U-blox NAV-SOL
Transmitting
06 01
[INFO] [1559355945.652070]: Sent Enable U-blox NAV-PVT
Transmitting
06 01
[INFO] [1559355945.658055]: Sent Enable U-blox NAV-DOP
Transmitting
06 01
[INFO] [1559355945.664249]: Sent Enable U-blox NAV-STATUS
Transmitting
06 01
[INFO] [1559355945.671046]: Sent Enable U-blox NAV-SVIN
Transmitting
06 01
[INFO] [1559355945.677851]: Sent Enable GGA
Transmitting
06 01
[INFO] [1559355945.685882]: Sent Disable GLL
Transmitting
06 01
[INFO] [1559355945.692564]: Sent Disable GSA
Transmitting
06 01
[INFO] [1559355945.699275]: Sent Disable GSV
Transmitting
06 01
[INFO] [1559355945.705592]: Sent Disable RMC
Transmitting
06 01
[INFO] [1559355945.712389]: Sent Disable VTG
Transmitting
06 01
[INFO] [1559355945.719222]: Sent Disable DTM
Transmitting
06 01
[INFO] [1559355945.726510]: Sent Disable GNS
Transmitting
06 01
[INFO] [1559355945.733886]: Sent Disable GRS
Transmitting
06 01
[INFO] [1559355945.740953]: Sent Disable GST
Transmitting
06 01
[INFO] [1559355945.748100]: Sent Disable ZDA
Transmitting
06 01
[INFO] [1559355945.755630]: Sent Disable GBS
Transmitting
06 01
[INFO] [1559355945.762768]: Sent Disable VLW
Transmitting
06 01
[INFO] [1559355945.770259]: Sent F5-05 RTCM 1005
Transmitting
06 01
[INFO] [1559355945.777606]: Sent F5-4D RTCM 1077
Transmitting
06 01
[INFO] [1559355945.784970]: Sent F5-57 RTCM 1087
Transmitting
06 01
[INFO] [1559355945.799474]: Sent F5-E6 RTCM 1230
Transmitting
06 00
[INFO] [1559355945.806910]: Sent UBX-CFG-PRT
[INFO] [1559355945.812047]: Payload missing
[INFO] [1559355945.816964]: Payload missing
[INFO] [1559355945.822184]: Payload missing
[INFO] [1559355945.827184]: Payload missing
[INFO] [1559355945.832468]: Payload missing
[INFO] [1559355945.837522]: Payload missing
[INFO] [1559355945.843302]: Payload missing
[INFO] [1559355945.847911]: Payload missing
[INFO] [1559355945.852764]: Payload missing
[INFO] [1559355945.857718]: Payload missing
[INFO] [1559355945.862441]: Payload missing
[INFO] [1559355945.866909]: Payload missing
[INFO] [1559355945.871672]: Payload missing
[INFO] [1559355945.876773]: Payload missing
[INFO] [1559355945.882509]: Payload missing
[INFO] [1559355945.886941]: Payload missing
[INFO] [1559355945.891365]: Payload missing
[INFO] [1559355945.896233]: Payload missing
[INFO] [1559355945.901034]: Payload missing
[INFO] [1559355945.906449]: Payload missing
[INFO] [1559355945.911350]: Payload missing
[INFO] [1559355945.915815]: Payload missing
[INFO] [1559355945.920881]: Payload missing
[INFO] [1559355945.925809]: Payload missing
[INFO] [1559355945.927959]: 
Class: 0x5  ID: 0x1  Len:2 [0x2]
000: b5 62 05 01 02 00 06 01  0f 38 
[INFO] [1559355945.931488]: 
Class: 0x5  ID: 0x1  Len:2 [0x2]
000: b5 62 05 01 02 00 06 01  0f 38 
[INFO] [1559355945.934885]: 
Class: 0x5  ID: 0x1  Len:2 [0x2]
000: b5 62 05 01 02 00 06 01  0f 38 
[INFO] [1559355945.938171]: 
Class: 0x5  ID: 0x1  Len:2 [0x2]
000: b5 62 05 01 02 00 06 01  0f 38 
[INFO] [1559355945.941467]: 
Class: 0x5  ID: 0x1  Len:2 [0x2]
000: b5 62 05 01 02 00 06 01  0f 38 
[INFO] [1559355945.944742]: 
Class: 0x5  ID: 0x1  Len:2 [0x2]
000: b5 62 05 01 02 00 06 01  0f 38 
[INFO] [1559355945.948087]: 
Class: 0x5  ID: 0x1  Len:2 [0x2]
000: b5 62 05 01 02 00 06 01  0f 38 
[INFO] [1559355945.951294]: 
Class: 0x5  ID: 0x1  Len:2 [0x2]
000: b5 62 05 01 02 00 06 01  0f 38 
[INFO] [1559355945.954627]: 
Class: 0x5  ID: 0x1  Len:2 [0x2]
000: b5 62 05 01 02 00 06 01  0f 38 
[INFO] [1559355945.957869]: 
Class: 0x5  ID: 0x1  Len:2 [0x2]
000: b5 62 05 01 02 00 06 01  0f 38 
[INFO] [1559355945.961157]: 
Class: 0x5  ID: 0x1  Len:2 [0x2]
000: b5 62 05 01 02 00 06 01  0f 38 
[INFO] [1559355945.964500]: 
Class: 0x5  ID: 0x1  Len:2 [0x2]
000: b5 62 05 01 02 00 06 01  0f 38 
[INFO] [1559355945.967755]: 
Class: 0x5  ID: 0x1  Len:2 [0x2]
000: b5 62 05 01 02 00 06 01  0f 38 
[INFO] [1559355945.971148]: 
Class: 0x5  ID: 0x1  Len:2 [0x2]
000: b5 62 05 01 02 00 06 01  0f 38 
[INFO] [1559355945.974430]: 
Class: 0x5  ID: 0x1  Len:2 [0x2]
000: b5 62 05 01 02 00 06 01  0f 38 
[INFO] [1559355945.978223]: 
Class: 0x5  ID: 0x1  Len:2 [0x2]
000: b5 62 05 01 02 00 06 01  0f 38 
[INFO] [1559355945.981588]: 
Class: 0x5  ID: 0x1  Len:2 [0x2]
000: b5 62 05 01 02 00 06 01  0f 38 
[INFO] [1559355945.985343]: 
Class: 0x5  ID: 0x1  Len:2 [0x2]
000: b5 62 05 01 02 00 06 01  0f 38 
[INFO] [1559355945.988863]: 
Class: 0x5  ID: 0x1  Len:2 [0x2]
000: b5 62 05 01 02 00 06 01  0f 38 
[INFO] [1559355945.992422]: 
Class: 0x5  ID: 0x1  Len:2 [0x2]
000: b5 62 05 01 02 00 06 01  0f 38 
[INFO] [1559355945.995867]: 
Class: 0x5  ID: 0x1  Len:2 [0x2]
000: b5 62 05 01 02 00 06 01  0f 38 
[INFO] [1559355945.999393]: 
Class: 0x5  ID: 0x1  Len:2 [0x2]
000: b5 62 05 01 02 00 06 01  0f 38 
[INFO] [1559355946.003065]: 
Class: 0x5  ID: 0x1  Len:2 [0x2]
000: b5 62 05 01 02 00 06 01  0f 38 
[INFO] [1559355946.006578]: 
Class: 0x5  ID: 0x1  Len:2 [0x2]
000: b5 62 05 01 02 00 06 00  0e 37 
[INFO] [1559355946.077342]: 
Class: 0x1  ID: 0x6  Len:52 [0x34]
000: b5 62 01 06 34 00 60 e2  6b 1f 68 2c ff ff 07 08 
010: 03 dd a9 b8 9d ef 52 68  89 e7 78 12 f8 17 6a 06 
020: 00 00 03 00 00 00 01 00  00 00 f9 ff ff ff 37 00 
030: 00 00 c8 00 02 09 12 19  b6 03 90 63 
[INFO] [1559355946.087618]: 
Class: 0x1  ID: 0x7  Len:92 [0x5c]
000: b5 62 01 07 5c 00 60 e2  6b 1f e3 07 06 01 02 19 
010: 2e 37 1d 00 00 00 68 2c  ff ff 03 01 ea 09 e1 d8 
020: 33 b6 9a 5d 72 17 90 19  00 00 97 8b 00 00 fb 21 
030: 00 00 67 36 00 00 d8 ff  ff ff 12 00 00 00 3e 00 
040: 00 00 2c 00 00 00 5d 8b  db 00 26 02 00 00 fe 38 
050: 46 00 c8 00 00 00 12 19  26 3b 00 00 00 00 00 00 
060: 00 00 f9 21 
[INFO] [1559355946.091912]: 
Class: 0x1  ID: 0x3  Len:16 [0x10]
000: b5 62 01 03 10 00 60 e2  6b 1f 03 dd 00 08 7e c7 
010: 02 00 09 76 53 02 e3 9e 
[INFO] [1559355946.096440]: 
Class: 0x1  ID: 0x4  Len:18 [0x12]
000: b5 62 01 04 12 00 60 e2  6b 1f ea 00 c8 00 79 00 
010: a4 00 73 00 55 00 4d 00  c7 bb 
[INFO] [1559355946.102716]: 
Class: 0x1  ID: 0x3b  Len:40 [0x28]
000: b5 62 01 3b 28 00 00 00  00 00 60 e2 6b 1f 00 00 
010: 00 00 00 00 00 00 00 00  00 00 00 00 00 00 00 00 
020: 00 00 00 00 00 00 00 00  00 00 00 00 00 00 30 40 
[INFO] [1559355947.063492]: 
Class: 0x1  ID: 0x6  Len:52 [0x34]
000: b5 62 01 06 34 00 48 e6  6b 1f 07 2d ff ff 07 08 
010: 03 dd 77 b8 9d ef 31 68  89 e7 8a 12 f8 17 54 06 
020: 00 00 01 00 00 00 01 00  00 00 02 00 00 00 32 00 
030: 00 00 c6 00 02 0a 12 19  b6 03 c9 f5 
[INFO] [1559355947.074083]: 
Class: 0x1  ID: 0x7  Len:92 [0x5c]
000: b5 62 01 07 5c 00 48 e6  6b 1f e3 07 06 01 02 19 
010: 2f 37 1d 00 00 00 07 2d  ff ff 03 01 ea 0a c5 d8 
020: 33 b6 87 5d 72 17 b7 1b  00 00 bf 8d 00 00 61 21 
030: 00 00 c2 35 00 00 18 00  00 00 04 00 00 00 01 00 
040: 00 00 18 00 00 00 5d 8b  db 00 f2 01 00 00 02 4c 
050: 46 00 c6 00 00 00 12 19  26 3b 00 00 00 00 00 00 
060: 00 00 30 23 
[INFO] [1559355947.078658]: 
Class: 0x1  ID: 0x3  Len:16 [0x10]
000: b5 62 01 03 10 00 48 e6  6b 1f 03 dd 00 08 7e c7 
010: 02 00 f1 79 53 02 ba 03 
[INFO] [1559355947.083113]: 
Class: 0x1  ID: 0x4  Len:18 [0x12]
000: b5 62 01 04 12 00 48 e6  6b 1f e8 00 c6 00 79 00 
010: a3 00 70 00 55 00 49 00  a7 f9 
[INFO] [1559355947.089365]: 
Class: 0x1  ID: 0x3b  Len:40 [0x28]
000: b5 62 01 3b 28 00 00 00  00 00 48 e6 6b 1f 00 00 
010: 00 00 00 00 00 00 00 00  00 00 00 00 00 00 00 00 
020: 00 00 00 00 00 00 00 00  00 00 00 00 00 00 1c 6c 
[INFO] [1559355948.071923]: 
Class: 0x1  ID: 0x6  Len:52 [0x34]
000: b5 62 01 06 34 00 30 ea  6b 1f a7 2d ff ff 07 08 
010: 03 dd 50 b8 9d ef 1e 68  89 e7 8f 12 f8 17 3e 06 
020: 00 00 00 00 00 00 fe ff  ff ff 00 00 00 00 34 00 
030: 00 00 c6 00 02 0a 12 19  b6 03 03 c3 
[INFO] [1559355948.081875]: 
Class: 0x1  ID: 0x7  Len:92 [0x5c]
000: b5 62 01 07 5c 00 30 ea  6b 1f e3 07 06 01 02 19 
010: 30 37 1c 00 00 00 a7 2d  ff ff 03 01 ea 0a ac d8 
020: 33 b6 75 5d 72 17 f4 1c  00 00 fc 8e 00 00 cf 20 
030: 00 00 15 35 00 00 f9 ff  ff ff 05 00 00 00 f2 ff 
040: ff ff 08 00 00 00 5d 8b  db 00 0c 02 00 00 fa 5f 
050: 46 00 c6 00 00 00 12 19  26 3b 00 00 00 00 00 00 
060: 00 00 b0 3c 
[INFO] [1559355948.086073]: 
Class: 0x1  ID: 0x3  Len:16 [0x10]
000: b5 62 01 03 10 00 30 ea  6b 1f 03 dd 00 08 7e c7 
010: 02 00 d9 7d 53 02 92 6b 
[INFO] [1559355948.090296]: 
Class: 0x1  ID: 0x4  Len:18 [0x12]
000: b5 62 01 04 12 00 30 ea  6b 1f e8 00 c6 00 79 00 
010: a3 00 70 00 55 00 49 00  93 8d 
[INFO] [1559355948.096592]: 
Class: 0x1  ID: 0x3b  Len:40 [0x28]
000: b5 62 01 3b 28 00 00 00  00 00 30 ea 6b 1f 00 00 
010: 00 00 00 00 00 00 00 00  00 00 00 00 00 00 00 00 
020: 00 00 00 00 00 00 00 00  00 00 00 00 00 00 08 98 
[INFO] [1559355949.072072]: 
Class: 0x1  ID: 0x6  Len:52 [0x34]
000: b5 62 01 06 34 00 18 ee  6b 1f 47 2e ff ff 07 08 
010: 03 dd 26 b8 9d ef 09 68  89 e7 a8 12 f8 17 24 06 
020: 00 00 fb ff ff ff fd ff  ff ff 04 00 00 00 37 00 
030: 00 00 c6 00 02 0a 12 19  b6 03 4e 38 
[INFO] [1559355949.082436]: 
Class: 0x1  ID: 0x7  Len:92 [0x5c]
000: b5 62 01 07 5c 00 18 ee  6b 1f e3 07 06 01 02 19 
010: 31 37 1c 00 00 00 47 2e  ff ff 03 01 ea 0a 91 d8 
020: 33 b6 70 5d 72 17 cc 1e  00 00 d3 90 00 00 3e 20 
030: 00 00 41 34 00 00 00 00  00 00 e8 ff ff ff bf ff 
040: ff ff 18 00 00 00 5d 8b  db 00 24 02 00 00 e0 74 
050: 46 00 c6 00 00 00 12 19  26 3b 00 00 00 00 00 00 
060: 00 00 45 35 
[INFO] [1559355949.086750]: 
Class: 0x1  ID: 0x3  Len:16 [0x10]
000: b5 62 01 03 10 00 18 ee  6b 1f 03 dd 00 08 7e c7 
010: 02 00 c1 81 53 02 6a d3 
[INFO] [1559355949.090905]: 
Class: 0x1  ID: 0x4  Len:18 [0x12]
000: b5 62 01 04 12 00 18 ee  6b 1f e8 00 c6 00 79 00 
010: a3 00 70 00 55 00 49 00  7f 21 
[INFO] [1559355949.097419]: 
Class: 0x1  ID: 0x3b  Len:40 [0x28]
000: b5 62 01 3b 28 00 00 00  00 00 18 ee 6b 1f 00 00 
010: 00 00 00 00 00 00 00 00  00 00 00 00 00 00 00 00 
020: 00 00 00 00 00 00 00 00  00 00 00 00 00 00 f4 c4 
[INFO] [1559355950.074597]: 
Class: 0x1  ID: 0x6  Len:52 [0x34]
000: b5 62 01 06 34 00 00 f2  6b 1f e6 2e ff ff 07 08 
010: 03 dd fa b7 9d ef ee 67  89 e7 c1 12 f8 17 0c 06 
020: 00 00 01 00 00 00 f8 ff  ff ff 04 00 00 00 2f 00 
030: 00 00 c6 00 02 0a 12 19  b6 03 8d 8c 
[INFO] [1559355950.084660]: 
Class: 0x1  ID: 0x7  Len:92 [0x5c]
000: b5 62 01 07 5c 00 00 f2  6b 1f e3 07 06 01 02 19 
010: 32 37 1b 00 00 00 e7 2e  ff ff 03 01 ea 0a 78 d8 
020: 33 b6 67 5d 72 17 d6 20  00 00 de 92 00 00 b7 1f 
030: 00 00 7d 33 00 00 f7 ff  ff ff 30 00 00 00 ba ff 
040: ff ff 31 00 00 00 5d 8b  db 00 d8 01 00 00 da 86 
050: 46 00 c6 00 00 00 12 19  26 3b 00 00 00 00 00 00 
060: 00 00 8d 70 
[INFO] [1559355950.089243]: 
Class: 0x1  ID: 0x3  Len:16 [0x10]
000: b5 62 01 03 10 00 00 f2  6b 1f 03 dd 00 08 7e c7 
010: 02 00 a9 85 53 02 42 3b 
[INFO] [1559355950.093851]: 
Class: 0x1  ID: 0x4  Len:18 [0x12]
000: b5 62 01 04 12 00 00 f2  6b 1f e8 00 c6 00 79 00 
010: a3 00 70 00 55 00 49 00  6b b5 
[INFO] [1559355950.100147]: 
Class: 0x1  ID: 0x3b  Len:40 [0x28]
000: b5 62 01 3b 28 00 00 00  00 00 00 f2 6b 1f 00 00 
010: 00 00 00 00 00 00 00 00  00 00 00 00 00 00 00 00 
020: 00 00 00 00 00 00 00 00  00 00 00 00 00 00 e0 f0 
[INFO] [1559355951.074236]: 
Class: 0x1  ID: 0x6  Len:52 [0x34]
000: b5 62 01 06 34 00 e8 f5  6b 1f 87 2f ff ff 07 08 
010: 03 dd e4 b7 9d ef e6 67  89 e7 c8 12 f8 17 f6 05 
020: 00 00 fd ff ff ff fb ff  ff ff 01 00 00 00 33 00 
030: 00 00 c6 00 02 0a 12 19  b6 03 e9 0b 
[INFO] [1559355951.090181]: 
Class: 0x1  ID: 0x7  Len:92 [0x5c]
000: b5 62 01 07 5c 00 e8 f5  6b 1f e3 07 06 01 02 19 
010: 33 37 1b 00 00 00 87 2f  ff ff 03 01 ea 0a 68 d8 
020: 33 b6 61 5d 72 17 91 21  00 00 99 93 00 00 3a 1f 
030: 00 00 c5 32 00 00 de ff  ff ff 02 00 00 00 c8 ff 
040: ff ff 22 00 00 00 5d 8b  db 00 00 02 00 00 4f 9a 
050: 46 00 c6 00 00 00 12 19  26 3b 00 00 00 00 00 00 
060: 00 00 b0 6c 
[INFO] [1559355951.094207]: 
Class: 0x1  ID: 0x3  Len:16 [0x10]
000: b5 62 01 03 10 00 e8 f5  6b 1f 03 dd 00 08 7e c7 
010: 02 00 91 89 53 02 19 94 
[INFO] [1559355951.099224]: 
Class: 0x1  ID: 0x4  Len:18 [0x12]
000: b5 62 01 04 12 00 e8 f5  6b 1f e8 00 c6 00 79 00 
010: a3 00 70 00 55 00 49 00  56 38 
[INFO] [1559355951.105061]: 
Class: 0x1  ID: 0x3b  Len:40 [0x28]
000: b5 62 01 3b 28 00 00 00  00 00 e8 f5 6b 1f 00 00 
010: 00 00 00 00 00 00 00 00  00 00 00 00 00 00 00 00 
020: 00 00 00 00 00 00 00 00  00 00 00 00 00 00 cb f9 
[INFO] [1559355952.077119]: 
Class: 0x1  ID: 0x6  Len:52 [0x34]
000: b5 62 01 06 34 00 d0 f9  6b 1f 27 30 ff ff 07 08 
010: 03 dd d8 b7 9d ef e7 67  89 e7 cb 12 f8 17 e1 05 
020: 00 00 ff ff ff ff ff ff  ff ff 04 00 00 00 39 00 
030: 00 00 c6 00 02 0a 12 19  b6 03 68 76 
[INFO] [1559355952.087904]: 
Class: 0x1  ID: 0x7  Len:92 [0x5c]
000: b5 62 01 07 5c 00 d0 f9  6b 1f e3 07 06 01 02 19 
010: 34 37 1b 00 00 00 28 30  ff ff 03 01 ea 0a 5b d8 
020: 33 b6 5f 5d 72 17 d9 21  00 00 e0 93 00 00 c4 1e 
030: 00 00 16 32 00 00 16 00  00 00 02 00 00 00 df ff 
040: ff ff 16 00 00 00 5d 8b  db 00 3e 02 00 00 1f b0 
050: 46 00 c6 00 00 00 12 19  26 3b 00 00 00 00 00 00 
060: 00 00 03 a6 
[INFO] [1559355952.092253]: 
Class: 0x1  ID: 0x3  Len:16 [0x10]
000: b5 62 01 03 10 00 d0 f9  6b 1f 03 dd 00 08 7e c7 
010: 02 00 79 8d 53 02 f1 fc 
[INFO] [1559355952.096553]: 
Class: 0x1  ID: 0x4  Len:18 [0x12]
000: b5 62 01 04 12 00 d0 f9  6b 1f e8 00 c6 00 79 00 
010: a3 00 70 00 55 00 49 00  42 cc 
[INFO] [1559355952.103032]: 
Class: 0x1  ID: 0x3b  Len:40 [0x28]
000: b5 62 01 3b 28 00 00 00  00 00 d0 f9 6b 1f 00 00 
010: 00 00 00 00 00 00 00 00  00 00 00 00 00 00 00 00 
020: 00 00 00 00 00 00 00 00  00 00 00 00 00 00 b7 25 
[INFO] [1559355953.072658]: 
Class: 0x1  ID: 0x6  Len:52 [0x34]
000: b5 62 01 06 34 00 b8 fd  6b 1f c8 30 ff ff 07 08 
010: 03 dd c8 b7 9d ef dd 67  89 e7 db 12 f8 17 cc 05 
020: 00 00 00 00 00 00 f9 ff  ff ff 05 00 00 00 30 00 
030: 00 00 c6 00 02 0a 12 19  b6 03 cc e4 
[INFO] [1559355953.082382]: 
Class: 0x1  ID: 0x7  Len:92 [0x5c]
000: b5 62 01 07 5c 00 b8 fd  6b 1f e3 07 06 01 02 19 
010: 35 37 1a 00 00 00 c8 30  ff ff 03 01 ea 0a 53 d8 
020: 33 b6 60 5d 72 17 bf 22  00 00 c7 94 00 00 57 1e 
030: 00 00 6a 31 00 00 fd ff  ff ff 2b 00 00 00 b4 ff 
040: ff ff 2b 00 00 00 5d 8b  db 00 e0 01 00 00 59 c2 
050: 46 00 c6 00 00 00 12 19  26 3b 00 00 00 00 00 00 
060: 00 00 21 8c 
[INFO] [1559355953.086424]: 
Class: 0x1  ID: 0x3  Len:16 [0x10]
000: b5 62 01 03 10 00 b8 fd  6b 1f 03 dd 00 08 7e c7 
010: 02 00 61 91 53 02 c9 64 
[INFO] [1559355953.090650]: 
Class: 0x1  ID: 0x4  Len:18 [0x12]
000: b5 62 01 04 12 00 b8 fd  6b 1f e8 00 c6 00 79 00 
010: a3 00 70 00 55 00 49 00  2e 60 
[INFO] [1559355953.098245]: 
Class: 0x1  ID: 0x3b  Len:40 [0x28]
000: b5 62 01 3b 28 00 00 00  00 00 b8 fd 6b 1f 00 00 
010: 00 00 00 00 00 00 00 00  00 00 00 00 00 00 00 00 
020: 00 00 00 00 00 00 00 00  00 00 00 00 00 00 a3 51 
[INFO] [1559355954.077246]: 
Class: 0x1  ID: 0x6  Len:52 [0x34]
000: b5 62 01 06 34 00 a0 01  6c 1f 69 31 ff ff 07 08 
010: 03 dd bd b7 9d ef df 67  89 e7 e2 12 f8 17 b7 05 
020: 00 00 fc ff ff ff 00 00  00 00 01 00 00 00 2e 00 
030: 00 00 c6 00 02 0a 12 19  b6 03 41 4d 
[INFO] [1559355954.087318]: 
Class: 0x1  ID: 0x7  Len:92 [0x5c]
000: b5 62 01 07 5c 00 a0 01  6c 1f e3 07 06 01 02 19 
010: 36 37 1a 00 00 00 69 31  ff ff 03 01 ea 0a 47 d8 
020: 33 b6 62 5d 72 17 0c 23  00 00 13 95 00 00 ef 1d 
030: 00 00 ad 30 00 00 fc ff  ff ff df ff ff ff ea ff 
040: ff ff 21 00 00 00 5d 8b  db 00 ce 01 00 00 da d3 
050: 46 00 c6 00 00 00 12 19  26 3b 00 00 00 00 00 00 
060: 00 00 77 18 
[INFO] [1559355954.091393]: 
Class: 0x1  ID: 0x3  Len:16 [0x10]
000: b5 62 01 03 10 00 a0 01  6c 1f 03 dd 00 08 7e c7 
010: 02 00 49 95 53 02 a2 da 
[INFO] [1559355954.095578]: 
Class: 0x1  ID: 0x4  Len:18 [0x12]
000: b5 62 01 04 12 00 a0 01  6c 1f e8 00 c6 00 79 00 
010: a3 00 70 00 55 00 49 00  1b 04 
[INFO] [1559355954.101641]: 
Class: 0x1  ID: 0x3b  Len:40 [0x28]
000: b5 62 01 3b 28 00 00 00  00 00 a0 01 6c 1f 00 00 
010: 00 00 00 00 00 00 00 00  00 00 00 00 00 00 00 00 
020: 00 00 00 00 00 00 00 00  00 00 00 00 00 00 90 9f 
[INFO] [1559355955.074623]: 
Class: 0x1  ID: 0x6  Len:52 [0x34]
000: b5 62 01 06 34 00 88 05  6c 1f 09 32 ff ff 07 08 
010: 03 dd af b7 9d ef dd 67  89 e7 e6 12 f8 17 a3 05 
020: 00 00 02 00 00 00 00 00  00 00 fd ff ff ff 30 00 
030: 00 00 c6 00 02 0a 12 19  b6 03 b2 c0 
[INFO] [1559355955.084233]: 
Class: 0x1  ID: 0x7  Len:92 [0x5c]
000: b5 62 01 07 5c 00 88 05  6c 1f e3 07 06 01 02 19 
010: 37 37 19 00 00 00 0a 32  ff ff 03 01 ea 0a 3a d8 
020: 33 b6 60 5d 72 17 73 23  00 00 7a 95 00 00 8d 1d 
030: 00 00 fd 2f 00 00 ef ff  ff ff 0f 00 00 00 18 00 
040: 00 00 17 00 00 00 5d 8b  db 00 de 01 00 00 f0 e5 
050: 46 00 c6 00 00 00 12 19  26 3b 00 00 00 00 00 00 
060: 00 00 36 80 
[INFO] [1559355955.088713]: 
Class: 0x1  ID: 0x3  Len:16 [0x10]
000: b5 62 01 03 10 00 88 05  6c 1f 03 dd 00 08 7e c7 
010: 02 00 31 99 53 02 7a 42 
[INFO] [1559355955.092890]: 
Class: 0x1  ID: 0x4  Len:18 [0x12]
000: b5 62 01 04 12 00 88 05  6c 1f e8 00 c6 00 79 00 
010: a3 00 70 00 55 00 49 00  07 98 
[INFO] [1559355955.098742]: 
Class: 0x1  ID: 0x3b  Len:40 [0x28]
000: b5 62 01 3b 28 00 00 00  00 00 88 05 6c 1f 00 00 
010: 00 00 00 00 00 00 00 00  00 00 00 00 00 00 00 00 
020: 00 00 00 00 00 00 00 00  00 00 00 00 00 00 7c cb 
[INFO] [1559355956.076632]: 
Class: 0x1  ID: 0x6  Len:52 [0x34]
000: b5 62 01 06 34 00 70 09  6c 1f aa 32 ff ff 07 08 
010: 03 dd 9f b7 9d ef de 67  89 e7 f1 12 f8 17 8e 05 
020: 00 00 fd ff ff ff 06 00  00 00 fe ff ff ff 27 00 
030: 00 00 c6 00 02 0a 12 19  b6 03 1c f6 
[INFO] [1559355956.092489]: 
Class: 0x1  ID: 0x7  Len:92 [0x5c]
000: b5 62 01 07 5c 00 70 09  6c 1f e3 07 06 01 02 19 
010: 38 37 19 00 00 00 aa 32  ff ff 03 01 ea 0a 2a d8 
020: 33 b6 63 5d 72 17 f0 23  00 00 f8 95 00 00 25 1d 
030: 00 00 4f 2f 00 00 09 00  00 00 c6 ff ff ff 27 00 
040: 00 00 3b 00 00 00 5d 8b  db 00 89 01 00 00 cb f4 
050: 46 00 c6 00 00 00 12 19  26 3b 00 00 00 00 00 00 
060: 00 00 34 b3 
[INFO] [1559355956.096802]: 
Class: 0x1  ID: 0x3  Len:16 [0x10]
000: b5 62 01 03 10 00 70 09  6c 1f 03 dd 00 08 7e c7 
010: 02 00 19 9d 53 02 52 aa 
[INFO] [1559355956.101239]: 
Class: 0x1  ID: 0x4  Len:18 [0x12]
000: b5 62 01 04 12 00 70 09  6c 1f e8 00 c6 00 79 00 
010: a3 00 70 00 55 00 49 00  f3 2c 
[INFO] [1559355956.107645]: 
Class: 0x1  ID: 0x3b  Len:40 [0x28]
000: b5 62 01 3b 28 00 00 00  00 00 70 09 6c 1f 00 00 
010: 00 00 00 00 00 00 00 00  00 00 00 00 00 00 00 00 
020: 00 00 00 00 00 00 00 00  00 00 00 00 00 00 68 f7 
