[rosmaster.main][INFO] 2019-06-04 16:08:03,566: initialization complete, waiting for shutdown
[rosmaster.main][INFO] 2019-06-04 16:08:03,567: Starting ROS Master Node
[xmlrpc][INFO] 2019-06-04 16:08:03,571: XML-RPC server binding to 0.0.0.0:11311
[xmlrpc][INFO] 2019-06-04 16:08:03,573: Started XML-RPC server [http://10.0.0.166:11311/]
[rosmaster.master][INFO] 2019-06-04 16:08:03,575: Master initialized: port[11311], uri[http://10.0.0.166:11311/]
[xmlrpc][INFO] 2019-06-04 16:08:03,575: xml rpc node: starting XML-RPC server
[rosmaster.master][INFO] 2019-06-04 16:08:03,655: +PARAM [/run_id] by /roslaunch
[rosmaster.master][INFO] 2019-06-04 16:08:03,660: +PARAM [/roslaunch/uris/host_10_0_0_166__41082] by /roslaunch
[rosmaster.master][INFO] 2019-06-04 16:08:04,188: +PARAM [/STM2-CFG35/msgClass] by /roslaunch
[rosmaster.master][INFO] 2019-06-04 16:08:04,188: +PARAM [/STM2-CFG32/desc] by /roslaunch
[rosmaster.master][INFO] 2019-06-04 16:08:04,189: +PARAM [/STM2-CFG07/class] by /roslaunch
[rosmaster.master][INFO] 2019-06-04 16:08:04,190: +PARAM [/STM2-CFG07/desc] by /roslaunch
[rosmaster.master][INFO] 2019-06-04 16:08:04,190: +PARAM [/STM2-CFG03/id] by /roslaunch
[rosmaster.master][INFO] 2019-06-04 16:08:04,192: +SERVICE [/rosout/get_loggers] /rosout http://10.0.0.166:36210/
[rosmaster.master][INFO] 2019-06-04 16:08:04,192: +PARAM [/STM2-CFG30/class] by /roslaunch
[rosmaster.master][INFO] 2019-06-04 16:08:04,193: +PARAM [/STM2-CFG32/msgClass] by /roslaunch
[rosmaster.master][INFO] 2019-06-04 16:08:04,194: +PARAM [/STM2-CFG34/ioPorts] by /roslaunch
[rosmaster.master][INFO] 2019-06-04 16:08:04,195: +PARAM [/STM2-CFG37/ioPorts] by /roslaunch
[rosmaster.master][INFO] 2019-06-04 16:08:04,195: +PARAM [/STM2-CFG33/ioPorts] by /roslaunch
[rosmaster.master][INFO] 2019-06-04 16:08:04,196: +SERVICE [/rosout/set_logger_level] /rosout http://10.0.0.166:36210/
[rosmaster.master][INFO] 2019-06-04 16:08:04,197: +PARAM [/STM2/retry] by /roslaunch
[rosmaster.master][INFO] 2019-06-04 16:08:04,198: +PARAM [/STM2-CFG31/id] by /roslaunch
[rosmaster.master][INFO] 2019-06-04 16:08:04,199: +PARAM [/STM2-CFG38/ioPorts] by /roslaunch
[rosmaster.master][INFO] 2019-06-04 16:08:04,202: +PARAM [/STM2-CFG30/msgId] by /roslaunch
[rosmaster.master][INFO] 2019-06-04 16:08:04,203: +PUB [/rosout_agg] /rosout http://10.0.0.166:36210/
[rosmaster.master][INFO] 2019-06-04 16:08:04,204: +PARAM [/STM2-CFG62/id] by /roslaunch
[rosmaster.master][INFO] 2019-06-04 16:08:04,205: +PARAM [/STM2-CFG62/desc] by /roslaunch
[rosmaster.master][INFO] 2019-06-04 16:08:04,207: +PARAM [/STM2-CFG42/ioPorts] by /roslaunch
[rosmaster.master][INFO] 2019-06-04 16:08:04,208: +PARAM [/STM2-CFG04/ioPorts] by /roslaunch
[rosmaster.master][INFO] 2019-06-04 16:08:04,209: +PARAM [/STM2-CFG39/id] by /roslaunch
[rosmaster.master][INFO] 2019-06-04 16:08:04,211: +PARAM [/STM2-CFG32/msgId] by /roslaunch
[rosmaster.master][INFO] 2019-06-04 16:08:04,211: +PARAM [/STM2-CFG40/msgId] by /roslaunch
[rosmaster.master][INFO] 2019-06-04 16:08:04,214: +PARAM [/STM2-CFG41/id] by /roslaunch
[rosmaster.master][INFO] 2019-06-04 16:08:04,214: +PARAM [/STM2-CFG30/ioPorts] by /roslaunch
[rosmaster.master][INFO] 2019-06-04 16:08:04,215: +PARAM [/STM2-CFG61/class] by /roslaunch
[rosmaster.master][INFO] 2019-06-04 16:08:04,217: +PARAM [/STM2-CFG33/msgClass] by /roslaunch
[rosmaster.master][INFO] 2019-06-04 16:08:04,218: +PARAM [/STM2-CFG61/msgId] by /roslaunch
[rosmaster.master][INFO] 2019-06-04 16:08:04,218: +PARAM [/STM2/QUEUE2/name] by /roslaunch
[rosmaster.master][INFO] 2019-06-04 16:08:04,219: +PARAM [/STM2-CFG37/id] by /roslaunch
[rosmaster.master][INFO] 2019-06-04 16:08:04,221: +PARAM [/STM2/QUEUE2/rw] by /roslaunch
[rosmaster.master][INFO] 2019-06-04 16:08:04,221: +PARAM [/STM2-CFG04/id] by /roslaunch
[rosmaster.master][INFO] 2019-06-04 16:08:04,222: +PARAM [/STM1/port] by /roslaunch
[rosmaster.master][INFO] 2019-06-04 16:08:04,224: +SUB [/rosout] /rosout http://10.0.0.166:36210/
[rosmaster.master][INFO] 2019-06-04 16:08:04,224: +PARAM [/STM2-CFG03/class] by /roslaunch
[rosmaster.master][INFO] 2019-06-04 16:08:04,225: +PARAM [/STM2-CFG41/msgClass] by /roslaunch
[rosmaster.master][INFO] 2019-06-04 16:08:04,226: +PARAM [/STM2-CFG35/class] by /roslaunch
[rosmaster.master][INFO] 2019-06-04 16:08:04,226: +PARAM [/STM2-CFG40/class] by /roslaunch
[rosmaster.master][INFO] 2019-06-04 16:08:04,226: +PARAM [/STM2-CFG34/id] by /roslaunch
[rosmaster.master][INFO] 2019-06-04 16:08:04,227: +PARAM [/STM1/desc] by /roslaunch
[rosmaster.master][INFO] 2019-06-04 16:08:04,227: +PARAM [/STM2-CFG60/ioPorts] by /roslaunch
[rosmaster.master][INFO] 2019-06-04 16:08:04,227: +PARAM [/STM1/QUEUE1/rw] by /roslaunch
[rosmaster.master][INFO] 2019-06-04 16:08:04,228: +PARAM [/STM2-CFG05/desc] by /roslaunch
[rosmaster.master][INFO] 2019-06-04 16:08:04,228: +PARAM [/STM2-CFG06/class] by /roslaunch
[rosmaster.master][INFO] 2019-06-04 16:08:04,228: +PARAM [/STM2-CFG81/prot_in] by /roslaunch
[rosmaster.master][INFO] 2019-06-04 16:08:04,228: +PARAM [/STM2-CFG81/prot_out] by /roslaunch
[rosmaster.master][INFO] 2019-06-04 16:08:04,229: +PARAM [/STM2-CFG03/msgId] by /roslaunch
[rosmaster.master][INFO] 2019-06-04 16:08:04,229: +PARAM [/STM4/listener] by /roslaunch
[rosmaster.master][INFO] 2019-06-04 16:08:04,229: +PARAM [/STM2-CFG38/id] by /roslaunch
[rosmaster.master][INFO] 2019-06-04 16:08:04,230: +PARAM [/STM2-CFG63/ioPorts] by /roslaunch
[rosmaster.master][INFO] 2019-06-04 16:08:04,230: +PARAM [/STM2-CFG60/id] by /roslaunch
[rosmaster.master][INFO] 2019-06-04 16:08:04,230: +PARAM [/STM2/QUEUE2/type] by /roslaunch
[rosmaster.master][INFO] 2019-06-04 16:08:04,231: +PARAM [/STM2-CFG08/class] by /roslaunch
[rosmaster.master][INFO] 2019-06-04 16:08:04,231: +PARAM [/STM2-CFG40/ioPorts] by /roslaunch
[rosmaster.master][INFO] 2019-06-04 16:08:04,231: +PARAM [/STM2-CFG30/desc] by /roslaunch
[rosmaster.master][INFO] 2019-06-04 16:08:04,232: +PARAM [/STM2-CFG07/msgId] by /roslaunch
[rosmaster.master][INFO] 2019-06-04 16:08:04,232: +PARAM [/STM2-CFG63/desc] by /roslaunch
[rosmaster.master][INFO] 2019-06-04 16:08:04,232: +PARAM [/STM2-CFG41/msgId] by /roslaunch
[rosmaster.master][INFO] 2019-06-04 16:08:04,233: +PARAM [/STM2-CFG04/msgClass] by /roslaunch
[rosmaster.master][INFO] 2019-06-04 16:08:04,233: +PARAM [/STM2-CFG35/desc] by /roslaunch
[rosmaster.master][INFO] 2019-06-04 16:08:04,233: +PARAM [/STM2-CFG36/class] by /roslaunch
[rosmaster.master][INFO] 2019-06-04 16:08:04,233: +PARAM [/STM4/port] by /roslaunch
[rosmaster.master][INFO] 2019-06-04 16:08:04,234: +PARAM [/STM2-CFG06/msgId] by /roslaunch
[rosmaster.master][INFO] 2019-06-04 16:08:04,234: +PARAM [/rosdistro] by /roslaunch
[rosmaster.master][INFO] 2019-06-04 16:08:04,234: +PARAM [/STM2-CFG41/desc] by /roslaunch
[rosmaster.master][INFO] 2019-06-04 16:08:04,235: +PARAM [/STM2-CFG63/id] by /roslaunch
[rosmaster.master][INFO] 2019-06-04 16:08:04,235: +PARAM [/STM2-CFG39/msgClass] by /roslaunch
[rosmaster.master][INFO] 2019-06-04 16:08:04,235: +PARAM [/STM2-CFG08/msgId] by /roslaunch
[rosmaster.master][INFO] 2019-06-04 16:08:04,236: +PARAM [/STM2-CFG42/msgClass] by /roslaunch
[rosmaster.master][INFO] 2019-06-04 16:08:04,236: +PARAM [/STM4/type] by /roslaunch
[rosmaster.master][INFO] 2019-06-04 16:08:04,236: +PARAM [/STM2-CFG39/desc] by /roslaunch
[rosmaster.master][INFO] 2019-06-04 16:08:04,237: +PARAM [/STM2/port] by /roslaunch
[rosmaster.master][INFO] 2019-06-04 16:08:04,237: +PARAM [/STM1/host] by /roslaunch
[rosmaster.master][INFO] 2019-06-04 16:08:04,237: +PARAM [/STM2-CFG31/ioPorts] by /roslaunch
[rosmaster.master][INFO] 2019-06-04 16:08:04,237: +PARAM [/STM2-CFG33/desc] by /roslaunch
[rosmaster.master][INFO] 2019-06-04 16:08:04,238: +PARAM [/STM2-CFG04/desc] by /roslaunch
[rosmaster.master][INFO] 2019-06-04 16:08:04,238: +PARAM [/STM1/QUEUE2/rw] by /roslaunch
[rosmaster.master][INFO] 2019-06-04 16:08:04,238: +PARAM [/STM4/host] by /roslaunch
[rosmaster.master][INFO] 2019-06-04 16:08:04,239: +PARAM [/STM2-CFG41/ioPorts] by /roslaunch
[rosmaster.master][INFO] 2019-06-04 16:08:04,239: +PARAM [/STM2-CFG03/desc] by /roslaunch
[rosmaster.master][INFO] 2019-06-04 16:08:04,239: +PARAM [/STM1/retry] by /roslaunch
[rosmaster.master][INFO] 2019-06-04 16:08:04,240: +PARAM [/STM2/QUEUE1/rw] by /roslaunch
[rosmaster.master][INFO] 2019-06-04 16:08:04,240: +PARAM [/STM2-CFG37/msgId] by /roslaunch
[rosmaster.master][INFO] 2019-06-04 16:08:04,240: +PARAM [/STM2-CFG30/id] by /roslaunch
[rosmaster.master][INFO] 2019-06-04 16:08:04,241: +PARAM [/STM2-CFG60/msgId] by /roslaunch
[rosmaster.master][INFO] 2019-06-04 16:08:04,241: +PARAM [/STM2-CFG07/msgClass] by /roslaunch
[rosmaster.master][INFO] 2019-06-04 16:08:04,241: +PARAM [/STM2-CFG40/id] by /roslaunch
[rosmaster.master][INFO] 2019-06-04 16:08:04,242: +PARAM [/STM2-CFG33/id] by /roslaunch
[rosmaster.master][INFO] 2019-06-04 16:08:04,242: +PARAM [/STM2-CFG38/desc] by /roslaunch
[rosmaster.master][INFO] 2019-06-04 16:08:04,242: +PARAM [/STM2-CFG63/class] by /roslaunch
[rosmaster.master][INFO] 2019-06-04 16:08:04,243: +PARAM [/STM2-CFG32/id] by /roslaunch
[rosmaster.master][INFO] 2019-06-04 16:08:04,243: +PARAM [/STM2-CFG06/id] by /roslaunch
[rosmaster.master][INFO] 2019-06-04 16:08:04,243: +PARAM [/STM2-CFG41/class] by /roslaunch
[rosmaster.master][INFO] 2019-06-04 16:08:04,243: +PARAM [/STM2-CFG06/desc] by /roslaunch
[rosmaster.master][INFO] 2019-06-04 16:08:04,244: +PARAM [/STM2-CFG63/msgId] by /roslaunch
[rosmaster.master][INFO] 2019-06-04 16:08:04,244: +PARAM [/STM2-CFG42/msgId] by /roslaunch
[rosmaster.master][INFO] 2019-06-04 16:08:04,244: +PARAM [/STM2-CFG36/msgId] by /roslaunch
[rosmaster.master][INFO] 2019-06-04 16:08:04,245: +PARAM [/STM2-CFG81/id] by /roslaunch
[rosmaster.master][INFO] 2019-06-04 16:08:04,245: +PARAM [/STM2-CFG35/id] by /roslaunch
[rosmaster.master][INFO] 2019-06-04 16:08:04,245: +PARAM [/STM2/QUEUE1/type] by /roslaunch
[rosmaster.master][INFO] 2019-06-04 16:08:04,246: +PARAM [/STM2-CFG62/msgClass] by /roslaunch
[rosmaster.master][INFO] 2019-06-04 16:08:04,246: +PARAM [/STM2/timeout] by /roslaunch
[rosmaster.master][INFO] 2019-06-04 16:08:04,246: +PARAM [/STM2-CFG05/id] by /roslaunch
[rosmaster.master][INFO] 2019-06-04 16:08:04,247: +PARAM [/STM1/QUEUE1/name] by /roslaunch
[rosmaster.master][INFO] 2019-06-04 16:08:04,247: +PARAM [/STM2-CFG33/msgId] by /roslaunch
[rosmaster.master][INFO] 2019-06-04 16:08:04,247: +PARAM [/STM2-CFG08/ioPorts] by /roslaunch
[rosmaster.master][INFO] 2019-06-04 16:08:04,248: +PARAM [/STM2-CFG62/class] by /roslaunch
[rosmaster.master][INFO] 2019-06-04 16:08:04,248: +PARAM [/STM2-CFG34/class] by /roslaunch
[rosmaster.master][INFO] 2019-06-04 16:08:04,248: +PARAM [/STM2-CFG35/msgId] by /roslaunch
[rosmaster.master][INFO] 2019-06-04 16:08:04,248: +PARAM [/STM2-CFG30/msgClass] by /roslaunch
[rosmaster.master][INFO] 2019-06-04 16:08:04,249: +PARAM [/STM2-CFG34/desc] by /roslaunch
[rosmaster.master][INFO] 2019-06-04 16:08:04,249: +PARAM [/STM2-CFG62/msgId] by /roslaunch
[rosmaster.master][INFO] 2019-06-04 16:08:04,249: +PARAM [/STM2-CFG42/desc] by /roslaunch
[rosmaster.master][INFO] 2019-06-04 16:08:04,250: +PARAM [/STM2-CFG61/id] by /roslaunch
[rosmaster.master][INFO] 2019-06-04 16:08:04,250: +PARAM [/STM4/retry] by /roslaunch
[rosmaster.master][INFO] 2019-06-04 16:08:04,250: +PARAM [/STM2-CFG38/class] by /roslaunch
[rosmaster.master][INFO] 2019-06-04 16:08:04,251: +PARAM [/STM2-CFG81/class] by /roslaunch
[rosmaster.master][INFO] 2019-06-04 16:08:04,251: +PARAM [/STM2/type] by /roslaunch
[rosmaster.master][INFO] 2019-06-04 16:08:04,251: +PARAM [/STM2-CFG31/msgClass] by /roslaunch
[rosmaster.master][INFO] 2019-06-04 16:08:04,252: +PARAM [/STM2-CFG05/ioPorts] by /roslaunch
[rosmaster.master][INFO] 2019-06-04 16:08:04,252: +PARAM [/STM2-CFG31/class] by /roslaunch
[rosmaster.master][INFO] 2019-06-04 16:08:04,252: +PARAM [/STM2-CFG35/ioPorts] by /roslaunch
[rosmaster.master][INFO] 2019-06-04 16:08:04,253: +PARAM [/STM2-CFG36/desc] by /roslaunch
[rosmaster.master][INFO] 2019-06-04 16:08:04,253: +PARAM [/STM2-CFG32/class] by /roslaunch
[rosmaster.master][INFO] 2019-06-04 16:08:04,253: +PARAM [/STM2-CFG61/ioPorts] by /roslaunch
[rosmaster.master][INFO] 2019-06-04 16:08:04,254: +PARAM [/STM2-CFG07/ioPorts] by /roslaunch
[rosmaster.master][INFO] 2019-06-04 16:08:04,254: +PARAM [/STM2/desc] by /roslaunch
[rosmaster.master][INFO] 2019-06-04 16:08:04,254: +PARAM [/STM2-CFG03/ioPorts] by /roslaunch
[rosmaster.master][INFO] 2019-06-04 16:08:04,255: +PARAM [/STM2-CFG37/desc] by /roslaunch
[rosmaster.master][INFO] 2019-06-04 16:08:04,255: +PARAM [/STM1/QUEUE1/type] by /roslaunch
[rosmaster.master][INFO] 2019-06-04 16:08:04,255: +PARAM [/STM2-CFG04/msgId] by /roslaunch
[rosmaster.master][INFO] 2019-06-04 16:08:04,256: +PARAM [/STM2-CFG36/msgClass] by /roslaunch
[rosmaster.master][INFO] 2019-06-04 16:08:04,256: +PARAM [/STM1/QUEUE2/type] by /roslaunch
[rosmaster.master][INFO] 2019-06-04 16:08:04,256: +PARAM [/STM2-CFG40/desc] by /roslaunch
[rosmaster.master][INFO] 2019-06-04 16:08:04,256: +PARAM [/STM1/type] by /roslaunch
[rosmaster.master][INFO] 2019-06-04 16:08:04,257: +PARAM [/STM2-CFG36/ioPorts] by /roslaunch
[rosmaster.master][INFO] 2019-06-04 16:08:04,257: +PARAM [/STM2-CFG40/msgClass] by /roslaunch
[rosmaster.master][INFO] 2019-06-04 16:08:04,257: +PARAM [/STM2-CFG39/msgId] by /roslaunch
[rosmaster.master][INFO] 2019-06-04 16:08:04,258: +PARAM [/STM2-CFG60/msgClass] by /roslaunch
[rosmaster.master][INFO] 2019-06-04 16:08:04,258: +PARAM [/STM4/desc] by /roslaunch
[rosmaster.master][INFO] 2019-06-04 16:08:04,258: +PARAM [/STM2-CFG06/msgClass] by /roslaunch
[rosmaster.master][INFO] 2019-06-04 16:08:04,258: +PARAM [/STM2-CFG36/id] by /roslaunch
[rosmaster.master][INFO] 2019-06-04 16:08:04,259: +PARAM [/STM2-CFG61/msgClass] by /roslaunch
[rosmaster.master][INFO] 2019-06-04 16:08:04,259: +PARAM [/STM2-CFG37/msgClass] by /roslaunch
[rosmaster.master][INFO] 2019-06-04 16:08:04,259: +PARAM [/STM2-CFG05/msgId] by /roslaunch
[rosmaster.master][INFO] 2019-06-04 16:08:04,259: +PARAM [/STM2-CFG08/id] by /roslaunch
[rosmaster.master][INFO] 2019-06-04 16:08:04,260: +PARAM [/STM2-CFG81/rate] by /roslaunch
[rosmaster.master][INFO] 2019-06-04 16:08:04,260: +PARAM [/STM2-CFG38/msgClass] by /roslaunch
[rosmaster.master][INFO] 2019-06-04 16:08:04,260: +PARAM [/STM2-CFG34/msgId] by /roslaunch
[rosmaster.master][INFO] 2019-06-04 16:08:04,260: +PARAM [/STM2-CFG39/class] by /roslaunch
[rosmaster.master][INFO] 2019-06-04 16:08:04,261: +PARAM [/STM2-CFG38/msgId] by /roslaunch
[rosmaster.master][INFO] 2019-06-04 16:08:04,261: +PARAM [/STM2-CFG62/ioPorts] by /roslaunch
[rosmaster.master][INFO] 2019-06-04 16:08:04,261: +PARAM [/STM2-CFG42/id] by /roslaunch
[rosmaster.master][INFO] 2019-06-04 16:08:04,262: +PARAM [/STM2-CFG05/msgClass] by /roslaunch
[rosmaster.master][INFO] 2019-06-04 16:08:04,262: +PARAM [/STM2-CFG31/desc] by /roslaunch
[rosmaster.master][INFO] 2019-06-04 16:08:04,262: +PARAM [/STM2-CFG32/ioPorts] by /roslaunch
[rosmaster.master][INFO] 2019-06-04 16:08:04,262: +PARAM [/STM2-CFG04/class] by /roslaunch
[rosmaster.master][INFO] 2019-06-04 16:08:04,263: +PARAM [/STM2/QUEUE1/name] by /roslaunch
[rosmaster.master][INFO] 2019-06-04 16:08:04,263: +PARAM [/STM2-CFG63/msgClass] by /roslaunch
[rosmaster.master][INFO] 2019-06-04 16:08:04,263: +PARAM [/STM2-CFG03/msgClass] by /roslaunch
[rosmaster.master][INFO] 2019-06-04 16:08:04,264: +PARAM [/STM2-CFG08/desc] by /roslaunch
[rosmaster.master][INFO] 2019-06-04 16:08:04,264: +PARAM [/STM2-CFG60/class] by /roslaunch
[rosmaster.master][INFO] 2019-06-04 16:08:04,264: +PARAM [/STM2-CFG34/msgClass] by /roslaunch
[rosmaster.master][INFO] 2019-06-04 16:08:04,264: +PARAM [/rosversion] by /roslaunch
[rosmaster.master][INFO] 2019-06-04 16:08:04,265: +PARAM [/STM2-CFG07/id] by /roslaunch
[rosmaster.master][INFO] 2019-06-04 16:08:04,265: +PARAM [/STM2-CFG37/class] by /roslaunch
[rosmaster.master][INFO] 2019-06-04 16:08:04,265: +PARAM [/STM2-CFG61/desc] by /roslaunch
[rosmaster.master][INFO] 2019-06-04 16:08:04,265: +PARAM [/STM2-CFG60/desc] by /roslaunch
[rosmaster.master][INFO] 2019-06-04 16:08:04,266: +PARAM [/STM2-CFG81/desc] by /roslaunch
[rosmaster.master][INFO] 2019-06-04 16:08:04,266: +PARAM [/STM2-CFG05/class] by /roslaunch
[rosmaster.master][INFO] 2019-06-04 16:08:04,266: +PARAM [/STM1/QUEUE2/name] by /roslaunch
[rosmaster.master][INFO] 2019-06-04 16:08:04,267: +PARAM [/STM2-CFG08/msgClass] by /roslaunch
[rosmaster.master][INFO] 2019-06-04 16:08:04,267: +PARAM [/STM2-CFG31/msgId] by /roslaunch
[rosmaster.master][INFO] 2019-06-04 16:08:04,267: +PARAM [/STM2-CFG39/ioPorts] by /roslaunch
[rosmaster.master][INFO] 2019-06-04 16:08:04,267: +PARAM [/STM2-CFG06/ioPorts] by /roslaunch
[rosmaster.master][INFO] 2019-06-04 16:08:04,268: +PARAM [/STM2-CFG42/class] by /roslaunch
[rosmaster.master][INFO] 2019-06-04 16:08:04,268: +PARAM [/STM2-CFG33/class] by /roslaunch
[rosmaster.master][INFO] 2019-06-04 16:08:04,268: +PARAM [/STM2/baudrate] by /roslaunch
[rosmaster.master][INFO] 2019-06-04 16:08:05,954: +PUB [/rosout] /gnss_node http://10.0.0.166:34179/
[rosmaster.master][INFO] 2019-06-04 16:08:05,966: +SERVICE [/gnss_node/get_loggers] /gnss_node http://10.0.0.166:34179/
[rosmaster.master][INFO] 2019-06-04 16:08:05,971: +SERVICE [/gnss_node/set_logger_level] /gnss_node http://10.0.0.166:34179/
[rosmaster.master][INFO] 2019-06-04 16:08:05,977: publisherUpdate[/rosout] -> http://10.0.0.166:36210/ ['http://10.0.0.166:34179/']
[rosmaster.master][INFO] 2019-06-04 16:08:05,981: +SUB [/gnss_control] /gnss_node http://10.0.0.166:34179/
[rosmaster.master][INFO] 2019-06-04 16:08:05,983: publisherUpdate[/rosout] -> http://10.0.0.166:36210/ ['http://10.0.0.166:34179/']: sec=0.01, result=[1, '', 0]
[rosmaster.master][INFO] 2019-06-04 16:08:05,988: +PUB [/gnss_status] /gnss_node http://10.0.0.166:34179/
[rosmaster.master][INFO] 2019-06-04 16:08:05,993: +PUB [/mavlink/to] /gnss_node http://10.0.0.166:34179/
[rosmaster.master][INFO] 2019-06-04 16:08:06,046: +SUB [/STM1] /gnss_node http://10.0.0.166:34179/
[rosmaster.master][INFO] 2019-06-04 16:08:06,074: +SUB [/STM2] /gnss_node http://10.0.0.166:34179/
[rosmaster.master][INFO] 2019-06-04 16:08:06,104: +SUB [/STM4] /gnss_node http://10.0.0.166:34179/
[rosmaster.master][INFO] 2019-06-04 17:23:53,032: -SUB [/STM2] /gnss_node http://10.0.0.166:34179/
[rosmaster.master][INFO] 2019-06-04 17:23:53,032: -SUB [/STM4] /gnss_node http://10.0.0.166:34179/
[rosmaster.master][INFO] 2019-06-04 17:23:53,033: -SUB [/gnss_control] /gnss_node http://10.0.0.166:34179/
[rosmaster.master][INFO] 2019-06-04 17:23:53,033: -SUB [/STM1] /gnss_node http://10.0.0.166:34179/
[rosmaster.master][INFO] 2019-06-04 17:23:53,033: -PUB [/gnss_status] /gnss_node http://10.0.0.166:34179/
[rosmaster.master][INFO] 2019-06-04 17:23:53,034: -PUB [/rosout] /gnss_node http://10.0.0.166:34179/
[rosmaster.master][INFO] 2019-06-04 17:23:53,034: -PUB [/mavlink/to] /gnss_node http://10.0.0.166:34179/
[rosmaster.master][INFO] 2019-06-04 17:23:53,034: -SERVICE [/gnss_node/get_loggers] /gnss_node rosrpc://10.0.0.166:41250
[rosmaster.master][INFO] 2019-06-04 17:23:53,035: -SERVICE [/gnss_node/set_logger_level] /gnss_node rosrpc://10.0.0.166:41250
[rosmaster.master][INFO] 2019-06-04 17:23:53,078: publisherUpdate[/rosout] -> http://10.0.0.166:36210/ []
[rosmaster.master][INFO] 2019-06-04 17:23:53,080: publisherUpdate[/rosout] -> http://10.0.0.166:36210/ []: sec=0.00, result=[1, '', 0]
[rosmaster.master][INFO] 2019-06-04 17:24:08,639: -PUB [/rosout_agg] /rosout http://10.0.0.166:36210/
[rosmaster.master][INFO] 2019-06-04 17:24:08,642: -SUB [/rosout] /rosout http://10.0.0.166:36210/
[rosmaster.master][INFO] 2019-06-04 17:24:08,645: -SERVICE [/rosout/get_loggers] /rosout rosrpc://10.0.0.166:50393
[rosmaster.master][INFO] 2019-06-04 17:24:08,648: -SERVICE [/rosout/set_logger_level] /rosout rosrpc://10.0.0.166:50393
[rosmaster.main][INFO] 2019-06-04 17:24:08,804: keyboard interrupt, will exit
[rosmaster.main][INFO] 2019-06-04 17:24:08,804: stopping master...
[rospy.core][INFO] 2019-06-04 17:24:08,804: signal_shutdown [atexit]
