[rosmaster.main][INFO] 2019-06-03 14:55:27,294: initialization complete, waiting for shutdown
[rosmaster.main][INFO] 2019-06-03 14:55:27,294: Starting ROS Master Node
[xmlrpc][INFO] 2019-06-03 14:55:27,297: XML-RPC server binding to 0.0.0.0:11311
[xmlrpc][INFO] 2019-06-03 14:55:27,299: Started XML-RPC server [http://10.0.0.166:11311/]
[xmlrpc][INFO] 2019-06-03 14:55:27,301: xml rpc node: starting XML-RPC server
[rosmaster.master][INFO] 2019-06-03 14:55:27,301: Master initialized: port[11311], uri[http://10.0.0.166:11311/]
[rosmaster.master][INFO] 2019-06-03 14:55:27,370: +PARAM [/run_id] by /roslaunch
[rosmaster.master][INFO] 2019-06-03 14:55:27,375: +PARAM [/roslaunch/uris/host_10_0_0_166__42184] by /roslaunch
[rosmaster.master][INFO] 2019-06-03 14:55:27,812: +SERVICE [/rosout/get_loggers] /rosout http://10.0.0.166:41444/
[rosmaster.master][INFO] 2019-06-03 14:55:27,824: +SERVICE [/rosout/set_logger_level] /rosout http://10.0.0.166:41444/
[rosmaster.master][INFO] 2019-06-03 14:55:27,844: +PUB [/rosout_agg] /rosout http://10.0.0.166:41444/
[rosmaster.master][INFO] 2019-06-03 14:55:27,910: +PARAM [/STM2-CFG35/msgClass] by /roslaunch
[rosmaster.master][INFO] 2019-06-03 14:55:27,912: +PARAM [/STM2-CFG32/desc] by /roslaunch
[rosmaster.master][INFO] 2019-06-03 14:55:27,912: +PARAM [/STM2-CFG07/class] by /roslaunch
[rosmaster.master][INFO] 2019-06-03 14:55:27,914: +PARAM [/STM2-CFG07/desc] by /roslaunch
[rosmaster.master][INFO] 2019-06-03 14:55:27,915: +PARAM [/STM2-CFG03/id] by /roslaunch
[rosmaster.master][INFO] 2019-06-03 14:55:27,916: +PARAM [/STM2-CFG30/class] by /roslaunch
[rosmaster.master][INFO] 2019-06-03 14:55:27,916: +PARAM [/STM2-CFG32/msgClass] by /roslaunch
[rosmaster.master][INFO] 2019-06-03 14:55:27,917: +PARAM [/STM2-CFG34/ioPorts] by /roslaunch
[rosmaster.master][INFO] 2019-06-03 14:55:27,917: +PARAM [/STM2-CFG37/ioPorts] by /roslaunch
[rosmaster.master][INFO] 2019-06-03 14:55:27,917: +PARAM [/STM2-CFG33/ioPorts] by /roslaunch
[rosmaster.master][INFO] 2019-06-03 14:55:27,918: +PARAM [/STM2/retry] by /roslaunch
[rosmaster.master][INFO] 2019-06-03 14:55:27,918: +PARAM [/STM2-CFG31/id] by /roslaunch
[rosmaster.master][INFO] 2019-06-03 14:55:27,919: +PARAM [/STM2-CFG38/ioPorts] by /roslaunch
[rosmaster.master][INFO] 2019-06-03 14:55:27,920: +PARAM [/STM2-CFG30/msgId] by /roslaunch
[rosmaster.master][INFO] 2019-06-03 14:55:27,921: +PARAM [/STM2-CFG62/id] by /roslaunch
[rosmaster.master][INFO] 2019-06-03 14:55:27,922: +PARAM [/STM2-CFG62/desc] by /roslaunch
[rosmaster.master][INFO] 2019-06-03 14:55:27,922: +PARAM [/STM2-CFG42/ioPorts] by /roslaunch
[rosmaster.master][INFO] 2019-06-03 14:55:27,922: +PARAM [/STM2-CFG04/ioPorts] by /roslaunch
[rosmaster.master][INFO] 2019-06-03 14:55:27,923: +PARAM [/STM2-CFG39/id] by /roslaunch
[rosmaster.master][INFO] 2019-06-03 14:55:27,923: +PARAM [/STM2-CFG32/msgId] by /roslaunch
[rosmaster.master][INFO] 2019-06-03 14:55:27,923: +PARAM [/STM2-CFG40/msgId] by /roslaunch
[rosmaster.master][INFO] 2019-06-03 14:55:27,924: +PARAM [/STM2-CFG41/id] by /roslaunch
[rosmaster.master][INFO] 2019-06-03 14:55:27,924: +PARAM [/STM2-CFG30/ioPorts] by /roslaunch
[rosmaster.master][INFO] 2019-06-03 14:55:27,924: +PARAM [/STM2-CFG61/class] by /roslaunch
[rosmaster.master][INFO] 2019-06-03 14:55:27,924: +PARAM [/STM2-CFG33/msgClass] by /roslaunch
[rosmaster.master][INFO] 2019-06-03 14:55:27,925: +PARAM [/STM2-CFG61/msgId] by /roslaunch
[rosmaster.master][INFO] 2019-06-03 14:55:27,925: +PARAM [/STM2/QUEUE2/name] by /roslaunch
[rosmaster.master][INFO] 2019-06-03 14:55:27,925: +PARAM [/STM2-CFG37/id] by /roslaunch
[rosmaster.master][INFO] 2019-06-03 14:55:27,926: +PARAM [/STM2/QUEUE2/rw] by /roslaunch
[rosmaster.master][INFO] 2019-06-03 14:55:27,926: +PARAM [/STM2-CFG04/id] by /roslaunch
[rosmaster.master][INFO] 2019-06-03 14:55:27,926: +PARAM [/STM1/port] by /roslaunch
[rosmaster.master][INFO] 2019-06-03 14:55:27,927: +PARAM [/STM2-CFG03/class] by /roslaunch
[rosmaster.master][INFO] 2019-06-03 14:55:27,929: +PARAM [/STM2-CFG41/msgClass] by /roslaunch
[rosmaster.master][INFO] 2019-06-03 14:55:27,930: +PARAM [/STM2-CFG35/class] by /roslaunch
[rosmaster.master][INFO] 2019-06-03 14:55:27,932: +PARAM [/STM2-CFG40/class] by /roslaunch
[rosmaster.master][INFO] 2019-06-03 14:55:27,933: +PARAM [/STM2-CFG34/id] by /roslaunch
[rosmaster.master][INFO] 2019-06-03 14:55:27,933: +PARAM [/STM1/desc] by /roslaunch
[rosmaster.master][INFO] 2019-06-03 14:55:27,934: +PARAM [/STM2-CFG60/ioPorts] by /roslaunch
[rosmaster.master][INFO] 2019-06-03 14:55:27,935: +PARAM [/STM1/QUEUE1/rw] by /roslaunch
[rosmaster.master][INFO] 2019-06-03 14:55:27,935: +PARAM [/STM2-CFG05/desc] by /roslaunch
[rosmaster.master][INFO] 2019-06-03 14:55:27,935: +PARAM [/STM2-CFG06/class] by /roslaunch
[rosmaster.master][INFO] 2019-06-03 14:55:27,936: +PARAM [/STM2-CFG81/prot_in] by /roslaunch
[rosmaster.master][INFO] 2019-06-03 14:55:27,936: +PARAM [/STM2-CFG81/prot_out] by /roslaunch
[rosmaster.master][INFO] 2019-06-03 14:55:27,936: +PARAM [/STM2-CFG03/msgId] by /roslaunch
[rosmaster.master][INFO] 2019-06-03 14:55:27,937: +PARAM [/STM4/listener] by /roslaunch
[rosmaster.master][INFO] 2019-06-03 14:55:27,937: +PARAM [/STM2-CFG38/id] by /roslaunch
[rosmaster.master][INFO] 2019-06-03 14:55:27,937: +PARAM [/STM2-CFG63/ioPorts] by /roslaunch
[rosmaster.master][INFO] 2019-06-03 14:55:27,938: +PARAM [/STM2-CFG60/id] by /roslaunch
[rosmaster.master][INFO] 2019-06-03 14:55:27,938: +PARAM [/STM2/QUEUE2/type] by /roslaunch
[rosmaster.master][INFO] 2019-06-03 14:55:27,938: +PARAM [/STM2-CFG08/class] by /roslaunch
[rosmaster.master][INFO] 2019-06-03 14:55:27,939: +PARAM [/STM2-CFG40/ioPorts] by /roslaunch
[rosmaster.master][INFO] 2019-06-03 14:55:27,939: +PARAM [/STM2-CFG30/desc] by /roslaunch
[rosmaster.master][INFO] 2019-06-03 14:55:27,939: +PARAM [/STM2-CFG07/msgId] by /roslaunch
[rosmaster.master][INFO] 2019-06-03 14:55:27,940: +PARAM [/STM2-CFG63/desc] by /roslaunch
[rosmaster.master][INFO] 2019-06-03 14:55:27,940: +PARAM [/STM2-CFG41/msgId] by /roslaunch
[rosmaster.master][INFO] 2019-06-03 14:55:27,940: +PARAM [/STM2-CFG04/msgClass] by /roslaunch
[rosmaster.master][INFO] 2019-06-03 14:55:27,940: +PARAM [/STM2-CFG35/desc] by /roslaunch
[rosmaster.master][INFO] 2019-06-03 14:55:27,941: +PARAM [/STM2-CFG36/class] by /roslaunch
[rosmaster.master][INFO] 2019-06-03 14:55:27,942: +SUB [/rosout] /rosout http://10.0.0.166:41444/
[rosmaster.master][INFO] 2019-06-03 14:55:27,943: +PARAM [/STM4/port] by /roslaunch
[rosmaster.master][INFO] 2019-06-03 14:55:27,944: +PARAM [/STM2-CFG06/msgId] by /roslaunch
[rosmaster.master][INFO] 2019-06-03 14:55:27,945: +PARAM [/rosdistro] by /roslaunch
[rosmaster.master][INFO] 2019-06-03 14:55:27,945: +PARAM [/STM2-CFG41/desc] by /roslaunch
[rosmaster.master][INFO] 2019-06-03 14:55:27,945: +PARAM [/STM2-CFG63/id] by /roslaunch
[rosmaster.master][INFO] 2019-06-03 14:55:27,945: +PARAM [/STM2-CFG39/msgClass] by /roslaunch
[rosmaster.master][INFO] 2019-06-03 14:55:27,946: +PARAM [/STM2-CFG08/msgId] by /roslaunch
[rosmaster.master][INFO] 2019-06-03 14:55:27,946: +PARAM [/STM2-CFG42/msgClass] by /roslaunch
[rosmaster.master][INFO] 2019-06-03 14:55:27,946: +PARAM [/STM4/type] by /roslaunch
[rosmaster.master][INFO] 2019-06-03 14:55:27,947: +PARAM [/STM2-CFG39/desc] by /roslaunch
[rosmaster.master][INFO] 2019-06-03 14:55:27,947: +PARAM [/STM2/port] by /roslaunch
[rosmaster.master][INFO] 2019-06-03 14:55:27,947: +PARAM [/STM1/host] by /roslaunch
[rosmaster.master][INFO] 2019-06-03 14:55:27,947: +PARAM [/STM2-CFG31/ioPorts] by /roslaunch
[rosmaster.master][INFO] 2019-06-03 14:55:27,948: +PARAM [/STM2-CFG33/desc] by /roslaunch
[rosmaster.master][INFO] 2019-06-03 14:55:27,948: +PARAM [/STM2-CFG04/desc] by /roslaunch
[rosmaster.master][INFO] 2019-06-03 14:55:27,948: +PARAM [/STM1/QUEUE2/rw] by /roslaunch
[rosmaster.master][INFO] 2019-06-03 14:55:27,949: +PARAM [/STM4/host] by /roslaunch
[rosmaster.master][INFO] 2019-06-03 14:55:27,949: +PARAM [/STM2-CFG41/ioPorts] by /roslaunch
[rosmaster.master][INFO] 2019-06-03 14:55:27,949: +PARAM [/STM2-CFG03/desc] by /roslaunch
[rosmaster.master][INFO] 2019-06-03 14:55:27,949: +PARAM [/STM1/retry] by /roslaunch
[rosmaster.master][INFO] 2019-06-03 14:55:27,950: +PARAM [/STM2/QUEUE1/rw] by /roslaunch
[rosmaster.master][INFO] 2019-06-03 14:55:27,950: +PARAM [/STM2-CFG37/msgId] by /roslaunch
[rosmaster.master][INFO] 2019-06-03 14:55:27,951: +PARAM [/STM2-CFG30/id] by /roslaunch
[rosmaster.master][INFO] 2019-06-03 14:55:27,951: +PARAM [/STM2-CFG60/msgId] by /roslaunch
[rosmaster.master][INFO] 2019-06-03 14:55:27,951: +PARAM [/STM2-CFG07/msgClass] by /roslaunch
[rosmaster.master][INFO] 2019-06-03 14:55:27,951: +PARAM [/STM2-CFG40/id] by /roslaunch
[rosmaster.master][INFO] 2019-06-03 14:55:27,952: +PARAM [/STM2-CFG33/id] by /roslaunch
[rosmaster.master][INFO] 2019-06-03 14:55:27,952: +PARAM [/STM2-CFG38/desc] by /roslaunch
[rosmaster.master][INFO] 2019-06-03 14:55:27,952: +PARAM [/STM2-CFG63/class] by /roslaunch
[rosmaster.master][INFO] 2019-06-03 14:55:27,953: +PARAM [/STM2-CFG32/id] by /roslaunch
[rosmaster.master][INFO] 2019-06-03 14:55:27,953: +PARAM [/STM2-CFG06/id] by /roslaunch
[rosmaster.master][INFO] 2019-06-03 14:55:27,953: +PARAM [/STM2-CFG41/class] by /roslaunch
[rosmaster.master][INFO] 2019-06-03 14:55:27,954: +PARAM [/STM2-CFG06/desc] by /roslaunch
[rosmaster.master][INFO] 2019-06-03 14:55:27,954: +PARAM [/STM2-CFG63/msgId] by /roslaunch
[rosmaster.master][INFO] 2019-06-03 14:55:27,954: +PARAM [/STM2-CFG42/msgId] by /roslaunch
[rosmaster.master][INFO] 2019-06-03 14:55:27,955: +PARAM [/STM2-CFG36/msgId] by /roslaunch
[rosmaster.master][INFO] 2019-06-03 14:55:27,955: +PARAM [/STM2-CFG81/id] by /roslaunch
[rosmaster.master][INFO] 2019-06-03 14:55:27,955: +PARAM [/STM2-CFG35/id] by /roslaunch
[rosmaster.master][INFO] 2019-06-03 14:55:27,955: +PARAM [/STM2/QUEUE1/type] by /roslaunch
[rosmaster.master][INFO] 2019-06-03 14:55:27,956: +PARAM [/STM2-CFG62/msgClass] by /roslaunch
[rosmaster.master][INFO] 2019-06-03 14:55:27,956: +PARAM [/STM2/timeout] by /roslaunch
[rosmaster.master][INFO] 2019-06-03 14:55:27,956: +PARAM [/STM2-CFG05/id] by /roslaunch
[rosmaster.master][INFO] 2019-06-03 14:55:27,957: +PARAM [/STM1/QUEUE1/name] by /roslaunch
[rosmaster.master][INFO] 2019-06-03 14:55:27,957: +PARAM [/STM2-CFG33/msgId] by /roslaunch
[rosmaster.master][INFO] 2019-06-03 14:55:27,957: +PARAM [/STM2-CFG08/ioPorts] by /roslaunch
[rosmaster.master][INFO] 2019-06-03 14:55:27,958: +PARAM [/STM2-CFG62/class] by /roslaunch
[rosmaster.master][INFO] 2019-06-03 14:55:27,958: +PARAM [/STM2-CFG34/class] by /roslaunch
[rosmaster.master][INFO] 2019-06-03 14:55:27,958: +PARAM [/STM2-CFG35/msgId] by /roslaunch
[rosmaster.master][INFO] 2019-06-03 14:55:27,959: +PARAM [/STM2-CFG30/msgClass] by /roslaunch
[rosmaster.master][INFO] 2019-06-03 14:55:27,959: +PARAM [/STM2-CFG34/desc] by /roslaunch
[rosmaster.master][INFO] 2019-06-03 14:55:27,960: +PARAM [/STM2-CFG62/msgId] by /roslaunch
[rosmaster.master][INFO] 2019-06-03 14:55:27,960: +PARAM [/STM2-CFG42/desc] by /roslaunch
[rosmaster.master][INFO] 2019-06-03 14:55:27,960: +PARAM [/STM2-CFG61/id] by /roslaunch
[rosmaster.master][INFO] 2019-06-03 14:55:27,961: +PARAM [/STM4/retry] by /roslaunch
[rosmaster.master][INFO] 2019-06-03 14:55:27,961: +PARAM [/STM2-CFG38/class] by /roslaunch
[rosmaster.master][INFO] 2019-06-03 14:55:27,961: +PARAM [/STM2-CFG81/class] by /roslaunch
[rosmaster.master][INFO] 2019-06-03 14:55:27,962: +PARAM [/STM2/type] by /roslaunch
[rosmaster.master][INFO] 2019-06-03 14:55:27,962: +PARAM [/STM2-CFG31/msgClass] by /roslaunch
[rosmaster.master][INFO] 2019-06-03 14:55:27,962: +PARAM [/STM2-CFG05/ioPorts] by /roslaunch
[rosmaster.master][INFO] 2019-06-03 14:55:27,963: +PARAM [/STM2-CFG31/class] by /roslaunch
[rosmaster.master][INFO] 2019-06-03 14:55:27,963: +PARAM [/STM2-CFG35/ioPorts] by /roslaunch
[rosmaster.master][INFO] 2019-06-03 14:55:27,963: +PARAM [/STM2-CFG36/desc] by /roslaunch
[rosmaster.master][INFO] 2019-06-03 14:55:27,964: +PARAM [/STM2-CFG32/class] by /roslaunch
[rosmaster.master][INFO] 2019-06-03 14:55:27,964: +PARAM [/STM2-CFG61/ioPorts] by /roslaunch
[rosmaster.master][INFO] 2019-06-03 14:55:27,964: +PARAM [/STM2-CFG07/ioPorts] by /roslaunch
[rosmaster.master][INFO] 2019-06-03 14:55:27,964: +PARAM [/STM2/desc] by /roslaunch
[rosmaster.master][INFO] 2019-06-03 14:55:27,965: +PARAM [/STM2-CFG03/ioPorts] by /roslaunch
[rosmaster.master][INFO] 2019-06-03 14:55:27,965: +PARAM [/STM2-CFG37/desc] by /roslaunch
[rosmaster.master][INFO] 2019-06-03 14:55:27,965: +PARAM [/STM1/QUEUE1/type] by /roslaunch
[rosmaster.master][INFO] 2019-06-03 14:55:27,966: +PARAM [/STM2-CFG04/msgId] by /roslaunch
[rosmaster.master][INFO] 2019-06-03 14:55:27,966: +PARAM [/STM2-CFG36/msgClass] by /roslaunch
[rosmaster.master][INFO] 2019-06-03 14:55:27,966: +PARAM [/STM1/QUEUE2/type] by /roslaunch
[rosmaster.master][INFO] 2019-06-03 14:55:27,967: +PARAM [/STM2-CFG40/desc] by /roslaunch
[rosmaster.master][INFO] 2019-06-03 14:55:27,967: +PARAM [/STM1/type] by /roslaunch
[rosmaster.master][INFO] 2019-06-03 14:55:27,967: +PARAM [/STM2-CFG36/ioPorts] by /roslaunch
[rosmaster.master][INFO] 2019-06-03 14:55:27,968: +PARAM [/STM2-CFG40/msgClass] by /roslaunch
[rosmaster.master][INFO] 2019-06-03 14:55:27,968: +PARAM [/STM2-CFG39/msgId] by /roslaunch
[rosmaster.master][INFO] 2019-06-03 14:55:27,968: +PARAM [/STM2-CFG60/msgClass] by /roslaunch
[rosmaster.master][INFO] 2019-06-03 14:55:27,969: +PARAM [/STM4/desc] by /roslaunch
[rosmaster.master][INFO] 2019-06-03 14:55:27,969: +PARAM [/STM2-CFG06/msgClass] by /roslaunch
[rosmaster.master][INFO] 2019-06-03 14:55:27,969: +PARAM [/STM2-CFG36/id] by /roslaunch
[rosmaster.master][INFO] 2019-06-03 14:55:27,969: +PARAM [/STM2-CFG61/msgClass] by /roslaunch
[rosmaster.master][INFO] 2019-06-03 14:55:27,970: +PARAM [/STM2-CFG37/msgClass] by /roslaunch
[rosmaster.master][INFO] 2019-06-03 14:55:27,970: +PARAM [/STM2-CFG05/msgId] by /roslaunch
[rosmaster.master][INFO] 2019-06-03 14:55:27,970: +PARAM [/STM2-CFG08/id] by /roslaunch
[rosmaster.master][INFO] 2019-06-03 14:55:27,970: +PARAM [/STM2-CFG81/rate] by /roslaunch
[rosmaster.master][INFO] 2019-06-03 14:55:27,971: +PARAM [/STM2-CFG38/msgClass] by /roslaunch
[rosmaster.master][INFO] 2019-06-03 14:55:27,971: +PARAM [/STM2-CFG34/msgId] by /roslaunch
[rosmaster.master][INFO] 2019-06-03 14:55:27,971: +PARAM [/STM2-CFG39/class] by /roslaunch
[rosmaster.master][INFO] 2019-06-03 14:55:27,972: +PARAM [/STM2-CFG38/msgId] by /roslaunch
[rosmaster.master][INFO] 2019-06-03 14:55:27,972: +PARAM [/STM2-CFG62/ioPorts] by /roslaunch
[rosmaster.master][INFO] 2019-06-03 14:55:27,972: +PARAM [/STM2-CFG42/id] by /roslaunch
[rosmaster.master][INFO] 2019-06-03 14:55:27,972: +PARAM [/STM2-CFG05/msgClass] by /roslaunch
[rosmaster.master][INFO] 2019-06-03 14:55:27,973: +PARAM [/STM2-CFG31/desc] by /roslaunch
[rosmaster.master][INFO] 2019-06-03 14:55:27,973: +PARAM [/STM2-CFG32/ioPorts] by /roslaunch
[rosmaster.master][INFO] 2019-06-03 14:55:27,973: +PARAM [/STM2-CFG04/class] by /roslaunch
[rosmaster.master][INFO] 2019-06-03 14:55:27,973: +PARAM [/STM2/QUEUE1/name] by /roslaunch
[rosmaster.master][INFO] 2019-06-03 14:55:27,974: +PARAM [/STM2-CFG63/msgClass] by /roslaunch
[rosmaster.master][INFO] 2019-06-03 14:55:27,974: +PARAM [/STM2-CFG03/msgClass] by /roslaunch
[rosmaster.master][INFO] 2019-06-03 14:55:27,974: +PARAM [/STM2-CFG08/desc] by /roslaunch
[rosmaster.master][INFO] 2019-06-03 14:55:27,975: +PARAM [/STM2-CFG60/class] by /roslaunch
[rosmaster.master][INFO] 2019-06-03 14:55:27,975: +PARAM [/STM2-CFG34/msgClass] by /roslaunch
[rosmaster.master][INFO] 2019-06-03 14:55:27,975: +PARAM [/rosversion] by /roslaunch
[rosmaster.master][INFO] 2019-06-03 14:55:27,975: +PARAM [/STM2-CFG07/id] by /roslaunch
[rosmaster.master][INFO] 2019-06-03 14:55:27,976: +PARAM [/STM2-CFG37/class] by /roslaunch
[rosmaster.master][INFO] 2019-06-03 14:55:27,976: +PARAM [/STM2-CFG61/desc] by /roslaunch
[rosmaster.master][INFO] 2019-06-03 14:55:27,976: +PARAM [/STM2-CFG60/desc] by /roslaunch
[rosmaster.master][INFO] 2019-06-03 14:55:27,976: +PARAM [/STM2-CFG81/desc] by /roslaunch
[rosmaster.master][INFO] 2019-06-03 14:55:27,977: +PARAM [/STM2-CFG05/class] by /roslaunch
[rosmaster.master][INFO] 2019-06-03 14:55:27,977: +PARAM [/STM1/QUEUE2/name] by /roslaunch
[rosmaster.master][INFO] 2019-06-03 14:55:27,977: +PARAM [/STM2-CFG08/msgClass] by /roslaunch
[rosmaster.master][INFO] 2019-06-03 14:55:27,978: +PARAM [/STM2-CFG31/msgId] by /roslaunch
[rosmaster.master][INFO] 2019-06-03 14:55:27,978: +PARAM [/STM2-CFG39/ioPorts] by /roslaunch
[rosmaster.master][INFO] 2019-06-03 14:55:27,978: +PARAM [/STM2-CFG06/ioPorts] by /roslaunch
[rosmaster.master][INFO] 2019-06-03 14:55:27,978: +PARAM [/STM2-CFG42/class] by /roslaunch
[rosmaster.master][INFO] 2019-06-03 14:55:27,979: +PARAM [/STM2-CFG33/class] by /roslaunch
[rosmaster.master][INFO] 2019-06-03 14:55:27,979: +PARAM [/STM2/baudrate] by /roslaunch
[rosmaster.master][INFO] 2019-06-03 14:55:31,930: -PUB [/rosout_agg] /rosout http://10.0.0.166:41444/
[rosmaster.master][INFO] 2019-06-03 14:55:31,933: -SUB [/rosout] /rosout http://10.0.0.166:41444/
[rosmaster.master][INFO] 2019-06-03 14:55:31,937: -SERVICE [/rosout/get_loggers] /rosout rosrpc://10.0.0.166:58253
[rosmaster.master][INFO] 2019-06-03 14:55:31,939: -SERVICE [/rosout/set_logger_level] /rosout rosrpc://10.0.0.166:58253
[rosmaster.main][INFO] 2019-06-03 14:55:32,059: keyboard interrupt, will exit
[rosmaster.main][INFO] 2019-06-03 14:55:32,060: stopping master...
[rospy.core][INFO] 2019-06-03 14:55:32,060: signal_shutdown [atexit]
