[rosmaster.main][INFO] 2019-06-03 13:03:10,459: initialization complete, waiting for shutdown
[rosmaster.main][INFO] 2019-06-03 13:03:10,460: Starting ROS Master Node
[xmlrpc][INFO] 2019-06-03 13:03:10,465: XML-RPC server binding to 0.0.0.0:11311
[xmlrpc][INFO] 2019-06-03 13:03:10,466: Started XML-RPC server [http://10.0.0.166:11311/]
[xmlrpc][INFO] 2019-06-03 13:03:10,466: xml rpc node: starting XML-RPC server
[rosmaster.master][INFO] 2019-06-03 13:03:10,467: Master initialized: port[11311], uri[http://10.0.0.166:11311/]
[rosmaster.master][INFO] 2019-06-03 13:03:10,557: +PARAM [/run_id] by /roslaunch
[rosmaster.master][INFO] 2019-06-03 13:03:10,563: +PARAM [/roslaunch/uris/host_10_0_0_166__33689] by /roslaunch
[rosmaster.master][INFO] 2019-06-03 13:03:11,068: +PARAM [/STM2-CFG35/msgClass] by /roslaunch
[rosmaster.master][INFO] 2019-06-03 13:03:11,070: +SERVICE [/rosout/get_loggers] /rosout http://10.0.0.166:43676/
[rosmaster.master][INFO] 2019-06-03 13:03:11,071: +PARAM [/STM2-CFG32/desc] by /roslaunch
[rosmaster.master][INFO] 2019-06-03 13:03:11,073: +PARAM [/STM2-CFG07/class] by /roslaunch
[rosmaster.master][INFO] 2019-06-03 13:03:11,075: +SERVICE [/rosout/set_logger_level] /rosout http://10.0.0.166:43676/
[rosmaster.master][INFO] 2019-06-03 13:03:11,075: +PARAM [/STM2-CFG07/desc] by /roslaunch
[rosmaster.master][INFO] 2019-06-03 13:03:11,077: +PARAM [/STM2-CFG03/id] by /roslaunch
[rosmaster.master][INFO] 2019-06-03 13:03:11,078: +PARAM [/STM2-CFG30/class] by /roslaunch
[rosmaster.master][INFO] 2019-06-03 13:03:11,079: +PARAM [/STM2-CFG32/msgClass] by /roslaunch
[rosmaster.master][INFO] 2019-06-03 13:03:11,080: +PARAM [/STM2-CFG34/ioPorts] by /roslaunch
[rosmaster.master][INFO] 2019-06-03 13:03:11,081: +PARAM [/STM2-CFG37/ioPorts] by /roslaunch
[rosmaster.master][INFO] 2019-06-03 13:03:11,081: +PARAM [/STM2-CFG33/ioPorts] by /roslaunch
[rosmaster.master][INFO] 2019-06-03 13:03:11,081: +PARAM [/STM2/retry] by /roslaunch
[rosmaster.master][INFO] 2019-06-03 13:03:11,082: +PARAM [/STM2-CFG31/id] by /roslaunch
[rosmaster.master][INFO] 2019-06-03 13:03:11,083: +PARAM [/STM2-CFG38/ioPorts] by /roslaunch
[rosmaster.master][INFO] 2019-06-03 13:03:11,084: +PUB [/rosout_agg] /rosout http://10.0.0.166:43676/
[rosmaster.master][INFO] 2019-06-03 13:03:11,084: +PARAM [/STM2-CFG30/msgId] by /roslaunch
[rosmaster.master][INFO] 2019-06-03 13:03:11,086: +PARAM [/STM2-CFG62/id] by /roslaunch
[rosmaster.master][INFO] 2019-06-03 13:03:11,086: +PARAM [/STM2-CFG62/desc] by /roslaunch
[rosmaster.master][INFO] 2019-06-03 13:03:11,087: +PARAM [/STM2-CFG42/ioPorts] by /roslaunch
[rosmaster.master][INFO] 2019-06-03 13:03:11,088: +PARAM [/STM2-CFG04/ioPorts] by /roslaunch
[rosmaster.master][INFO] 2019-06-03 13:03:11,089: +PARAM [/STM2-CFG39/id] by /roslaunch
[rosmaster.master][INFO] 2019-06-03 13:03:11,090: +PARAM [/STM2-CFG32/msgId] by /roslaunch
[rosmaster.master][INFO] 2019-06-03 13:03:11,090: +PARAM [/STM2-CFG40/msgId] by /roslaunch
[rosmaster.master][INFO] 2019-06-03 13:03:11,091: +PARAM [/STM2-CFG41/id] by /roslaunch
[rosmaster.master][INFO] 2019-06-03 13:03:11,093: +PARAM [/STM2-CFG30/ioPorts] by /roslaunch
[rosmaster.master][INFO] 2019-06-03 13:03:11,094: +PARAM [/STM2-CFG61/class] by /roslaunch
[rosmaster.master][INFO] 2019-06-03 13:03:11,095: +PARAM [/STM2-CFG33/msgClass] by /roslaunch
[rosmaster.master][INFO] 2019-06-03 13:03:11,095: +PARAM [/STM2-CFG61/msgId] by /roslaunch
[rosmaster.master][INFO] 2019-06-03 13:03:11,095: +PARAM [/STM2/QUEUE2/name] by /roslaunch
[rosmaster.master][INFO] 2019-06-03 13:03:11,096: +PARAM [/STM2-CFG37/id] by /roslaunch
[rosmaster.master][INFO] 2019-06-03 13:03:11,096: +PARAM [/STM2/QUEUE2/rw] by /roslaunch
[rosmaster.master][INFO] 2019-06-03 13:03:11,096: +PARAM [/STM2-CFG04/id] by /roslaunch
[rosmaster.master][INFO] 2019-06-03 13:03:11,097: +PARAM [/STM1/port] by /roslaunch
[rosmaster.master][INFO] 2019-06-03 13:03:11,097: +PARAM [/STM2-CFG03/class] by /roslaunch
[rosmaster.master][INFO] 2019-06-03 13:03:11,097: +PARAM [/STM2-CFG41/msgClass] by /roslaunch
[rosmaster.master][INFO] 2019-06-03 13:03:11,098: +PARAM [/STM2-CFG35/class] by /roslaunch
[rosmaster.master][INFO] 2019-06-03 13:03:11,098: +PARAM [/STM2-CFG40/class] by /roslaunch
[rosmaster.master][INFO] 2019-06-03 13:03:11,098: +PARAM [/STM2-CFG34/id] by /roslaunch
[rosmaster.master][INFO] 2019-06-03 13:03:11,099: +PARAM [/STM1/desc] by /roslaunch
[rosmaster.master][INFO] 2019-06-03 13:03:11,099: +PARAM [/STM2-CFG60/ioPorts] by /roslaunch
[rosmaster.master][INFO] 2019-06-03 13:03:11,099: +PARAM [/STM1/QUEUE1/rw] by /roslaunch
[rosmaster.master][INFO] 2019-06-03 13:03:11,099: +PARAM [/STM2-CFG05/desc] by /roslaunch
[rosmaster.master][INFO] 2019-06-03 13:03:11,100: +PARAM [/STM2-CFG06/class] by /roslaunch
[rosmaster.master][INFO] 2019-06-03 13:03:11,100: +PARAM [/STM2-CFG81/prot_in] by /roslaunch
[rosmaster.master][INFO] 2019-06-03 13:03:11,100: +PARAM [/STM2-CFG81/prot_out] by /roslaunch
[rosmaster.master][INFO] 2019-06-03 13:03:11,101: +PARAM [/STM2-CFG03/msgId] by /roslaunch
[rosmaster.master][INFO] 2019-06-03 13:03:11,101: +PARAM [/STM4/listener] by /roslaunch
[rosmaster.master][INFO] 2019-06-03 13:03:11,101: +PARAM [/STM2-CFG38/id] by /roslaunch
[rosmaster.master][INFO] 2019-06-03 13:03:11,103: +PARAM [/STM2-CFG63/ioPorts] by /roslaunch
[rosmaster.master][INFO] 2019-06-03 13:03:11,103: +PARAM [/STM2-CFG60/id] by /roslaunch
[rosmaster.master][INFO] 2019-06-03 13:03:11,104: +PARAM [/STM2/QUEUE2/type] by /roslaunch
[rosmaster.master][INFO] 2019-06-03 13:03:11,105: +PARAM [/STM2-CFG08/class] by /roslaunch
[rosmaster.master][INFO] 2019-06-03 13:03:11,105: +PARAM [/STM2-CFG40/ioPorts] by /roslaunch
[rosmaster.master][INFO] 2019-06-03 13:03:11,106: +PARAM [/STM2-CFG30/desc] by /roslaunch
[rosmaster.master][INFO] 2019-06-03 13:03:11,106: +PARAM [/STM2-CFG07/msgId] by /roslaunch
[rosmaster.master][INFO] 2019-06-03 13:03:11,106: +PARAM [/STM2-CFG63/desc] by /roslaunch
[rosmaster.master][INFO] 2019-06-03 13:03:11,107: +PARAM [/STM2-CFG41/msgId] by /roslaunch
[rosmaster.master][INFO] 2019-06-03 13:03:11,107: +PARAM [/STM2-CFG04/msgClass] by /roslaunch
[rosmaster.master][INFO] 2019-06-03 13:03:11,107: +PARAM [/STM2-CFG35/desc] by /roslaunch
[rosmaster.master][INFO] 2019-06-03 13:03:11,108: +PARAM [/STM2-CFG36/class] by /roslaunch
[rosmaster.master][INFO] 2019-06-03 13:03:11,108: +PARAM [/STM4/port] by /roslaunch
[rosmaster.master][INFO] 2019-06-03 13:03:11,108: +PARAM [/STM2-CFG06/msgId] by /roslaunch
[rosmaster.master][INFO] 2019-06-03 13:03:11,109: +PARAM [/rosdistro] by /roslaunch
[rosmaster.master][INFO] 2019-06-03 13:03:11,109: +PARAM [/STM2-CFG41/desc] by /roslaunch
[rosmaster.master][INFO] 2019-06-03 13:03:11,109: +PARAM [/STM2-CFG63/id] by /roslaunch
[rosmaster.master][INFO] 2019-06-03 13:03:11,111: +PARAM [/STM2-CFG39/msgClass] by /roslaunch
[rosmaster.master][INFO] 2019-06-03 13:03:11,111: +PARAM [/STM2-CFG08/msgId] by /roslaunch
[rosmaster.master][INFO] 2019-06-03 13:03:11,112: +PARAM [/STM2-CFG42/msgClass] by /roslaunch
[rosmaster.master][INFO] 2019-06-03 13:03:11,114: +PARAM [/STM4/type] by /roslaunch
[rosmaster.master][INFO] 2019-06-03 13:03:11,115: +PARAM [/STM2-CFG39/desc] by /roslaunch
[rosmaster.master][INFO] 2019-06-03 13:03:11,116: +PARAM [/STM2/port] by /roslaunch
[rosmaster.master][INFO] 2019-06-03 13:03:11,117: +SUB [/rosout] /rosout http://10.0.0.166:43676/
[rosmaster.master][INFO] 2019-06-03 13:03:11,117: +PARAM [/STM1/host] by /roslaunch
[rosmaster.master][INFO] 2019-06-03 13:03:11,118: +PARAM [/STM2-CFG31/ioPorts] by /roslaunch
[rosmaster.master][INFO] 2019-06-03 13:03:11,119: +PARAM [/STM2-CFG33/desc] by /roslaunch
[rosmaster.master][INFO] 2019-06-03 13:03:11,119: +PARAM [/STM2-CFG04/desc] by /roslaunch
[rosmaster.master][INFO] 2019-06-03 13:03:11,120: +PARAM [/STM1/QUEUE2/rw] by /roslaunch
[rosmaster.master][INFO] 2019-06-03 13:03:11,120: +PARAM [/STM4/host] by /roslaunch
[rosmaster.master][INFO] 2019-06-03 13:03:11,120: +PARAM [/STM2-CFG41/ioPorts] by /roslaunch
[rosmaster.master][INFO] 2019-06-03 13:03:11,121: +PARAM [/STM2-CFG03/desc] by /roslaunch
[rosmaster.master][INFO] 2019-06-03 13:03:11,121: +PARAM [/STM1/retry] by /roslaunch
[rosmaster.master][INFO] 2019-06-03 13:03:11,121: +PARAM [/STM2/QUEUE1/rw] by /roslaunch
[rosmaster.master][INFO] 2019-06-03 13:03:11,121: +PARAM [/STM2-CFG37/msgId] by /roslaunch
[rosmaster.master][INFO] 2019-06-03 13:03:11,122: +PARAM [/STM2-CFG30/id] by /roslaunch
[rosmaster.master][INFO] 2019-06-03 13:03:11,122: +PARAM [/STM2-CFG60/msgId] by /roslaunch
[rosmaster.master][INFO] 2019-06-03 13:03:11,122: +PARAM [/STM2-CFG07/msgClass] by /roslaunch
[rosmaster.master][INFO] 2019-06-03 13:03:11,122: +PARAM [/STM2-CFG40/id] by /roslaunch
[rosmaster.master][INFO] 2019-06-03 13:03:11,123: +PARAM [/STM2-CFG33/id] by /roslaunch
[rosmaster.master][INFO] 2019-06-03 13:03:11,123: +PARAM [/STM2-CFG38/desc] by /roslaunch
[rosmaster.master][INFO] 2019-06-03 13:03:11,123: +PARAM [/STM2-CFG63/class] by /roslaunch
[rosmaster.master][INFO] 2019-06-03 13:03:11,124: +PARAM [/STM2-CFG32/id] by /roslaunch
[rosmaster.master][INFO] 2019-06-03 13:03:11,124: +PARAM [/STM2-CFG06/id] by /roslaunch
[rosmaster.master][INFO] 2019-06-03 13:03:11,124: +PARAM [/STM2-CFG41/class] by /roslaunch
[rosmaster.master][INFO] 2019-06-03 13:03:11,125: +PARAM [/STM2-CFG06/desc] by /roslaunch
[rosmaster.master][INFO] 2019-06-03 13:03:11,125: +PARAM [/STM2-CFG63/msgId] by /roslaunch
[rosmaster.master][INFO] 2019-06-03 13:03:11,125: +PARAM [/STM2-CFG42/msgId] by /roslaunch
[rosmaster.master][INFO] 2019-06-03 13:03:11,126: +PARAM [/STM2-CFG36/msgId] by /roslaunch
[rosmaster.master][INFO] 2019-06-03 13:03:11,126: +PARAM [/STM2-CFG81/id] by /roslaunch
[rosmaster.master][INFO] 2019-06-03 13:03:11,126: +PARAM [/STM2-CFG35/id] by /roslaunch
[rosmaster.master][INFO] 2019-06-03 13:03:11,127: +PARAM [/STM2/QUEUE1/type] by /roslaunch
[rosmaster.master][INFO] 2019-06-03 13:03:11,127: +PARAM [/STM2-CFG62/msgClass] by /roslaunch
[rosmaster.master][INFO] 2019-06-03 13:03:11,127: +PARAM [/STM2/timeout] by /roslaunch
[rosmaster.master][INFO] 2019-06-03 13:03:11,127: +PARAM [/STM2-CFG05/id] by /roslaunch
[rosmaster.master][INFO] 2019-06-03 13:03:11,128: +PARAM [/STM1/QUEUE1/name] by /roslaunch
[rosmaster.master][INFO] 2019-06-03 13:03:11,128: +PARAM [/STM2-CFG33/msgId] by /roslaunch
[rosmaster.master][INFO] 2019-06-03 13:03:11,128: +PARAM [/STM2-CFG08/ioPorts] by /roslaunch
[rosmaster.master][INFO] 2019-06-03 13:03:11,129: +PARAM [/STM2-CFG62/class] by /roslaunch
[rosmaster.master][INFO] 2019-06-03 13:03:11,129: +PARAM [/STM2-CFG34/class] by /roslaunch
[rosmaster.master][INFO] 2019-06-03 13:03:11,129: +PARAM [/STM2-CFG35/msgId] by /roslaunch
[rosmaster.master][INFO] 2019-06-03 13:03:11,130: +PARAM [/STM2-CFG30/msgClass] by /roslaunch
[rosmaster.master][INFO] 2019-06-03 13:03:11,130: +PARAM [/STM2-CFG34/desc] by /roslaunch
[rosmaster.master][INFO] 2019-06-03 13:03:11,130: +PARAM [/STM2-CFG62/msgId] by /roslaunch
[rosmaster.master][INFO] 2019-06-03 13:03:11,131: +PARAM [/STM2-CFG42/desc] by /roslaunch
[rosmaster.master][INFO] 2019-06-03 13:03:11,131: +PARAM [/STM2-CFG61/id] by /roslaunch
[rosmaster.master][INFO] 2019-06-03 13:03:11,131: +PARAM [/STM4/retry] by /roslaunch
[rosmaster.master][INFO] 2019-06-03 13:03:11,132: +PARAM [/STM2-CFG38/class] by /roslaunch
[rosmaster.master][INFO] 2019-06-03 13:03:11,132: +PARAM [/STM2-CFG81/class] by /roslaunch
[rosmaster.master][INFO] 2019-06-03 13:03:11,132: +PARAM [/STM2/type] by /roslaunch
[rosmaster.master][INFO] 2019-06-03 13:03:11,132: +PARAM [/STM2-CFG31/msgClass] by /roslaunch
[rosmaster.master][INFO] 2019-06-03 13:03:11,133: +PARAM [/STM2-CFG05/ioPorts] by /roslaunch
[rosmaster.master][INFO] 2019-06-03 13:03:11,133: +PARAM [/STM2-CFG31/class] by /roslaunch
[rosmaster.master][INFO] 2019-06-03 13:03:11,133: +PARAM [/STM2-CFG35/ioPorts] by /roslaunch
[rosmaster.master][INFO] 2019-06-03 13:03:11,134: +PARAM [/STM2-CFG36/desc] by /roslaunch
[rosmaster.master][INFO] 2019-06-03 13:03:11,134: +PARAM [/STM2-CFG32/class] by /roslaunch
[rosmaster.master][INFO] 2019-06-03 13:03:11,134: +PARAM [/STM2-CFG61/ioPorts] by /roslaunch
[rosmaster.master][INFO] 2019-06-03 13:03:11,134: +PARAM [/STM2-CFG07/ioPorts] by /roslaunch
[rosmaster.master][INFO] 2019-06-03 13:03:11,135: +PARAM [/STM2/desc] by /roslaunch
[rosmaster.master][INFO] 2019-06-03 13:03:11,135: +PARAM [/STM2-CFG03/ioPorts] by /roslaunch
[rosmaster.master][INFO] 2019-06-03 13:03:11,135: +PARAM [/STM2-CFG37/desc] by /roslaunch
[rosmaster.master][INFO] 2019-06-03 13:03:11,136: +PARAM [/STM1/QUEUE1/type] by /roslaunch
[rosmaster.master][INFO] 2019-06-03 13:03:11,136: +PARAM [/STM2-CFG04/msgId] by /roslaunch
[rosmaster.master][INFO] 2019-06-03 13:03:11,136: +PARAM [/STM2-CFG36/msgClass] by /roslaunch
[rosmaster.master][INFO] 2019-06-03 13:03:11,136: +PARAM [/STM1/QUEUE2/type] by /roslaunch
[rosmaster.master][INFO] 2019-06-03 13:03:11,137: +PARAM [/STM2-CFG40/desc] by /roslaunch
[rosmaster.master][INFO] 2019-06-03 13:03:11,137: +PARAM [/STM1/type] by /roslaunch
[rosmaster.master][INFO] 2019-06-03 13:03:11,137: +PARAM [/STM2-CFG36/ioPorts] by /roslaunch
[rosmaster.master][INFO] 2019-06-03 13:03:11,137: +PARAM [/STM2-CFG40/msgClass] by /roslaunch
[rosmaster.master][INFO] 2019-06-03 13:03:11,138: +PARAM [/STM2-CFG39/msgId] by /roslaunch
[rosmaster.master][INFO] 2019-06-03 13:03:11,138: +PARAM [/STM2-CFG60/msgClass] by /roslaunch
[rosmaster.master][INFO] 2019-06-03 13:03:11,138: +PARAM [/STM4/desc] by /roslaunch
[rosmaster.master][INFO] 2019-06-03 13:03:11,139: +PARAM [/STM2-CFG06/msgClass] by /roslaunch
[rosmaster.master][INFO] 2019-06-03 13:03:11,139: +PARAM [/STM2-CFG36/id] by /roslaunch
[rosmaster.master][INFO] 2019-06-03 13:03:11,139: +PARAM [/STM2-CFG61/msgClass] by /roslaunch
[rosmaster.master][INFO] 2019-06-03 13:03:11,139: +PARAM [/STM2-CFG37/msgClass] by /roslaunch
[rosmaster.master][INFO] 2019-06-03 13:03:11,140: +PARAM [/STM2-CFG05/msgId] by /roslaunch
[rosmaster.master][INFO] 2019-06-03 13:03:11,140: +PARAM [/STM2-CFG08/id] by /roslaunch
[rosmaster.master][INFO] 2019-06-03 13:03:11,140: +PARAM [/STM2-CFG81/rate] by /roslaunch
[rosmaster.master][INFO] 2019-06-03 13:03:11,140: +PARAM [/STM2-CFG38/msgClass] by /roslaunch
[rosmaster.master][INFO] 2019-06-03 13:03:11,141: +PARAM [/STM2-CFG34/msgId] by /roslaunch
[rosmaster.master][INFO] 2019-06-03 13:03:11,141: +PARAM [/STM2-CFG39/class] by /roslaunch
[rosmaster.master][INFO] 2019-06-03 13:03:11,141: +PARAM [/STM2-CFG38/msgId] by /roslaunch
[rosmaster.master][INFO] 2019-06-03 13:03:11,142: +PARAM [/STM2-CFG62/ioPorts] by /roslaunch
[rosmaster.master][INFO] 2019-06-03 13:03:11,142: +PARAM [/STM2-CFG42/id] by /roslaunch
[rosmaster.master][INFO] 2019-06-03 13:03:11,142: +PARAM [/STM2-CFG05/msgClass] by /roslaunch
[rosmaster.master][INFO] 2019-06-03 13:03:11,142: +PARAM [/STM2-CFG31/desc] by /roslaunch
[rosmaster.master][INFO] 2019-06-03 13:03:11,143: +PARAM [/STM2-CFG32/ioPorts] by /roslaunch
[rosmaster.master][INFO] 2019-06-03 13:03:11,143: +PARAM [/STM2-CFG04/class] by /roslaunch
[rosmaster.master][INFO] 2019-06-03 13:03:11,143: +PARAM [/STM2/QUEUE1/name] by /roslaunch
[rosmaster.master][INFO] 2019-06-03 13:03:11,143: +PARAM [/STM2-CFG63/msgClass] by /roslaunch
[rosmaster.master][INFO] 2019-06-03 13:03:11,144: +PARAM [/STM2-CFG03/msgClass] by /roslaunch
[rosmaster.master][INFO] 2019-06-03 13:03:11,144: +PARAM [/STM2-CFG08/desc] by /roslaunch
[rosmaster.master][INFO] 2019-06-03 13:03:11,144: +PARAM [/STM2-CFG60/class] by /roslaunch
[rosmaster.master][INFO] 2019-06-03 13:03:11,145: +PARAM [/STM2-CFG34/msgClass] by /roslaunch
[rosmaster.master][INFO] 2019-06-03 13:03:11,145: +PARAM [/rosversion] by /roslaunch
[rosmaster.master][INFO] 2019-06-03 13:03:11,145: +PARAM [/STM2-CFG07/id] by /roslaunch
[rosmaster.master][INFO] 2019-06-03 13:03:11,145: +PARAM [/STM2-CFG37/class] by /roslaunch
[rosmaster.master][INFO] 2019-06-03 13:03:11,146: +PARAM [/STM2-CFG61/desc] by /roslaunch
[rosmaster.master][INFO] 2019-06-03 13:03:11,146: +PARAM [/STM2-CFG60/desc] by /roslaunch
[rosmaster.master][INFO] 2019-06-03 13:03:11,146: +PARAM [/STM2-CFG81/desc] by /roslaunch
[rosmaster.master][INFO] 2019-06-03 13:03:11,146: +PARAM [/STM2-CFG05/class] by /roslaunch
[rosmaster.master][INFO] 2019-06-03 13:03:11,147: +PARAM [/STM1/QUEUE2/name] by /roslaunch
[rosmaster.master][INFO] 2019-06-03 13:03:11,147: +PARAM [/STM2-CFG08/msgClass] by /roslaunch
[rosmaster.master][INFO] 2019-06-03 13:03:11,147: +PARAM [/STM2-CFG31/msgId] by /roslaunch
[rosmaster.master][INFO] 2019-06-03 13:03:11,148: +PARAM [/STM2-CFG39/ioPorts] by /roslaunch
[rosmaster.master][INFO] 2019-06-03 13:03:11,148: +PARAM [/STM2-CFG06/ioPorts] by /roslaunch
[rosmaster.master][INFO] 2019-06-03 13:03:11,148: +PARAM [/STM2-CFG42/class] by /roslaunch
[rosmaster.master][INFO] 2019-06-03 13:03:11,148: +PARAM [/STM2-CFG33/class] by /roslaunch
[rosmaster.master][INFO] 2019-06-03 13:03:11,149: +PARAM [/STM2/baudrate] by /roslaunch
[rosmaster.master][INFO] 2019-06-03 13:03:14,006: -PUB [/rosout_agg] /rosout http://10.0.0.166:43676/
[rosmaster.master][INFO] 2019-06-03 13:03:14,009: -SUB [/rosout] /rosout http://10.0.0.166:43676/
[rosmaster.master][INFO] 2019-06-03 13:03:14,012: -SERVICE [/rosout/get_loggers] /rosout rosrpc://10.0.0.166:46641
[rosmaster.master][INFO] 2019-06-03 13:03:14,014: -SERVICE [/rosout/set_logger_level] /rosout rosrpc://10.0.0.166:46641
[rosmaster.main][INFO] 2019-06-03 13:03:14,136: keyboard interrupt, will exit
[rosmaster.main][INFO] 2019-06-03 13:03:14,137: stopping master...
[rospy.core][INFO] 2019-06-03 13:03:14,137: signal_shutdown [atexit]
