[rosmaster.main][INFO] 2019-06-06 08:57:50,756: initialization complete, waiting for shutdown
[rosmaster.main][INFO] 2019-06-06 08:57:50,757: Starting ROS Master Node
[xmlrpc][INFO] 2019-06-06 08:57:50,761: XML-RPC server binding to 0.0.0.0:11311
[xmlrpc][INFO] 2019-06-06 08:57:50,762: Started XML-RPC server [http://10.0.0.166:11311/]
[xmlrpc][INFO] 2019-06-06 08:57:50,762: xml rpc node: starting XML-RPC server
[rosmaster.master][INFO] 2019-06-06 08:57:50,763: Master initialized: port[11311], uri[http://10.0.0.166:11311/]
[rosmaster.master][INFO] 2019-06-06 08:57:50,808: +PARAM [/run_id] by /roslaunch
[rosmaster.master][INFO] 2019-06-06 08:57:50,813: +PARAM [/roslaunch/uris/host_10_0_0_166__35763] by /roslaunch
[rosmaster.master][INFO] 2019-06-06 08:57:51,335: +PARAM [/STM2-CFG35/msgClass] by /roslaunch
[rosmaster.master][INFO] 2019-06-06 08:57:51,336: +PARAM [/STM2-CFG32/desc] by /roslaunch
[rosmaster.master][INFO] 2019-06-06 08:57:51,337: +PARAM [/STM2-CFG07/class] by /roslaunch
[rosmaster.master][INFO] 2019-06-06 08:57:51,337: +PARAM [/STM2-CFG07/desc] by /roslaunch
[rosmaster.master][INFO] 2019-06-06 08:57:51,338: +PARAM [/STM2-CFG03/id] by /roslaunch
[rosmaster.master][INFO] 2019-06-06 08:57:51,338: +PARAM [/STM2-CFG30/class] by /roslaunch
[rosmaster.master][INFO] 2019-06-06 08:57:51,341: +PARAM [/STM2-CFG32/msgClass] by /roslaunch
[rosmaster.master][INFO] 2019-06-06 08:57:51,341: +SERVICE [/rosout/get_loggers] /rosout http://10.0.0.166:33778/
[rosmaster.master][INFO] 2019-06-06 08:57:51,342: +PARAM [/STM2-CFG34/ioPorts] by /roslaunch
[rosmaster.master][INFO] 2019-06-06 08:57:51,343: +PARAM [/STM2-CFG37/ioPorts] by /roslaunch
[rosmaster.master][INFO] 2019-06-06 08:57:51,345: +PARAM [/STM2-CFG33/ioPorts] by /roslaunch
[rosmaster.master][INFO] 2019-06-06 08:57:51,346: +PARAM [/STM2/retry] by /roslaunch
[rosmaster.master][INFO] 2019-06-06 08:57:51,347: +PARAM [/STM2-CFG31/id] by /roslaunch
[rosmaster.master][INFO] 2019-06-06 08:57:51,349: +SERVICE [/rosout/set_logger_level] /rosout http://10.0.0.166:33778/
[rosmaster.master][INFO] 2019-06-06 08:57:51,349: +PARAM [/STM2-CFG38/ioPorts] by /roslaunch
[rosmaster.master][INFO] 2019-06-06 08:57:51,351: +PARAM [/STM2-CFG30/msgId] by /roslaunch
[rosmaster.master][INFO] 2019-06-06 08:57:51,351: +PARAM [/STM2-CFG62/id] by /roslaunch
[rosmaster.master][INFO] 2019-06-06 08:57:51,352: +PARAM [/STM2-CFG62/desc] by /roslaunch
[rosmaster.master][INFO] 2019-06-06 08:57:51,354: +PARAM [/STM2-CFG42/ioPorts] by /roslaunch
[rosmaster.master][INFO] 2019-06-06 08:57:51,355: +PARAM [/STM2-CFG04/ioPorts] by /roslaunch
[rosmaster.master][INFO] 2019-06-06 08:57:51,356: +PARAM [/STM2-CFG39/id] by /roslaunch
[rosmaster.master][INFO] 2019-06-06 08:57:51,356: +PARAM [/STM2-CFG32/msgId] by /roslaunch
[rosmaster.master][INFO] 2019-06-06 08:57:51,357: +PARAM [/STM2-CFG40/msgId] by /roslaunch
[rosmaster.master][INFO] 2019-06-06 08:57:51,358: +PARAM [/STM2-CFG41/id] by /roslaunch
[rosmaster.master][INFO] 2019-06-06 08:57:51,359: +PARAM [/STM2-CFG30/ioPorts] by /roslaunch
[rosmaster.master][INFO] 2019-06-06 08:57:51,360: +PUB [/rosout_agg] /rosout http://10.0.0.166:33778/
[rosmaster.master][INFO] 2019-06-06 08:57:51,360: +PARAM [/STM2-CFG61/class] by /roslaunch
[rosmaster.master][INFO] 2019-06-06 08:57:51,361: +PARAM [/STM2-CFG33/msgClass] by /roslaunch
[rosmaster.master][INFO] 2019-06-06 08:57:51,362: +PARAM [/STM2-CFG61/msgId] by /roslaunch
[rosmaster.master][INFO] 2019-06-06 08:57:51,363: +PARAM [/STM2/QUEUE2/name] by /roslaunch
[rosmaster.master][INFO] 2019-06-06 08:57:51,365: +PARAM [/STM2-CFG37/id] by /roslaunch
[rosmaster.master][INFO] 2019-06-06 08:57:51,366: +PARAM [/STM2/QUEUE2/rw] by /roslaunch
[rosmaster.master][INFO] 2019-06-06 08:57:51,366: +PARAM [/STM2-CFG04/id] by /roslaunch
[rosmaster.master][INFO] 2019-06-06 08:57:51,367: +PARAM [/STM1/port] by /roslaunch
[rosmaster.master][INFO] 2019-06-06 08:57:51,370: +PARAM [/STM2-CFG03/class] by /roslaunch
[rosmaster.master][INFO] 2019-06-06 08:57:51,373: +PARAM [/STM2-CFG41/msgClass] by /roslaunch
[rosmaster.master][INFO] 2019-06-06 08:57:51,373: +PARAM [/STM2-CFG35/class] by /roslaunch
[rosmaster.master][INFO] 2019-06-06 08:57:51,374: +PARAM [/STM2-CFG40/class] by /roslaunch
[rosmaster.master][INFO] 2019-06-06 08:57:51,377: +PARAM [/STM2-CFG34/id] by /roslaunch
[rosmaster.master][INFO] 2019-06-06 08:57:51,379: +PARAM [/STM1/desc] by /roslaunch
[rosmaster.master][INFO] 2019-06-06 08:57:51,380: +PARAM [/STM2-CFG60/ioPorts] by /roslaunch
[rosmaster.master][INFO] 2019-06-06 08:57:51,382: +SUB [/rosout] /rosout http://10.0.0.166:33778/
[rosmaster.master][INFO] 2019-06-06 08:57:51,382: +PARAM [/STM1/QUEUE1/rw] by /roslaunch
[rosmaster.master][INFO] 2019-06-06 08:57:51,384: +PARAM [/STM2-CFG05/desc] by /roslaunch
[rosmaster.master][INFO] 2019-06-06 08:57:51,385: +PARAM [/STM2-CFG06/class] by /roslaunch
[rosmaster.master][INFO] 2019-06-06 08:57:51,385: +PARAM [/STM2-CFG81/prot_in] by /roslaunch
[rosmaster.master][INFO] 2019-06-06 08:57:51,385: +PARAM [/STM2-CFG81/prot_out] by /roslaunch
[rosmaster.master][INFO] 2019-06-06 08:57:51,386: +PARAM [/STM2-CFG03/msgId] by /roslaunch
[rosmaster.master][INFO] 2019-06-06 08:57:51,386: +PARAM [/STM4/listener] by /roslaunch
[rosmaster.master][INFO] 2019-06-06 08:57:51,386: +PARAM [/STM2-CFG38/id] by /roslaunch
[rosmaster.master][INFO] 2019-06-06 08:57:51,387: +PARAM [/STM2-CFG63/ioPorts] by /roslaunch
[rosmaster.master][INFO] 2019-06-06 08:57:51,387: +PARAM [/STM2-CFG60/id] by /roslaunch
[rosmaster.master][INFO] 2019-06-06 08:57:51,387: +PARAM [/STM2/QUEUE2/type] by /roslaunch
[rosmaster.master][INFO] 2019-06-06 08:57:51,388: +PARAM [/STM2-CFG08/class] by /roslaunch
[rosmaster.master][INFO] 2019-06-06 08:57:51,388: +PARAM [/STM2-CFG40/ioPorts] by /roslaunch
[rosmaster.master][INFO] 2019-06-06 08:57:51,388: +PARAM [/STM2-CFG30/desc] by /roslaunch
[rosmaster.master][INFO] 2019-06-06 08:57:51,389: +PARAM [/STM2-CFG07/msgId] by /roslaunch
[rosmaster.master][INFO] 2019-06-06 08:57:51,389: +PARAM [/STM2-CFG63/desc] by /roslaunch
[rosmaster.master][INFO] 2019-06-06 08:57:51,389: +PARAM [/STM2-CFG41/msgId] by /roslaunch
[rosmaster.master][INFO] 2019-06-06 08:57:51,389: +PARAM [/STM2-CFG04/msgClass] by /roslaunch
[rosmaster.master][INFO] 2019-06-06 08:57:51,390: +PARAM [/STM2-CFG35/desc] by /roslaunch
[rosmaster.master][INFO] 2019-06-06 08:57:51,390: +PARAM [/STM2-CFG36/class] by /roslaunch
[rosmaster.master][INFO] 2019-06-06 08:57:51,390: +PARAM [/STM4/port] by /roslaunch
[rosmaster.master][INFO] 2019-06-06 08:57:51,391: +PARAM [/STM2-CFG06/msgId] by /roslaunch
[rosmaster.master][INFO] 2019-06-06 08:57:51,391: +PARAM [/rosdistro] by /roslaunch
[rosmaster.master][INFO] 2019-06-06 08:57:51,391: +PARAM [/STM2-CFG41/desc] by /roslaunch
[rosmaster.master][INFO] 2019-06-06 08:57:51,391: +PARAM [/STM2-CFG63/id] by /roslaunch
[rosmaster.master][INFO] 2019-06-06 08:57:51,392: +PARAM [/STM2-CFG39/msgClass] by /roslaunch
[rosmaster.master][INFO] 2019-06-06 08:57:51,392: +PARAM [/STM2-CFG08/msgId] by /roslaunch
[rosmaster.master][INFO] 2019-06-06 08:57:51,392: +PARAM [/STM2-CFG42/msgClass] by /roslaunch
[rosmaster.master][INFO] 2019-06-06 08:57:51,392: +PARAM [/STM4/type] by /roslaunch
[rosmaster.master][INFO] 2019-06-06 08:57:51,393: +PARAM [/STM2-CFG39/desc] by /roslaunch
[rosmaster.master][INFO] 2019-06-06 08:57:51,393: +PARAM [/STM2/port] by /roslaunch
[rosmaster.master][INFO] 2019-06-06 08:57:51,393: +PARAM [/STM1/host] by /roslaunch
[rosmaster.master][INFO] 2019-06-06 08:57:51,394: +PARAM [/STM2-CFG31/ioPorts] by /roslaunch
[rosmaster.master][INFO] 2019-06-06 08:57:51,394: +PARAM [/STM2-CFG33/desc] by /roslaunch
[rosmaster.master][INFO] 2019-06-06 08:57:51,394: +PARAM [/STM2-CFG04/desc] by /roslaunch
[rosmaster.master][INFO] 2019-06-06 08:57:51,394: +PARAM [/STM1/QUEUE2/rw] by /roslaunch
[rosmaster.master][INFO] 2019-06-06 08:57:51,395: +PARAM [/STM4/host] by /roslaunch
[rosmaster.master][INFO] 2019-06-06 08:57:51,395: +PARAM [/STM2-CFG41/ioPorts] by /roslaunch
[rosmaster.master][INFO] 2019-06-06 08:57:51,395: +PARAM [/STM2-CFG03/desc] by /roslaunch
[rosmaster.master][INFO] 2019-06-06 08:57:51,396: +PARAM [/STM1/retry] by /roslaunch
[rosmaster.master][INFO] 2019-06-06 08:57:51,396: +PARAM [/STM2/QUEUE1/rw] by /roslaunch
[rosmaster.master][INFO] 2019-06-06 08:57:51,396: +PARAM [/STM2-CFG37/msgId] by /roslaunch
[rosmaster.master][INFO] 2019-06-06 08:57:51,396: +PARAM [/STM2-CFG30/id] by /roslaunch
[rosmaster.master][INFO] 2019-06-06 08:57:51,397: +PARAM [/STM2-CFG60/msgId] by /roslaunch
[rosmaster.master][INFO] 2019-06-06 08:57:51,397: +PARAM [/STM2-CFG07/msgClass] by /roslaunch
[rosmaster.master][INFO] 2019-06-06 08:57:51,397: +PARAM [/STM2-CFG40/id] by /roslaunch
[rosmaster.master][INFO] 2019-06-06 08:57:51,398: +PARAM [/STM2-CFG33/id] by /roslaunch
[rosmaster.master][INFO] 2019-06-06 08:57:51,398: +PARAM [/STM2-CFG38/desc] by /roslaunch
[rosmaster.master][INFO] 2019-06-06 08:57:51,398: +PARAM [/STM2-CFG63/class] by /roslaunch
[rosmaster.master][INFO] 2019-06-06 08:57:51,398: +PARAM [/STM2-CFG32/id] by /roslaunch
[rosmaster.master][INFO] 2019-06-06 08:57:51,399: +PARAM [/STM2-CFG06/id] by /roslaunch
[rosmaster.master][INFO] 2019-06-06 08:57:51,399: +PARAM [/STM2-CFG41/class] by /roslaunch
[rosmaster.master][INFO] 2019-06-06 08:57:51,399: +PARAM [/STM2-CFG06/desc] by /roslaunch
[rosmaster.master][INFO] 2019-06-06 08:57:51,400: +PARAM [/STM2-CFG63/msgId] by /roslaunch
[rosmaster.master][INFO] 2019-06-06 08:57:51,400: +PARAM [/STM2-CFG42/msgId] by /roslaunch
[rosmaster.master][INFO] 2019-06-06 08:57:51,400: +PARAM [/STM2-CFG36/msgId] by /roslaunch
[rosmaster.master][INFO] 2019-06-06 08:57:51,400: +PARAM [/STM2-CFG81/id] by /roslaunch
[rosmaster.master][INFO] 2019-06-06 08:57:51,401: +PARAM [/STM2-CFG35/id] by /roslaunch
[rosmaster.master][INFO] 2019-06-06 08:57:51,401: +PARAM [/STM2/QUEUE1/type] by /roslaunch
[rosmaster.master][INFO] 2019-06-06 08:57:51,401: +PARAM [/STM2-CFG62/msgClass] by /roslaunch
[rosmaster.master][INFO] 2019-06-06 08:57:51,401: +PARAM [/STM2/timeout] by /roslaunch
[rosmaster.master][INFO] 2019-06-06 08:57:51,402: +PARAM [/STM2-CFG05/id] by /roslaunch
[rosmaster.master][INFO] 2019-06-06 08:57:51,402: +PARAM [/STM1/QUEUE1/name] by /roslaunch
[rosmaster.master][INFO] 2019-06-06 08:57:51,402: +PARAM [/STM2-CFG33/msgId] by /roslaunch
[rosmaster.master][INFO] 2019-06-06 08:57:51,403: +PARAM [/STM2-CFG08/ioPorts] by /roslaunch
[rosmaster.master][INFO] 2019-06-06 08:57:51,403: +PARAM [/STM2-CFG62/class] by /roslaunch
[rosmaster.master][INFO] 2019-06-06 08:57:51,403: +PARAM [/STM2-CFG34/class] by /roslaunch
[rosmaster.master][INFO] 2019-06-06 08:57:51,403: +PARAM [/STM2-CFG35/msgId] by /roslaunch
[rosmaster.master][INFO] 2019-06-06 08:57:51,404: +PARAM [/STM2-CFG30/msgClass] by /roslaunch
[rosmaster.master][INFO] 2019-06-06 08:57:51,404: +PARAM [/STM2-CFG34/desc] by /roslaunch
[rosmaster.master][INFO] 2019-06-06 08:57:51,404: +PARAM [/STM2-CFG62/msgId] by /roslaunch
[rosmaster.master][INFO] 2019-06-06 08:57:51,405: +PARAM [/STM2-CFG42/desc] by /roslaunch
[rosmaster.master][INFO] 2019-06-06 08:57:51,405: +PARAM [/STM2-CFG61/id] by /roslaunch
[rosmaster.master][INFO] 2019-06-06 08:57:51,405: +PARAM [/STM4/retry] by /roslaunch
[rosmaster.master][INFO] 2019-06-06 08:57:51,405: +PARAM [/STM2-CFG38/class] by /roslaunch
[rosmaster.master][INFO] 2019-06-06 08:57:51,406: +PARAM [/STM2-CFG81/class] by /roslaunch
[rosmaster.master][INFO] 2019-06-06 08:57:51,406: +PARAM [/STM2/type] by /roslaunch
[rosmaster.master][INFO] 2019-06-06 08:57:51,407: +PARAM [/STM2-CFG31/msgClass] by /roslaunch
[rosmaster.master][INFO] 2019-06-06 08:57:51,407: +PARAM [/STM2-CFG05/ioPorts] by /roslaunch
[rosmaster.master][INFO] 2019-06-06 08:57:51,407: +PARAM [/STM2-CFG31/class] by /roslaunch
[rosmaster.master][INFO] 2019-06-06 08:57:51,407: +PARAM [/STM2-CFG35/ioPorts] by /roslaunch
[rosmaster.master][INFO] 2019-06-06 08:57:51,408: +PARAM [/STM2-CFG36/desc] by /roslaunch
[rosmaster.master][INFO] 2019-06-06 08:57:51,408: +PARAM [/STM2-CFG32/class] by /roslaunch
[rosmaster.master][INFO] 2019-06-06 08:57:51,408: +PARAM [/STM2-CFG61/ioPorts] by /roslaunch
[rosmaster.master][INFO] 2019-06-06 08:57:51,408: +PARAM [/STM2-CFG07/ioPorts] by /roslaunch
[rosmaster.master][INFO] 2019-06-06 08:57:51,409: +PARAM [/STM2/desc] by /roslaunch
[rosmaster.master][INFO] 2019-06-06 08:57:51,409: +PARAM [/STM2-CFG03/ioPorts] by /roslaunch
[rosmaster.master][INFO] 2019-06-06 08:57:51,409: +PARAM [/STM2-CFG37/desc] by /roslaunch
[rosmaster.master][INFO] 2019-06-06 08:57:51,410: +PARAM [/STM1/QUEUE1/type] by /roslaunch
[rosmaster.master][INFO] 2019-06-06 08:57:51,410: +PARAM [/STM2-CFG04/msgId] by /roslaunch
[rosmaster.master][INFO] 2019-06-06 08:57:51,410: +PARAM [/STM2-CFG36/msgClass] by /roslaunch
[rosmaster.master][INFO] 2019-06-06 08:57:51,410: +PARAM [/STM1/QUEUE2/type] by /roslaunch
[rosmaster.master][INFO] 2019-06-06 08:57:51,411: +PARAM [/STM2-CFG40/desc] by /roslaunch
[rosmaster.master][INFO] 2019-06-06 08:57:51,411: +PARAM [/STM1/type] by /roslaunch
[rosmaster.master][INFO] 2019-06-06 08:57:51,411: +PARAM [/STM2-CFG36/ioPorts] by /roslaunch
[rosmaster.master][INFO] 2019-06-06 08:57:51,412: +PARAM [/STM2-CFG40/msgClass] by /roslaunch
[rosmaster.master][INFO] 2019-06-06 08:57:51,412: +PARAM [/STM2-CFG39/msgId] by /roslaunch
[rosmaster.master][INFO] 2019-06-06 08:57:51,412: +PARAM [/STM2-CFG60/msgClass] by /roslaunch
[rosmaster.master][INFO] 2019-06-06 08:57:51,412: +PARAM [/STM4/desc] by /roslaunch
[rosmaster.master][INFO] 2019-06-06 08:57:51,413: +PARAM [/STM2-CFG06/msgClass] by /roslaunch
[rosmaster.master][INFO] 2019-06-06 08:57:51,413: +PARAM [/STM2-CFG36/id] by /roslaunch
[rosmaster.master][INFO] 2019-06-06 08:57:51,413: +PARAM [/STM2-CFG61/msgClass] by /roslaunch
[rosmaster.master][INFO] 2019-06-06 08:57:51,414: +PARAM [/STM2-CFG37/msgClass] by /roslaunch
[rosmaster.master][INFO] 2019-06-06 08:57:51,414: +PARAM [/STM2-CFG05/msgId] by /roslaunch
[rosmaster.master][INFO] 2019-06-06 08:57:51,414: +PARAM [/STM2-CFG08/id] by /roslaunch
[rosmaster.master][INFO] 2019-06-06 08:57:51,414: +PARAM [/STM2-CFG81/rate] by /roslaunch
[rosmaster.master][INFO] 2019-06-06 08:57:51,415: +PARAM [/STM2-CFG38/msgClass] by /roslaunch
[rosmaster.master][INFO] 2019-06-06 08:57:51,415: +PARAM [/STM2-CFG34/msgId] by /roslaunch
[rosmaster.master][INFO] 2019-06-06 08:57:51,415: +PARAM [/STM2-CFG39/class] by /roslaunch
[rosmaster.master][INFO] 2019-06-06 08:57:51,416: +PARAM [/STM2-CFG38/msgId] by /roslaunch
[rosmaster.master][INFO] 2019-06-06 08:57:51,416: +PARAM [/STM2-CFG62/ioPorts] by /roslaunch
[rosmaster.master][INFO] 2019-06-06 08:57:51,416: +PARAM [/STM2-CFG42/id] by /roslaunch
[rosmaster.master][INFO] 2019-06-06 08:57:51,416: +PARAM [/STM2-CFG05/msgClass] by /roslaunch
[rosmaster.master][INFO] 2019-06-06 08:57:51,417: +PARAM [/STM2-CFG31/desc] by /roslaunch
[rosmaster.master][INFO] 2019-06-06 08:57:51,417: +PARAM [/STM2-CFG32/ioPorts] by /roslaunch
[rosmaster.master][INFO] 2019-06-06 08:57:51,417: +PARAM [/STM2-CFG04/class] by /roslaunch
[rosmaster.master][INFO] 2019-06-06 08:57:51,417: +PARAM [/STM2/QUEUE1/name] by /roslaunch
[rosmaster.master][INFO] 2019-06-06 08:57:51,418: +PARAM [/STM2-CFG63/msgClass] by /roslaunch
[rosmaster.master][INFO] 2019-06-06 08:57:51,418: +PARAM [/STM2-CFG03/msgClass] by /roslaunch
[rosmaster.master][INFO] 2019-06-06 08:57:51,418: +PARAM [/STM2-CFG08/desc] by /roslaunch
[rosmaster.master][INFO] 2019-06-06 08:57:51,419: +PARAM [/STM2-CFG60/class] by /roslaunch
[rosmaster.master][INFO] 2019-06-06 08:57:51,419: +PARAM [/STM2-CFG34/msgClass] by /roslaunch
[rosmaster.master][INFO] 2019-06-06 08:57:51,419: +PARAM [/rosversion] by /roslaunch
[rosmaster.master][INFO] 2019-06-06 08:57:51,419: +PARAM [/STM2-CFG07/id] by /roslaunch
[rosmaster.master][INFO] 2019-06-06 08:57:51,420: +PARAM [/STM2-CFG37/class] by /roslaunch
[rosmaster.master][INFO] 2019-06-06 08:57:51,420: +PARAM [/STM2-CFG61/desc] by /roslaunch
[rosmaster.master][INFO] 2019-06-06 08:57:51,420: +PARAM [/STM2-CFG60/desc] by /roslaunch
[rosmaster.master][INFO] 2019-06-06 08:57:51,421: +PARAM [/STM2-CFG81/desc] by /roslaunch
[rosmaster.master][INFO] 2019-06-06 08:57:51,421: +PARAM [/STM2-CFG05/class] by /roslaunch
[rosmaster.master][INFO] 2019-06-06 08:57:51,421: +PARAM [/STM1/QUEUE2/name] by /roslaunch
[rosmaster.master][INFO] 2019-06-06 08:57:51,421: +PARAM [/STM2-CFG08/msgClass] by /roslaunch
[rosmaster.master][INFO] 2019-06-06 08:57:51,422: +PARAM [/STM2-CFG31/msgId] by /roslaunch
[rosmaster.master][INFO] 2019-06-06 08:57:51,422: +PARAM [/STM2-CFG39/ioPorts] by /roslaunch
[rosmaster.master][INFO] 2019-06-06 08:57:51,422: +PARAM [/STM2-CFG06/ioPorts] by /roslaunch
[rosmaster.master][INFO] 2019-06-06 08:57:51,423: +PARAM [/STM2-CFG42/class] by /roslaunch
[rosmaster.master][INFO] 2019-06-06 08:57:51,423: +PARAM [/STM2-CFG33/class] by /roslaunch
[rosmaster.master][INFO] 2019-06-06 08:57:51,423: +PARAM [/STM2/baudrate] by /roslaunch
[rosmaster.master][INFO] 2019-06-06 08:57:53,131: +PUB [/rosout] /gnss_node http://10.0.0.166:36116/
[rosmaster.master][INFO] 2019-06-06 08:57:53,142: +SERVICE [/gnss_node/get_loggers] /gnss_node http://10.0.0.166:36116/
[rosmaster.master][INFO] 2019-06-06 08:57:53,147: +SERVICE [/gnss_node/set_logger_level] /gnss_node http://10.0.0.166:36116/
[rosmaster.master][INFO] 2019-06-06 08:57:53,156: +SUB [/gnss_control] /gnss_node http://10.0.0.166:36116/
[rosmaster.master][INFO] 2019-06-06 08:57:53,161: +PUB [/gnss_status] /gnss_node http://10.0.0.166:36116/
[rosmaster.master][INFO] 2019-06-06 08:57:53,166: +PUB [/mavlink/to] /gnss_node http://10.0.0.166:36116/
[rosmaster.master][INFO] 2019-06-06 08:57:53,171: publisherUpdate[/rosout] -> http://10.0.0.166:33778/ ['http://10.0.0.166:36116/']
[rosmaster.master][INFO] 2019-06-06 08:57:53,175: publisherUpdate[/rosout] -> http://10.0.0.166:33778/ ['http://10.0.0.166:36116/']: sec=0.00, result=[1, '', 0]
[rosmaster.master][INFO] 2019-06-06 08:57:53,228: +SUB [/STM1] /gnss_node http://10.0.0.166:36116/
[rosmaster.master][INFO] 2019-06-06 08:57:53,245: +SUB [/STM2] /gnss_node http://10.0.0.166:36116/
[rosmaster.master][INFO] 2019-06-06 08:57:53,279: +SUB [/STM4] /gnss_node http://10.0.0.166:36116/
[rosmaster.master][INFO] 2019-06-06 08:58:03,085: -SUB [/STM2] /gnss_node http://10.0.0.166:36116/
[rosmaster.master][INFO] 2019-06-06 08:58:03,085: -SUB [/gnss_control] /gnss_node http://10.0.0.166:36116/
[rosmaster.master][INFO] 2019-06-06 08:58:03,086: -SUB [/STM4] /gnss_node http://10.0.0.166:36116/
[rosmaster.master][INFO] 2019-06-06 08:58:03,086: -SUB [/STM1] /gnss_node http://10.0.0.166:36116/
[rosmaster.master][INFO] 2019-06-06 08:58:03,086: -PUB [/rosout] /gnss_node http://10.0.0.166:36116/
[rosmaster.master][INFO] 2019-06-06 08:58:03,087: -PUB [/mavlink/to] /gnss_node http://10.0.0.166:36116/
[rosmaster.master][INFO] 2019-06-06 08:58:03,087: -PUB [/gnss_status] /gnss_node http://10.0.0.166:36116/
[rosmaster.master][INFO] 2019-06-06 08:58:03,088: -SERVICE [/gnss_node/set_logger_level] /gnss_node rosrpc://10.0.0.166:42694
[rosmaster.master][INFO] 2019-06-06 08:58:03,088: -SERVICE [/gnss_node/get_loggers] /gnss_node rosrpc://10.0.0.166:42694
[rosmaster.master][INFO] 2019-06-06 08:58:03,137: publisherUpdate[/rosout] -> http://10.0.0.166:33778/ []
[rosmaster.master][INFO] 2019-06-06 08:58:03,140: publisherUpdate[/rosout] -> http://10.0.0.166:33778/ []: sec=0.00, result=[1, '', 0]
[rosmaster.master][INFO] 2019-06-06 08:58:18,709: -PUB [/rosout_agg] /rosout http://10.0.0.166:33778/
[rosmaster.master][INFO] 2019-06-06 08:58:18,716: -SUB [/rosout] /rosout http://10.0.0.166:33778/
[rosmaster.master][INFO] 2019-06-06 08:58:18,721: -SERVICE [/rosout/get_loggers] /rosout rosrpc://10.0.0.166:51307
[rosmaster.master][INFO] 2019-06-06 08:58:18,725: -SERVICE [/rosout/set_logger_level] /rosout rosrpc://10.0.0.166:51307
[rosmaster.main][INFO] 2019-06-06 08:58:18,860: keyboard interrupt, will exit
[rosmaster.main][INFO] 2019-06-06 08:58:18,861: stopping master...
[rospy.core][INFO] 2019-06-06 08:58:18,861: signal_shutdown [atexit]
