[rosmaster.main][INFO] 2019-06-02 16:08:41,365: initialization complete, waiting for shutdown
[rosmaster.main][INFO] 2019-06-02 16:08:41,365: Starting ROS Master Node
[xmlrpc][INFO] 2019-06-02 16:08:41,370: XML-RPC server binding to 0.0.0.0:11311
[xmlrpc][INFO] 2019-06-02 16:08:41,372: Started XML-RPC server [http://10.0.0.166:11311/]
[xmlrpc][INFO] 2019-06-02 16:08:41,373: xml rpc node: starting XML-RPC server
[rosmaster.master][INFO] 2019-06-02 16:08:41,374: Master initialized: port[11311], uri[http://10.0.0.166:11311/]
[rosmaster.master][INFO] 2019-06-02 16:08:41,451: +PARAM [/run_id] by /roslaunch
[rosmaster.master][INFO] 2019-06-02 16:08:41,456: +PARAM [/roslaunch/uris/host_10_0_0_166__38354] by /roslaunch
[rosmaster.master][INFO] 2019-06-02 16:08:41,938: +SERVICE [/rosout/get_loggers] /rosout http://10.0.0.166:33770/
[rosmaster.master][INFO] 2019-06-02 16:08:41,991: +PARAM [/STM2-CFG35/msgClass] by /roslaunch
[rosmaster.master][INFO] 2019-06-02 16:08:41,992: +PARAM [/STM2-CFG32/desc] by /roslaunch
[rosmaster.master][INFO] 2019-06-02 16:08:41,992: +PARAM [/STM2-CFG07/class] by /roslaunch
[rosmaster.master][INFO] 2019-06-02 16:08:41,992: +PARAM [/STM2-CFG07/desc] by /roslaunch
[rosmaster.master][INFO] 2019-06-02 16:08:41,993: +PARAM [/STM2-CFG03/id] by /roslaunch
[rosmaster.master][INFO] 2019-06-02 16:08:41,994: +PARAM [/STM2-CFG30/class] by /roslaunch
[rosmaster.master][INFO] 2019-06-02 16:08:41,995: +SERVICE [/rosout/set_logger_level] /rosout http://10.0.0.166:33770/
[rosmaster.master][INFO] 2019-06-02 16:08:41,995: +PARAM [/STM2-CFG32/msgClass] by /roslaunch
[rosmaster.master][INFO] 2019-06-02 16:08:41,997: +PARAM [/STM2-CFG34/ioPorts] by /roslaunch
[rosmaster.master][INFO] 2019-06-02 16:08:41,998: +PARAM [/STM2-CFG37/ioPorts] by /roslaunch
[rosmaster.master][INFO] 2019-06-02 16:08:41,999: +PARAM [/STM2-CFG33/ioPorts] by /roslaunch
[rosmaster.master][INFO] 2019-06-02 16:08:42,000: +PARAM [/STM2/retry] by /roslaunch
[rosmaster.master][INFO] 2019-06-02 16:08:42,001: +PARAM [/STM2-CFG31/id] by /roslaunch
[rosmaster.master][INFO] 2019-06-02 16:08:42,002: +PUB [/rosout_agg] /rosout http://10.0.0.166:33770/
[rosmaster.master][INFO] 2019-06-02 16:08:42,003: +PARAM [/STM2-CFG38/ioPorts] by /roslaunch
[rosmaster.master][INFO] 2019-06-02 16:08:42,004: +PARAM [/STM2-CFG30/msgId] by /roslaunch
[rosmaster.master][INFO] 2019-06-02 16:08:42,004: +PARAM [/STM2-CFG62/id] by /roslaunch
[rosmaster.master][INFO] 2019-06-02 16:08:42,005: +PARAM [/STM2-CFG62/desc] by /roslaunch
[rosmaster.master][INFO] 2019-06-02 16:08:42,007: +PARAM [/STM2-CFG42/ioPorts] by /roslaunch
[rosmaster.master][INFO] 2019-06-02 16:08:42,008: +PARAM [/STM2-CFG04/ioPorts] by /roslaunch
[rosmaster.master][INFO] 2019-06-02 16:08:42,008: +PARAM [/STM2-CFG39/id] by /roslaunch
[rosmaster.master][INFO] 2019-06-02 16:08:42,010: +PARAM [/STM2-CFG32/msgId] by /roslaunch
[rosmaster.master][INFO] 2019-06-02 16:08:42,011: +PARAM [/STM2-CFG40/msgId] by /roslaunch
[rosmaster.master][INFO] 2019-06-02 16:08:42,011: +PARAM [/STM2-CFG41/id] by /roslaunch
[rosmaster.master][INFO] 2019-06-02 16:08:42,012: +PARAM [/STM2-CFG30/ioPorts] by /roslaunch
[rosmaster.master][INFO] 2019-06-02 16:08:42,014: +PARAM [/STM2-CFG61/class] by /roslaunch
[rosmaster.master][INFO] 2019-06-02 16:08:42,014: +PARAM [/STM2-CFG33/msgClass] by /roslaunch
[rosmaster.master][INFO] 2019-06-02 16:08:42,015: +PARAM [/STM2-CFG61/msgId] by /roslaunch
[rosmaster.master][INFO] 2019-06-02 16:08:42,017: +PARAM [/STM2/QUEUE2/name] by /roslaunch
[rosmaster.master][INFO] 2019-06-02 16:08:42,018: +PARAM [/STM2-CFG37/id] by /roslaunch
[rosmaster.master][INFO] 2019-06-02 16:08:42,018: +PARAM [/STM2/QUEUE2/rw] by /roslaunch
[rosmaster.master][INFO] 2019-06-02 16:08:42,020: +PARAM [/STM2-CFG04/id] by /roslaunch
[rosmaster.master][INFO] 2019-06-02 16:08:42,021: +PARAM [/STM1/port] by /roslaunch
[rosmaster.master][INFO] 2019-06-02 16:08:42,022: +PARAM [/STM2-CFG03/class] by /roslaunch
[rosmaster.master][INFO] 2019-06-02 16:08:42,023: +SUB [/rosout] /rosout http://10.0.0.166:33770/
[rosmaster.master][INFO] 2019-06-02 16:08:42,023: +PARAM [/STM2-CFG41/msgClass] by /roslaunch
[rosmaster.master][INFO] 2019-06-02 16:08:42,025: +PARAM [/STM2-CFG35/class] by /roslaunch
[rosmaster.master][INFO] 2019-06-02 16:08:42,025: +PARAM [/STM2-CFG40/class] by /roslaunch
[rosmaster.master][INFO] 2019-06-02 16:08:42,025: +PARAM [/STM2-CFG34/id] by /roslaunch
[rosmaster.master][INFO] 2019-06-02 16:08:42,026: +PARAM [/STM1/desc] by /roslaunch
[rosmaster.master][INFO] 2019-06-02 16:08:42,026: +PARAM [/STM2-CFG60/ioPorts] by /roslaunch
[rosmaster.master][INFO] 2019-06-02 16:08:42,026: +PARAM [/STM1/QUEUE1/rw] by /roslaunch
[rosmaster.master][INFO] 2019-06-02 16:08:42,027: +PARAM [/STM2-CFG05/desc] by /roslaunch
[rosmaster.master][INFO] 2019-06-02 16:08:42,027: +PARAM [/STM2-CFG06/class] by /roslaunch
[rosmaster.master][INFO] 2019-06-02 16:08:42,027: +PARAM [/STM2-CFG81/prot_in] by /roslaunch
[rosmaster.master][INFO] 2019-06-02 16:08:42,028: +PARAM [/STM2-CFG81/prot_out] by /roslaunch
[rosmaster.master][INFO] 2019-06-02 16:08:42,028: +PARAM [/STM2-CFG03/msgId] by /roslaunch
[rosmaster.master][INFO] 2019-06-02 16:08:42,028: +PARAM [/STM4/listener] by /roslaunch
[rosmaster.master][INFO] 2019-06-02 16:08:42,028: +PARAM [/STM2-CFG38/id] by /roslaunch
[rosmaster.master][INFO] 2019-06-02 16:08:42,029: +PARAM [/STM2-CFG63/ioPorts] by /roslaunch
[rosmaster.master][INFO] 2019-06-02 16:08:42,029: +PARAM [/STM2-CFG60/id] by /roslaunch
[rosmaster.master][INFO] 2019-06-02 16:08:42,029: +PARAM [/STM2/QUEUE2/type] by /roslaunch
[rosmaster.master][INFO] 2019-06-02 16:08:42,029: +PARAM [/STM2-CFG08/class] by /roslaunch
[rosmaster.master][INFO] 2019-06-02 16:08:42,030: +PARAM [/STM2-CFG40/ioPorts] by /roslaunch
[rosmaster.master][INFO] 2019-06-02 16:08:42,030: +PARAM [/STM2-CFG30/desc] by /roslaunch
[rosmaster.master][INFO] 2019-06-02 16:08:42,030: +PARAM [/STM2-CFG07/msgId] by /roslaunch
[rosmaster.master][INFO] 2019-06-02 16:08:42,031: +PARAM [/STM2-CFG63/desc] by /roslaunch
[rosmaster.master][INFO] 2019-06-02 16:08:42,031: +PARAM [/STM2-CFG41/msgId] by /roslaunch
[rosmaster.master][INFO] 2019-06-02 16:08:42,031: +PARAM [/STM2-CFG04/msgClass] by /roslaunch
[rosmaster.master][INFO] 2019-06-02 16:08:42,031: +PARAM [/STM2-CFG35/desc] by /roslaunch
[rosmaster.master][INFO] 2019-06-02 16:08:42,032: +PARAM [/STM2-CFG36/class] by /roslaunch
[rosmaster.master][INFO] 2019-06-02 16:08:42,032: +PARAM [/STM4/port] by /roslaunch
[rosmaster.master][INFO] 2019-06-02 16:08:42,032: +PARAM [/STM2-CFG06/msgId] by /roslaunch
[rosmaster.master][INFO] 2019-06-02 16:08:42,032: +PARAM [/rosdistro] by /roslaunch
[rosmaster.master][INFO] 2019-06-02 16:08:42,033: +PARAM [/STM2-CFG41/desc] by /roslaunch
[rosmaster.master][INFO] 2019-06-02 16:08:42,033: +PARAM [/STM2-CFG63/id] by /roslaunch
[rosmaster.master][INFO] 2019-06-02 16:08:42,033: +PARAM [/STM2-CFG39/msgClass] by /roslaunch
[rosmaster.master][INFO] 2019-06-02 16:08:42,034: +PARAM [/STM2-CFG08/msgId] by /roslaunch
[rosmaster.master][INFO] 2019-06-02 16:08:42,034: +PARAM [/STM2-CFG42/msgClass] by /roslaunch
[rosmaster.master][INFO] 2019-06-02 16:08:42,034: +PARAM [/STM4/type] by /roslaunch
[rosmaster.master][INFO] 2019-06-02 16:08:42,034: +PARAM [/STM2-CFG39/desc] by /roslaunch
[rosmaster.master][INFO] 2019-06-02 16:08:42,035: +PARAM [/STM2/port] by /roslaunch
[rosmaster.master][INFO] 2019-06-02 16:08:42,035: +PARAM [/STM1/host] by /roslaunch
[rosmaster.master][INFO] 2019-06-02 16:08:42,035: +PARAM [/STM2-CFG31/ioPorts] by /roslaunch
[rosmaster.master][INFO] 2019-06-02 16:08:42,036: +PARAM [/STM2-CFG33/desc] by /roslaunch
[rosmaster.master][INFO] 2019-06-02 16:08:42,036: +PARAM [/STM2-CFG04/desc] by /roslaunch
[rosmaster.master][INFO] 2019-06-02 16:08:42,036: +PARAM [/STM1/QUEUE2/rw] by /roslaunch
[rosmaster.master][INFO] 2019-06-02 16:08:42,036: +PARAM [/STM4/host] by /roslaunch
[rosmaster.master][INFO] 2019-06-02 16:08:42,037: +PARAM [/STM2-CFG41/ioPorts] by /roslaunch
[rosmaster.master][INFO] 2019-06-02 16:08:42,037: +PARAM [/STM2-CFG03/desc] by /roslaunch
[rosmaster.master][INFO] 2019-06-02 16:08:42,037: +PARAM [/STM1/retry] by /roslaunch
[rosmaster.master][INFO] 2019-06-02 16:08:42,037: +PARAM [/STM2/QUEUE1/rw] by /roslaunch
[rosmaster.master][INFO] 2019-06-02 16:08:42,038: +PARAM [/STM2-CFG37/msgId] by /roslaunch
[rosmaster.master][INFO] 2019-06-02 16:08:42,038: +PARAM [/STM2-CFG30/id] by /roslaunch
[rosmaster.master][INFO] 2019-06-02 16:08:42,038: +PARAM [/STM2-CFG60/msgId] by /roslaunch
[rosmaster.master][INFO] 2019-06-02 16:08:42,039: +PARAM [/STM2-CFG07/msgClass] by /roslaunch
[rosmaster.master][INFO] 2019-06-02 16:08:42,039: +PARAM [/STM2-CFG40/id] by /roslaunch
[rosmaster.master][INFO] 2019-06-02 16:08:42,039: +PARAM [/STM2-CFG33/id] by /roslaunch
[rosmaster.master][INFO] 2019-06-02 16:08:42,039: +PARAM [/STM2-CFG38/desc] by /roslaunch
[rosmaster.master][INFO] 2019-06-02 16:08:42,040: +PARAM [/STM2-CFG63/class] by /roslaunch
[rosmaster.master][INFO] 2019-06-02 16:08:42,040: +PARAM [/STM2-CFG32/id] by /roslaunch
[rosmaster.master][INFO] 2019-06-02 16:08:42,040: +PARAM [/STM2-CFG06/id] by /roslaunch
[rosmaster.master][INFO] 2019-06-02 16:08:42,041: +PARAM [/STM2-CFG41/class] by /roslaunch
[rosmaster.master][INFO] 2019-06-02 16:08:42,041: +PARAM [/STM2-CFG06/desc] by /roslaunch
[rosmaster.master][INFO] 2019-06-02 16:08:42,041: +PARAM [/STM2-CFG63/msgId] by /roslaunch
[rosmaster.master][INFO] 2019-06-02 16:08:42,041: +PARAM [/STM2-CFG42/msgId] by /roslaunch
[rosmaster.master][INFO] 2019-06-02 16:08:42,042: +PARAM [/STM2-CFG36/msgId] by /roslaunch
[rosmaster.master][INFO] 2019-06-02 16:08:42,042: +PARAM [/STM2-CFG81/id] by /roslaunch
[rosmaster.master][INFO] 2019-06-02 16:08:42,042: +PARAM [/STM2-CFG35/id] by /roslaunch
[rosmaster.master][INFO] 2019-06-02 16:08:42,042: +PARAM [/STM2/QUEUE1/type] by /roslaunch
[rosmaster.master][INFO] 2019-06-02 16:08:42,043: +PARAM [/STM2-CFG62/msgClass] by /roslaunch
[rosmaster.master][INFO] 2019-06-02 16:08:42,043: +PARAM [/STM2/timeout] by /roslaunch
[rosmaster.master][INFO] 2019-06-02 16:08:42,043: +PARAM [/STM2-CFG05/id] by /roslaunch
[rosmaster.master][INFO] 2019-06-02 16:08:42,044: +PARAM [/STM1/QUEUE1/name] by /roslaunch
[rosmaster.master][INFO] 2019-06-02 16:08:42,044: +PARAM [/STM2-CFG33/msgId] by /roslaunch
[rosmaster.master][INFO] 2019-06-02 16:08:42,044: +PARAM [/STM2-CFG08/ioPorts] by /roslaunch
[rosmaster.master][INFO] 2019-06-02 16:08:42,044: +PARAM [/STM2-CFG62/class] by /roslaunch
[rosmaster.master][INFO] 2019-06-02 16:08:42,045: +PARAM [/STM2-CFG34/class] by /roslaunch
[rosmaster.master][INFO] 2019-06-02 16:08:42,045: +PARAM [/STM2-CFG35/msgId] by /roslaunch
[rosmaster.master][INFO] 2019-06-02 16:08:42,045: +PARAM [/STM2-CFG30/msgClass] by /roslaunch
[rosmaster.master][INFO] 2019-06-02 16:08:42,045: +PARAM [/STM2-CFG34/desc] by /roslaunch
[rosmaster.master][INFO] 2019-06-02 16:08:42,046: +PARAM [/STM2-CFG62/msgId] by /roslaunch
[rosmaster.master][INFO] 2019-06-02 16:08:42,046: +PARAM [/STM2-CFG42/desc] by /roslaunch
[rosmaster.master][INFO] 2019-06-02 16:08:42,046: +PARAM [/STM2-CFG61/id] by /roslaunch
[rosmaster.master][INFO] 2019-06-02 16:08:42,047: +PARAM [/STM4/retry] by /roslaunch
[rosmaster.master][INFO] 2019-06-02 16:08:42,047: +PARAM [/STM2-CFG38/class] by /roslaunch
[rosmaster.master][INFO] 2019-06-02 16:08:42,047: +PARAM [/STM2-CFG81/class] by /roslaunch
[rosmaster.master][INFO] 2019-06-02 16:08:42,047: +PARAM [/STM2/type] by /roslaunch
[rosmaster.master][INFO] 2019-06-02 16:08:42,048: +PARAM [/STM2-CFG31/msgClass] by /roslaunch
[rosmaster.master][INFO] 2019-06-02 16:08:42,048: +PARAM [/STM2-CFG05/ioPorts] by /roslaunch
[rosmaster.master][INFO] 2019-06-02 16:08:42,048: +PARAM [/STM2-CFG31/class] by /roslaunch
[rosmaster.master][INFO] 2019-06-02 16:08:42,049: +PARAM [/STM2-CFG35/ioPorts] by /roslaunch
[rosmaster.master][INFO] 2019-06-02 16:08:42,049: +PARAM [/STM2-CFG36/desc] by /roslaunch
[rosmaster.master][INFO] 2019-06-02 16:08:42,049: +PARAM [/STM2-CFG32/class] by /roslaunch
[rosmaster.master][INFO] 2019-06-02 16:08:42,050: +PARAM [/STM2-CFG61/ioPorts] by /roslaunch
[rosmaster.master][INFO] 2019-06-02 16:08:42,050: +PARAM [/STM2-CFG07/ioPorts] by /roslaunch
[rosmaster.master][INFO] 2019-06-02 16:08:42,050: +PARAM [/STM2/desc] by /roslaunch
[rosmaster.master][INFO] 2019-06-02 16:08:42,050: +PARAM [/STM2-CFG03/ioPorts] by /roslaunch
[rosmaster.master][INFO] 2019-06-02 16:08:42,051: +PARAM [/STM2-CFG37/desc] by /roslaunch
[rosmaster.master][INFO] 2019-06-02 16:08:42,051: +PARAM [/STM1/QUEUE1/type] by /roslaunch
[rosmaster.master][INFO] 2019-06-02 16:08:42,051: +PARAM [/STM2-CFG04/msgId] by /roslaunch
[rosmaster.master][INFO] 2019-06-02 16:08:42,052: +PARAM [/STM2-CFG36/msgClass] by /roslaunch
[rosmaster.master][INFO] 2019-06-02 16:08:42,052: +PARAM [/STM1/QUEUE2/type] by /roslaunch
[rosmaster.master][INFO] 2019-06-02 16:08:42,052: +PARAM [/STM2-CFG40/desc] by /roslaunch
[rosmaster.master][INFO] 2019-06-02 16:08:42,052: +PARAM [/STM1/type] by /roslaunch
[rosmaster.master][INFO] 2019-06-02 16:08:42,053: +PARAM [/STM2-CFG36/ioPorts] by /roslaunch
[rosmaster.master][INFO] 2019-06-02 16:08:42,053: +PARAM [/STM2-CFG40/msgClass] by /roslaunch
[rosmaster.master][INFO] 2019-06-02 16:08:42,054: +PARAM [/STM2-CFG39/msgId] by /roslaunch
[rosmaster.master][INFO] 2019-06-02 16:08:42,055: +PARAM [/STM2-CFG60/msgClass] by /roslaunch
[rosmaster.master][INFO] 2019-06-02 16:08:42,055: +PARAM [/STM4/desc] by /roslaunch
[rosmaster.master][INFO] 2019-06-02 16:08:42,056: +PARAM [/STM2-CFG06/msgClass] by /roslaunch
[rosmaster.master][INFO] 2019-06-02 16:08:42,056: +PARAM [/STM2-CFG36/id] by /roslaunch
[rosmaster.master][INFO] 2019-06-02 16:08:42,057: +PARAM [/STM2-CFG61/msgClass] by /roslaunch
[rosmaster.master][INFO] 2019-06-02 16:08:42,057: +PARAM [/STM2-CFG37/msgClass] by /roslaunch
[rosmaster.master][INFO] 2019-06-02 16:08:42,057: +PARAM [/STM2-CFG05/msgId] by /roslaunch
[rosmaster.master][INFO] 2019-06-02 16:08:42,058: +PARAM [/STM2-CFG08/id] by /roslaunch
[rosmaster.master][INFO] 2019-06-02 16:08:42,058: +PARAM [/STM2-CFG81/rate] by /roslaunch
[rosmaster.master][INFO] 2019-06-02 16:08:42,058: +PARAM [/STM2-CFG38/msgClass] by /roslaunch
[rosmaster.master][INFO] 2019-06-02 16:08:42,058: +PARAM [/STM2-CFG34/msgId] by /roslaunch
[rosmaster.master][INFO] 2019-06-02 16:08:42,059: +PARAM [/STM2-CFG39/class] by /roslaunch
[rosmaster.master][INFO] 2019-06-02 16:08:42,059: +PARAM [/STM2-CFG38/msgId] by /roslaunch
[rosmaster.master][INFO] 2019-06-02 16:08:42,059: +PARAM [/STM2-CFG62/ioPorts] by /roslaunch
[rosmaster.master][INFO] 2019-06-02 16:08:42,059: +PARAM [/STM2-CFG42/id] by /roslaunch
[rosmaster.master][INFO] 2019-06-02 16:08:42,060: +PARAM [/STM2-CFG05/msgClass] by /roslaunch
[rosmaster.master][INFO] 2019-06-02 16:08:42,060: +PARAM [/STM2-CFG31/desc] by /roslaunch
[rosmaster.master][INFO] 2019-06-02 16:08:42,060: +PARAM [/STM2-CFG32/ioPorts] by /roslaunch
[rosmaster.master][INFO] 2019-06-02 16:08:42,061: +PARAM [/STM2-CFG04/class] by /roslaunch
[rosmaster.master][INFO] 2019-06-02 16:08:42,061: +PARAM [/STM2/QUEUE1/name] by /roslaunch
[rosmaster.master][INFO] 2019-06-02 16:08:42,061: +PARAM [/STM2-CFG63/msgClass] by /roslaunch
[rosmaster.master][INFO] 2019-06-02 16:08:42,061: +PARAM [/STM2-CFG03/msgClass] by /roslaunch
[rosmaster.master][INFO] 2019-06-02 16:08:42,062: +PARAM [/STM2-CFG08/desc] by /roslaunch
[rosmaster.master][INFO] 2019-06-02 16:08:42,062: +PARAM [/STM2-CFG60/class] by /roslaunch
[rosmaster.master][INFO] 2019-06-02 16:08:42,062: +PARAM [/STM2-CFG34/msgClass] by /roslaunch
[rosmaster.master][INFO] 2019-06-02 16:08:42,062: +PARAM [/rosversion] by /roslaunch
[rosmaster.master][INFO] 2019-06-02 16:08:42,063: +PARAM [/STM2-CFG07/id] by /roslaunch
[rosmaster.master][INFO] 2019-06-02 16:08:42,063: +PARAM [/STM2-CFG37/class] by /roslaunch
[rosmaster.master][INFO] 2019-06-02 16:08:42,063: +PARAM [/STM2-CFG61/desc] by /roslaunch
[rosmaster.master][INFO] 2019-06-02 16:08:42,064: +PARAM [/STM2-CFG60/desc] by /roslaunch
[rosmaster.master][INFO] 2019-06-02 16:08:42,064: +PARAM [/STM2-CFG81/desc] by /roslaunch
[rosmaster.master][INFO] 2019-06-02 16:08:42,064: +PARAM [/STM2-CFG05/class] by /roslaunch
[rosmaster.master][INFO] 2019-06-02 16:08:42,064: +PARAM [/STM1/QUEUE2/name] by /roslaunch
[rosmaster.master][INFO] 2019-06-02 16:08:42,065: +PARAM [/STM2-CFG08/msgClass] by /roslaunch
[rosmaster.master][INFO] 2019-06-02 16:08:42,065: +PARAM [/STM2-CFG31/msgId] by /roslaunch
[rosmaster.master][INFO] 2019-06-02 16:08:42,065: +PARAM [/STM2-CFG39/ioPorts] by /roslaunch
[rosmaster.master][INFO] 2019-06-02 16:08:42,066: +PARAM [/STM2-CFG06/ioPorts] by /roslaunch
[rosmaster.master][INFO] 2019-06-02 16:08:42,066: +PARAM [/STM2-CFG42/class] by /roslaunch
[rosmaster.master][INFO] 2019-06-02 16:08:42,066: +PARAM [/STM2-CFG33/class] by /roslaunch
[rosmaster.master][INFO] 2019-06-02 16:08:42,066: +PARAM [/STM2/baudrate] by /roslaunch
[rosmaster.master][INFO] 2019-06-02 16:09:09,878: -PUB [/rosout_agg] /rosout http://10.0.0.166:33770/
[rosmaster.master][INFO] 2019-06-02 16:09:09,882: -SUB [/rosout] /rosout http://10.0.0.166:33770/
[rosmaster.master][INFO] 2019-06-02 16:09:09,884: -SERVICE [/rosout/get_loggers] /rosout rosrpc://10.0.0.166:51192
[rosmaster.master][INFO] 2019-06-02 16:09:09,887: -SERVICE [/rosout/set_logger_level] /rosout rosrpc://10.0.0.166:51192
[rosmaster.main][INFO] 2019-06-02 16:09:10,065: keyboard interrupt, will exit
[rosmaster.main][INFO] 2019-06-02 16:09:10,066: stopping master...
[rospy.core][INFO] 2019-06-02 16:09:10,067: signal_shutdown [atexit]
